-- The C compiler identification is GNU 13.3.0
-- The CXX compiler identification is GNU 13.3.0
-- Detecting C compiler ABI info
-- Detecting C compiler ABI info - done
-- Check for working C compiler: /usr/bin/cc - skipped
-- Detecting C compile features
-- Detecting C compile features - done
-- Detecting CXX compiler ABI info
-- Detecting CXX compiler ABI info - done
-- Check for working CXX compiler: /usr/bin/c++ - skipped
-- Detecting CXX compile features
-- Detecting CXX compile features - done
-- Found ament_cmake: 2.5.3 (/opt/ros/jazzy/share/ament_cmake/cmake)
-- Found Python3: /usr/bin/python3 (found version "3.12.3") found components: Interpreter 
-- Configuring done (1.6s)
-- Generating done (0.0s)
-- Build files have been written to: /home/usuario/IR2134/rmf_ws/src/project/build/project_assets
-- Install configuration: ""
-- Installing: /home/usuario/IR2134/rmf_ws/src/project/install/project_assets/share/project_assets/environment/project_assets.dsv
-- Installing: /home/usuario/IR2134/rmf_ws/src/project/install/project_assets/share/project_assets/models
-- Installing: /home/usuario/IR2134/rmf_ws/src/project/install/project_assets/share/project_assets/models/WoodenChair
-- Installing: /home/usuario/IR2134/rmf_ws/src/project/install/project_assets/share/project_assets/models/WoodenChair/meshes
-- Installing: /home/usuario/IR2134/rmf_ws/src/project/install/project_assets/share/project_assets/models/WoodenChair/meshes/WoodenChair_Rough.png
-- Installing: /home/usuario/IR2134/rmf_ws/src/project/install/project_assets/share/project_assets/models/WoodenChair/meshes/WoodenChair.obj
-- Installing: /home/usuario/IR2134/rmf_ws/src/project/install/project_assets/share/project_assets/models/WoodenChair/meshes/WoodenChair.mtl
-- Installing: /home/usuario/IR2134/rmf_ws/src/project/install/project_assets/share/project_assets/models/WoodenChair/meshes/WoodenChair_Diffuse.png
-- Installing: /home/usuario/IR2134/rmf_ws/src/project/install/project_assets/share/project_assets/models/WoodenChair/meshes/WoodenChair_Col.mtl
-- Installing: /home/usuario/IR2134/rmf_ws/src/project/install/project_assets/share/project_assets/models/WoodenChair/meshes/WoodenChair_Col.obj
-- Installing: /home/usuario/IR2134/rmf_ws/src/project/install/project_assets/share/project_assets/models/WoodenChair/LICENSE
-- Installing: /home/usuario/IR2134/rmf_ws/src/project/install/project_assets/share/project_assets/models/WoodenChair/model.config
-- Installing: /home/usuario/IR2134/rmf_ws/src/project/install/project_assets/share/project_assets/models/WoodenChair/model.sdf
-- Installing: /home/usuario/IR2134/rmf_ws/src/project/install/project_assets/share/project_assets/models/WoodenChair/thumbnails
-- Installing: /home/usuario/IR2134/rmf_ws/src/project/install/project_assets/share/project_assets/models/WoodenChair/thumbnails/4.png
-- Installing: /home/usuario/IR2134/rmf_ws/src/project/install/project_assets/share/project_assets/models/WoodenChair/thumbnails/1.png
-- Installing: /home/usuario/IR2134/rmf_ws/src/project/install/project_assets/share/project_assets/models/WoodenChair/thumbnails/3.png
-- Installing: /home/usuario/IR2134/rmf_ws/src/project/install/project_assets/share/project_assets/models/WoodenChair/thumbnails/2.png
-- Installing: /home/usuario/IR2134/rmf_ws/src/project/install/project_assets/share/project_assets/models/WoodenChair/thumbnails/5.png
-- Installing: /home/usuario/IR2134/rmf_ws/src/project/install/project_assets/share/project_assets/models/CoffeeTable
-- Installing: /home/usuario/IR2134/rmf_ws/src/project/install/project_assets/share/project_assets/models/CoffeeTable/meshes
-- Installing: /home/usuario/IR2134/rmf_ws/src/project/install/project_assets/share/project_assets/models/CoffeeTable/meshes/CoffeeTable_Diffuse.png
-- Installing: /home/usuario/IR2134/rmf_ws/src/project/install/project_assets/share/project_assets/models/CoffeeTable/meshes/CoffeeTable_Normal.png
-- Installing: /home/usuario/IR2134/rmf_ws/src/project/install/project_assets/share/project_assets/models/CoffeeTable/meshes/CoffeeTable_SpecGloss.png
-- Installing: /home/usuario/IR2134/rmf_ws/src/project/install/project_assets/share/project_assets/models/CoffeeTable/meshes/CoffeeTable.obj
-- Installing: /home/usuario/IR2134/rmf_ws/src/project/install/project_assets/share/project_assets/models/CoffeeTable/meshes/CoffeeTable.mtl
-- Installing: /home/usuario/IR2134/rmf_ws/src/project/install/project_assets/share/project_assets/models/CoffeeTable/LICENSE
-- Installing: /home/usuario/IR2134/rmf_ws/src/project/install/project_assets/share/project_assets/models/CoffeeTable/model.config
-- Installing: /home/usuario/IR2134/rmf_ws/src/project/install/project_assets/share/project_assets/models/CoffeeTable/model.sdf
-- Installing: /home/usuario/IR2134/rmf_ws/src/project/install/project_assets/share/project_assets/models/CoffeeTable/thumbnails
-- Installing: /home/usuario/IR2134/rmf_ws/src/project/install/project_assets/share/project_assets/models/CoffeeTable/thumbnails/4.png
-- Installing: /home/usuario/IR2134/rmf_ws/src/project/install/project_assets/share/project_assets/models/CoffeeTable/thumbnails/1.png
-- Installing: /home/usuario/IR2134/rmf_ws/src/project/install/project_assets/share/project_assets/models/CoffeeTable/thumbnails/3.png
-- Installing: /home/usuario/IR2134/rmf_ws/src/project/install/project_assets/share/project_assets/models/CoffeeTable/thumbnails/2.png
-- Installing: /home/usuario/IR2134/rmf_ws/src/project/install/project_assets/share/project_assets/models/CoffeeTable/thumbnails/5.png
-- Installing: /home/usuario/IR2134/rmf_ws/src/project/install/project_assets/share/project_assets/models/HospitalRobot
-- Installing: /home/usuario/IR2134/rmf_ws/src/project/install/project_assets/share/project_assets/models/HospitalRobot/meshes
-- Installing: /home/usuario/IR2134/rmf_ws/src/project/install/project_assets/share/project_assets/models/HospitalRobot/meshes/FatWheel.mtl
-- Installing: /home/usuario/IR2134/rmf_ws/src/project/install/project_assets/share/project_assets/models/HospitalRobot/meshes/HospitalRobot.obj
-- Installing: /home/usuario/IR2134/rmf_ws/src/project/install/project_assets/share/project_assets/models/HospitalRobot/meshes/FatWheel.obj
-- Installing: /home/usuario/IR2134/rmf_ws/src/project/install/project_assets/share/project_assets/models/HospitalRobot/meshes/HospitalRobot.mtl
-- Installing: /home/usuario/IR2134/rmf_ws/src/project/install/project_assets/share/project_assets/models/HospitalRobot/meshes/SmallWheel.obj
-- Installing: /home/usuario/IR2134/rmf_ws/src/project/install/project_assets/share/project_assets/models/HospitalRobot/meshes/SmallWheel.mtl
-- Installing: /home/usuario/IR2134/rmf_ws/src/project/install/project_assets/share/project_assets/models/HospitalRobot/meshes/HospitalRobot_Diffuse.png
-- Installing: /home/usuario/IR2134/rmf_ws/src/project/install/project_assets/share/project_assets/models/HospitalRobot/model.config
-- Installing: /home/usuario/IR2134/rmf_ws/src/project/install/project_assets/share/project_assets/models/HospitalRobot/model.sdf
-- Installing: /home/usuario/IR2134/rmf_ws/src/project/install/project_assets/share/project_assets/models/HospitalRobot/thumbnails
-- Installing: /home/usuario/IR2134/rmf_ws/src/project/install/project_assets/share/project_assets/models/HospitalRobot/thumbnails/4.png
-- Installing: /home/usuario/IR2134/rmf_ws/src/project/install/project_assets/share/project_assets/models/HospitalRobot/thumbnails/1.png
-- Installing: /home/usuario/IR2134/rmf_ws/src/project/install/project_assets/share/project_assets/models/HospitalRobot/thumbnails/3.png
-- Installing: /home/usuario/IR2134/rmf_ws/src/project/install/project_assets/share/project_assets/models/HospitalRobot/thumbnails/2.png
-- Installing: /home/usuario/IR2134/rmf_ws/src/project/install/project_assets/share/project_assets/models/HospitalRobot/thumbnails/5.png
-- Installing: /home/usuario/IR2134/rmf_ws/src/project/install/project_assets/share/project_assets/models/Cafe table
-- Installing: /home/usuario/IR2134/rmf_ws/src/project/install/project_assets/share/project_assets/models/Cafe table/meshes
-- Installing: /home/usuario/IR2134/rmf_ws/src/project/install/project_assets/share/project_assets/models/Cafe table/meshes/cafe_table.dae
-- Installing: /home/usuario/IR2134/rmf_ws/src/project/install/project_assets/share/project_assets/models/Cafe table/materials
-- Installing: /home/usuario/IR2134/rmf_ws/src/project/install/project_assets/share/project_assets/models/Cafe table/materials/textures
-- Installing: /home/usuario/IR2134/rmf_ws/src/project/install/project_assets/share/project_assets/models/Cafe table/materials/textures/Maple.jpg
-- Installing: /home/usuario/IR2134/rmf_ws/src/project/install/project_assets/share/project_assets/models/Cafe table/materials/textures/Wood_Floor_Dark.jpg
-- Installing: /home/usuario/IR2134/rmf_ws/src/project/install/project_assets/share/project_assets/models/Cafe table/LICENSE
-- Installing: /home/usuario/IR2134/rmf_ws/src/project/install/project_assets/share/project_assets/models/Cafe table/model.config
-- Installing: /home/usuario/IR2134/rmf_ws/src/project/install/project_assets/share/project_assets/models/Cafe table/model.sdf
-- Installing: /home/usuario/IR2134/rmf_ws/src/project/install/project_assets/share/project_assets/models/Cafe table/thumbnails
-- Installing: /home/usuario/IR2134/rmf_ws/src/project/install/project_assets/share/project_assets/models/Cafe table/thumbnails/4.png
-- Installing: /home/usuario/IR2134/rmf_ws/src/project/install/project_assets/share/project_assets/models/Cafe table/thumbnails/1.png
-- Installing: /home/usuario/IR2134/rmf_ws/src/project/install/project_assets/share/project_assets/models/Cafe table/thumbnails/3.png
-- Installing: /home/usuario/IR2134/rmf_ws/src/project/install/project_assets/share/project_assets/models/Cafe table/thumbnails/2.png
-- Installing: /home/usuario/IR2134/rmf_ws/src/project/install/project_assets/share/project_assets/models/Cafe table/thumbnails/5.png
-- Installing: /home/usuario/IR2134/rmf_ws/src/project/install/project_assets/share/project_assets/models/Cafe table/model-1_4.sdf
-- Installing: /home/usuario/IR2134/rmf_ws/src/project/install/project_assets/share/project_assets/models/MiniSofa
-- Installing: /home/usuario/IR2134/rmf_ws/src/project/install/project_assets/share/project_assets/models/MiniSofa/meshes
-- Installing: /home/usuario/IR2134/rmf_ws/src/project/install/project_assets/share/project_assets/models/MiniSofa/meshes/minisofa.obj
-- Installing: /home/usuario/IR2134/rmf_ws/src/project/install/project_assets/share/project_assets/models/MiniSofa/meshes/minisofa.mtl
-- Installing: /home/usuario/IR2134/rmf_ws/src/project/install/project_assets/share/project_assets/models/MiniSofa/meshes/MiniSofa_Diffuse.png
-- Installing: /home/usuario/IR2134/rmf_ws/src/project/install/project_assets/share/project_assets/models/MiniSofa/LICENSE
-- Installing: /home/usuario/IR2134/rmf_ws/src/project/install/project_assets/share/project_assets/models/MiniSofa/model.config
-- Installing: /home/usuario/IR2134/rmf_ws/src/project/install/project_assets/share/project_assets/models/MiniSofa/model.sdf
-- Installing: /home/usuario/IR2134/rmf_ws/src/project/install/project_assets/share/project_assets/models/MiniSofa/thumbnails
-- Installing: /home/usuario/IR2134/rmf_ws/src/project/install/project_assets/share/project_assets/models/MiniSofa/thumbnails/4.png
-- Installing: /home/usuario/IR2134/rmf_ws/src/project/install/project_assets/share/project_assets/models/MiniSofa/thumbnails/1.png
-- Installing: /home/usuario/IR2134/rmf_ws/src/project/install/project_assets/share/project_assets/models/MiniSofa/thumbnails/3.png
-- Installing: /home/usuario/IR2134/rmf_ws/src/project/install/project_assets/share/project_assets/models/MiniSofa/thumbnails/2.png
-- Installing: /home/usuario/IR2134/rmf_ws/src/project/install/project_assets/share/project_assets/models/MiniSofa/thumbnails/5.png
-- Installing: /home/usuario/IR2134/rmf_ws/src/project/install/project_assets/share/project_assets/models/TeleportIngestor
-- Installing: /home/usuario/IR2134/rmf_ws/src/project/install/project_assets/share/project_assets/models/TeleportIngestor/model.config
-- Installing: /home/usuario/IR2134/rmf_ws/src/project/install/project_assets/share/project_assets/models/TeleportIngestor/model.sdf
-- Installing: /home/usuario/IR2134/rmf_ws/src/project/install/project_assets/share/project_assets/models/DeliveryRobot
-- Installing: /home/usuario/IR2134/rmf_ws/src/project/install/project_assets/share/project_assets/models/DeliveryRobot/meshes
-- Installing: /home/usuario/IR2134/rmf_ws/src/project/install/project_assets/share/project_assets/models/DeliveryRobot/meshes/WheelMain.mtl
-- Installing: /home/usuario/IR2134/rmf_ws/src/project/install/project_assets/share/project_assets/models/DeliveryRobot/meshes/body.obj
-- Installing: /home/usuario/IR2134/rmf_ws/src/project/install/project_assets/share/project_assets/models/DeliveryRobot/meshes/body.mtl
-- Installing: /home/usuario/IR2134/rmf_ws/src/project/install/project_assets/share/project_assets/models/DeliveryRobot/meshes/DeliveryRobot_Diffuse.png
-- Installing: /home/usuario/IR2134/rmf_ws/src/project/install/project_assets/share/project_assets/models/DeliveryRobot/meshes/WheelSide.mtl
-- Installing: /home/usuario/IR2134/rmf_ws/src/project/install/project_assets/share/project_assets/models/DeliveryRobot/meshes/WheelSide.obj
-- Installing: /home/usuario/IR2134/rmf_ws/src/project/install/project_assets/share/project_assets/models/DeliveryRobot/meshes/WheelMain.obj
-- Installing: /home/usuario/IR2134/rmf_ws/src/project/install/project_assets/share/project_assets/models/DeliveryRobot/model.config
-- Installing: /home/usuario/IR2134/rmf_ws/src/project/install/project_assets/share/project_assets/models/DeliveryRobot/model.sdf
-- Installing: /home/usuario/IR2134/rmf_ws/src/project/install/project_assets/share/project_assets/models/CleanerBotA
-- Installing: /home/usuario/IR2134/rmf_ws/src/project/install/project_assets/share/project_assets/models/CleanerBotA/meshes
-- Installing: /home/usuario/IR2134/rmf_ws/src/project/install/project_assets/share/project_assets/models/CleanerBotA/meshes/CleanerBotA.mtl
-- Installing: /home/usuario/IR2134/rmf_ws/src/project/install/project_assets/share/project_assets/models/CleanerBotA/meshes/CleanerBotA_WheelFront.mtl
-- Installing: /home/usuario/IR2134/rmf_ws/src/project/install/project_assets/share/project_assets/models/CleanerBotA/meshes/CleanerBotA_WheelBack.obj
-- Installing: /home/usuario/IR2134/rmf_ws/src/project/install/project_assets/share/project_assets/models/CleanerBotA/meshes/CleanerBotA_WheelBack.mtl
-- Installing: /home/usuario/IR2134/rmf_ws/src/project/install/project_assets/share/project_assets/models/CleanerBotA/meshes/CleanerBotA.obj
-- Installing: /home/usuario/IR2134/rmf_ws/src/project/install/project_assets/share/project_assets/models/CleanerBotA/meshes/CleanerBotA_WheelFront.obj
-- Installing: /home/usuario/IR2134/rmf_ws/src/project/install/project_assets/share/project_assets/models/CleanerBotA/meshes/CleanerBotA_Diffuse.png
-- Installing: /home/usuario/IR2134/rmf_ws/src/project/install/project_assets/share/project_assets/models/CleanerBotA/model.config
-- Installing: /home/usuario/IR2134/rmf_ws/src/project/install/project_assets/share/project_assets/models/CleanerBotA/model.sdf
-- Installing: /home/usuario/IR2134/rmf_ws/src/project/install/project_assets/share/project_assets/models/AdjTable
-- Installing: /home/usuario/IR2134/rmf_ws/src/project/install/project_assets/share/project_assets/models/AdjTable/meshes
-- Installing: /home/usuario/IR2134/rmf_ws/src/project/install/project_assets/share/project_assets/models/AdjTable/meshes/AdjTable_Diffuse.png
-- Installing: /home/usuario/IR2134/rmf_ws/src/project/install/project_assets/share/project_assets/models/AdjTable/meshes/AdjTable.mtl
-- Installing: /home/usuario/IR2134/rmf_ws/src/project/install/project_assets/share/project_assets/models/AdjTable/meshes/AdjTable_Col.obj
-- Installing: /home/usuario/IR2134/rmf_ws/src/project/install/project_assets/share/project_assets/models/AdjTable/meshes/AdjTable.obj
-- Installing: /home/usuario/IR2134/rmf_ws/src/project/install/project_assets/share/project_assets/models/AdjTable/meshes/AdjTable_Col.mtl
-- Installing: /home/usuario/IR2134/rmf_ws/src/project/install/project_assets/share/project_assets/models/AdjTable/LICENSE
-- Installing: /home/usuario/IR2134/rmf_ws/src/project/install/project_assets/share/project_assets/models/AdjTable/model.config
-- Installing: /home/usuario/IR2134/rmf_ws/src/project/install/project_assets/share/project_assets/models/AdjTable/model.sdf
-- Installing: /home/usuario/IR2134/rmf_ws/src/project/install/project_assets/share/project_assets/models/AdjTable/thumbnails
-- Installing: /home/usuario/IR2134/rmf_ws/src/project/install/project_assets/share/project_assets/models/AdjTable/thumbnails/4.png
-- Installing: /home/usuario/IR2134/rmf_ws/src/project/install/project_assets/share/project_assets/models/AdjTable/thumbnails/1.png
-- Installing: /home/usuario/IR2134/rmf_ws/src/project/install/project_assets/share/project_assets/models/AdjTable/thumbnails/3.png
-- Installing: /home/usuario/IR2134/rmf_ws/src/project/install/project_assets/share/project_assets/models/AdjTable/thumbnails/2.png
-- Installing: /home/usuario/IR2134/rmf_ws/src/project/install/project_assets/share/project_assets/models/AdjTable/thumbnails/5.png
-- Installing: /home/usuario/IR2134/rmf_ws/src/project/install/project_assets/share/project_assets/models/Caddy
-- Installing: /home/usuario/IR2134/rmf_ws/src/project/install/project_assets/share/project_assets/models/Caddy/meshes
-- Installing: /home/usuario/IR2134/rmf_ws/src/project/install/project_assets/share/project_assets/models/Caddy/meshes/polaris.dae
-- Installing: /home/usuario/IR2134/rmf_ws/src/project/install/project_assets/share/project_assets/models/Caddy/materials
-- Installing: /home/usuario/IR2134/rmf_ws/src/project/install/project_assets/share/project_assets/models/Caddy/materials/textures
-- Installing: /home/usuario/IR2134/rmf_ws/src/project/install/project_assets/share/project_assets/models/Caddy/materials/textures/Ranger_Diffuse.png
-- Installing: /home/usuario/IR2134/rmf_ws/src/project/install/project_assets/share/project_assets/models/Caddy/materials/textures/FNR_switch_R.png
-- Installing: /home/usuario/IR2134/rmf_ws/src/project/install/project_assets/share/project_assets/models/Caddy/materials/textures/FNR_switch_F.png
-- Installing: /home/usuario/IR2134/rmf_ws/src/project/install/project_assets/share/project_assets/models/Caddy/materials/textures/Ranger_Spec.png
-- Installing: /home/usuario/IR2134/rmf_ws/src/project/install/project_assets/share/project_assets/models/Caddy/materials/scripts
-- Installing: /home/usuario/IR2134/rmf_ws/src/project/install/project_assets/share/project_assets/models/Caddy/materials/scripts/polaris.material
-- Installing: /home/usuario/IR2134/rmf_ws/src/project/install/project_assets/share/project_assets/models/Caddy/model-1_3.sdf
-- Installing: /home/usuario/IR2134/rmf_ws/src/project/install/project_assets/share/project_assets/models/Caddy/model.config
-- Installing: /home/usuario/IR2134/rmf_ws/src/project/install/project_assets/share/project_assets/models/Caddy/model.sdf
-- Installing: /home/usuario/IR2134/rmf_ws/src/project/install/project_assets/share/project_assets/models/Caddy/model-1_4.sdf
-- Installing: /home/usuario/IR2134/rmf_ws/src/project/install/project_assets/share/project_assets/models/TeleportDispenser
-- Installing: /home/usuario/IR2134/rmf_ws/src/project/install/project_assets/share/project_assets/models/TeleportDispenser/model.config
-- Installing: /home/usuario/IR2134/rmf_ws/src/project/install/project_assets/share/project_assets/models/TeleportDispenser/model.sdf
-- Installing: /home/usuario/IR2134/rmf_ws/src/project/install/project_assets/share/project_assets/models/Sofa
-- Installing: /home/usuario/IR2134/rmf_ws/src/project/install/project_assets/share/project_assets/models/Sofa/meshes
-- Installing: /home/usuario/IR2134/rmf_ws/src/project/install/project_assets/share/project_assets/models/Sofa/meshes/Sofa.obj
-- Installing: /home/usuario/IR2134/rmf_ws/src/project/install/project_assets/share/project_assets/models/Sofa/meshes/SofaDiffuse.png
-- Installing: /home/usuario/IR2134/rmf_ws/src/project/install/project_assets/share/project_assets/models/Sofa/meshes/Sofa.mtl
-- Installing: /home/usuario/IR2134/rmf_ws/src/project/install/project_assets/share/project_assets/models/Sofa/LICENSE
-- Installing: /home/usuario/IR2134/rmf_ws/src/project/install/project_assets/share/project_assets/models/Sofa/model.config
-- Installing: /home/usuario/IR2134/rmf_ws/src/project/install/project_assets/share/project_assets/models/Sofa/model.sdf
-- Installing: /home/usuario/IR2134/rmf_ws/src/project/install/project_assets/share/project_assets/models/Sofa/thumbnails
-- Installing: /home/usuario/IR2134/rmf_ws/src/project/install/project_assets/share/project_assets/models/Sofa/thumbnails/4.png
-- Installing: /home/usuario/IR2134/rmf_ws/src/project/install/project_assets/share/project_assets/models/Sofa/thumbnails/1.png
-- Installing: /home/usuario/IR2134/rmf_ws/src/project/install/project_assets/share/project_assets/models/Sofa/thumbnails/3.png
-- Installing: /home/usuario/IR2134/rmf_ws/src/project/install/project_assets/share/project_assets/models/Sofa/thumbnails/2.png
-- Installing: /home/usuario/IR2134/rmf_ws/src/project/install/project_assets/share/project_assets/models/Sofa/thumbnails/5.png
-- Installing: /home/usuario/IR2134/rmf_ws/src/project/install/project_assets/share/project_assets/models/Drawer
-- Installing: /home/usuario/IR2134/rmf_ws/src/project/install/project_assets/share/project_assets/models/Drawer/meshes
-- Installing: /home/usuario/IR2134/rmf_ws/src/project/install/project_assets/share/project_assets/models/Drawer/meshes/Drawer.png
-- Installing: /home/usuario/IR2134/rmf_ws/src/project/install/project_assets/share/project_assets/models/Drawer/meshes/Drawer.mtl
-- Installing: /home/usuario/IR2134/rmf_ws/src/project/install/project_assets/share/project_assets/models/Drawer/meshes/Drawer.obj
-- Installing: /home/usuario/IR2134/rmf_ws/src/project/install/project_assets/share/project_assets/models/Drawer/meshes/Drawer_Col.obj
-- Installing: /home/usuario/IR2134/rmf_ws/src/project/install/project_assets/share/project_assets/models/Drawer/LICENSE
-- Installing: /home/usuario/IR2134/rmf_ws/src/project/install/project_assets/share/project_assets/models/Drawer/model.config
-- Installing: /home/usuario/IR2134/rmf_ws/src/project/install/project_assets/share/project_assets/models/Drawer/model.sdf
-- Installing: /home/usuario/IR2134/rmf_ws/src/project/install/project_assets/share/project_assets/models/Drawer/thumbnails
-- Installing: /home/usuario/IR2134/rmf_ws/src/project/install/project_assets/share/project_assets/models/Drawer/thumbnails/4.png
-- Installing: /home/usuario/IR2134/rmf_ws/src/project/install/project_assets/share/project_assets/models/Drawer/thumbnails/1.png
-- Installing: /home/usuario/IR2134/rmf_ws/src/project/install/project_assets/share/project_assets/models/Drawer/thumbnails/3.png
-- Installing: /home/usuario/IR2134/rmf_ws/src/project/install/project_assets/share/project_assets/models/Drawer/thumbnails/2.png
-- Installing: /home/usuario/IR2134/rmf_ws/src/project/install/project_assets/share/project_assets/models/Drawer/thumbnails/5.png
-- Installing: /home/usuario/IR2134/rmf_ws/src/project/install/project_assets/share/project_assets/models/TinyRobot
-- Installing: /home/usuario/IR2134/rmf_ws/src/project/install/project_assets/share/project_assets/models/TinyRobot/meshes
-- Installing: /home/usuario/IR2134/rmf_ws/src/project/install/project_assets/share/project_assets/models/TinyRobot/meshes/tinyRobot_body.dae
-- Installing: /home/usuario/IR2134/rmf_ws/src/project/install/project_assets/share/project_assets/models/TinyRobot/meshes/caster_wheel.dae
-- Installing: /home/usuario/IR2134/rmf_ws/src/project/install/project_assets/share/project_assets/models/TinyRobot/meshes/front_wheel.dae
-- Installing: /home/usuario/IR2134/rmf_ws/src/project/install/project_assets/share/project_assets/models/TinyRobot/meshes/sensors
-- Installing: /home/usuario/IR2134/rmf_ws/src/project/install/project_assets/share/project_assets/models/TinyRobot/meshes/sensors/sonar_hc-sr04.dae
-- Installing: /home/usuario/IR2134/rmf_ws/src/project/install/project_assets/share/project_assets/models/TinyRobot/meshes/sensors/raspi_camera.dae
-- Installing: /home/usuario/IR2134/rmf_ws/src/project/install/project_assets/share/project_assets/models/TinyRobot/model.config
-- Installing: /home/usuario/IR2134/rmf_ws/src/project/install/project_assets/share/project_assets/models/TinyRobot/model.sdf
-- Installing: /home/usuario/IR2134/rmf_ws/src/project/install/project_assets/share/project_assets/models/RobotPlaceholder
-- Installing: /home/usuario/IR2134/rmf_ws/src/project/install/project_assets/share/project_assets/models/RobotPlaceholder/model.config
-- Installing: /home/usuario/IR2134/rmf_ws/src/project/install/project_assets/share/project_assets/models/RobotPlaceholder/model.sdf
-- Installing: /home/usuario/IR2134/rmf_ws/src/project/install/project_assets/share/project_assets/models/CleanerBotE
-- Installing: /home/usuario/IR2134/rmf_ws/src/project/install/project_assets/share/project_assets/models/CleanerBotE/meshes
-- Installing: /home/usuario/IR2134/rmf_ws/src/project/install/project_assets/share/project_assets/models/CleanerBotE/meshes/CleanerBotE_Wheel.obj
-- Installing: /home/usuario/IR2134/rmf_ws/src/project/install/project_assets/share/project_assets/models/CleanerBotE/meshes/CleanerBotE.obj
-- Installing: /home/usuario/IR2134/rmf_ws/src/project/install/project_assets/share/project_assets/models/CleanerBotE/meshes/CleanerBotE_Col.mtl
-- Installing: /home/usuario/IR2134/rmf_ws/src/project/install/project_assets/share/project_assets/models/CleanerBotE/meshes/CleanerBotE_Wheel.mtl
-- Installing: /home/usuario/IR2134/rmf_ws/src/project/install/project_assets/share/project_assets/models/CleanerBotE/meshes/CleanerBotE_Col.obj
-- Installing: /home/usuario/IR2134/rmf_ws/src/project/install/project_assets/share/project_assets/models/CleanerBotE/meshes/CleanerBotE.mtl
-- Installing: /home/usuario/IR2134/rmf_ws/src/project/install/project_assets/share/project_assets/models/CleanerBotE/meshes/CleanerBotE_Diffuse.png
-- Installing: /home/usuario/IR2134/rmf_ws/src/project/install/project_assets/share/project_assets/models/CleanerBotE/model.config
-- Installing: /home/usuario/IR2134/rmf_ws/src/project/install/project_assets/share/project_assets/models/CleanerBotE/model.sdf
-- Installing: /home/usuario/IR2134/rmf_ws/src/project/install/project_assets/share/project_assets/models/Chair
-- Installing: /home/usuario/IR2134/rmf_ws/src/project/install/project_assets/share/project_assets/models/Chair/meshes
-- Installing: /home/usuario/IR2134/rmf_ws/src/project/install/project_assets/share/project_assets/models/Chair/meshes/Chair_Normal.png
-- Installing: /home/usuario/IR2134/rmf_ws/src/project/install/project_assets/share/project_assets/models/Chair/meshes/Chair.png
-- Installing: /home/usuario/IR2134/rmf_ws/src/project/install/project_assets/share/project_assets/models/Chair/meshes/Chair.obj
-- Installing: /home/usuario/IR2134/rmf_ws/src/project/install/project_assets/share/project_assets/models/Chair/meshes/Chair_Diffuse.png
-- Installing: /home/usuario/IR2134/rmf_ws/src/project/install/project_assets/share/project_assets/models/Chair/meshes/Chair_SpecGloss.png
-- Installing: /home/usuario/IR2134/rmf_ws/src/project/install/project_assets/share/project_assets/models/Chair/meshes/Chair.mtl
-- Installing: /home/usuario/IR2134/rmf_ws/src/project/install/project_assets/share/project_assets/models/Chair/LICENSE
-- Installing: /home/usuario/IR2134/rmf_ws/src/project/install/project_assets/share/project_assets/models/Chair/model.config
-- Installing: /home/usuario/IR2134/rmf_ws/src/project/install/project_assets/share/project_assets/models/Chair/model.sdf
-- Installing: /home/usuario/IR2134/rmf_ws/src/project/install/project_assets/share/project_assets/models/Chair/thumbnails
-- Installing: /home/usuario/IR2134/rmf_ws/src/project/install/project_assets/share/project_assets/models/Chair/thumbnails/4.png
-- Installing: /home/usuario/IR2134/rmf_ws/src/project/install/project_assets/share/project_assets/models/Chair/thumbnails/1.png
-- Installing: /home/usuario/IR2134/rmf_ws/src/project/install/project_assets/share/project_assets/models/Chair/thumbnails/3.png
-- Installing: /home/usuario/IR2134/rmf_ws/src/project/install/project_assets/share/project_assets/models/Chair/thumbnails/2.png
-- Installing: /home/usuario/IR2134/rmf_ws/src/project/install/project_assets/share/project_assets/models/Chair/thumbnails/5.png
-- Installing: /home/usuario/IR2134/rmf_ws/src/project/install/project_assets/share/ament_index/resource_index/package_run_dependencies/project_assets
-- Installing: /home/usuario/IR2134/rmf_ws/src/project/install/project_assets/share/ament_index/resource_index/parent_prefix_path/project_assets
-- Installing: /home/usuario/IR2134/rmf_ws/src/project/install/project_assets/share/project_assets/environment/ament_prefix_path.sh
-- Installing: /home/usuario/IR2134/rmf_ws/src/project/install/project_assets/share/project_assets/environment/ament_prefix_path.dsv
-- Installing: /home/usuario/IR2134/rmf_ws/src/project/install/project_assets/share/project_assets/environment/path.sh
-- Installing: /home/usuario/IR2134/rmf_ws/src/project/install/project_assets/share/project_assets/environment/path.dsv
-- Installing: /home/usuario/IR2134/rmf_ws/src/project/install/project_assets/share/project_assets/local_setup.bash
-- Installing: /home/usuario/IR2134/rmf_ws/src/project/install/project_assets/share/project_assets/local_setup.sh
-- Installing: /home/usuario/IR2134/rmf_ws/src/project/install/project_assets/share/project_assets/local_setup.zsh
-- Installing: /home/usuario/IR2134/rmf_ws/src/project/install/project_assets/share/project_assets/local_setup.dsv
-- Installing: /home/usuario/IR2134/rmf_ws/src/project/install/project_assets/share/project_assets/package.dsv
-- Installing: /home/usuario/IR2134/rmf_ws/src/project/install/project_assets/share/ament_index/resource_index/packages/project_assets
-- Installing: /home/usuario/IR2134/rmf_ws/src/project/install/project_assets/share/project_assets/cmake/project_assetsConfig.cmake
-- Installing: /home/usuario/IR2134/rmf_ws/src/project/install/project_assets/share/project_assets/cmake/project_assetsConfig-version.cmake
-- Installing: /home/usuario/IR2134/rmf_ws/src/project/install/project_assets/share/project_assets/package.xml
