[0.065s] Invoking command in '/home/usuario/IR2134/rmf_ws/src/project/build/project_assets': CMAKE_PREFIX_PATH=/home/usuario/IR2134/rmf_ws/src/project/install/project_simulation:/home/usuario/IR2134/rmf_ws/src/project/install/project_config:/home/usuario/IR2134/rmf_ws/src/project/install/project_maps:/home/usuario/IR2134/rmf_ws/src/project/install/project_assets:/rmf_demos_ws/install/rmf_workcell_msgs:/rmf_demos_ws/install/rmf_reservation_node:/rmf_demos_ws/install/rmf_demos_gz:/rmf_demos_ws/install/rmf_demos:/rmf_demos_ws/install/rmf_fleet_adapter_python:/rmf_demos_ws/install/rmf_fleet_adapter:/rmf_demos_ws/install/rmf_task_ros2:/rmf_demos_ws/install/rmf_websocket:/rmf_demos_ws/install/rmf_visualization:/rmf_demos_ws/install/rmf_visualization_schedule:/rmf_demos_ws/install/rmf_visualization_rviz2_plugins:/rmf_demos_ws/install/rmf_visualization_obstacles:/rmf_demos_ws/install/rmf_visualization_navgraphs:/rmf_demos_ws/install/rmf_visualization_floorplans:/rmf_demos_ws/install/rmf_visualization_fleet_states:/rmf_demos_ws/install/rmf_visualization_msgs:/rmf_demos_ws/install/rmf_traffic_ros2:/rmf_demos_ws/install/rmf_task_sequence:/rmf_demos_ws/install/rmf_task:/rmf_demos_ws/install/rmf_battery:/rmf_demos_ws/install/rmf_traffic:/rmf_demos_ws/install/rmf_utils:/rmf_demos_ws/install/rmf_traffic_msgs:/rmf_demos_ws/install/rmf_traffic_editor_test_maps:/rmf_demos_ws/install/rmf_traffic_editor_assets:/rmf_demos_ws/install/rmf_traffic_editor:/rmf_demos_ws/install/rmf_task_msgs:/rmf_demos_ws/install/rmf_site_map_msgs:/rmf_demos_ws/install/rmf_scheduler_msgs:/rmf_demos_ws/install/rmf_robot_sim_gz_plugins:/rmf_demos_ws/install/rmf_robot_sim_common:/rmf_demos_ws/install/rmf_reservation_msgs:/rmf_demos_ws/install/rmf_obstacle_msgs:/rmf_demos_ws/install/rmf_building_sim_gz_plugins:/rmf_demos_ws/install/rmf_lift_msgs:/rmf_demos_ws/install/rmf_ingestor_msgs:/rmf_demos_ws/install/rmf_fleet_msgs:/rmf_demos_ws/install/rmf_door_msgs:/rmf_demos_ws/install/rmf_dispenser_msgs:/rmf_demos_ws/install/rmf_demos_maps:/rmf_demos_ws/install/rmf_demos_assets:/rmf_demos_ws/install/rmf_charger_msgs:/rmf_demos_ws/install/rmf_building_map_msgs:/rmf_demos_ws/install/rmf_api_msgs:/rmf_demos_ws/install/pybind11_json_vendor:/rmf_demos_ws/install/nlohmann_json_schema_validator_vendor:/home/usuario/IR2134/rmf_ws/src/project/install/project_fleet_adapter:/rmf_demos_ws/install/rmf_demos_fleet_adapter:/rmf_demos_ws/install/rmf_visualization_building_systems:/rmf_demos_ws/install/rmf_traffic_examples:/rmf_demos_ws/install/rmf_demos_bridges:/rmf_demos_ws/install/rmf_demos_tasks:/rmf_demos_ws/install/rmf_building_map_tools:/rmf_demos_ws/install/rmf_charging_schedule:/opt/ros/jazzy:/rmf_demos_ws/install/menge_vendor:/rmf_demos_ws/install/ament_cmake_catch2:/opt/ros/jazzy/opt/gz_sim_vendor:/opt/ros/jazzy/opt/gz_sensors_vendor:/opt/ros/jazzy/opt/gz_physics_vendor:/opt/ros/jazzy/opt/sdformat_vendor:/opt/ros/jazzy/opt/gz_gui_vendor:/opt/ros/jazzy/opt/gz_transport_vendor:/opt/ros/jazzy/opt/gz_rendering_vendor:/opt/ros/jazzy/opt/gz_plugin_vendor:/opt/ros/jazzy/opt/gz_fuel_tools_vendor:/opt/ros/jazzy/opt/gz_msgs_vendor:/opt/ros/jazzy/opt/gz_common_vendor:/opt/ros/jazzy/opt/gz_math_vendor:/opt/ros/jazzy/opt/gz_utils_vendor:/opt/ros/jazzy/opt/gz_tools_vendor:/opt/ros/jazzy/opt/gz_ogre_next_vendor:/opt/ros/jazzy/opt/gz_dartsim_vendor:/opt/ros/jazzy/opt/gz_cmake_vendor /usr/bin/cmake /home/usuario/IR2134/rmf_ws/src/project/project_assets -DCMAKE_INSTALL_PREFIX=/home/usuario/IR2134/rmf_ws/src/project/install/project_assets
[0.292s] -- The C compiler identification is GNU 13.3.0
[0.292s] -- The CXX compiler identification is GNU 13.3.0
[0.308s] -- Detecting C compiler ABI info
[0.632s] -- Detecting C compiler ABI info - done
[0.648s] -- Check for working C compiler: /usr/bin/cc - skipped
[0.649s] -- Detecting C compile features
[0.649s] -- Detecting C compile features - done
[0.676s] -- Detecting CXX compiler ABI info
[1.054s] -- Detecting CXX compiler ABI info - done
[1.071s] -- Check for working CXX compiler: /usr/bin/c++ - skipped
[1.071s] -- Detecting CXX compile features
[1.072s] -- Detecting CXX compile features - done
[1.091s] -- Found ament_cmake: 2.5.3 (/opt/ros/jazzy/share/ament_cmake/cmake)
[1.325s] -- Found Python3: /usr/bin/python3 (found version "3.12.3") found components: Interpreter 
[1.690s] -- Configuring done (1.6s)
[1.698s] -- Generating done (0.0s)
[1.717s] -- Build files have been written to: /home/usuario/IR2134/rmf_ws/src/project/build/project_assets
[1.722s] Invoked command in '/home/usuario/IR2134/rmf_ws/src/project/build/project_assets' returned '0': CMAKE_PREFIX_PATH=/home/usuario/IR2134/rmf_ws/src/project/install/project_simulation:/home/usuario/IR2134/rmf_ws/src/project/install/project_config:/home/usuario/IR2134/rmf_ws/src/project/install/project_maps:/home/usuario/IR2134/rmf_ws/src/project/install/project_assets:/rmf_demos_ws/install/rmf_workcell_msgs:/rmf_demos_ws/install/rmf_reservation_node:/rmf_demos_ws/install/rmf_demos_gz:/rmf_demos_ws/install/rmf_demos:/rmf_demos_ws/install/rmf_fleet_adapter_python:/rmf_demos_ws/install/rmf_fleet_adapter:/rmf_demos_ws/install/rmf_task_ros2:/rmf_demos_ws/install/rmf_websocket:/rmf_demos_ws/install/rmf_visualization:/rmf_demos_ws/install/rmf_visualization_schedule:/rmf_demos_ws/install/rmf_visualization_rviz2_plugins:/rmf_demos_ws/install/rmf_visualization_obstacles:/rmf_demos_ws/install/rmf_visualization_navgraphs:/rmf_demos_ws/install/rmf_visualization_floorplans:/rmf_demos_ws/install/rmf_visualization_fleet_states:/rmf_demos_ws/install/rmf_visualization_msgs:/rmf_demos_ws/install/rmf_traffic_ros2:/rmf_demos_ws/install/rmf_task_sequence:/rmf_demos_ws/install/rmf_task:/rmf_demos_ws/install/rmf_battery:/rmf_demos_ws/install/rmf_traffic:/rmf_demos_ws/install/rmf_utils:/rmf_demos_ws/install/rmf_traffic_msgs:/rmf_demos_ws/install/rmf_traffic_editor_test_maps:/rmf_demos_ws/install/rmf_traffic_editor_assets:/rmf_demos_ws/install/rmf_traffic_editor:/rmf_demos_ws/install/rmf_task_msgs:/rmf_demos_ws/install/rmf_site_map_msgs:/rmf_demos_ws/install/rmf_scheduler_msgs:/rmf_demos_ws/install/rmf_robot_sim_gz_plugins:/rmf_demos_ws/install/rmf_robot_sim_common:/rmf_demos_ws/install/rmf_reservation_msgs:/rmf_demos_ws/install/rmf_obstacle_msgs:/rmf_demos_ws/install/rmf_building_sim_gz_plugins:/rmf_demos_ws/install/rmf_lift_msgs:/rmf_demos_ws/install/rmf_ingestor_msgs:/rmf_demos_ws/install/rmf_fleet_msgs:/rmf_demos_ws/install/rmf_door_msgs:/rmf_demos_ws/install/rmf_dispenser_msgs:/rmf_demos_ws/install/rmf_demos_maps:/rmf_demos_ws/install/rmf_demos_assets:/rmf_demos_ws/install/rmf_charger_msgs:/rmf_demos_ws/install/rmf_building_map_msgs:/rmf_demos_ws/install/rmf_api_msgs:/rmf_demos_ws/install/pybind11_json_vendor:/rmf_demos_ws/install/nlohmann_json_schema_validator_vendor:/home/usuario/IR2134/rmf_ws/src/project/install/project_fleet_adapter:/rmf_demos_ws/install/rmf_demos_fleet_adapter:/rmf_demos_ws/install/rmf_visualization_building_systems:/rmf_demos_ws/install/rmf_traffic_examples:/rmf_demos_ws/install/rmf_demos_bridges:/rmf_demos_ws/install/rmf_demos_tasks:/rmf_demos_ws/install/rmf_building_map_tools:/rmf_demos_ws/install/rmf_charging_schedule:/opt/ros/jazzy:/rmf_demos_ws/install/menge_vendor:/rmf_demos_ws/install/ament_cmake_catch2:/opt/ros/jazzy/opt/gz_sim_vendor:/opt/ros/jazzy/opt/gz_sensors_vendor:/opt/ros/jazzy/opt/gz_physics_vendor:/opt/ros/jazzy/opt/sdformat_vendor:/opt/ros/jazzy/opt/gz_gui_vendor:/opt/ros/jazzy/opt/gz_transport_vendor:/opt/ros/jazzy/opt/gz_rendering_vendor:/opt/ros/jazzy/opt/gz_plugin_vendor:/opt/ros/jazzy/opt/gz_fuel_tools_vendor:/opt/ros/jazzy/opt/gz_msgs_vendor:/opt/ros/jazzy/opt/gz_common_vendor:/opt/ros/jazzy/opt/gz_math_vendor:/opt/ros/jazzy/opt/gz_utils_vendor:/opt/ros/jazzy/opt/gz_tools_vendor:/opt/ros/jazzy/opt/gz_ogre_next_vendor:/opt/ros/jazzy/opt/gz_dartsim_vendor:/opt/ros/jazzy/opt/gz_cmake_vendor /usr/bin/cmake /home/usuario/IR2134/rmf_ws/src/project/project_assets -DCMAKE_INSTALL_PREFIX=/home/usuario/IR2134/rmf_ws/src/project/install/project_assets
[1.727s] Invoking command in '/home/usuario/IR2134/rmf_ws/src/project/build/project_assets': CMAKE_PREFIX_PATH=/home/usuario/IR2134/rmf_ws/src/project/install/project_simulation:/home/usuario/IR2134/rmf_ws/src/project/install/project_config:/home/usuario/IR2134/rmf_ws/src/project/install/project_maps:/home/usuario/IR2134/rmf_ws/src/project/install/project_assets:/rmf_demos_ws/install/rmf_workcell_msgs:/rmf_demos_ws/install/rmf_reservation_node:/rmf_demos_ws/install/rmf_demos_gz:/rmf_demos_ws/install/rmf_demos:/rmf_demos_ws/install/rmf_fleet_adapter_python:/rmf_demos_ws/install/rmf_fleet_adapter:/rmf_demos_ws/install/rmf_task_ros2:/rmf_demos_ws/install/rmf_websocket:/rmf_demos_ws/install/rmf_visualization:/rmf_demos_ws/install/rmf_visualization_schedule:/rmf_demos_ws/install/rmf_visualization_rviz2_plugins:/rmf_demos_ws/install/rmf_visualization_obstacles:/rmf_demos_ws/install/rmf_visualization_navgraphs:/rmf_demos_ws/install/rmf_visualization_floorplans:/rmf_demos_ws/install/rmf_visualization_fleet_states:/rmf_demos_ws/install/rmf_visualization_msgs:/rmf_demos_ws/install/rmf_traffic_ros2:/rmf_demos_ws/install/rmf_task_sequence:/rmf_demos_ws/install/rmf_task:/rmf_demos_ws/install/rmf_battery:/rmf_demos_ws/install/rmf_traffic:/rmf_demos_ws/install/rmf_utils:/rmf_demos_ws/install/rmf_traffic_msgs:/rmf_demos_ws/install/rmf_traffic_editor_test_maps:/rmf_demos_ws/install/rmf_traffic_editor_assets:/rmf_demos_ws/install/rmf_traffic_editor:/rmf_demos_ws/install/rmf_task_msgs:/rmf_demos_ws/install/rmf_site_map_msgs:/rmf_demos_ws/install/rmf_scheduler_msgs:/rmf_demos_ws/install/rmf_robot_sim_gz_plugins:/rmf_demos_ws/install/rmf_robot_sim_common:/rmf_demos_ws/install/rmf_reservation_msgs:/rmf_demos_ws/install/rmf_obstacle_msgs:/rmf_demos_ws/install/rmf_building_sim_gz_plugins:/rmf_demos_ws/install/rmf_lift_msgs:/rmf_demos_ws/install/rmf_ingestor_msgs:/rmf_demos_ws/install/rmf_fleet_msgs:/rmf_demos_ws/install/rmf_door_msgs:/rmf_demos_ws/install/rmf_dispenser_msgs:/rmf_demos_ws/install/rmf_demos_maps:/rmf_demos_ws/install/rmf_demos_assets:/rmf_demos_ws/install/rmf_charger_msgs:/rmf_demos_ws/install/rmf_building_map_msgs:/rmf_demos_ws/install/rmf_api_msgs:/rmf_demos_ws/install/pybind11_json_vendor:/rmf_demos_ws/install/nlohmann_json_schema_validator_vendor:/home/usuario/IR2134/rmf_ws/src/project/install/project_fleet_adapter:/rmf_demos_ws/install/rmf_demos_fleet_adapter:/rmf_demos_ws/install/rmf_visualization_building_systems:/rmf_demos_ws/install/rmf_traffic_examples:/rmf_demos_ws/install/rmf_demos_bridges:/rmf_demos_ws/install/rmf_demos_tasks:/rmf_demos_ws/install/rmf_building_map_tools:/rmf_demos_ws/install/rmf_charging_schedule:/opt/ros/jazzy:/rmf_demos_ws/install/menge_vendor:/rmf_demos_ws/install/ament_cmake_catch2:/opt/ros/jazzy/opt/gz_sim_vendor:/opt/ros/jazzy/opt/gz_sensors_vendor:/opt/ros/jazzy/opt/gz_physics_vendor:/opt/ros/jazzy/opt/sdformat_vendor:/opt/ros/jazzy/opt/gz_gui_vendor:/opt/ros/jazzy/opt/gz_transport_vendor:/opt/ros/jazzy/opt/gz_rendering_vendor:/opt/ros/jazzy/opt/gz_plugin_vendor:/opt/ros/jazzy/opt/gz_fuel_tools_vendor:/opt/ros/jazzy/opt/gz_msgs_vendor:/opt/ros/jazzy/opt/gz_common_vendor:/opt/ros/jazzy/opt/gz_math_vendor:/opt/ros/jazzy/opt/gz_utils_vendor:/opt/ros/jazzy/opt/gz_tools_vendor:/opt/ros/jazzy/opt/gz_ogre_next_vendor:/opt/ros/jazzy/opt/gz_dartsim_vendor:/opt/ros/jazzy/opt/gz_cmake_vendor /usr/bin/cmake --build /home/usuario/IR2134/rmf_ws/src/project/build/project_assets -- -j6 -l6
[1.822s] Invoked command in '/home/usuario/IR2134/rmf_ws/src/project/build/project_assets' returned '0': CMAKE_PREFIX_PATH=/home/usuario/IR2134/rmf_ws/src/project/install/project_simulation:/home/usuario/IR2134/rmf_ws/src/project/install/project_config:/home/usuario/IR2134/rmf_ws/src/project/install/project_maps:/home/usuario/IR2134/rmf_ws/src/project/install/project_assets:/rmf_demos_ws/install/rmf_workcell_msgs:/rmf_demos_ws/install/rmf_reservation_node:/rmf_demos_ws/install/rmf_demos_gz:/rmf_demos_ws/install/rmf_demos:/rmf_demos_ws/install/rmf_fleet_adapter_python:/rmf_demos_ws/install/rmf_fleet_adapter:/rmf_demos_ws/install/rmf_task_ros2:/rmf_demos_ws/install/rmf_websocket:/rmf_demos_ws/install/rmf_visualization:/rmf_demos_ws/install/rmf_visualization_schedule:/rmf_demos_ws/install/rmf_visualization_rviz2_plugins:/rmf_demos_ws/install/rmf_visualization_obstacles:/rmf_demos_ws/install/rmf_visualization_navgraphs:/rmf_demos_ws/install/rmf_visualization_floorplans:/rmf_demos_ws/install/rmf_visualization_fleet_states:/rmf_demos_ws/install/rmf_visualization_msgs:/rmf_demos_ws/install/rmf_traffic_ros2:/rmf_demos_ws/install/rmf_task_sequence:/rmf_demos_ws/install/rmf_task:/rmf_demos_ws/install/rmf_battery:/rmf_demos_ws/install/rmf_traffic:/rmf_demos_ws/install/rmf_utils:/rmf_demos_ws/install/rmf_traffic_msgs:/rmf_demos_ws/install/rmf_traffic_editor_test_maps:/rmf_demos_ws/install/rmf_traffic_editor_assets:/rmf_demos_ws/install/rmf_traffic_editor:/rmf_demos_ws/install/rmf_task_msgs:/rmf_demos_ws/install/rmf_site_map_msgs:/rmf_demos_ws/install/rmf_scheduler_msgs:/rmf_demos_ws/install/rmf_robot_sim_gz_plugins:/rmf_demos_ws/install/rmf_robot_sim_common:/rmf_demos_ws/install/rmf_reservation_msgs:/rmf_demos_ws/install/rmf_obstacle_msgs:/rmf_demos_ws/install/rmf_building_sim_gz_plugins:/rmf_demos_ws/install/rmf_lift_msgs:/rmf_demos_ws/install/rmf_ingestor_msgs:/rmf_demos_ws/install/rmf_fleet_msgs:/rmf_demos_ws/install/rmf_door_msgs:/rmf_demos_ws/install/rmf_dispenser_msgs:/rmf_demos_ws/install/rmf_demos_maps:/rmf_demos_ws/install/rmf_demos_assets:/rmf_demos_ws/install/rmf_charger_msgs:/rmf_demos_ws/install/rmf_building_map_msgs:/rmf_demos_ws/install/rmf_api_msgs:/rmf_demos_ws/install/pybind11_json_vendor:/rmf_demos_ws/install/nlohmann_json_schema_validator_vendor:/home/usuario/IR2134/rmf_ws/src/project/install/project_fleet_adapter:/rmf_demos_ws/install/rmf_demos_fleet_adapter:/rmf_demos_ws/install/rmf_visualization_building_systems:/rmf_demos_ws/install/rmf_traffic_examples:/rmf_demos_ws/install/rmf_demos_bridges:/rmf_demos_ws/install/rmf_demos_tasks:/rmf_demos_ws/install/rmf_building_map_tools:/rmf_demos_ws/install/rmf_charging_schedule:/opt/ros/jazzy:/rmf_demos_ws/install/menge_vendor:/rmf_demos_ws/install/ament_cmake_catch2:/opt/ros/jazzy/opt/gz_sim_vendor:/opt/ros/jazzy/opt/gz_sensors_vendor:/opt/ros/jazzy/opt/gz_physics_vendor:/opt/ros/jazzy/opt/sdformat_vendor:/opt/ros/jazzy/opt/gz_gui_vendor:/opt/ros/jazzy/opt/gz_transport_vendor:/opt/ros/jazzy/opt/gz_rendering_vendor:/opt/ros/jazzy/opt/gz_plugin_vendor:/opt/ros/jazzy/opt/gz_fuel_tools_vendor:/opt/ros/jazzy/opt/gz_msgs_vendor:/opt/ros/jazzy/opt/gz_common_vendor:/opt/ros/jazzy/opt/gz_math_vendor:/opt/ros/jazzy/opt/gz_utils_vendor:/opt/ros/jazzy/opt/gz_tools_vendor:/opt/ros/jazzy/opt/gz_ogre_next_vendor:/opt/ros/jazzy/opt/gz_dartsim_vendor:/opt/ros/jazzy/opt/gz_cmake_vendor /usr/bin/cmake --build /home/usuario/IR2134/rmf_ws/src/project/build/project_assets -- -j6 -l6
[1.845s] Invoking command in '/home/usuario/IR2134/rmf_ws/src/project/build/project_assets': CMAKE_PREFIX_PATH=/home/usuario/IR2134/rmf_ws/src/project/install/project_simulation:/home/usuario/IR2134/rmf_ws/src/project/install/project_config:/home/usuario/IR2134/rmf_ws/src/project/install/project_maps:/home/usuario/IR2134/rmf_ws/src/project/install/project_assets:/rmf_demos_ws/install/rmf_workcell_msgs:/rmf_demos_ws/install/rmf_reservation_node:/rmf_demos_ws/install/rmf_demos_gz:/rmf_demos_ws/install/rmf_demos:/rmf_demos_ws/install/rmf_fleet_adapter_python:/rmf_demos_ws/install/rmf_fleet_adapter:/rmf_demos_ws/install/rmf_task_ros2:/rmf_demos_ws/install/rmf_websocket:/rmf_demos_ws/install/rmf_visualization:/rmf_demos_ws/install/rmf_visualization_schedule:/rmf_demos_ws/install/rmf_visualization_rviz2_plugins:/rmf_demos_ws/install/rmf_visualization_obstacles:/rmf_demos_ws/install/rmf_visualization_navgraphs:/rmf_demos_ws/install/rmf_visualization_floorplans:/rmf_demos_ws/install/rmf_visualization_fleet_states:/rmf_demos_ws/install/rmf_visualization_msgs:/rmf_demos_ws/install/rmf_traffic_ros2:/rmf_demos_ws/install/rmf_task_sequence:/rmf_demos_ws/install/rmf_task:/rmf_demos_ws/install/rmf_battery:/rmf_demos_ws/install/rmf_traffic:/rmf_demos_ws/install/rmf_utils:/rmf_demos_ws/install/rmf_traffic_msgs:/rmf_demos_ws/install/rmf_traffic_editor_test_maps:/rmf_demos_ws/install/rmf_traffic_editor_assets:/rmf_demos_ws/install/rmf_traffic_editor:/rmf_demos_ws/install/rmf_task_msgs:/rmf_demos_ws/install/rmf_site_map_msgs:/rmf_demos_ws/install/rmf_scheduler_msgs:/rmf_demos_ws/install/rmf_robot_sim_gz_plugins:/rmf_demos_ws/install/rmf_robot_sim_common:/rmf_demos_ws/install/rmf_reservation_msgs:/rmf_demos_ws/install/rmf_obstacle_msgs:/rmf_demos_ws/install/rmf_building_sim_gz_plugins:/rmf_demos_ws/install/rmf_lift_msgs:/rmf_demos_ws/install/rmf_ingestor_msgs:/rmf_demos_ws/install/rmf_fleet_msgs:/rmf_demos_ws/install/rmf_door_msgs:/rmf_demos_ws/install/rmf_dispenser_msgs:/rmf_demos_ws/install/rmf_demos_maps:/rmf_demos_ws/install/rmf_demos_assets:/rmf_demos_ws/install/rmf_charger_msgs:/rmf_demos_ws/install/rmf_building_map_msgs:/rmf_demos_ws/install/rmf_api_msgs:/rmf_demos_ws/install/pybind11_json_vendor:/rmf_demos_ws/install/nlohmann_json_schema_validator_vendor:/home/usuario/IR2134/rmf_ws/src/project/install/project_fleet_adapter:/rmf_demos_ws/install/rmf_demos_fleet_adapter:/rmf_demos_ws/install/rmf_visualization_building_systems:/rmf_demos_ws/install/rmf_traffic_examples:/rmf_demos_ws/install/rmf_demos_bridges:/rmf_demos_ws/install/rmf_demos_tasks:/rmf_demos_ws/install/rmf_building_map_tools:/rmf_demos_ws/install/rmf_charging_schedule:/opt/ros/jazzy:/rmf_demos_ws/install/menge_vendor:/rmf_demos_ws/install/ament_cmake_catch2:/opt/ros/jazzy/opt/gz_sim_vendor:/opt/ros/jazzy/opt/gz_sensors_vendor:/opt/ros/jazzy/opt/gz_physics_vendor:/opt/ros/jazzy/opt/sdformat_vendor:/opt/ros/jazzy/opt/gz_gui_vendor:/opt/ros/jazzy/opt/gz_transport_vendor:/opt/ros/jazzy/opt/gz_rendering_vendor:/opt/ros/jazzy/opt/gz_plugin_vendor:/opt/ros/jazzy/opt/gz_fuel_tools_vendor:/opt/ros/jazzy/opt/gz_msgs_vendor:/opt/ros/jazzy/opt/gz_common_vendor:/opt/ros/jazzy/opt/gz_math_vendor:/opt/ros/jazzy/opt/gz_utils_vendor:/opt/ros/jazzy/opt/gz_tools_vendor:/opt/ros/jazzy/opt/gz_ogre_next_vendor:/opt/ros/jazzy/opt/gz_dartsim_vendor:/opt/ros/jazzy/opt/gz_cmake_vendor /usr/bin/cmake --install /home/usuario/IR2134/rmf_ws/src/project/build/project_assets
[1.863s] -- Install configuration: ""
[1.864s] -- Installing: /home/usuario/IR2134/rmf_ws/src/project/install/project_assets/share/project_assets/environment/project_assets.dsv
[1.867s] -- Installing: /home/usuario/IR2134/rmf_ws/src/project/install/project_assets/share/project_assets/models
[1.867s] -- Installing: /home/usuario/IR2134/rmf_ws/src/project/install/project_assets/share/project_assets/models/WoodenChair
[1.867s] -- Installing: /home/usuario/IR2134/rmf_ws/src/project/install/project_assets/share/project_assets/models/WoodenChair/meshes
[1.867s] -- Installing: /home/usuario/IR2134/rmf_ws/src/project/install/project_assets/share/project_assets/models/WoodenChair/meshes/WoodenChair_Rough.png
[1.874s] -- Installing: /home/usuario/IR2134/rmf_ws/src/project/install/project_assets/share/project_assets/models/WoodenChair/meshes/WoodenChair.obj
[1.880s] -- Installing: /home/usuario/IR2134/rmf_ws/src/project/install/project_assets/share/project_assets/models/WoodenChair/meshes/WoodenChair.mtl
[1.883s] -- Installing: /home/usuario/IR2134/rmf_ws/src/project/install/project_assets/share/project_assets/models/WoodenChair/meshes/WoodenChair_Diffuse.png
[1.902s] -- Installing: /home/usuario/IR2134/rmf_ws/src/project/install/project_assets/share/project_assets/models/WoodenChair/meshes/WoodenChair_Col.mtl
[1.906s] -- Installing: /home/usuario/IR2134/rmf_ws/src/project/install/project_assets/share/project_assets/models/WoodenChair/meshes/WoodenChair_Col.obj
[1.909s] -- Installing: /home/usuario/IR2134/rmf_ws/src/project/install/project_assets/share/project_assets/models/WoodenChair/LICENSE
[1.912s] -- Installing: /home/usuario/IR2134/rmf_ws/src/project/install/project_assets/share/project_assets/models/WoodenChair/model.config
[1.915s] -- Installing: /home/usuario/IR2134/rmf_ws/src/project/install/project_assets/share/project_assets/models/WoodenChair/model.sdf
[1.921s] -- Installing: /home/usuario/IR2134/rmf_ws/src/project/install/project_assets/share/project_assets/models/WoodenChair/thumbnails
[1.921s] -- Installing: /home/usuario/IR2134/rmf_ws/src/project/install/project_assets/share/project_assets/models/WoodenChair/thumbnails/4.png
[1.927s] -- Installing: /home/usuario/IR2134/rmf_ws/src/project/install/project_assets/share/project_assets/models/WoodenChair/thumbnails/1.png
[1.932s] -- Installing: /home/usuario/IR2134/rmf_ws/src/project/install/project_assets/share/project_assets/models/WoodenChair/thumbnails/3.png
[1.936s] -- Installing: /home/usuario/IR2134/rmf_ws/src/project/install/project_assets/share/project_assets/models/WoodenChair/thumbnails/2.png
[1.940s] -- Installing: /home/usuario/IR2134/rmf_ws/src/project/install/project_assets/share/project_assets/models/WoodenChair/thumbnails/5.png
[1.944s] -- Installing: /home/usuario/IR2134/rmf_ws/src/project/install/project_assets/share/project_assets/models/CoffeeTable
[1.944s] -- Installing: /home/usuario/IR2134/rmf_ws/src/project/install/project_assets/share/project_assets/models/CoffeeTable/meshes
[1.944s] -- Installing: /home/usuario/IR2134/rmf_ws/src/project/install/project_assets/share/project_assets/models/CoffeeTable/meshes/CoffeeTable_Diffuse.png
[1.946s] -- Installing: /home/usuario/IR2134/rmf_ws/src/project/install/project_assets/share/project_assets/models/CoffeeTable/meshes/CoffeeTable_Normal.png
[1.982s] -- Installing: /home/usuario/IR2134/rmf_ws/src/project/install/project_assets/share/project_assets/models/CoffeeTable/meshes/CoffeeTable_SpecGloss.png
[1.985s] -- Installing: /home/usuario/IR2134/rmf_ws/src/project/install/project_assets/share/project_assets/models/CoffeeTable/meshes/CoffeeTable.obj
[1.989s] -- Installing: /home/usuario/IR2134/rmf_ws/src/project/install/project_assets/share/project_assets/models/CoffeeTable/meshes/CoffeeTable.mtl
[1.992s] -- Installing: /home/usuario/IR2134/rmf_ws/src/project/install/project_assets/share/project_assets/models/CoffeeTable/LICENSE
[1.995s] -- Installing: /home/usuario/IR2134/rmf_ws/src/project/install/project_assets/share/project_assets/models/CoffeeTable/model.config
[2.002s] -- Installing: /home/usuario/IR2134/rmf_ws/src/project/install/project_assets/share/project_assets/models/CoffeeTable/model.sdf
[2.005s] -- Installing: /home/usuario/IR2134/rmf_ws/src/project/install/project_assets/share/project_assets/models/CoffeeTable/thumbnails
[2.005s] -- Installing: /home/usuario/IR2134/rmf_ws/src/project/install/project_assets/share/project_assets/models/CoffeeTable/thumbnails/4.png
[2.008s] -- Installing: /home/usuario/IR2134/rmf_ws/src/project/install/project_assets/share/project_assets/models/CoffeeTable/thumbnails/1.png
[2.012s] -- Installing: /home/usuario/IR2134/rmf_ws/src/project/install/project_assets/share/project_assets/models/CoffeeTable/thumbnails/3.png
[2.016s] -- Installing: /home/usuario/IR2134/rmf_ws/src/project/install/project_assets/share/project_assets/models/CoffeeTable/thumbnails/2.png
[2.025s] -- Installing: /home/usuario/IR2134/rmf_ws/src/project/install/project_assets/share/project_assets/models/CoffeeTable/thumbnails/5.png
[2.032s] -- Installing: /home/usuario/IR2134/rmf_ws/src/project/install/project_assets/share/project_assets/models/HospitalRobot
[2.032s] -- Installing: /home/usuario/IR2134/rmf_ws/src/project/install/project_assets/share/project_assets/models/HospitalRobot/meshes
[2.032s] -- Installing: /home/usuario/IR2134/rmf_ws/src/project/install/project_assets/share/project_assets/models/HospitalRobot/meshes/FatWheel.mtl
[2.039s] -- Installing: /home/usuario/IR2134/rmf_ws/src/project/install/project_assets/share/project_assets/models/HospitalRobot/meshes/HospitalRobot.obj
[2.088s] -- Installing: /home/usuario/IR2134/rmf_ws/src/project/install/project_assets/share/project_assets/models/HospitalRobot/meshes/FatWheel.obj
[2.095s] -- Installing: /home/usuario/IR2134/rmf_ws/src/project/install/project_assets/share/project_assets/models/HospitalRobot/meshes/HospitalRobot.mtl
[2.099s] -- Installing: /home/usuario/IR2134/rmf_ws/src/project/install/project_assets/share/project_assets/models/HospitalRobot/meshes/SmallWheel.obj
[2.105s] -- Installing: /home/usuario/IR2134/rmf_ws/src/project/install/project_assets/share/project_assets/models/HospitalRobot/meshes/SmallWheel.mtl
[2.112s] -- Installing: /home/usuario/IR2134/rmf_ws/src/project/install/project_assets/share/project_assets/models/HospitalRobot/meshes/HospitalRobot_Diffuse.png
[2.142s] -- Installing: /home/usuario/IR2134/rmf_ws/src/project/install/project_assets/share/project_assets/models/HospitalRobot/model.config
[2.154s] -- Installing: /home/usuario/IR2134/rmf_ws/src/project/install/project_assets/share/project_assets/models/HospitalRobot/model.sdf
[2.164s] -- Installing: /home/usuario/IR2134/rmf_ws/src/project/install/project_assets/share/project_assets/models/HospitalRobot/thumbnails
[2.164s] -- Installing: /home/usuario/IR2134/rmf_ws/src/project/install/project_assets/share/project_assets/models/HospitalRobot/thumbnails/4.png
[2.176s] -- Installing: /home/usuario/IR2134/rmf_ws/src/project/install/project_assets/share/project_assets/models/HospitalRobot/thumbnails/1.png
[2.193s] -- Installing: /home/usuario/IR2134/rmf_ws/src/project/install/project_assets/share/project_assets/models/HospitalRobot/thumbnails/3.png
[2.211s] -- Installing: /home/usuario/IR2134/rmf_ws/src/project/install/project_assets/share/project_assets/models/HospitalRobot/thumbnails/2.png
[2.218s] -- Installing: /home/usuario/IR2134/rmf_ws/src/project/install/project_assets/share/project_assets/models/HospitalRobot/thumbnails/5.png
[2.221s] -- Installing: /home/usuario/IR2134/rmf_ws/src/project/install/project_assets/share/project_assets/models/Cafe table
[2.221s] -- Installing: /home/usuario/IR2134/rmf_ws/src/project/install/project_assets/share/project_assets/models/Cafe table/meshes
[2.222s] -- Installing: /home/usuario/IR2134/rmf_ws/src/project/install/project_assets/share/project_assets/models/Cafe table/meshes/cafe_table.dae
[2.226s] -- Installing: /home/usuario/IR2134/rmf_ws/src/project/install/project_assets/share/project_assets/models/Cafe table/materials
[2.226s] -- Installing: /home/usuario/IR2134/rmf_ws/src/project/install/project_assets/share/project_assets/models/Cafe table/materials/textures
[2.226s] -- Installing: /home/usuario/IR2134/rmf_ws/src/project/install/project_assets/share/project_assets/models/Cafe table/materials/textures/Maple.jpg
[2.234s] -- Installing: /home/usuario/IR2134/rmf_ws/src/project/install/project_assets/share/project_assets/models/Cafe table/materials/textures/Wood_Floor_Dark.jpg
[2.252s] -- Installing: /home/usuario/IR2134/rmf_ws/src/project/install/project_assets/share/project_assets/models/Cafe table/LICENSE
[2.255s] -- Installing: /home/usuario/IR2134/rmf_ws/src/project/install/project_assets/share/project_assets/models/Cafe table/model.config
[2.259s] -- Installing: /home/usuario/IR2134/rmf_ws/src/project/install/project_assets/share/project_assets/models/Cafe table/model.sdf
[2.267s] -- Installing: /home/usuario/IR2134/rmf_ws/src/project/install/project_assets/share/project_assets/models/Cafe table/thumbnails
[2.267s] -- Installing: /home/usuario/IR2134/rmf_ws/src/project/install/project_assets/share/project_assets/models/Cafe table/thumbnails/4.png
[2.280s] -- Installing: /home/usuario/IR2134/rmf_ws/src/project/install/project_assets/share/project_assets/models/Cafe table/thumbnails/1.png
[2.300s] -- Installing: /home/usuario/IR2134/rmf_ws/src/project/install/project_assets/share/project_assets/models/Cafe table/thumbnails/3.png
[2.306s] -- Installing: /home/usuario/IR2134/rmf_ws/src/project/install/project_assets/share/project_assets/models/Cafe table/thumbnails/2.png
[2.391s] -- Installing: /home/usuario/IR2134/rmf_ws/src/project/install/project_assets/share/project_assets/models/Cafe table/thumbnails/5.png
[2.418s] -- Installing: /home/usuario/IR2134/rmf_ws/src/project/install/project_assets/share/project_assets/models/Cafe table/model-1_4.sdf
[2.433s] -- Installing: /home/usuario/IR2134/rmf_ws/src/project/install/project_assets/share/project_assets/models/MiniSofa
[2.433s] -- Installing: /home/usuario/IR2134/rmf_ws/src/project/install/project_assets/share/project_assets/models/MiniSofa/meshes
[2.433s] -- Installing: /home/usuario/IR2134/rmf_ws/src/project/install/project_assets/share/project_assets/models/MiniSofa/meshes/minisofa.obj
[2.447s] -- Installing: /home/usuario/IR2134/rmf_ws/src/project/install/project_assets/share/project_assets/models/MiniSofa/meshes/minisofa.mtl
[2.454s] -- Installing: /home/usuario/IR2134/rmf_ws/src/project/install/project_assets/share/project_assets/models/MiniSofa/meshes/MiniSofa_Diffuse.png
[2.760s] -- Installing: /home/usuario/IR2134/rmf_ws/src/project/install/project_assets/share/project_assets/models/MiniSofa/LICENSE
[2.768s] -- Installing: /home/usuario/IR2134/rmf_ws/src/project/install/project_assets/share/project_assets/models/MiniSofa/model.config
[2.771s] -- Installing: /home/usuario/IR2134/rmf_ws/src/project/install/project_assets/share/project_assets/models/MiniSofa/model.sdf
[2.774s] -- Installing: /home/usuario/IR2134/rmf_ws/src/project/install/project_assets/share/project_assets/models/MiniSofa/thumbnails
[2.775s] -- Installing: /home/usuario/IR2134/rmf_ws/src/project/install/project_assets/share/project_assets/models/MiniSofa/thumbnails/4.png
[2.787s] -- Installing: /home/usuario/IR2134/rmf_ws/src/project/install/project_assets/share/project_assets/models/MiniSofa/thumbnails/1.png
[2.799s] -- Installing: /home/usuario/IR2134/rmf_ws/src/project/install/project_assets/share/project_assets/models/MiniSofa/thumbnails/3.png
[2.818s] -- Installing: /home/usuario/IR2134/rmf_ws/src/project/install/project_assets/share/project_assets/models/MiniSofa/thumbnails/2.png
[2.837s] -- Installing: /home/usuario/IR2134/rmf_ws/src/project/install/project_assets/share/project_assets/models/MiniSofa/thumbnails/5.png
[2.851s] -- Installing: /home/usuario/IR2134/rmf_ws/src/project/install/project_assets/share/project_assets/models/TeleportIngestor
[2.851s] -- Installing: /home/usuario/IR2134/rmf_ws/src/project/install/project_assets/share/project_assets/models/TeleportIngestor/model.config
[2.854s] -- Installing: /home/usuario/IR2134/rmf_ws/src/project/install/project_assets/share/project_assets/models/TeleportIngestor/model.sdf
[2.857s] -- Installing: /home/usuario/IR2134/rmf_ws/src/project/install/project_assets/share/project_assets/models/DeliveryRobot
[2.857s] -- Installing: /home/usuario/IR2134/rmf_ws/src/project/install/project_assets/share/project_assets/models/DeliveryRobot/meshes
[2.858s] -- Installing: /home/usuario/IR2134/rmf_ws/src/project/install/project_assets/share/project_assets/models/DeliveryRobot/meshes/WheelMain.mtl
[2.861s] -- Installing: /home/usuario/IR2134/rmf_ws/src/project/install/project_assets/share/project_assets/models/DeliveryRobot/meshes/body.obj
[2.870s] -- Installing: /home/usuario/IR2134/rmf_ws/src/project/install/project_assets/share/project_assets/models/DeliveryRobot/meshes/body.mtl
[2.874s] -- Installing: /home/usuario/IR2134/rmf_ws/src/project/install/project_assets/share/project_assets/models/DeliveryRobot/meshes/DeliveryRobot_Diffuse.png
[3.104s] -- Installing: /home/usuario/IR2134/rmf_ws/src/project/install/project_assets/share/project_assets/models/DeliveryRobot/meshes/WheelSide.mtl
[3.107s] -- Installing: /home/usuario/IR2134/rmf_ws/src/project/install/project_assets/share/project_assets/models/DeliveryRobot/meshes/WheelSide.obj
[3.112s] -- Installing: /home/usuario/IR2134/rmf_ws/src/project/install/project_assets/share/project_assets/models/DeliveryRobot/meshes/WheelMain.obj
[3.115s] -- Installing: /home/usuario/IR2134/rmf_ws/src/project/install/project_assets/share/project_assets/models/DeliveryRobot/model.config
[3.118s] -- Installing: /home/usuario/IR2134/rmf_ws/src/project/install/project_assets/share/project_assets/models/DeliveryRobot/model.sdf
[3.123s] -- Installing: /home/usuario/IR2134/rmf_ws/src/project/install/project_assets/share/project_assets/models/CleanerBotA
[3.123s] -- Installing: /home/usuario/IR2134/rmf_ws/src/project/install/project_assets/share/project_assets/models/CleanerBotA/meshes
[3.123s] -- Installing: /home/usuario/IR2134/rmf_ws/src/project/install/project_assets/share/project_assets/models/CleanerBotA/meshes/CleanerBotA.mtl
[3.126s] -- Installing: /home/usuario/IR2134/rmf_ws/src/project/install/project_assets/share/project_assets/models/CleanerBotA/meshes/CleanerBotA_WheelFront.mtl
[3.130s] -- Installing: /home/usuario/IR2134/rmf_ws/src/project/install/project_assets/share/project_assets/models/CleanerBotA/meshes/CleanerBotA_WheelBack.obj
[3.138s] -- Installing: /home/usuario/IR2134/rmf_ws/src/project/install/project_assets/share/project_assets/models/CleanerBotA/meshes/CleanerBotA_WheelBack.mtl
[3.142s] -- Installing: /home/usuario/IR2134/rmf_ws/src/project/install/project_assets/share/project_assets/models/CleanerBotA/meshes/CleanerBotA.obj
[3.196s] -- Installing: /home/usuario/IR2134/rmf_ws/src/project/install/project_assets/share/project_assets/models/CleanerBotA/meshes/CleanerBotA_WheelFront.obj
[3.200s] -- Installing: /home/usuario/IR2134/rmf_ws/src/project/install/project_assets/share/project_assets/models/CleanerBotA/meshes/CleanerBotA_Diffuse.png
[3.393s] -- Installing: /home/usuario/IR2134/rmf_ws/src/project/install/project_assets/share/project_assets/models/CleanerBotA/model.config
[3.396s] -- Installing: /home/usuario/IR2134/rmf_ws/src/project/install/project_assets/share/project_assets/models/CleanerBotA/model.sdf
[3.400s] -- Installing: /home/usuario/IR2134/rmf_ws/src/project/install/project_assets/share/project_assets/models/AdjTable
[3.400s] -- Installing: /home/usuario/IR2134/rmf_ws/src/project/install/project_assets/share/project_assets/models/AdjTable/meshes
[3.400s] -- Installing: /home/usuario/IR2134/rmf_ws/src/project/install/project_assets/share/project_assets/models/AdjTable/meshes/AdjTable_Diffuse.png
[7.418s] -- Installing: /home/usuario/IR2134/rmf_ws/src/project/install/project_assets/share/project_assets/models/AdjTable/meshes/AdjTable.mtl
[7.421s] -- Installing: /home/usuario/IR2134/rmf_ws/src/project/install/project_assets/share/project_assets/models/AdjTable/meshes/AdjTable_Col.obj
[7.424s] -- Installing: /home/usuario/IR2134/rmf_ws/src/project/install/project_assets/share/project_assets/models/AdjTable/meshes/AdjTable.obj
[7.428s] -- Installing: /home/usuario/IR2134/rmf_ws/src/project/install/project_assets/share/project_assets/models/AdjTable/meshes/AdjTable_Col.mtl
[7.431s] -- Installing: /home/usuario/IR2134/rmf_ws/src/project/install/project_assets/share/project_assets/models/AdjTable/LICENSE
[7.434s] -- Installing: /home/usuario/IR2134/rmf_ws/src/project/install/project_assets/share/project_assets/models/AdjTable/model.config
[7.437s] -- Installing: /home/usuario/IR2134/rmf_ws/src/project/install/project_assets/share/project_assets/models/AdjTable/model.sdf
[7.440s] -- Installing: /home/usuario/IR2134/rmf_ws/src/project/install/project_assets/share/project_assets/models/AdjTable/thumbnails
[7.440s] -- Installing: /home/usuario/IR2134/rmf_ws/src/project/install/project_assets/share/project_assets/models/AdjTable/thumbnails/4.png
[7.443s] -- Installing: /home/usuario/IR2134/rmf_ws/src/project/install/project_assets/share/project_assets/models/AdjTable/thumbnails/1.png
[7.447s] -- Installing: /home/usuario/IR2134/rmf_ws/src/project/install/project_assets/share/project_assets/models/AdjTable/thumbnails/3.png
[7.450s] -- Installing: /home/usuario/IR2134/rmf_ws/src/project/install/project_assets/share/project_assets/models/AdjTable/thumbnails/2.png
[7.457s] -- Installing: /home/usuario/IR2134/rmf_ws/src/project/install/project_assets/share/project_assets/models/AdjTable/thumbnails/5.png
[7.460s] -- Installing: /home/usuario/IR2134/rmf_ws/src/project/install/project_assets/share/project_assets/models/Caddy
[7.460s] -- Installing: /home/usuario/IR2134/rmf_ws/src/project/install/project_assets/share/project_assets/models/Caddy/meshes
[7.461s] -- Installing: /home/usuario/IR2134/rmf_ws/src/project/install/project_assets/share/project_assets/models/Caddy/meshes/polaris.dae
[7.959s] -- Installing: /home/usuario/IR2134/rmf_ws/src/project/install/project_assets/share/project_assets/models/Caddy/materials
[7.959s] -- Installing: /home/usuario/IR2134/rmf_ws/src/project/install/project_assets/share/project_assets/models/Caddy/materials/textures
[7.959s] -- Installing: /home/usuario/IR2134/rmf_ws/src/project/install/project_assets/share/project_assets/models/Caddy/materials/textures/Ranger_Diffuse.png
[7.962s] -- Installing: /home/usuario/IR2134/rmf_ws/src/project/install/project_assets/share/project_assets/models/Caddy/materials/textures/FNR_switch_R.png
[7.962s] -- Installing: /home/usuario/IR2134/rmf_ws/src/project/install/project_assets/share/project_assets/models/Caddy/materials/textures/FNR_switch_F.png
[7.963s] -- Installing: /home/usuario/IR2134/rmf_ws/src/project/install/project_assets/share/project_assets/models/Caddy/materials/textures/Ranger_Spec.png
[7.966s] -- Installing: /home/usuario/IR2134/rmf_ws/src/project/install/project_assets/share/project_assets/models/Caddy/materials/scripts
[7.966s] -- Installing: /home/usuario/IR2134/rmf_ws/src/project/install/project_assets/share/project_assets/models/Caddy/materials/scripts/polaris.material
[7.969s] -- Installing: /home/usuario/IR2134/rmf_ws/src/project/install/project_assets/share/project_assets/models/Caddy/model-1_3.sdf
[7.973s] -- Installing: /home/usuario/IR2134/rmf_ws/src/project/install/project_assets/share/project_assets/models/Caddy/model.config
[7.976s] -- Installing: /home/usuario/IR2134/rmf_ws/src/project/install/project_assets/share/project_assets/models/Caddy/model.sdf
[7.983s] -- Installing: /home/usuario/IR2134/rmf_ws/src/project/install/project_assets/share/project_assets/models/Caddy/model-1_4.sdf
[7.987s] -- Installing: /home/usuario/IR2134/rmf_ws/src/project/install/project_assets/share/project_assets/models/TeleportDispenser
[7.988s] -- Installing: /home/usuario/IR2134/rmf_ws/src/project/install/project_assets/share/project_assets/models/TeleportDispenser/model.config
[7.991s] -- Installing: /home/usuario/IR2134/rmf_ws/src/project/install/project_assets/share/project_assets/models/TeleportDispenser/model.sdf
[7.994s] -- Installing: /home/usuario/IR2134/rmf_ws/src/project/install/project_assets/share/project_assets/models/Sofa
[7.994s] -- Installing: /home/usuario/IR2134/rmf_ws/src/project/install/project_assets/share/project_assets/models/Sofa/meshes
[7.994s] -- Installing: /home/usuario/IR2134/rmf_ws/src/project/install/project_assets/share/project_assets/models/Sofa/meshes/Sofa.obj
[8.002s] -- Installing: /home/usuario/IR2134/rmf_ws/src/project/install/project_assets/share/project_assets/models/Sofa/meshes/SofaDiffuse.png
[8.243s] -- Installing: /home/usuario/IR2134/rmf_ws/src/project/install/project_assets/share/project_assets/models/Sofa/meshes/Sofa.mtl
[8.246s] -- Installing: /home/usuario/IR2134/rmf_ws/src/project/install/project_assets/share/project_assets/models/Sofa/LICENSE
[8.249s] -- Installing: /home/usuario/IR2134/rmf_ws/src/project/install/project_assets/share/project_assets/models/Sofa/model.config
[8.252s] -- Installing: /home/usuario/IR2134/rmf_ws/src/project/install/project_assets/share/project_assets/models/Sofa/model.sdf
[8.255s] -- Installing: /home/usuario/IR2134/rmf_ws/src/project/install/project_assets/share/project_assets/models/Sofa/thumbnails
[8.255s] -- Installing: /home/usuario/IR2134/rmf_ws/src/project/install/project_assets/share/project_assets/models/Sofa/thumbnails/4.png
[8.262s] -- Installing: /home/usuario/IR2134/rmf_ws/src/project/install/project_assets/share/project_assets/models/Sofa/thumbnails/1.png
[8.270s] -- Installing: /home/usuario/IR2134/rmf_ws/src/project/install/project_assets/share/project_assets/models/Sofa/thumbnails/3.png
[8.279s] -- Installing: /home/usuario/IR2134/rmf_ws/src/project/install/project_assets/share/project_assets/models/Sofa/thumbnails/2.png
[8.289s] -- Installing: /home/usuario/IR2134/rmf_ws/src/project/install/project_assets/share/project_assets/models/Sofa/thumbnails/5.png
[8.300s] -- Installing: /home/usuario/IR2134/rmf_ws/src/project/install/project_assets/share/project_assets/models/Drawer
[8.300s] -- Installing: /home/usuario/IR2134/rmf_ws/src/project/install/project_assets/share/project_assets/models/Drawer/meshes
[8.300s] -- Installing: /home/usuario/IR2134/rmf_ws/src/project/install/project_assets/share/project_assets/models/Drawer/meshes/Drawer.png
[8.306s] -- Installing: /home/usuario/IR2134/rmf_ws/src/project/install/project_assets/share/project_assets/models/Drawer/meshes/Drawer.mtl
[8.309s] -- Installing: /home/usuario/IR2134/rmf_ws/src/project/install/project_assets/share/project_assets/models/Drawer/meshes/Drawer.obj
[8.312s] -- Installing: /home/usuario/IR2134/rmf_ws/src/project/install/project_assets/share/project_assets/models/Drawer/meshes/Drawer_Col.obj
[8.315s] -- Installing: /home/usuario/IR2134/rmf_ws/src/project/install/project_assets/share/project_assets/models/Drawer/LICENSE
[8.318s] -- Installing: /home/usuario/IR2134/rmf_ws/src/project/install/project_assets/share/project_assets/models/Drawer/model.config
[8.321s] -- Installing: /home/usuario/IR2134/rmf_ws/src/project/install/project_assets/share/project_assets/models/Drawer/model.sdf
[8.324s] -- Installing: /home/usuario/IR2134/rmf_ws/src/project/install/project_assets/share/project_assets/models/Drawer/thumbnails
[8.324s] -- Installing: /home/usuario/IR2134/rmf_ws/src/project/install/project_assets/share/project_assets/models/Drawer/thumbnails/4.png
[8.327s] -- Installing: /home/usuario/IR2134/rmf_ws/src/project/install/project_assets/share/project_assets/models/Drawer/thumbnails/1.png
[8.331s] -- Installing: /home/usuario/IR2134/rmf_ws/src/project/install/project_assets/share/project_assets/models/Drawer/thumbnails/3.png
[8.334s] -- Installing: /home/usuario/IR2134/rmf_ws/src/project/install/project_assets/share/project_assets/models/Drawer/thumbnails/2.png
[8.338s] -- Installing: /home/usuario/IR2134/rmf_ws/src/project/install/project_assets/share/project_assets/models/Drawer/thumbnails/5.png
[8.340s] -- Installing: /home/usuario/IR2134/rmf_ws/src/project/install/project_assets/share/project_assets/models/TinyRobot
[8.341s] -- Installing: /home/usuario/IR2134/rmf_ws/src/project/install/project_assets/share/project_assets/models/TinyRobot/meshes
[8.341s] -- Installing: /home/usuario/IR2134/rmf_ws/src/project/install/project_assets/share/project_assets/models/TinyRobot/meshes/tinyRobot_body.dae
[8.381s] -- Installing: /home/usuario/IR2134/rmf_ws/src/project/install/project_assets/share/project_assets/models/TinyRobot/meshes/caster_wheel.dae
[8.451s] -- Installing: /home/usuario/IR2134/rmf_ws/src/project/install/project_assets/share/project_assets/models/TinyRobot/meshes/front_wheel.dae
[8.520s] -- Installing: /home/usuario/IR2134/rmf_ws/src/project/install/project_assets/share/project_assets/models/TinyRobot/meshes/sensors
[8.520s] -- Installing: /home/usuario/IR2134/rmf_ws/src/project/install/project_assets/share/project_assets/models/TinyRobot/meshes/sensors/sonar_hc-sr04.dae
[8.533s] -- Installing: /home/usuario/IR2134/rmf_ws/src/project/install/project_assets/share/project_assets/models/TinyRobot/meshes/sensors/raspi_camera.dae
[8.555s] -- Installing: /home/usuario/IR2134/rmf_ws/src/project/install/project_assets/share/project_assets/models/TinyRobot/model.config
[8.558s] -- Installing: /home/usuario/IR2134/rmf_ws/src/project/install/project_assets/share/project_assets/models/TinyRobot/model.sdf
[8.562s] -- Installing: /home/usuario/IR2134/rmf_ws/src/project/install/project_assets/share/project_assets/models/RobotPlaceholder
[8.562s] -- Installing: /home/usuario/IR2134/rmf_ws/src/project/install/project_assets/share/project_assets/models/RobotPlaceholder/model.config
[8.566s] -- Installing: /home/usuario/IR2134/rmf_ws/src/project/install/project_assets/share/project_assets/models/RobotPlaceholder/model.sdf
[8.569s] -- Installing: /home/usuario/IR2134/rmf_ws/src/project/install/project_assets/share/project_assets/models/CleanerBotE
[8.569s] -- Installing: /home/usuario/IR2134/rmf_ws/src/project/install/project_assets/share/project_assets/models/CleanerBotE/meshes
[8.569s] -- Installing: /home/usuario/IR2134/rmf_ws/src/project/install/project_assets/share/project_assets/models/CleanerBotE/meshes/CleanerBotE_Wheel.obj
[8.572s] -- Installing: /home/usuario/IR2134/rmf_ws/src/project/install/project_assets/share/project_assets/models/CleanerBotE/meshes/CleanerBotE.obj
[8.618s] -- Installing: /home/usuario/IR2134/rmf_ws/src/project/install/project_assets/share/project_assets/models/CleanerBotE/meshes/CleanerBotE_Col.mtl
[8.621s] -- Installing: /home/usuario/IR2134/rmf_ws/src/project/install/project_assets/share/project_assets/models/CleanerBotE/meshes/CleanerBotE_Wheel.mtl
[8.624s] -- Installing: /home/usuario/IR2134/rmf_ws/src/project/install/project_assets/share/project_assets/models/CleanerBotE/meshes/CleanerBotE_Col.obj
[8.627s] -- Installing: /home/usuario/IR2134/rmf_ws/src/project/install/project_assets/share/project_assets/models/CleanerBotE/meshes/CleanerBotE.mtl
[8.630s] -- Installing: /home/usuario/IR2134/rmf_ws/src/project/install/project_assets/share/project_assets/models/CleanerBotE/meshes/CleanerBotE_Diffuse.png
[8.825s] -- Installing: /home/usuario/IR2134/rmf_ws/src/project/install/project_assets/share/project_assets/models/CleanerBotE/model.config
[8.828s] -- Installing: /home/usuario/IR2134/rmf_ws/src/project/install/project_assets/share/project_assets/models/CleanerBotE/model.sdf
[8.832s] -- Installing: /home/usuario/IR2134/rmf_ws/src/project/install/project_assets/share/project_assets/models/Chair
[8.832s] -- Installing: /home/usuario/IR2134/rmf_ws/src/project/install/project_assets/share/project_assets/models/Chair/meshes
[8.832s] -- Installing: /home/usuario/IR2134/rmf_ws/src/project/install/project_assets/share/project_assets/models/Chair/meshes/Chair_Normal.png
[9.177s] -- Installing: /home/usuario/IR2134/rmf_ws/src/project/install/project_assets/share/project_assets/models/Chair/meshes/Chair.png
[9.262s] -- Installing: /home/usuario/IR2134/rmf_ws/src/project/install/project_assets/share/project_assets/models/Chair/meshes/Chair.obj
[9.267s] -- Installing: /home/usuario/IR2134/rmf_ws/src/project/install/project_assets/share/project_assets/models/Chair/meshes/Chair_Diffuse.png
[9.450s] -- Installing: /home/usuario/IR2134/rmf_ws/src/project/install/project_assets/share/project_assets/models/Chair/meshes/Chair_SpecGloss.png
[9.460s] -- Installing: /home/usuario/IR2134/rmf_ws/src/project/install/project_assets/share/project_assets/models/Chair/meshes/Chair.mtl
[9.463s] -- Installing: /home/usuario/IR2134/rmf_ws/src/project/install/project_assets/share/project_assets/models/Chair/LICENSE
[9.466s] -- Installing: /home/usuario/IR2134/rmf_ws/src/project/install/project_assets/share/project_assets/models/Chair/model.config
[9.469s] -- Installing: /home/usuario/IR2134/rmf_ws/src/project/install/project_assets/share/project_assets/models/Chair/model.sdf
[9.472s] -- Installing: /home/usuario/IR2134/rmf_ws/src/project/install/project_assets/share/project_assets/models/Chair/thumbnails
[9.472s] -- Installing: /home/usuario/IR2134/rmf_ws/src/project/install/project_assets/share/project_assets/models/Chair/thumbnails/4.png
[9.478s] -- Installing: /home/usuario/IR2134/rmf_ws/src/project/install/project_assets/share/project_assets/models/Chair/thumbnails/1.png
[9.485s] -- Installing: /home/usuario/IR2134/rmf_ws/src/project/install/project_assets/share/project_assets/models/Chair/thumbnails/3.png
[9.493s] -- Installing: /home/usuario/IR2134/rmf_ws/src/project/install/project_assets/share/project_assets/models/Chair/thumbnails/2.png
[9.500s] -- Installing: /home/usuario/IR2134/rmf_ws/src/project/install/project_assets/share/project_assets/models/Chair/thumbnails/5.png
[9.507s] -- Installing: /home/usuario/IR2134/rmf_ws/src/project/install/project_assets/share/ament_index/resource_index/package_run_dependencies/project_assets
[9.508s] -- Installing: /home/usuario/IR2134/rmf_ws/src/project/install/project_assets/share/ament_index/resource_index/parent_prefix_path/project_assets
[9.511s] -- Installing: /home/usuario/IR2134/rmf_ws/src/project/install/project_assets/share/project_assets/environment/ament_prefix_path.sh
[9.512s] -- Installing: /home/usuario/IR2134/rmf_ws/src/project/install/project_assets/share/project_assets/environment/ament_prefix_path.dsv
[9.515s] -- Installing: /home/usuario/IR2134/rmf_ws/src/project/install/project_assets/share/project_assets/environment/path.sh
[9.515s] -- Installing: /home/usuario/IR2134/rmf_ws/src/project/install/project_assets/share/project_assets/environment/path.dsv
[9.518s] -- Installing: /home/usuario/IR2134/rmf_ws/src/project/install/project_assets/share/project_assets/local_setup.bash
[9.521s] -- Installing: /home/usuario/IR2134/rmf_ws/src/project/install/project_assets/share/project_assets/local_setup.sh
[9.525s] -- Installing: /home/usuario/IR2134/rmf_ws/src/project/install/project_assets/share/project_assets/local_setup.zsh
[9.528s] -- Installing: /home/usuario/IR2134/rmf_ws/src/project/install/project_assets/share/project_assets/local_setup.dsv
[9.531s] -- Installing: /home/usuario/IR2134/rmf_ws/src/project/install/project_assets/share/project_assets/package.dsv
[9.534s] -- Installing: /home/usuario/IR2134/rmf_ws/src/project/install/project_assets/share/ament_index/resource_index/packages/project_assets
[9.535s] -- Installing: /home/usuario/IR2134/rmf_ws/src/project/install/project_assets/share/project_assets/cmake/project_assetsConfig.cmake
[9.538s] -- Installing: /home/usuario/IR2134/rmf_ws/src/project/install/project_assets/share/project_assets/cmake/project_assetsConfig-version.cmake
[9.541s] -- Installing: /home/usuario/IR2134/rmf_ws/src/project/install/project_assets/share/project_assets/package.xml
[9.546s] Invoked command in '/home/usuario/IR2134/rmf_ws/src/project/build/project_assets' returned '0': CMAKE_PREFIX_PATH=/home/usuario/IR2134/rmf_ws/src/project/install/project_simulation:/home/usuario/IR2134/rmf_ws/src/project/install/project_config:/home/usuario/IR2134/rmf_ws/src/project/install/project_maps:/home/usuario/IR2134/rmf_ws/src/project/install/project_assets:/rmf_demos_ws/install/rmf_workcell_msgs:/rmf_demos_ws/install/rmf_reservation_node:/rmf_demos_ws/install/rmf_demos_gz:/rmf_demos_ws/install/rmf_demos:/rmf_demos_ws/install/rmf_fleet_adapter_python:/rmf_demos_ws/install/rmf_fleet_adapter:/rmf_demos_ws/install/rmf_task_ros2:/rmf_demos_ws/install/rmf_websocket:/rmf_demos_ws/install/rmf_visualization:/rmf_demos_ws/install/rmf_visualization_schedule:/rmf_demos_ws/install/rmf_visualization_rviz2_plugins:/rmf_demos_ws/install/rmf_visualization_obstacles:/rmf_demos_ws/install/rmf_visualization_navgraphs:/rmf_demos_ws/install/rmf_visualization_floorplans:/rmf_demos_ws/install/rmf_visualization_fleet_states:/rmf_demos_ws/install/rmf_visualization_msgs:/rmf_demos_ws/install/rmf_traffic_ros2:/rmf_demos_ws/install/rmf_task_sequence:/rmf_demos_ws/install/rmf_task:/rmf_demos_ws/install/rmf_battery:/rmf_demos_ws/install/rmf_traffic:/rmf_demos_ws/install/rmf_utils:/rmf_demos_ws/install/rmf_traffic_msgs:/rmf_demos_ws/install/rmf_traffic_editor_test_maps:/rmf_demos_ws/install/rmf_traffic_editor_assets:/rmf_demos_ws/install/rmf_traffic_editor:/rmf_demos_ws/install/rmf_task_msgs:/rmf_demos_ws/install/rmf_site_map_msgs:/rmf_demos_ws/install/rmf_scheduler_msgs:/rmf_demos_ws/install/rmf_robot_sim_gz_plugins:/rmf_demos_ws/install/rmf_robot_sim_common:/rmf_demos_ws/install/rmf_reservation_msgs:/rmf_demos_ws/install/rmf_obstacle_msgs:/rmf_demos_ws/install/rmf_building_sim_gz_plugins:/rmf_demos_ws/install/rmf_lift_msgs:/rmf_demos_ws/install/rmf_ingestor_msgs:/rmf_demos_ws/install/rmf_fleet_msgs:/rmf_demos_ws/install/rmf_door_msgs:/rmf_demos_ws/install/rmf_dispenser_msgs:/rmf_demos_ws/install/rmf_demos_maps:/rmf_demos_ws/install/rmf_demos_assets:/rmf_demos_ws/install/rmf_charger_msgs:/rmf_demos_ws/install/rmf_building_map_msgs:/rmf_demos_ws/install/rmf_api_msgs:/rmf_demos_ws/install/pybind11_json_vendor:/rmf_demos_ws/install/nlohmann_json_schema_validator_vendor:/home/usuario/IR2134/rmf_ws/src/project/install/project_fleet_adapter:/rmf_demos_ws/install/rmf_demos_fleet_adapter:/rmf_demos_ws/install/rmf_visualization_building_systems:/rmf_demos_ws/install/rmf_traffic_examples:/rmf_demos_ws/install/rmf_demos_bridges:/rmf_demos_ws/install/rmf_demos_tasks:/rmf_demos_ws/install/rmf_building_map_tools:/rmf_demos_ws/install/rmf_charging_schedule:/opt/ros/jazzy:/rmf_demos_ws/install/menge_vendor:/rmf_demos_ws/install/ament_cmake_catch2:/opt/ros/jazzy/opt/gz_sim_vendor:/opt/ros/jazzy/opt/gz_sensors_vendor:/opt/ros/jazzy/opt/gz_physics_vendor:/opt/ros/jazzy/opt/sdformat_vendor:/opt/ros/jazzy/opt/gz_gui_vendor:/opt/ros/jazzy/opt/gz_transport_vendor:/opt/ros/jazzy/opt/gz_rendering_vendor:/opt/ros/jazzy/opt/gz_plugin_vendor:/opt/ros/jazzy/opt/gz_fuel_tools_vendor:/opt/ros/jazzy/opt/gz_msgs_vendor:/opt/ros/jazzy/opt/gz_common_vendor:/opt/ros/jazzy/opt/gz_math_vendor:/opt/ros/jazzy/opt/gz_utils_vendor:/opt/ros/jazzy/opt/gz_tools_vendor:/opt/ros/jazzy/opt/gz_ogre_next_vendor:/opt/ros/jazzy/opt/gz_dartsim_vendor:/opt/ros/jazzy/opt/gz_cmake_vendor /usr/bin/cmake --install /home/usuario/IR2134/rmf_ws/src/project/build/project_assets
