[0.151s] Invoking command in '/home/max/Documents/GitHub/IR2134/rmf_ws/src/project/build/project_maps': CMAKE_PREFIX_PATH=/home/max/Documents/GitHub/IR2134/rmf_ws/src/project/install/project_simulation:/home/max/Documents/GitHub/IR2134/rmf_ws/src/project/install/project_config:/home/max/Documents/GitHub/IR2134/rmf_ws/src/project/install/project_maps:/home/max/Documents/GitHub/IR2134/rmf_ws/src/project/install/project_assets:/home/max/rmf_ws/install/rmf_workcell_msgs:/home/max/rmf_ws/install/rmf_reservation_node:/home/max/rmf_ws/install/rmf_demos_gz:/home/max/rmf_ws/install/rmf_demos:/home/max/rmf_ws/install/rmf_fleet_adapter_python:/home/max/rmf_ws/install/rmf_fleet_adapter:/home/max/rmf_ws/install/rmf_task_ros2:/home/max/rmf_ws/install/rmf_websocket:/home/max/rmf_ws/install/rmf_visualization:/home/max/rmf_ws/install/rmf_visualization_schedule:/home/max/rmf_ws/install/rmf_visualization_rviz2_plugins:/home/max/rmf_ws/install/rmf_visualization_obstacles:/home/max/rmf_ws/install/rmf_visualization_navgraphs:/home/max/rmf_ws/install/rmf_visualization_floorplans:/home/max/rmf_ws/install/rmf_visualization_fleet_states:/home/max/rmf_ws/install/rmf_visualization_msgs:/home/max/rmf_ws/install/rmf_traffic_ros2:/home/max/rmf_ws/install/rmf_task_sequence:/home/max/rmf_ws/install/rmf_task:/home/max/rmf_ws/install/rmf_battery:/home/max/rmf_ws/install/rmf_traffic:/home/max/rmf_ws/install/rmf_utils:/home/max/rmf_ws/install/rmf_traffic_msgs:/home/max/rmf_ws/install/rmf_traffic_editor_test_maps:/home/max/rmf_ws/install/rmf_traffic_editor_assets:/home/max/rmf_ws/install/rmf_traffic_editor:/home/max/rmf_ws/install/rmf_task_msgs:/home/max/rmf_ws/install/rmf_site_map_msgs:/home/max/rmf_ws/install/rmf_scheduler_msgs:/home/max/rmf_ws/install/rmf_robot_sim_gz_plugins:/home/max/rmf_ws/install/rmf_robot_sim_common:/home/max/rmf_ws/install/rmf_reservation_msgs:/home/max/rmf_ws/install/rmf_obstacle_msgs:/home/max/rmf_ws/install/rmf_building_sim_gz_plugins:/home/max/rmf_ws/install/rmf_lift_msgs:/home/max/rmf_ws/install/rmf_ingestor_msgs:/home/max/rmf_ws/install/rmf_fleet_msgs:/home/max/rmf_ws/install/rmf_door_msgs:/home/max/rmf_ws/install/rmf_dispenser_msgs:/home/max/rmf_ws/install/rmf_demos_maps:/home/max/rmf_ws/install/rmf_demos_assets:/home/max/rmf_ws/install/rmf_charger_msgs:/home/max/rmf_ws/install/rmf_building_map_msgs:/home/max/rmf_ws/install/rmf_api_msgs:/home/max/rmf_ws/install/pybind11_json_vendor:/home/max/rmf_ws/install/nlohmann_json_schema_validator_vendor:/home/max/Documents/GitHub/IR2134/rmf_ws/src/project/install/project_fleet_adapter:/home/max/rmf_ws/install/rmf_demos_fleet_adapter:/home/max/rmf_ws/install/rmf_visualization_building_systems:/home/max/rmf_ws/install/rmf_traffic_examples:/home/max/rmf_ws/install/rmf_demos_bridges:/home/max/rmf_ws/install/rmf_demos_tasks:/home/max/rmf_ws/install/rmf_building_map_tools:/home/max/rmf_ws/install/rmf_charging_schedule:/opt/ros/jazzy:/home/max/rmf_ws/install/menge_vendor:/home/max/rmf_ws/install/ament_cmake_catch2:/opt/ros/jazzy/opt/gz_sim_vendor:/opt/ros/jazzy/opt/gz_sensors_vendor:/opt/ros/jazzy/opt/gz_physics_vendor:/opt/ros/jazzy/opt/sdformat_vendor:/opt/ros/jazzy/opt/gz_gui_vendor:/opt/ros/jazzy/opt/gz_transport_vendor:/opt/ros/jazzy/opt/gz_rendering_vendor:/opt/ros/jazzy/opt/gz_plugin_vendor:/opt/ros/jazzy/opt/gz_fuel_tools_vendor:/opt/ros/jazzy/opt/gz_msgs_vendor:/opt/ros/jazzy/opt/gz_common_vendor:/opt/ros/jazzy/opt/gz_math_vendor:/opt/ros/jazzy/opt/gz_utils_vendor:/opt/ros/jazzy/opt/gz_tools_vendor:/opt/ros/jazzy/opt/gz_ogre_next_vendor:/opt/ros/jazzy/opt/gz_dartsim_vendor:/opt/ros/jazzy/opt/gz_cmake_vendor DEBUGINFOD_URLS=https://debuginfod.ubuntu.com PS1=\[\e]0;\u@\h: \w\a\]${debian_chroot:+($debian_chroot)}\[\033[01;32m\]\u@\h\[\033[00m\]:\[\033[01;34m\]\w\[\033[00m\]\$ VIRTUAL_ENV_PROMPT=(venv-ardupilot) /usr/bin/cmake /home/max/Documents/GitHub/IR2134/rmf_ws/src/project/project_maps -DCMAKE_INSTALL_PREFIX=/home/max/Documents/GitHub/IR2134/rmf_ws/src/project/install/project_maps
[0.201s] -- The C compiler identification is GNU 13.3.0
[0.245s] -- The CXX compiler identification is GNU 13.3.0
[0.262s] -- Detecting C compiler ABI info
[0.337s] -- Detecting C compiler ABI info - done
[0.347s] -- Check for working C compiler: /usr/lib/ccache/cc - skipped
[0.348s] -- Detecting C compile features
[0.348s] -- Detecting C compile features - done
[0.360s] -- Detecting CXX compiler ABI info
[0.440s] -- Detecting CXX compiler ABI info - done
[0.447s] -- Check for working CXX compiler: /usr/lib/ccache/c++ - skipped
[0.447s] -- Detecting CXX compile features
[0.447s] -- Detecting CXX compile features - done
[0.450s] -- Found ament_cmake: 2.5.3 (/opt/ros/jazzy/share/ament_cmake/cmake)
[0.571s] -- Found Python3: /home/max/venv-ardupilot/bin/python3 (found version "3.12.3") found components: Interpreter 
[0.730s] [0mBUILDING WORLDFILE WITH COMMAND: ros2 run rmf_building_map_tools building_map_generator gazebo /home/max/Documents/GitHub/IR2134/rmf_ws/src/project/project_maps/maps/test1/test1.building.yaml /home/max/Documents/GitHub/IR2134/rmf_ws/src/project/build/project_maps/maps/test1/test1.world /home/max/Documents/GitHub/IR2134/rmf_ws/src/project/build/project_maps/maps/test1/models[0m
[0.730s] [0mDOWNLOADING MODELS WITH COMMAND: ros2 run rmf_building_map_tools building_map_model_downloader /home/max/Documents/GitHub/IR2134/rmf_ws/src/project/project_maps/maps/test1/test1.building.yaml[0m
[0.730s] -- Configuring done (0.6s)
[0.732s] -- Generating done (0.0s)
[0.733s] -- Build files have been written to: /home/max/Documents/GitHub/IR2134/rmf_ws/src/project/build/project_maps
[0.736s] Invoked command in '/home/max/Documents/GitHub/IR2134/rmf_ws/src/project/build/project_maps' returned '0': CMAKE_PREFIX_PATH=/home/max/Documents/GitHub/IR2134/rmf_ws/src/project/install/project_simulation:/home/max/Documents/GitHub/IR2134/rmf_ws/src/project/install/project_config:/home/max/Documents/GitHub/IR2134/rmf_ws/src/project/install/project_maps:/home/max/Documents/GitHub/IR2134/rmf_ws/src/project/install/project_assets:/home/max/rmf_ws/install/rmf_workcell_msgs:/home/max/rmf_ws/install/rmf_reservation_node:/home/max/rmf_ws/install/rmf_demos_gz:/home/max/rmf_ws/install/rmf_demos:/home/max/rmf_ws/install/rmf_fleet_adapter_python:/home/max/rmf_ws/install/rmf_fleet_adapter:/home/max/rmf_ws/install/rmf_task_ros2:/home/max/rmf_ws/install/rmf_websocket:/home/max/rmf_ws/install/rmf_visualization:/home/max/rmf_ws/install/rmf_visualization_schedule:/home/max/rmf_ws/install/rmf_visualization_rviz2_plugins:/home/max/rmf_ws/install/rmf_visualization_obstacles:/home/max/rmf_ws/install/rmf_visualization_navgraphs:/home/max/rmf_ws/install/rmf_visualization_floorplans:/home/max/rmf_ws/install/rmf_visualization_fleet_states:/home/max/rmf_ws/install/rmf_visualization_msgs:/home/max/rmf_ws/install/rmf_traffic_ros2:/home/max/rmf_ws/install/rmf_task_sequence:/home/max/rmf_ws/install/rmf_task:/home/max/rmf_ws/install/rmf_battery:/home/max/rmf_ws/install/rmf_traffic:/home/max/rmf_ws/install/rmf_utils:/home/max/rmf_ws/install/rmf_traffic_msgs:/home/max/rmf_ws/install/rmf_traffic_editor_test_maps:/home/max/rmf_ws/install/rmf_traffic_editor_assets:/home/max/rmf_ws/install/rmf_traffic_editor:/home/max/rmf_ws/install/rmf_task_msgs:/home/max/rmf_ws/install/rmf_site_map_msgs:/home/max/rmf_ws/install/rmf_scheduler_msgs:/home/max/rmf_ws/install/rmf_robot_sim_gz_plugins:/home/max/rmf_ws/install/rmf_robot_sim_common:/home/max/rmf_ws/install/rmf_reservation_msgs:/home/max/rmf_ws/install/rmf_obstacle_msgs:/home/max/rmf_ws/install/rmf_building_sim_gz_plugins:/home/max/rmf_ws/install/rmf_lift_msgs:/home/max/rmf_ws/install/rmf_ingestor_msgs:/home/max/rmf_ws/install/rmf_fleet_msgs:/home/max/rmf_ws/install/rmf_door_msgs:/home/max/rmf_ws/install/rmf_dispenser_msgs:/home/max/rmf_ws/install/rmf_demos_maps:/home/max/rmf_ws/install/rmf_demos_assets:/home/max/rmf_ws/install/rmf_charger_msgs:/home/max/rmf_ws/install/rmf_building_map_msgs:/home/max/rmf_ws/install/rmf_api_msgs:/home/max/rmf_ws/install/pybind11_json_vendor:/home/max/rmf_ws/install/nlohmann_json_schema_validator_vendor:/home/max/Documents/GitHub/IR2134/rmf_ws/src/project/install/project_fleet_adapter:/home/max/rmf_ws/install/rmf_demos_fleet_adapter:/home/max/rmf_ws/install/rmf_visualization_building_systems:/home/max/rmf_ws/install/rmf_traffic_examples:/home/max/rmf_ws/install/rmf_demos_bridges:/home/max/rmf_ws/install/rmf_demos_tasks:/home/max/rmf_ws/install/rmf_building_map_tools:/home/max/rmf_ws/install/rmf_charging_schedule:/opt/ros/jazzy:/home/max/rmf_ws/install/menge_vendor:/home/max/rmf_ws/install/ament_cmake_catch2:/opt/ros/jazzy/opt/gz_sim_vendor:/opt/ros/jazzy/opt/gz_sensors_vendor:/opt/ros/jazzy/opt/gz_physics_vendor:/opt/ros/jazzy/opt/sdformat_vendor:/opt/ros/jazzy/opt/gz_gui_vendor:/opt/ros/jazzy/opt/gz_transport_vendor:/opt/ros/jazzy/opt/gz_rendering_vendor:/opt/ros/jazzy/opt/gz_plugin_vendor:/opt/ros/jazzy/opt/gz_fuel_tools_vendor:/opt/ros/jazzy/opt/gz_msgs_vendor:/opt/ros/jazzy/opt/gz_common_vendor:/opt/ros/jazzy/opt/gz_math_vendor:/opt/ros/jazzy/opt/gz_utils_vendor:/opt/ros/jazzy/opt/gz_tools_vendor:/opt/ros/jazzy/opt/gz_ogre_next_vendor:/opt/ros/jazzy/opt/gz_dartsim_vendor:/opt/ros/jazzy/opt/gz_cmake_vendor DEBUGINFOD_URLS=https://debuginfod.ubuntu.com PS1=\[\e]0;\u@\h: \w\a\]${debian_chroot:+($debian_chroot)}\[\033[01;32m\]\u@\h\[\033[00m\]:\[\033[01;34m\]\w\[\033[00m\]\$ VIRTUAL_ENV_PROMPT=(venv-ardupilot) /usr/bin/cmake /home/max/Documents/GitHub/IR2134/rmf_ws/src/project/project_maps -DCMAKE_INSTALL_PREFIX=/home/max/Documents/GitHub/IR2134/rmf_ws/src/project/install/project_maps
[0.736s] Invoking command in '/home/max/Documents/GitHub/IR2134/rmf_ws/src/project/build/project_maps': CMAKE_PREFIX_PATH=/home/max/Documents/GitHub/IR2134/rmf_ws/src/project/install/project_simulation:/home/max/Documents/GitHub/IR2134/rmf_ws/src/project/install/project_config:/home/max/Documents/GitHub/IR2134/rmf_ws/src/project/install/project_maps:/home/max/Documents/GitHub/IR2134/rmf_ws/src/project/install/project_assets:/home/max/rmf_ws/install/rmf_workcell_msgs:/home/max/rmf_ws/install/rmf_reservation_node:/home/max/rmf_ws/install/rmf_demos_gz:/home/max/rmf_ws/install/rmf_demos:/home/max/rmf_ws/install/rmf_fleet_adapter_python:/home/max/rmf_ws/install/rmf_fleet_adapter:/home/max/rmf_ws/install/rmf_task_ros2:/home/max/rmf_ws/install/rmf_websocket:/home/max/rmf_ws/install/rmf_visualization:/home/max/rmf_ws/install/rmf_visualization_schedule:/home/max/rmf_ws/install/rmf_visualization_rviz2_plugins:/home/max/rmf_ws/install/rmf_visualization_obstacles:/home/max/rmf_ws/install/rmf_visualization_navgraphs:/home/max/rmf_ws/install/rmf_visualization_floorplans:/home/max/rmf_ws/install/rmf_visualization_fleet_states:/home/max/rmf_ws/install/rmf_visualization_msgs:/home/max/rmf_ws/install/rmf_traffic_ros2:/home/max/rmf_ws/install/rmf_task_sequence:/home/max/rmf_ws/install/rmf_task:/home/max/rmf_ws/install/rmf_battery:/home/max/rmf_ws/install/rmf_traffic:/home/max/rmf_ws/install/rmf_utils:/home/max/rmf_ws/install/rmf_traffic_msgs:/home/max/rmf_ws/install/rmf_traffic_editor_test_maps:/home/max/rmf_ws/install/rmf_traffic_editor_assets:/home/max/rmf_ws/install/rmf_traffic_editor:/home/max/rmf_ws/install/rmf_task_msgs:/home/max/rmf_ws/install/rmf_site_map_msgs:/home/max/rmf_ws/install/rmf_scheduler_msgs:/home/max/rmf_ws/install/rmf_robot_sim_gz_plugins:/home/max/rmf_ws/install/rmf_robot_sim_common:/home/max/rmf_ws/install/rmf_reservation_msgs:/home/max/rmf_ws/install/rmf_obstacle_msgs:/home/max/rmf_ws/install/rmf_building_sim_gz_plugins:/home/max/rmf_ws/install/rmf_lift_msgs:/home/max/rmf_ws/install/rmf_ingestor_msgs:/home/max/rmf_ws/install/rmf_fleet_msgs:/home/max/rmf_ws/install/rmf_door_msgs:/home/max/rmf_ws/install/rmf_dispenser_msgs:/home/max/rmf_ws/install/rmf_demos_maps:/home/max/rmf_ws/install/rmf_demos_assets:/home/max/rmf_ws/install/rmf_charger_msgs:/home/max/rmf_ws/install/rmf_building_map_msgs:/home/max/rmf_ws/install/rmf_api_msgs:/home/max/rmf_ws/install/pybind11_json_vendor:/home/max/rmf_ws/install/nlohmann_json_schema_validator_vendor:/home/max/Documents/GitHub/IR2134/rmf_ws/src/project/install/project_fleet_adapter:/home/max/rmf_ws/install/rmf_demos_fleet_adapter:/home/max/rmf_ws/install/rmf_visualization_building_systems:/home/max/rmf_ws/install/rmf_traffic_examples:/home/max/rmf_ws/install/rmf_demos_bridges:/home/max/rmf_ws/install/rmf_demos_tasks:/home/max/rmf_ws/install/rmf_building_map_tools:/home/max/rmf_ws/install/rmf_charging_schedule:/opt/ros/jazzy:/home/max/rmf_ws/install/menge_vendor:/home/max/rmf_ws/install/ament_cmake_catch2:/opt/ros/jazzy/opt/gz_sim_vendor:/opt/ros/jazzy/opt/gz_sensors_vendor:/opt/ros/jazzy/opt/gz_physics_vendor:/opt/ros/jazzy/opt/sdformat_vendor:/opt/ros/jazzy/opt/gz_gui_vendor:/opt/ros/jazzy/opt/gz_transport_vendor:/opt/ros/jazzy/opt/gz_rendering_vendor:/opt/ros/jazzy/opt/gz_plugin_vendor:/opt/ros/jazzy/opt/gz_fuel_tools_vendor:/opt/ros/jazzy/opt/gz_msgs_vendor:/opt/ros/jazzy/opt/gz_common_vendor:/opt/ros/jazzy/opt/gz_math_vendor:/opt/ros/jazzy/opt/gz_utils_vendor:/opt/ros/jazzy/opt/gz_tools_vendor:/opt/ros/jazzy/opt/gz_ogre_next_vendor:/opt/ros/jazzy/opt/gz_dartsim_vendor:/opt/ros/jazzy/opt/gz_cmake_vendor DEBUGINFOD_URLS=https://debuginfod.ubuntu.com PS1=\[\e]0;\u@\h: \w\a\]${debian_chroot:+($debian_chroot)}\[\033[01;32m\]\u@\h\[\033[00m\]:\[\033[01;34m\]\w\[\033[00m\]\$ VIRTUAL_ENV_PROMPT=(venv-ardupilot) /usr/bin/cmake --build /home/max/Documents/GitHub/IR2134/rmf_ws/src/project/build/project_maps -- -j20 -l20
[0.779s] [ 66%] [34m[1mGenerating maps/test1/nav_graphs/phony[0m
[0.779s] [ 66%] [34m[1mGenerating maps/test1/test1.world[0m
[1.105s] generating /home/max/Documents/GitHub/IR2134/rmf_ws/src/project/build/project_maps/maps/test1/test1.world from /home/max/Documents/GitHub/IR2134/rmf_ws/src/project/project_maps/maps/test1/test1.building.yaml
[1.106s] building name: test1
[1.106s] coordinate system: reference_image
[1.106s] parsing level L1
[1.106s] calculating levels relative to L1
[1.106s] WARNING! No measurements defined. Scale is indetermined.
[1.107s]          Nav graph generated in pixel units, not meters!
[1.107s] generating model of level L1 in /home/max/Documents/GitHub/IR2134/rmf_ws/src/project/build/project_maps/maps/test1/models/test1_L1
[1.107s]   wrote /home/max/Documents/GitHub/IR2134/rmf_ws/src/project/build/project_maps/maps/test1/models/test1_L1/model.config
[1.107s] generating floor polygon 1 on floor test1_L1
[1.107s] hole vertices: []
[1.107s] lift vertices: {}
[1.107s] [[0, 3, 2], [0, 2, 1]]
[1.107s]   wrote /home/max/Documents/GitHub/IR2134/rmf_ws/src/project/build/project_maps/maps/test1/models/test1_L1/meshes/floor_1.obj
[1.108s]   wrote /home/max/Documents/GitHub/IR2134/rmf_ws/src/project/build/project_maps/maps/test1/models/test1_L1/meshes/blue_linoleum.png
[1.108s]   wrote /home/max/Documents/GitHub/IR2134/rmf_ws/src/project/build/project_maps/maps/test1/models/test1_L1/meshes/floor_1.mtl
[1.108s] Walls Generation, wall params list: [{'alpha': <building_map.param_value.ParamValue object at 0x70f94be5b380>, 'texture_height': <building_map.param_value.ParamValue object at 0x70f94be5b080>, 'texture_name': <building_map.param_value.ParamValue object at 0x70f94be5b320>, 'texture_scale': <building_map.param_value.ParamValue object at 0x70f94be5aff0>, 'texture_width': <building_map.param_value.ParamValue object at 0x70f94be5aed0>}]
[1.108s] generating wall: 1 on floor: test1_L1
[1.108s]   wrote /home/max/Documents/GitHub/IR2134/rmf_ws/src/project/build/project_maps/maps/test1/models/test1_L1/meshes/default.png
[1.108s] generate_wall_visual_mesh(test1_L1, /home/max/Documents/GitHub/IR2134/rmf_ws/src/project/build/project_maps/maps/test1/models/test1_L1)
[1.108s]   generating /home/max/Documents/GitHub/IR2134/rmf_ws/src/project/build/project_maps/maps/test1/models/test1_L1/meshes/wall_1.obj
[1.108s]   generating /home/max/Documents/GitHub/IR2134/rmf_ws/src/project/build/project_maps/maps/test1/models/test1_L1/meshes/wall_1.mtl
[1.108s]   wrote /home/max/Documents/GitHub/IR2134/rmf_ws/src/project/build/project_maps/maps/test1/models/test1_L1/model.sdf
[1.109s] spawning robot name tinyRobot1 of type TinyRobot
[1.109s] 11485 bytes written to /home/max/Documents/GitHub/IR2134/rmf_ws/src/project/build/project_maps/maps/test1/test1.world
[1.113s] building name: test1
[1.113s] coordinate system: reference_image
[1.113s] parsing level L1
[1.113s] calculating levels relative to L1
[1.113s] WARNING! No measurements defined. Scale is indetermined.
[1.113s]          Nav graph generated in pixel units, not meters!
[1.113s] generating nav data
[1.113s] writing /home/max/Documents/GitHub/IR2134/rmf_ws/src/project/build/project_maps/maps/test1/nav_graphs/1.yaml
[1.164s] [ 66%] Built target generate_test1_nav_graphs
[1.470s] building name: test1
[1.470s] coordinate system: reference_image
[1.470s] parsing level L1
[1.471s] calculating levels relative to L1
[1.471s] WARNING! No measurements defined. Scale is indetermined.
[1.471s]          Nav graph generated in pixel units, not meters!
[1.475s] Models: [] are used in crowd_sim
[1.485s] Load success!
[1.485s] 
[1.485s] Cache found! Model count: 2932 
[1.485s] Updating cache...
[1.485s] Topping up Fuel (updating cache) from: https://fuel.gazebosim.org/1.0/models
[1.485s] Fetching page: 1
[2.571s] Cached model found! Halting Fuel traversal...
[2.571s] Writing to cache: /home/max/.pit_crew/model_cache.json
[2.598s] New models cached: 0
[2.598s] 
[2.599s] WARNING::pit_crew.get_local_model_name_tuples():275: No local model path given! Using default ~/.gazebo/models/ instead!
[2.602s] 
[2.602s] == REQUESTED MODEL REPORT ==
[2.602s] {'available': [], 'downloadable': [], 'missing': []}
[2.602s] 
[2.602s] == THE FOLLOWING MODELS HAVE SPECIFIED AUTHORS ==
[2.602s] {}
[2.603s] 
[2.648s] [100%] [34m[1mGenerating test1_crowdsim[0m
[2.959s] Creating output folder path:  /home/max/Documents/GitHub/IR2134/rmf_ws/src/project/build/project_maps/maps/test1/config_resource/
[2.963s] crowdsim unable to parse, not attempting to proceed
[2.968s] crowdsim unable to parse, not attempting to proceed
[3.018s] [100%] Built target generate_test1_crowdsim
[3.030s] Invoked command in '/home/max/Documents/GitHub/IR2134/rmf_ws/src/project/build/project_maps' returned '0': CMAKE_PREFIX_PATH=/home/max/Documents/GitHub/IR2134/rmf_ws/src/project/install/project_simulation:/home/max/Documents/GitHub/IR2134/rmf_ws/src/project/install/project_config:/home/max/Documents/GitHub/IR2134/rmf_ws/src/project/install/project_maps:/home/max/Documents/GitHub/IR2134/rmf_ws/src/project/install/project_assets:/home/max/rmf_ws/install/rmf_workcell_msgs:/home/max/rmf_ws/install/rmf_reservation_node:/home/max/rmf_ws/install/rmf_demos_gz:/home/max/rmf_ws/install/rmf_demos:/home/max/rmf_ws/install/rmf_fleet_adapter_python:/home/max/rmf_ws/install/rmf_fleet_adapter:/home/max/rmf_ws/install/rmf_task_ros2:/home/max/rmf_ws/install/rmf_websocket:/home/max/rmf_ws/install/rmf_visualization:/home/max/rmf_ws/install/rmf_visualization_schedule:/home/max/rmf_ws/install/rmf_visualization_rviz2_plugins:/home/max/rmf_ws/install/rmf_visualization_obstacles:/home/max/rmf_ws/install/rmf_visualization_navgraphs:/home/max/rmf_ws/install/rmf_visualization_floorplans:/home/max/rmf_ws/install/rmf_visualization_fleet_states:/home/max/rmf_ws/install/rmf_visualization_msgs:/home/max/rmf_ws/install/rmf_traffic_ros2:/home/max/rmf_ws/install/rmf_task_sequence:/home/max/rmf_ws/install/rmf_task:/home/max/rmf_ws/install/rmf_battery:/home/max/rmf_ws/install/rmf_traffic:/home/max/rmf_ws/install/rmf_utils:/home/max/rmf_ws/install/rmf_traffic_msgs:/home/max/rmf_ws/install/rmf_traffic_editor_test_maps:/home/max/rmf_ws/install/rmf_traffic_editor_assets:/home/max/rmf_ws/install/rmf_traffic_editor:/home/max/rmf_ws/install/rmf_task_msgs:/home/max/rmf_ws/install/rmf_site_map_msgs:/home/max/rmf_ws/install/rmf_scheduler_msgs:/home/max/rmf_ws/install/rmf_robot_sim_gz_plugins:/home/max/rmf_ws/install/rmf_robot_sim_common:/home/max/rmf_ws/install/rmf_reservation_msgs:/home/max/rmf_ws/install/rmf_obstacle_msgs:/home/max/rmf_ws/install/rmf_building_sim_gz_plugins:/home/max/rmf_ws/install/rmf_lift_msgs:/home/max/rmf_ws/install/rmf_ingestor_msgs:/home/max/rmf_ws/install/rmf_fleet_msgs:/home/max/rmf_ws/install/rmf_door_msgs:/home/max/rmf_ws/install/rmf_dispenser_msgs:/home/max/rmf_ws/install/rmf_demos_maps:/home/max/rmf_ws/install/rmf_demos_assets:/home/max/rmf_ws/install/rmf_charger_msgs:/home/max/rmf_ws/install/rmf_building_map_msgs:/home/max/rmf_ws/install/rmf_api_msgs:/home/max/rmf_ws/install/pybind11_json_vendor:/home/max/rmf_ws/install/nlohmann_json_schema_validator_vendor:/home/max/Documents/GitHub/IR2134/rmf_ws/src/project/install/project_fleet_adapter:/home/max/rmf_ws/install/rmf_demos_fleet_adapter:/home/max/rmf_ws/install/rmf_visualization_building_systems:/home/max/rmf_ws/install/rmf_traffic_examples:/home/max/rmf_ws/install/rmf_demos_bridges:/home/max/rmf_ws/install/rmf_demos_tasks:/home/max/rmf_ws/install/rmf_building_map_tools:/home/max/rmf_ws/install/rmf_charging_schedule:/opt/ros/jazzy:/home/max/rmf_ws/install/menge_vendor:/home/max/rmf_ws/install/ament_cmake_catch2:/opt/ros/jazzy/opt/gz_sim_vendor:/opt/ros/jazzy/opt/gz_sensors_vendor:/opt/ros/jazzy/opt/gz_physics_vendor:/opt/ros/jazzy/opt/sdformat_vendor:/opt/ros/jazzy/opt/gz_gui_vendor:/opt/ros/jazzy/opt/gz_transport_vendor:/opt/ros/jazzy/opt/gz_rendering_vendor:/opt/ros/jazzy/opt/gz_plugin_vendor:/opt/ros/jazzy/opt/gz_fuel_tools_vendor:/opt/ros/jazzy/opt/gz_msgs_vendor:/opt/ros/jazzy/opt/gz_common_vendor:/opt/ros/jazzy/opt/gz_math_vendor:/opt/ros/jazzy/opt/gz_utils_vendor:/opt/ros/jazzy/opt/gz_tools_vendor:/opt/ros/jazzy/opt/gz_ogre_next_vendor:/opt/ros/jazzy/opt/gz_dartsim_vendor:/opt/ros/jazzy/opt/gz_cmake_vendor DEBUGINFOD_URLS=https://debuginfod.ubuntu.com PS1=\[\e]0;\u@\h: \w\a\]${debian_chroot:+($debian_chroot)}\[\033[01;32m\]\u@\h\[\033[00m\]:\[\033[01;34m\]\w\[\033[00m\]\$ VIRTUAL_ENV_PROMPT=(venv-ardupilot) /usr/bin/cmake --build /home/max/Documents/GitHub/IR2134/rmf_ws/src/project/build/project_maps -- -j20 -l20
[3.030s] Invoking command in '/home/max/Documents/GitHub/IR2134/rmf_ws/src/project/build/project_maps': CMAKE_PREFIX_PATH=/home/max/Documents/GitHub/IR2134/rmf_ws/src/project/install/project_simulation:/home/max/Documents/GitHub/IR2134/rmf_ws/src/project/install/project_config:/home/max/Documents/GitHub/IR2134/rmf_ws/src/project/install/project_maps:/home/max/Documents/GitHub/IR2134/rmf_ws/src/project/install/project_assets:/home/max/rmf_ws/install/rmf_workcell_msgs:/home/max/rmf_ws/install/rmf_reservation_node:/home/max/rmf_ws/install/rmf_demos_gz:/home/max/rmf_ws/install/rmf_demos:/home/max/rmf_ws/install/rmf_fleet_adapter_python:/home/max/rmf_ws/install/rmf_fleet_adapter:/home/max/rmf_ws/install/rmf_task_ros2:/home/max/rmf_ws/install/rmf_websocket:/home/max/rmf_ws/install/rmf_visualization:/home/max/rmf_ws/install/rmf_visualization_schedule:/home/max/rmf_ws/install/rmf_visualization_rviz2_plugins:/home/max/rmf_ws/install/rmf_visualization_obstacles:/home/max/rmf_ws/install/rmf_visualization_navgraphs:/home/max/rmf_ws/install/rmf_visualization_floorplans:/home/max/rmf_ws/install/rmf_visualization_fleet_states:/home/max/rmf_ws/install/rmf_visualization_msgs:/home/max/rmf_ws/install/rmf_traffic_ros2:/home/max/rmf_ws/install/rmf_task_sequence:/home/max/rmf_ws/install/rmf_task:/home/max/rmf_ws/install/rmf_battery:/home/max/rmf_ws/install/rmf_traffic:/home/max/rmf_ws/install/rmf_utils:/home/max/rmf_ws/install/rmf_traffic_msgs:/home/max/rmf_ws/install/rmf_traffic_editor_test_maps:/home/max/rmf_ws/install/rmf_traffic_editor_assets:/home/max/rmf_ws/install/rmf_traffic_editor:/home/max/rmf_ws/install/rmf_task_msgs:/home/max/rmf_ws/install/rmf_site_map_msgs:/home/max/rmf_ws/install/rmf_scheduler_msgs:/home/max/rmf_ws/install/rmf_robot_sim_gz_plugins:/home/max/rmf_ws/install/rmf_robot_sim_common:/home/max/rmf_ws/install/rmf_reservation_msgs:/home/max/rmf_ws/install/rmf_obstacle_msgs:/home/max/rmf_ws/install/rmf_building_sim_gz_plugins:/home/max/rmf_ws/install/rmf_lift_msgs:/home/max/rmf_ws/install/rmf_ingestor_msgs:/home/max/rmf_ws/install/rmf_fleet_msgs:/home/max/rmf_ws/install/rmf_door_msgs:/home/max/rmf_ws/install/rmf_dispenser_msgs:/home/max/rmf_ws/install/rmf_demos_maps:/home/max/rmf_ws/install/rmf_demos_assets:/home/max/rmf_ws/install/rmf_charger_msgs:/home/max/rmf_ws/install/rmf_building_map_msgs:/home/max/rmf_ws/install/rmf_api_msgs:/home/max/rmf_ws/install/pybind11_json_vendor:/home/max/rmf_ws/install/nlohmann_json_schema_validator_vendor:/home/max/Documents/GitHub/IR2134/rmf_ws/src/project/install/project_fleet_adapter:/home/max/rmf_ws/install/rmf_demos_fleet_adapter:/home/max/rmf_ws/install/rmf_visualization_building_systems:/home/max/rmf_ws/install/rmf_traffic_examples:/home/max/rmf_ws/install/rmf_demos_bridges:/home/max/rmf_ws/install/rmf_demos_tasks:/home/max/rmf_ws/install/rmf_building_map_tools:/home/max/rmf_ws/install/rmf_charging_schedule:/opt/ros/jazzy:/home/max/rmf_ws/install/menge_vendor:/home/max/rmf_ws/install/ament_cmake_catch2:/opt/ros/jazzy/opt/gz_sim_vendor:/opt/ros/jazzy/opt/gz_sensors_vendor:/opt/ros/jazzy/opt/gz_physics_vendor:/opt/ros/jazzy/opt/sdformat_vendor:/opt/ros/jazzy/opt/gz_gui_vendor:/opt/ros/jazzy/opt/gz_transport_vendor:/opt/ros/jazzy/opt/gz_rendering_vendor:/opt/ros/jazzy/opt/gz_plugin_vendor:/opt/ros/jazzy/opt/gz_fuel_tools_vendor:/opt/ros/jazzy/opt/gz_msgs_vendor:/opt/ros/jazzy/opt/gz_common_vendor:/opt/ros/jazzy/opt/gz_math_vendor:/opt/ros/jazzy/opt/gz_utils_vendor:/opt/ros/jazzy/opt/gz_tools_vendor:/opt/ros/jazzy/opt/gz_ogre_next_vendor:/opt/ros/jazzy/opt/gz_dartsim_vendor:/opt/ros/jazzy/opt/gz_cmake_vendor DEBUGINFOD_URLS=https://debuginfod.ubuntu.com PS1=\[\e]0;\u@\h: \w\a\]${debian_chroot:+($debian_chroot)}\[\033[01;32m\]\u@\h\[\033[00m\]:\[\033[01;34m\]\w\[\033[00m\]\$ VIRTUAL_ENV_PROMPT=(venv-ardupilot) /usr/bin/cmake --install /home/max/Documents/GitHub/IR2134/rmf_ws/src/project/build/project_maps
[3.036s] -- Install configuration: ""
[3.036s] -- Installing: /home/max/Documents/GitHub/IR2134/rmf_ws/src/project/install/project_maps/share/project_maps
[3.036s] -- Installing: /home/max/Documents/GitHub/IR2134/rmf_ws/src/project/install/project_maps/share/project_maps/test1
[3.036s] -- Installing: /home/max/Documents/GitHub/IR2134/rmf_ws/src/project/install/project_maps/share/project_maps/test1/test1.building.yaml
[3.036s] -- Installing: /home/max/Documents/GitHub/IR2134/rmf_ws/src/project/install/project_maps/share/ament_index/resource_index/package_run_dependencies/project_maps
[3.036s] -- Installing: /home/max/Documents/GitHub/IR2134/rmf_ws/src/project/install/project_maps/share/ament_index/resource_index/parent_prefix_path/project_maps
[3.036s] -- Installing: /home/max/Documents/GitHub/IR2134/rmf_ws/src/project/install/project_maps/share/project_maps/environment/ament_prefix_path.sh
[3.036s] -- Installing: /home/max/Documents/GitHub/IR2134/rmf_ws/src/project/install/project_maps/share/project_maps/environment/ament_prefix_path.dsv
[3.036s] -- Installing: /home/max/Documents/GitHub/IR2134/rmf_ws/src/project/install/project_maps/share/project_maps/environment/path.sh
[3.036s] -- Installing: /home/max/Documents/GitHub/IR2134/rmf_ws/src/project/install/project_maps/share/project_maps/environment/path.dsv
[3.036s] -- Installing: /home/max/Documents/GitHub/IR2134/rmf_ws/src/project/install/project_maps/share/project_maps/local_setup.bash
[3.036s] -- Installing: /home/max/Documents/GitHub/IR2134/rmf_ws/src/project/install/project_maps/share/project_maps/local_setup.sh
[3.036s] -- Installing: /home/max/Documents/GitHub/IR2134/rmf_ws/src/project/install/project_maps/share/project_maps/local_setup.zsh
[3.036s] -- Installing: /home/max/Documents/GitHub/IR2134/rmf_ws/src/project/install/project_maps/share/project_maps/local_setup.dsv
[3.036s] -- Installing: /home/max/Documents/GitHub/IR2134/rmf_ws/src/project/install/project_maps/share/project_maps/package.dsv
[3.037s] -- Installing: /home/max/Documents/GitHub/IR2134/rmf_ws/src/project/install/project_maps/share/ament_index/resource_index/packages/project_maps
[3.037s] -- Installing: /home/max/Documents/GitHub/IR2134/rmf_ws/src/project/install/project_maps/share/project_maps/cmake/project_mapsConfig.cmake
[3.037s] -- Installing: /home/max/Documents/GitHub/IR2134/rmf_ws/src/project/install/project_maps/share/project_maps/cmake/project_mapsConfig-version.cmake
[3.037s] -- Installing: /home/max/Documents/GitHub/IR2134/rmf_ws/src/project/install/project_maps/share/project_maps/package.xml
[3.037s] -- Installing: /home/max/Documents/GitHub/IR2134/rmf_ws/src/project/install/project_maps/share/project_maps/maps/test1
[3.037s] -- Installing: /home/max/Documents/GitHub/IR2134/rmf_ws/src/project/install/project_maps/share/project_maps/maps/test1/test1.world
[3.037s] -- Installing: /home/max/Documents/GitHub/IR2134/rmf_ws/src/project/install/project_maps/share/project_maps/maps/test1/config_resource
[3.037s] -- Installing: /home/max/Documents/GitHub/IR2134/rmf_ws/src/project/install/project_maps/share/project_maps/maps/test1/nav_graphs
[3.037s] -- Installing: /home/max/Documents/GitHub/IR2134/rmf_ws/src/project/install/project_maps/share/project_maps/maps/test1/nav_graphs/1.yaml
[3.037s] -- Installing: /home/max/Documents/GitHub/IR2134/rmf_ws/src/project/install/project_maps/share/project_maps/maps/test1/models
[3.037s] -- Installing: /home/max/Documents/GitHub/IR2134/rmf_ws/src/project/install/project_maps/share/project_maps/maps/test1/models/test1_L1
[3.037s] -- Installing: /home/max/Documents/GitHub/IR2134/rmf_ws/src/project/install/project_maps/share/project_maps/maps/test1/models/test1_L1/model.config
[3.037s] -- Installing: /home/max/Documents/GitHub/IR2134/rmf_ws/src/project/install/project_maps/share/project_maps/maps/test1/models/test1_L1/model.sdf
[3.037s] -- Installing: /home/max/Documents/GitHub/IR2134/rmf_ws/src/project/install/project_maps/share/project_maps/maps/test1/models/test1_L1/meshes
[3.037s] -- Installing: /home/max/Documents/GitHub/IR2134/rmf_ws/src/project/install/project_maps/share/project_maps/maps/test1/models/test1_L1/meshes/wall_1.obj
[3.037s] -- Installing: /home/max/Documents/GitHub/IR2134/rmf_ws/src/project/install/project_maps/share/project_maps/maps/test1/models/test1_L1/meshes/floor_1.mtl
[3.037s] -- Installing: /home/max/Documents/GitHub/IR2134/rmf_ws/src/project/install/project_maps/share/project_maps/maps/test1/models/test1_L1/meshes/model.material
[3.037s] -- Installing: /home/max/Documents/GitHub/IR2134/rmf_ws/src/project/install/project_maps/share/project_maps/maps/test1/models/test1_L1/meshes/blue_linoleum.png
[3.037s] -- Installing: /home/max/Documents/GitHub/IR2134/rmf_ws/src/project/install/project_maps/share/project_maps/maps/test1/models/test1_L1/meshes/floor_1.obj
[3.037s] -- Installing: /home/max/Documents/GitHub/IR2134/rmf_ws/src/project/install/project_maps/share/project_maps/maps/test1/models/test1_L1/meshes/wall_1.mtl
[3.037s] -- Installing: /home/max/Documents/GitHub/IR2134/rmf_ws/src/project/install/project_maps/share/project_maps/maps/test1/models/test1_L1/meshes/default.png
[3.039s] Invoked command in '/home/max/Documents/GitHub/IR2134/rmf_ws/src/project/build/project_maps' returned '0': CMAKE_PREFIX_PATH=/home/max/Documents/GitHub/IR2134/rmf_ws/src/project/install/project_simulation:/home/max/Documents/GitHub/IR2134/rmf_ws/src/project/install/project_config:/home/max/Documents/GitHub/IR2134/rmf_ws/src/project/install/project_maps:/home/max/Documents/GitHub/IR2134/rmf_ws/src/project/install/project_assets:/home/max/rmf_ws/install/rmf_workcell_msgs:/home/max/rmf_ws/install/rmf_reservation_node:/home/max/rmf_ws/install/rmf_demos_gz:/home/max/rmf_ws/install/rmf_demos:/home/max/rmf_ws/install/rmf_fleet_adapter_python:/home/max/rmf_ws/install/rmf_fleet_adapter:/home/max/rmf_ws/install/rmf_task_ros2:/home/max/rmf_ws/install/rmf_websocket:/home/max/rmf_ws/install/rmf_visualization:/home/max/rmf_ws/install/rmf_visualization_schedule:/home/max/rmf_ws/install/rmf_visualization_rviz2_plugins:/home/max/rmf_ws/install/rmf_visualization_obstacles:/home/max/rmf_ws/install/rmf_visualization_navgraphs:/home/max/rmf_ws/install/rmf_visualization_floorplans:/home/max/rmf_ws/install/rmf_visualization_fleet_states:/home/max/rmf_ws/install/rmf_visualization_msgs:/home/max/rmf_ws/install/rmf_traffic_ros2:/home/max/rmf_ws/install/rmf_task_sequence:/home/max/rmf_ws/install/rmf_task:/home/max/rmf_ws/install/rmf_battery:/home/max/rmf_ws/install/rmf_traffic:/home/max/rmf_ws/install/rmf_utils:/home/max/rmf_ws/install/rmf_traffic_msgs:/home/max/rmf_ws/install/rmf_traffic_editor_test_maps:/home/max/rmf_ws/install/rmf_traffic_editor_assets:/home/max/rmf_ws/install/rmf_traffic_editor:/home/max/rmf_ws/install/rmf_task_msgs:/home/max/rmf_ws/install/rmf_site_map_msgs:/home/max/rmf_ws/install/rmf_scheduler_msgs:/home/max/rmf_ws/install/rmf_robot_sim_gz_plugins:/home/max/rmf_ws/install/rmf_robot_sim_common:/home/max/rmf_ws/install/rmf_reservation_msgs:/home/max/rmf_ws/install/rmf_obstacle_msgs:/home/max/rmf_ws/install/rmf_building_sim_gz_plugins:/home/max/rmf_ws/install/rmf_lift_msgs:/home/max/rmf_ws/install/rmf_ingestor_msgs:/home/max/rmf_ws/install/rmf_fleet_msgs:/home/max/rmf_ws/install/rmf_door_msgs:/home/max/rmf_ws/install/rmf_dispenser_msgs:/home/max/rmf_ws/install/rmf_demos_maps:/home/max/rmf_ws/install/rmf_demos_assets:/home/max/rmf_ws/install/rmf_charger_msgs:/home/max/rmf_ws/install/rmf_building_map_msgs:/home/max/rmf_ws/install/rmf_api_msgs:/home/max/rmf_ws/install/pybind11_json_vendor:/home/max/rmf_ws/install/nlohmann_json_schema_validator_vendor:/home/max/Documents/GitHub/IR2134/rmf_ws/src/project/install/project_fleet_adapter:/home/max/rmf_ws/install/rmf_demos_fleet_adapter:/home/max/rmf_ws/install/rmf_visualization_building_systems:/home/max/rmf_ws/install/rmf_traffic_examples:/home/max/rmf_ws/install/rmf_demos_bridges:/home/max/rmf_ws/install/rmf_demos_tasks:/home/max/rmf_ws/install/rmf_building_map_tools:/home/max/rmf_ws/install/rmf_charging_schedule:/opt/ros/jazzy:/home/max/rmf_ws/install/menge_vendor:/home/max/rmf_ws/install/ament_cmake_catch2:/opt/ros/jazzy/opt/gz_sim_vendor:/opt/ros/jazzy/opt/gz_sensors_vendor:/opt/ros/jazzy/opt/gz_physics_vendor:/opt/ros/jazzy/opt/sdformat_vendor:/opt/ros/jazzy/opt/gz_gui_vendor:/opt/ros/jazzy/opt/gz_transport_vendor:/opt/ros/jazzy/opt/gz_rendering_vendor:/opt/ros/jazzy/opt/gz_plugin_vendor:/opt/ros/jazzy/opt/gz_fuel_tools_vendor:/opt/ros/jazzy/opt/gz_msgs_vendor:/opt/ros/jazzy/opt/gz_common_vendor:/opt/ros/jazzy/opt/gz_math_vendor:/opt/ros/jazzy/opt/gz_utils_vendor:/opt/ros/jazzy/opt/gz_tools_vendor:/opt/ros/jazzy/opt/gz_ogre_next_vendor:/opt/ros/jazzy/opt/gz_dartsim_vendor:/opt/ros/jazzy/opt/gz_cmake_vendor DEBUGINFOD_URLS=https://debuginfod.ubuntu.com PS1=\[\e]0;\u@\h: \w\a\]${debian_chroot:+($debian_chroot)}\[\033[01;32m\]\u@\h\[\033[00m\]:\[\033[01;34m\]\w\[\033[00m\]\$ VIRTUAL_ENV_PROMPT=(venv-ardupilot) /usr/bin/cmake --install /home/max/Documents/GitHub/IR2134/rmf_ws/src/project/build/project_maps
