-- The C compiler identification is GNU 13.3.0
-- The CXX compiler identification is GNU 13.3.0
-- Detecting C compiler ABI info
-- Detecting C compiler ABI info - done
-- Check for working C compiler: /usr/bin/cc - skipped
-- Detecting C compile features
-- Detecting C compile features - done
-- Detecting CXX compiler ABI info
-- Detecting CXX compiler ABI info - done
-- Check for working CXX compiler: /usr/bin/c++ - skipped
-- Detecting CXX compile features
-- Detecting CXX compile features - done
-- Found ament_cmake: 2.5.3 (/opt/ros/jazzy/share/ament_cmake/cmake)
-- Found Python3: /usr/bin/python3 (found version "3.12.3") found components: Interpreter 
-- Configuring done (1.7s)
-- Generating done (0.0s)
-- Build files have been written to: /home/usuario/IR2134/rmf_ws/src/project/build/project_maps
[ 33%] [34m[1mGenerating maps/roscon/nav_graphs/phony[0m
[ 33%] [34m[1mGenerating maps/test1/nav_graphs/phony[0m
[ 50%] [34m[1mGenerating maps/roscon/roscon.world[0m
[ 66%] [34m[1mGenerating maps/test1/test1.world[0m
building name: test1
coordinate system: reference_image
parsing level L1
calculating levels relative to L1
level L1 scale: 0.06666666666666667
generating nav data
writing /home/usuario/IR2134/rmf_ws/src/project/build/project_maps/maps/test1/nav_graphs/0.yaml
generating /home/usuario/IR2134/rmf_ws/src/project/build/project_maps/maps/roscon/roscon.world from /home/usuario/IR2134/rmf_ws/src/project/project_maps/maps/roscon/roscon.building.yaml
generating /home/usuario/IR2134/rmf_ws/src/project/build/project_maps/maps/test1/test1.world from /home/usuario/IR2134/rmf_ws/src/project/project_maps/maps/test1/test1.building.yaml
building name: test1
coordinate system: reference_image
parsing level L1
calculating levels relative to L1
level L1 scale: 0.06666666666666667
generating model of level L1 in /home/usuario/IR2134/rmf_ws/src/project/build/project_maps/maps/test1/models/test1_L1
  wrote /home/usuario/IR2134/rmf_ws/src/project/build/project_maps/maps/test1/models/test1_L1/model.config
generating floor polygon 1 on floor test1_L1
hole vertices: []
lift vertices: {}
[[0, 3, 1], [1, 3, 2]]
  wrote /home/usuario/IR2134/rmf_ws/src/project/build/project_maps/maps/test1/models/test1_L1/meshes/floor_1.obj
  wrote /home/usuario/IR2134/rmf_ws/src/project/build/project_maps/maps/test1/models/test1_L1/meshes/blue_linoleum.png
  wrote /home/usuario/IR2134/rmf_ws/src/project/build/project_maps/maps/test1/models/test1_L1/meshes/floor_1.mtl
Walls Generation, wall params list: [{'alpha': <building_map.param_value.ParamValue object at 0x750ec0cdb8c0>, 'texture_height': <building_map.param_value.ParamValue object at 0x750ec0cdb9e0>, 'texture_name': <building_map.param_value.ParamValue object at 0x750ec0cdb9b0>, 'texture_scale': <building_map.param_value.ParamValue object at 0x750ec0cdb980>, 'texture_width': <building_map.param_value.ParamValue object at 0x750ec0cdb950>}]
generating wall: 1 on floor: test1_L1
  wrote /home/usuario/IR2134/rmf_ws/src/project/build/project_maps/maps/test1/models/test1_L1/meshes/default.png
generate_wall_visual_mesh(test1_L1, /home/usuario/IR2134/rmf_ws/src/project/build/project_maps/maps/test1/models/test1_L1)
  generating /home/usuario/IR2134/rmf_ws/src/project/build/project_maps/maps/test1/models/test1_L1/meshes/wall_1.obj
  generating /home/usuario/IR2134/rmf_ws/src/project/build/project_maps/maps/test1/models/test1_L1/meshes/wall_1.mtl
  wrote /home/usuario/IR2134/rmf_ws/src/project/build/project_maps/maps/test1/models/test1_L1/model.sdf
spawning robot name tinyRobot1 of type TinyRobot
11554 bytes written to /home/usuario/IR2134/rmf_ws/src/project/build/project_maps/maps/test1/test1.world
[ 66%] Built target generate_test1_nav_graphs
building name: roscon
coordinate system: reference_image
parsing level L1
parsing level L2
calculating levels relative to L1
level L1 scale: 0.02540575101517147
calculating level L2 offset and scale...
  2 common fiducials:
Transform.set_from_fiducials()
  2 fiducial pairs:
    (687.2, -1417.8) -> (687.64, -1417.9)   left_column
    (916.56, -1418.8) -> (918.59, -1418.3)   right_column
    calc dist left_column <=> right_column
Bearings:
[(-0.004373029209261051, -0.0014981586539799935)]
  0.002874870555281057
  Circular mean: -0.002874870555281057
Distances:
[(229.3611930776433, 230.95025918149565)]
mean relative scale: 1.0069282256624574
translation: (0.21192, -0.19473)
parsing lift lift
generating nav data
hooray, we found an intersection: t=0.507, u=0.542
  (868.899,-246.402),(868.899,-119.035) and (843.773,-182.276),(890.102,-181.542)
found intersection with door porta11!
hooray, we found an intersection: t=0.327, u=0.686
  (885.98,-1178.361),(885.98,-1378.868) and (809.287,-1243.951),(921.029,-1243.951)
found intersection with door porta4!
hooray, we found an intersection: t=0.471, u=0.27
  (716.664,-1176.992),(712.322,-1319.536) and (684.803,-1244.256),(795.375,-1243.921)
found intersection with door porta5!
hooray, we found an intersection: t=0.599, u=0.466
  (749.695,-1699.028),(608.84,-1700.685) and (664.943,-1725.627),(665.716,-1670.655)
found intersection with door porta1!
hooray, we found an intersection: t=0.486, u=0.587
  (732.277,-1372.356),(627.739,-1372.356) and (681.425,-1394.047),(681.425,-1357.1)
found intersection with door porta2!
hooray, we found an intersection: t=0.473, u=0.379
  (885.98,-1378.868),(961.898,-1378.868) and (922.155,-1391.5),(921.436,-1358.198)
found intersection with door porta3!
hooray, we found an intersection: t=0.614, u=0.423
  (324.564,-952.615),(406.163,-952.615) and (374.811,-936.603),(374.518,-974.417)
found intersection with door porta6!
hooray, we found an intersection: t=0.637, u=0.461
  (324.564,-851.4),(403.809,-851.4) and (374.811,-868.787),(375.245,-831.086)
found intersection with door porta7!
hooray, we found an intersection: t=0.602, u=0.604
  (324.564,-741.555),(408.517,-741.555) and (375.245,-764.378),(375.043,-726.568)
found intersection with door porta81!
hooray, we found an intersection: t=0.635, u=0.555
  (324.564,-637.987),(403.809,-637.987) and (375.043,-658.035),(374.762,-621.92)
found intersection with door porta8!
hooray, we found an intersection: t=0.569, u=0.435
  (324.564,-536.947),(412.271,-536.947) and (374.762,-553.243),(374.087,-515.813)
found intersection with door porta9!
hooray, we found an intersection: t=0.568, u=0.506
  (324.564,-428.312),(411.331,-428.312) and (374.087,-446.67),(373.55,-410.382)
found intersection with door porta10!
hooray, we found an intersection: t=0.52, u=0.772
  (770.208,-1316.641),(770.208,-1176.992) and (684.803,-1244.256),(795.375,-1243.921)
found intersection with door porta5!
hooray, we found an intersection: t=0.663, u=0.304
  (843.289,-1375.974),(843.289,-1176.992) and (809.287,-1243.951),(921.029,-1243.951)
found intersection with door porta4!
hooray, we found an intersection: t=0.51, u=0.728
  (711.768,-1158.134),(711.768,-1326.804) and (796.737,-1244.207),(680.059,-1244.207)
found intersection with door porta12!
hooray, we found an intersection: t=0.541, u=0.611
  (877.465,-1181.911),(877.465,-1297.082) and (808.451,-1244.207),(921.478,-1244.207)
found intersection with door porta13!
hooray, we found an intersection: t=0.544, u=0.177
  (828.425,-1181.911),(828.425,-1296.339) and (808.451,-1244.207),(921.478,-1244.207)
found intersection with door porta13!
hooray, we found an intersection: t=0.426, u=0.359
  (754.864,-1181.911),(754.864,-1328.29) and (796.737,-1244.207),(680.059,-1244.207)
found intersection with door porta12!
hooray, we found an intersection: t=0.558, u=0.432
  (877.465,-1375.844),(972.43,-1375.844) and (930.457,-1391.932),(930.457,-1354.697)
found intersection with door porta16!
hooray, we found an intersection: t=0.344, u=0.522
  (711.768,-1376.587),(622.888,-1376.587) and (681.161,-1356.472),(681.161,-1395.025)
found intersection with door porta15!
writing /home/usuario/IR2134/rmf_ws/src/project/build/project_maps/maps/roscon/nav_graphs/0.yaml
building name: roscon
coordinate system: reference_image
parsing level L1
parsing level L2
calculating levels relative to L1
level L1 scale: 0.02540575101517147
calculating level L2 offset and scale...
  2 common fiducials:
Transform.set_from_fiducials()
  2 fiducial pairs:
    (687.2, -1417.8) -> (687.64, -1417.9)   left_column
    (916.56, -1418.8) -> (918.59, -1418.3)   right_column
    calc dist left_column <=> right_column
Bearings:
[(-0.004373029209261051, -0.0014981586539799935)]
  0.002874870555281057
  Circular mean: -0.002874870555281057
Distances:
[(229.3611930776433, 230.95025918149565)]
mean relative scale: 1.0069282256624574
translation: (0.21192, -0.19473)
writing /home/usuario/IR2134/rmf_ws/src/project/build/project_maps/maps/roscon/nav_graphs/1.yaml
writing /home/usuario/IR2134/rmf_ws/src/project/build/project_maps/maps/roscon/nav_graphs/2.yaml
writing /home/usuario/IR2134/rmf_ws/src/project/build/project_maps/maps/roscon/nav_graphs/3.yaml
parsing lift lift
writing /home/usuario/IR2134/rmf_ws/src/project/build/project_maps/maps/roscon/nav_graphs/6.yaml
generating model of level L1 in /home/usuario/IR2134/rmf_ws/src/project/build/project_maps/maps/roscon/models/roscon_L1
  wrote /home/usuario/IR2134/rmf_ws/src/project/build/project_maps/maps/roscon/models/roscon_L1/model.config
generating floor polygon 1 on floor roscon_L1
hole vertices: []
lift vertices: {'lift': [(12.923163058344308, -28.166613667447187), (12.923163058344308, -30.26661366744719), (15.02316305834431, -30.26661366744719), (15.02316305834431, -28.166613667447187)]}
[[0, 5, 6], [0, 6, 7], [0, 7, 1], [1, 7, 8], [7, 2, 8], [3, 2, 4], [4, 2, 5], [5, 2, 9], [5, 9, 10], [5, 10, 6], [7, 9, 2]]
  wrote /home/usuario/IR2134/rmf_ws/src/project/build/project_maps/maps/roscon/models/roscon_L1/meshes/floor_1.obj
  wrote /home/usuario/IR2134/rmf_ws/src/project/build/project_maps/maps/roscon/models/roscon_L1/meshes/blue_linoleum.png
  wrote /home/usuario/IR2134/rmf_ws/src/project/build/project_maps/maps/roscon/models/roscon_L1/meshes/floor_1.mtl
Walls Generation, wall params list: [{'alpha': <building_map.param_value.ParamValue object at 0x798f8f1e3b60>, 'texture_height': <building_map.param_value.ParamValue object at 0x798f8f1e3b90>, 'texture_name': <building_map.param_value.ParamValue object at 0x798f8f1e3bc0>, 'texture_scale': <building_map.param_value.ParamValue object at 0x798f8f1e3bf0>, 'texture_width': <building_map.param_value.ParamValue object at 0x798f8f1e3c20>}]
generating wall: 1 on floor: roscon_L1
  wrote /home/usuario/IR2134/rmf_ws/src/project/build/project_maps/maps/roscon/models/roscon_L1/meshes/default.png
generate_wall_visual_mesh(roscon_L1, /home/usuario/IR2134/rmf_ws/src/project/build/project_maps/maps/roscon/models/roscon_L1)
  generating /home/usuario/IR2134/rmf_ws/src/project/build/project_maps/maps/roscon/models/roscon_L1/meshes/wall_1.obj
  generating /home/usuario/IR2134/rmf_ws/src/project/build/project_maps/maps/roscon/models/roscon_L1/meshes/wall_1.mtl
  wrote /home/usuario/IR2134/rmf_ws/src/project/build/project_maps/maps/roscon/models/roscon_L1/model.sdf
generating model of level L2 in /home/usuario/IR2134/rmf_ws/src/project/build/project_maps/maps/roscon/models/roscon_L2
  wrote /home/usuario/IR2134/rmf_ws/src/project/build/project_maps/maps/roscon/models/roscon_L2/model.config
generating floor polygon 1 on floor roscon_L2
hole vertices: []
lift vertices: {'lift': [(12.923163058344308, -28.166613667447187), (12.923163058344308, -30.26661366744719), (15.02316305834431, -30.26661366744719), (15.02316305834431, -28.166613667447187)]}
[[0, 1, 6], [0, 6, 5], [5, 6, 7], [5, 7, 4], [4, 7, 3], [3, 7, 8], [3, 8, 2], [2, 8, 9], [2, 9, 1], [1, 9, 6]]
  wrote /home/usuario/IR2134/rmf_ws/src/project/build/project_maps/maps/roscon/models/roscon_L2/meshes/floor_1.obj
  wrote /home/usuario/IR2134/rmf_ws/src/project/build/project_maps/maps/roscon/models/roscon_L2/meshes/blue_linoleum.png
  wrote /home/usuario/IR2134/rmf_ws/src/project/build/project_maps/maps/roscon/models/roscon_L2/meshes/floor_1.mtl
Walls Generation, wall params list: [{'alpha': <building_map.param_value.ParamValue object at 0x798f8f0aaa80>, 'texture_height': <building_map.param_value.ParamValue object at 0x798f8f0aaab0>, 'texture_name': <building_map.param_value.ParamValue object at 0x798f8f0aaae0>, 'texture_scale': <building_map.param_value.ParamValue object at 0x798f8f0aab10>, 'texture_width': <building_map.param_value.ParamValue object at 0x798f8f0aab40>}]
generating wall: 1 on floor: roscon_L2
  wrote /home/usuario/IR2134/rmf_ws/src/project/build/project_maps/maps/roscon/models/roscon_L2/meshes/default.png
generate_wall_visual_mesh(roscon_L2, /home/usuario/IR2134/rmf_ws/src/project/build/project_maps/maps/roscon/models/roscon_L2)
  generating /home/usuario/IR2134/rmf_ws/src/project/build/project_maps/maps/roscon/models/roscon_L2/meshes/wall_1.obj
  generating /home/usuario/IR2134/rmf_ws/src/project/build/project_maps/maps/roscon/models/roscon_L2/meshes/wall_1.mtl
  wrote /home/usuario/IR2134/rmf_ws/src/project/build/project_maps/maps/roscon/models/roscon_L2/model.sdf
spawning robot name tinyRobot1 of type TinyRobot
generate door name=porta5 type=double_hinged
Door(porta5)
generate door name=porta4 type=double_hinged
Door(porta4)
generate door name=porta6 type=sliding
Door(porta6)
generate door name=porta7 type=sliding
Door(porta7)
generate door name=porta81 type=sliding
Door(porta81)
generate door name=porta8 type=sliding
Door(porta8)
generate door name=porta9 type=sliding
Door(porta9)
generate door name=porta10 type=sliding
Door(porta10)
generate door name=porta1 type=double_hinged
Door(porta1)
generate door name=porta11 type=hinged
Door(porta11)
generate door name=porta2 type=hinged
Door(porta2)
generate door name=porta3 type=sliding
Door(porta3)
generate door name=porta12 type=double_hinged
Door(porta12)
generate door name=porta13 type=double_hinged
Door(porta13)
generate door name=porta15 type=hinged
Door(porta15)
generate door name=porta16 type=sliding
Door(porta16)
133399 bytes written to /home/usuario/IR2134/rmf_ws/src/project/build/project_maps/maps/roscon/roscon.world
[ 66%] Built target generate_roscon_nav_graphs
building name: test1
coordinate system: reference_image
parsing level L1
calculating levels relative to L1
level L1 scale: 0.06666666666666667
Models: [] are used in crowd_sim
Load success!

Cache found! Model count: 2934 
Updating cache...
Topping up Fuel (updating cache) from: https://fuel.gazebosim.org/1.0/models
Fetching page: 1
building name: roscon
coordinate system: reference_image
parsing level L1
parsing level L2
calculating levels relative to L1
level L1 scale: 0.02540575101517147
calculating level L2 offset and scale...
  2 common fiducials:
Transform.set_from_fiducials()
  2 fiducial pairs:
    (687.2, -1417.8) -> (687.64, -1417.9)   left_column
    (916.56, -1418.8) -> (918.59, -1418.3)   right_column
    calc dist left_column <=> right_column
Bearings:
[(-0.004373029209261051, -0.0014981586539799935)]
  0.002874870555281057
  Circular mean: -0.002874870555281057
Distances:
[(229.3611930776433, 230.95025918149565)]
mean relative scale: 1.0069282256624574
translation: (0.21192, -0.19473)
parsing lift lift
Cached model found! Halting Fuel traversal...
Writing to cache: /home/usuario/.pit_crew/model_cache.json
New models cached: 0

WARNING::pit_crew.get_local_model_name_tuples():275: No local model path given! Using default ~/.gazebo/models/ instead!

== REQUESTED MODEL REPORT ==
{'available': [], 'downloadable': [], 'missing': []}

== THE FOLLOWING MODELS HAVE SPECIFIED AUTHORS ==
{}

[ 83%] [34m[1mGenerating test1_crowdsim[0m
Models: [] are used in crowd_sim
Load success!

Cache found! Model count: 2934 
Updating cache...
Topping up Fuel (updating cache) from: https://fuel.gazebosim.org/1.0/models
Fetching page: 1
Creating output folder path:  /home/usuario/IR2134/rmf_ws/src/project/build/project_maps/maps/test1/config_resource/
crowdsim unable to parse, not attempting to proceed
crowdsim unable to parse, not attempting to proceed
Cached model found! Halting Fuel traversal...
Writing to cache: /home/usuario/.pit_crew/model_cache.json
New models cached: 0

WARNING::pit_crew.get_local_model_name_tuples():275: No local model path given! Using default ~/.gazebo/models/ instead!
WARNING::pit_crew.get_missing_models():224: Model WoodenChair in local model directory is not by the requested author OpenRobotics!
WARNING::pit_crew.get_missing_models():224: Model AdjTable in local model directory is not by the requested author OpenRobotics!
WARNING::pit_crew.get_missing_models():224: Model CoffeeTable in local model directory is not by the requested author OpenRobotics!
WARNING::pit_crew.get_missing_models():224: Model Drawer in local model directory is not by the requested author OpenRobotics!
WARNING::pit_crew.get_missing_models():224: Model Sofa in local model directory is not by the requested author OpenRobotics!
WARNING::pit_crew.get_missing_models():224: Model MiniSofa in local model directory is not by the requested author OpenRobotics!
WARNING::pit_crew.get_missing_models():224: Model Cafe table in local model directory is not by the requested author OpenRobotics!
WARNING::pit_crew.get_missing_models():224: Model Chair in local model directory is not by the requested author OpenRobotics!

== REQUESTED MODEL REPORT ==
{'available': [('WoodenChair', ['/home/usuario/.gazebo/models/WoodenChair/']),
               ('AdjTable', ['/home/usuario/.gazebo/models/AdjTable/']),
               ('CoffeeTable', ['/home/usuario/.gazebo/models/CoffeeTable/']),
               ('Drawer', ['/home/usuario/.gazebo/models/Drawer/']),
               ('Sofa', ['/home/usuario/.gazebo/models/Sofa/']),
               ('MiniSofa', ['/home/usuario/.gazebo/models/MiniSofa/']),
               ('Cafe table', ['/home/usuario/.gazebo/models/Cafe table/']),
               ('Chair', ['/home/usuario/.gazebo/models/Chair/'])],
 'downloadable': [],
 'missing': []}

== THE FOLLOWING MODELS HAVE SPECIFIED AUTHORS ==
{'adjtable': 'openrobotics',
 'cafe table': 'openrobotics',
 'chair': 'openrobotics',
 'coffeetable': 'openrobotics',
 'drawer': 'openrobotics',
 'minisofa': 'openrobotics',
 'sofa': 'openrobotics',
 'woodenchair': 'openrobotics'}

WARNING::building_map_model_downloader.export_downloaded_model():85: /home/usuario/.gazebo/models/WoodenChair already exists, skipping...
WARNING::building_map_model_downloader.export_downloaded_model():85: /home/usuario/.gazebo/models/AdjTable already exists, skipping...
WARNING::building_map_model_downloader.export_downloaded_model():85: /home/usuario/.gazebo/models/CoffeeTable already exists, skipping...
WARNING::building_map_model_downloader.export_downloaded_model():85: /home/usuario/.gazebo/models/Drawer already exists, skipping...
WARNING::building_map_model_downloader.export_downloaded_model():85: /home/usuario/.gazebo/models/Sofa already exists, skipping...
WARNING::building_map_model_downloader.export_downloaded_model():85: /home/usuario/.gazebo/models/MiniSofa already exists, skipping...
WARNING::building_map_model_downloader.export_downloaded_model():85: /home/usuario/.gazebo/models/Cafe table already exists, skipping...
WARNING::building_map_model_downloader.export_downloaded_model():85: /home/usuario/.gazebo/models/Chair already exists, skipping...
[ 83%] Built target generate_test1_crowdsim
[100%] [34m[1mGenerating roscon_crowdsim[0m
Creating output folder path:  /home/usuario/IR2134/rmf_ws/src/project/build/project_maps/maps/roscon/config_resource/
crowdsim unable to parse, not attempting to proceed
crowdsim unable to parse, not attempting to proceed
[100%] Built target generate_roscon_crowdsim
-- Install configuration: ""
-- Installing: /home/usuario/IR2134/rmf_ws/src/project/install/project_maps/share/project_maps
-- Installing: /home/usuario/IR2134/rmf_ws/src/project/install/project_maps/share/project_maps/roscon
-- Installing: /home/usuario/IR2134/rmf_ws/src/project/install/project_maps/share/project_maps/roscon/roscon.building.yaml
-- Installing: /home/usuario/IR2134/rmf_ws/src/project/install/project_maps/share/project_maps/test1
-- Installing: /home/usuario/IR2134/rmf_ws/src/project/install/project_maps/share/project_maps/test1/test1.building.yaml
-- Installing: /home/usuario/IR2134/rmf_ws/src/project/install/project_maps/share/ament_index/resource_index/package_run_dependencies/project_maps
-- Installing: /home/usuario/IR2134/rmf_ws/src/project/install/project_maps/share/ament_index/resource_index/parent_prefix_path/project_maps
-- Installing: /home/usuario/IR2134/rmf_ws/src/project/install/project_maps/share/project_maps/environment/ament_prefix_path.sh
-- Installing: /home/usuario/IR2134/rmf_ws/src/project/install/project_maps/share/project_maps/environment/ament_prefix_path.dsv
-- Installing: /home/usuario/IR2134/rmf_ws/src/project/install/project_maps/share/project_maps/environment/path.sh
-- Installing: /home/usuario/IR2134/rmf_ws/src/project/install/project_maps/share/project_maps/environment/path.dsv
-- Installing: /home/usuario/IR2134/rmf_ws/src/project/install/project_maps/share/project_maps/local_setup.bash
-- Installing: /home/usuario/IR2134/rmf_ws/src/project/install/project_maps/share/project_maps/local_setup.sh
-- Installing: /home/usuario/IR2134/rmf_ws/src/project/install/project_maps/share/project_maps/local_setup.zsh
-- Installing: /home/usuario/IR2134/rmf_ws/src/project/install/project_maps/share/project_maps/local_setup.dsv
-- Installing: /home/usuario/IR2134/rmf_ws/src/project/install/project_maps/share/project_maps/package.dsv
-- Installing: /home/usuario/IR2134/rmf_ws/src/project/install/project_maps/share/ament_index/resource_index/packages/project_maps
-- Installing: /home/usuario/IR2134/rmf_ws/src/project/install/project_maps/share/project_maps/cmake/project_mapsConfig.cmake
-- Installing: /home/usuario/IR2134/rmf_ws/src/project/install/project_maps/share/project_maps/cmake/project_mapsConfig-version.cmake
-- Installing: /home/usuario/IR2134/rmf_ws/src/project/install/project_maps/share/project_maps/package.xml
-- Installing: /home/usuario/IR2134/rmf_ws/src/project/install/project_maps/share/project_maps/maps/roscon
-- Installing: /home/usuario/IR2134/rmf_ws/src/project/install/project_maps/share/project_maps/maps/roscon/nav_graphs
-- Installing: /home/usuario/IR2134/rmf_ws/src/project/install/project_maps/share/project_maps/maps/roscon/nav_graphs/3.yaml
-- Installing: /home/usuario/IR2134/rmf_ws/src/project/install/project_maps/share/project_maps/maps/roscon/nav_graphs/0.yaml
-- Installing: /home/usuario/IR2134/rmf_ws/src/project/install/project_maps/share/project_maps/maps/roscon/nav_graphs/1.yaml
-- Installing: /home/usuario/IR2134/rmf_ws/src/project/install/project_maps/share/project_maps/maps/roscon/nav_graphs/6.yaml
-- Installing: /home/usuario/IR2134/rmf_ws/src/project/install/project_maps/share/project_maps/maps/roscon/nav_graphs/2.yaml
-- Installing: /home/usuario/IR2134/rmf_ws/src/project/install/project_maps/share/project_maps/maps/roscon/roscon.world
-- Installing: /home/usuario/IR2134/rmf_ws/src/project/install/project_maps/share/project_maps/maps/roscon/config_resource
-- Installing: /home/usuario/IR2134/rmf_ws/src/project/install/project_maps/share/project_maps/maps/roscon/models
-- Installing: /home/usuario/IR2134/rmf_ws/src/project/install/project_maps/share/project_maps/maps/roscon/models/roscon_L1
-- Installing: /home/usuario/IR2134/rmf_ws/src/project/install/project_maps/share/project_maps/maps/roscon/models/roscon_L1/meshes
-- Installing: /home/usuario/IR2134/rmf_ws/src/project/install/project_maps/share/project_maps/maps/roscon/models/roscon_L1/meshes/floor_1.mtl
-- Installing: /home/usuario/IR2134/rmf_ws/src/project/install/project_maps/share/project_maps/maps/roscon/models/roscon_L1/meshes/default.png
-- Installing: /home/usuario/IR2134/rmf_ws/src/project/install/project_maps/share/project_maps/maps/roscon/models/roscon_L1/meshes/wall_1.mtl
-- Installing: /home/usuario/IR2134/rmf_ws/src/project/install/project_maps/share/project_maps/maps/roscon/models/roscon_L1/meshes/wall_1.obj
-- Installing: /home/usuario/IR2134/rmf_ws/src/project/install/project_maps/share/project_maps/maps/roscon/models/roscon_L1/meshes/blue_linoleum.png
-- Installing: /home/usuario/IR2134/rmf_ws/src/project/install/project_maps/share/project_maps/maps/roscon/models/roscon_L1/meshes/model.material
-- Installing: /home/usuario/IR2134/rmf_ws/src/project/install/project_maps/share/project_maps/maps/roscon/models/roscon_L1/meshes/floor_1.obj
-- Installing: /home/usuario/IR2134/rmf_ws/src/project/install/project_maps/share/project_maps/maps/roscon/models/roscon_L1/model.config
-- Installing: /home/usuario/IR2134/rmf_ws/src/project/install/project_maps/share/project_maps/maps/roscon/models/roscon_L1/model.sdf
-- Installing: /home/usuario/IR2134/rmf_ws/src/project/install/project_maps/share/project_maps/maps/roscon/models/roscon_L2
-- Installing: /home/usuario/IR2134/rmf_ws/src/project/install/project_maps/share/project_maps/maps/roscon/models/roscon_L2/meshes
-- Installing: /home/usuario/IR2134/rmf_ws/src/project/install/project_maps/share/project_maps/maps/roscon/models/roscon_L2/meshes/floor_1.mtl
-- Installing: /home/usuario/IR2134/rmf_ws/src/project/install/project_maps/share/project_maps/maps/roscon/models/roscon_L2/meshes/default.png
-- Installing: /home/usuario/IR2134/rmf_ws/src/project/install/project_maps/share/project_maps/maps/roscon/models/roscon_L2/meshes/wall_1.mtl
-- Installing: /home/usuario/IR2134/rmf_ws/src/project/install/project_maps/share/project_maps/maps/roscon/models/roscon_L2/meshes/wall_1.obj
-- Installing: /home/usuario/IR2134/rmf_ws/src/project/install/project_maps/share/project_maps/maps/roscon/models/roscon_L2/meshes/blue_linoleum.png
-- Installing: /home/usuario/IR2134/rmf_ws/src/project/install/project_maps/share/project_maps/maps/roscon/models/roscon_L2/meshes/model.material
-- Installing: /home/usuario/IR2134/rmf_ws/src/project/install/project_maps/share/project_maps/maps/roscon/models/roscon_L2/meshes/floor_1.obj
-- Installing: /home/usuario/IR2134/rmf_ws/src/project/install/project_maps/share/project_maps/maps/roscon/models/roscon_L2/model.config
-- Installing: /home/usuario/IR2134/rmf_ws/src/project/install/project_maps/share/project_maps/maps/roscon/models/roscon_L2/model.sdf
-- Installing: /home/usuario/IR2134/rmf_ws/src/project/install/project_maps/share/project_maps/maps/test1
-- Installing: /home/usuario/IR2134/rmf_ws/src/project/install/project_maps/share/project_maps/maps/test1/nav_graphs
-- Installing: /home/usuario/IR2134/rmf_ws/src/project/install/project_maps/share/project_maps/maps/test1/nav_graphs/0.yaml
-- Installing: /home/usuario/IR2134/rmf_ws/src/project/install/project_maps/share/project_maps/maps/test1/test1.world
-- Installing: /home/usuario/IR2134/rmf_ws/src/project/install/project_maps/share/project_maps/maps/test1/config_resource
-- Installing: /home/usuario/IR2134/rmf_ws/src/project/install/project_maps/share/project_maps/maps/test1/models
-- Installing: /home/usuario/IR2134/rmf_ws/src/project/install/project_maps/share/project_maps/maps/test1/models/test1_L1
-- Installing: /home/usuario/IR2134/rmf_ws/src/project/install/project_maps/share/project_maps/maps/test1/models/test1_L1/meshes
-- Installing: /home/usuario/IR2134/rmf_ws/src/project/install/project_maps/share/project_maps/maps/test1/models/test1_L1/meshes/floor_1.mtl
-- Installing: /home/usuario/IR2134/rmf_ws/src/project/install/project_maps/share/project_maps/maps/test1/models/test1_L1/meshes/default.png
-- Installing: /home/usuario/IR2134/rmf_ws/src/project/install/project_maps/share/project_maps/maps/test1/models/test1_L1/meshes/wall_1.mtl
-- Installing: /home/usuario/IR2134/rmf_ws/src/project/install/project_maps/share/project_maps/maps/test1/models/test1_L1/meshes/wall_1.obj
-- Installing: /home/usuario/IR2134/rmf_ws/src/project/install/project_maps/share/project_maps/maps/test1/models/test1_L1/meshes/blue_linoleum.png
-- Installing: /home/usuario/IR2134/rmf_ws/src/project/install/project_maps/share/project_maps/maps/test1/models/test1_L1/meshes/model.material
-- Installing: /home/usuario/IR2134/rmf_ws/src/project/install/project_maps/share/project_maps/maps/test1/models/test1_L1/meshes/floor_1.obj
-- Installing: /home/usuario/IR2134/rmf_ws/src/project/install/project_maps/share/project_maps/maps/test1/models/test1_L1/model.config
-- Installing: /home/usuario/IR2134/rmf_ws/src/project/install/project_maps/share/project_maps/maps/test1/models/test1_L1/model.sdf
