[0.260s] Invoking command in '/home/usuario/IR2134/rmf_ws/src/project/build/project_maps': CMAKE_PREFIX_PATH=/home/usuario/IR2134/rmf_ws/src/project/install/project_simulation:/home/usuario/IR2134/rmf_ws/src/project/install/project_config:/home/usuario/IR2134/rmf_ws/src/project/install/project_maps:/home/usuario/IR2134/rmf_ws/src/project/install/project_assets:/rmf_demos_ws/install/rmf_workcell_msgs:/rmf_demos_ws/install/rmf_reservation_node:/rmf_demos_ws/install/rmf_demos_gz:/rmf_demos_ws/install/rmf_demos:/rmf_demos_ws/install/rmf_fleet_adapter_python:/rmf_demos_ws/install/rmf_fleet_adapter:/rmf_demos_ws/install/rmf_task_ros2:/rmf_demos_ws/install/rmf_websocket:/rmf_demos_ws/install/rmf_visualization:/rmf_demos_ws/install/rmf_visualization_schedule:/rmf_demos_ws/install/rmf_visualization_rviz2_plugins:/rmf_demos_ws/install/rmf_visualization_obstacles:/rmf_demos_ws/install/rmf_visualization_navgraphs:/rmf_demos_ws/install/rmf_visualization_floorplans:/rmf_demos_ws/install/rmf_visualization_fleet_states:/rmf_demos_ws/install/rmf_visualization_msgs:/rmf_demos_ws/install/rmf_traffic_ros2:/rmf_demos_ws/install/rmf_task_sequence:/rmf_demos_ws/install/rmf_task:/rmf_demos_ws/install/rmf_battery:/rmf_demos_ws/install/rmf_traffic:/rmf_demos_ws/install/rmf_utils:/rmf_demos_ws/install/rmf_traffic_msgs:/rmf_demos_ws/install/rmf_traffic_editor_test_maps:/rmf_demos_ws/install/rmf_traffic_editor_assets:/rmf_demos_ws/install/rmf_traffic_editor:/rmf_demos_ws/install/rmf_task_msgs:/rmf_demos_ws/install/rmf_site_map_msgs:/rmf_demos_ws/install/rmf_scheduler_msgs:/rmf_demos_ws/install/rmf_robot_sim_gz_plugins:/rmf_demos_ws/install/rmf_robot_sim_common:/rmf_demos_ws/install/rmf_reservation_msgs:/rmf_demos_ws/install/rmf_obstacle_msgs:/rmf_demos_ws/install/rmf_building_sim_gz_plugins:/rmf_demos_ws/install/rmf_lift_msgs:/rmf_demos_ws/install/rmf_ingestor_msgs:/rmf_demos_ws/install/rmf_fleet_msgs:/rmf_demos_ws/install/rmf_door_msgs:/rmf_demos_ws/install/rmf_dispenser_msgs:/rmf_demos_ws/install/rmf_demos_maps:/rmf_demos_ws/install/rmf_demos_assets:/rmf_demos_ws/install/rmf_charger_msgs:/rmf_demos_ws/install/rmf_building_map_msgs:/rmf_demos_ws/install/rmf_api_msgs:/rmf_demos_ws/install/pybind11_json_vendor:/rmf_demos_ws/install/nlohmann_json_schema_validator_vendor:/home/usuario/IR2134/rmf_ws/src/project/install/project_fleet_adapter:/rmf_demos_ws/install/rmf_demos_fleet_adapter:/rmf_demos_ws/install/rmf_visualization_building_systems:/rmf_demos_ws/install/rmf_traffic_examples:/rmf_demos_ws/install/rmf_demos_bridges:/rmf_demos_ws/install/rmf_demos_tasks:/rmf_demos_ws/install/rmf_building_map_tools:/rmf_demos_ws/install/rmf_charging_schedule:/opt/ros/jazzy:/rmf_demos_ws/install/menge_vendor:/rmf_demos_ws/install/ament_cmake_catch2:/opt/ros/jazzy/opt/gz_sim_vendor:/opt/ros/jazzy/opt/gz_sensors_vendor:/opt/ros/jazzy/opt/gz_physics_vendor:/opt/ros/jazzy/opt/sdformat_vendor:/opt/ros/jazzy/opt/gz_gui_vendor:/opt/ros/jazzy/opt/gz_transport_vendor:/opt/ros/jazzy/opt/gz_rendering_vendor:/opt/ros/jazzy/opt/gz_plugin_vendor:/opt/ros/jazzy/opt/gz_fuel_tools_vendor:/opt/ros/jazzy/opt/gz_msgs_vendor:/opt/ros/jazzy/opt/gz_common_vendor:/opt/ros/jazzy/opt/gz_math_vendor:/opt/ros/jazzy/opt/gz_utils_vendor:/opt/ros/jazzy/opt/gz_tools_vendor:/opt/ros/jazzy/opt/gz_ogre_next_vendor:/opt/ros/jazzy/opt/gz_dartsim_vendor:/opt/ros/jazzy/opt/gz_cmake_vendor /usr/bin/cmake /home/usuario/IR2134/rmf_ws/src/project/project_maps -DCMAKE_INSTALL_PREFIX=/home/usuario/IR2134/rmf_ws/src/project/install/project_maps
[0.435s] -- The C compiler identification is GNU 13.3.0
[0.573s] -- The CXX compiler identification is GNU 13.3.0
[0.610s] -- Detecting C compiler ABI info
[0.973s] -- Detecting C compiler ABI info - done
[0.988s] -- Check for working C compiler: /usr/bin/cc - skipped
[0.988s] -- Detecting C compile features
[0.988s] -- Detecting C compile features - done
[1.015s] -- Detecting CXX compiler ABI info
[1.352s] -- Detecting CXX compiler ABI info - done
[1.366s] -- Check for working CXX compiler: /usr/bin/c++ - skipped
[1.366s] -- Detecting CXX compile features
[1.367s] -- Detecting CXX compile features - done
[1.391s] -- Found ament_cmake: 2.5.3 (/opt/ros/jazzy/share/ament_cmake/cmake)
[1.621s] -- Found Python3: /usr/bin/python3 (found version "3.12.3") found components: Interpreter 
[1.998s] [0mBUILDING WORLDFILE WITH COMMAND: ros2 run rmf_building_map_tools building_map_generator gazebo /home/usuario/IR2134/rmf_ws/src/project/project_maps/maps/roscon/roscon.building.yaml /home/usuario/IR2134/rmf_ws/src/project/build/project_maps/maps/roscon/roscon.world /home/usuario/IR2134/rmf_ws/src/project/build/project_maps/maps/roscon/models[0m
[1.998s] [0mDOWNLOADING MODELS WITH COMMAND: ros2 run rmf_building_map_tools building_map_model_downloader /home/usuario/IR2134/rmf_ws/src/project/project_maps/maps/roscon/roscon.building.yaml[0m
[1.999s] [0mBUILDING WORLDFILE WITH COMMAND: ros2 run rmf_building_map_tools building_map_generator gazebo /home/usuario/IR2134/rmf_ws/src/project/project_maps/maps/test1/test1.building.yaml /home/usuario/IR2134/rmf_ws/src/project/build/project_maps/maps/test1/test1.world /home/usuario/IR2134/rmf_ws/src/project/build/project_maps/maps/test1/models[0m
[1.999s] [0mDOWNLOADING MODELS WITH COMMAND: ros2 run rmf_building_map_tools building_map_model_downloader /home/usuario/IR2134/rmf_ws/src/project/project_maps/maps/test1/test1.building.yaml[0m
[1.999s] -- Configuring done (1.7s)
[2.028s] -- Generating done (0.0s)
[2.105s] -- Build files have been written to: /home/usuario/IR2134/rmf_ws/src/project/build/project_maps
[2.109s] Invoked command in '/home/usuario/IR2134/rmf_ws/src/project/build/project_maps' returned '0': CMAKE_PREFIX_PATH=/home/usuario/IR2134/rmf_ws/src/project/install/project_simulation:/home/usuario/IR2134/rmf_ws/src/project/install/project_config:/home/usuario/IR2134/rmf_ws/src/project/install/project_maps:/home/usuario/IR2134/rmf_ws/src/project/install/project_assets:/rmf_demos_ws/install/rmf_workcell_msgs:/rmf_demos_ws/install/rmf_reservation_node:/rmf_demos_ws/install/rmf_demos_gz:/rmf_demos_ws/install/rmf_demos:/rmf_demos_ws/install/rmf_fleet_adapter_python:/rmf_demos_ws/install/rmf_fleet_adapter:/rmf_demos_ws/install/rmf_task_ros2:/rmf_demos_ws/install/rmf_websocket:/rmf_demos_ws/install/rmf_visualization:/rmf_demos_ws/install/rmf_visualization_schedule:/rmf_demos_ws/install/rmf_visualization_rviz2_plugins:/rmf_demos_ws/install/rmf_visualization_obstacles:/rmf_demos_ws/install/rmf_visualization_navgraphs:/rmf_demos_ws/install/rmf_visualization_floorplans:/rmf_demos_ws/install/rmf_visualization_fleet_states:/rmf_demos_ws/install/rmf_visualization_msgs:/rmf_demos_ws/install/rmf_traffic_ros2:/rmf_demos_ws/install/rmf_task_sequence:/rmf_demos_ws/install/rmf_task:/rmf_demos_ws/install/rmf_battery:/rmf_demos_ws/install/rmf_traffic:/rmf_demos_ws/install/rmf_utils:/rmf_demos_ws/install/rmf_traffic_msgs:/rmf_demos_ws/install/rmf_traffic_editor_test_maps:/rmf_demos_ws/install/rmf_traffic_editor_assets:/rmf_demos_ws/install/rmf_traffic_editor:/rmf_demos_ws/install/rmf_task_msgs:/rmf_demos_ws/install/rmf_site_map_msgs:/rmf_demos_ws/install/rmf_scheduler_msgs:/rmf_demos_ws/install/rmf_robot_sim_gz_plugins:/rmf_demos_ws/install/rmf_robot_sim_common:/rmf_demos_ws/install/rmf_reservation_msgs:/rmf_demos_ws/install/rmf_obstacle_msgs:/rmf_demos_ws/install/rmf_building_sim_gz_plugins:/rmf_demos_ws/install/rmf_lift_msgs:/rmf_demos_ws/install/rmf_ingestor_msgs:/rmf_demos_ws/install/rmf_fleet_msgs:/rmf_demos_ws/install/rmf_door_msgs:/rmf_demos_ws/install/rmf_dispenser_msgs:/rmf_demos_ws/install/rmf_demos_maps:/rmf_demos_ws/install/rmf_demos_assets:/rmf_demos_ws/install/rmf_charger_msgs:/rmf_demos_ws/install/rmf_building_map_msgs:/rmf_demos_ws/install/rmf_api_msgs:/rmf_demos_ws/install/pybind11_json_vendor:/rmf_demos_ws/install/nlohmann_json_schema_validator_vendor:/home/usuario/IR2134/rmf_ws/src/project/install/project_fleet_adapter:/rmf_demos_ws/install/rmf_demos_fleet_adapter:/rmf_demos_ws/install/rmf_visualization_building_systems:/rmf_demos_ws/install/rmf_traffic_examples:/rmf_demos_ws/install/rmf_demos_bridges:/rmf_demos_ws/install/rmf_demos_tasks:/rmf_demos_ws/install/rmf_building_map_tools:/rmf_demos_ws/install/rmf_charging_schedule:/opt/ros/jazzy:/rmf_demos_ws/install/menge_vendor:/rmf_demos_ws/install/ament_cmake_catch2:/opt/ros/jazzy/opt/gz_sim_vendor:/opt/ros/jazzy/opt/gz_sensors_vendor:/opt/ros/jazzy/opt/gz_physics_vendor:/opt/ros/jazzy/opt/sdformat_vendor:/opt/ros/jazzy/opt/gz_gui_vendor:/opt/ros/jazzy/opt/gz_transport_vendor:/opt/ros/jazzy/opt/gz_rendering_vendor:/opt/ros/jazzy/opt/gz_plugin_vendor:/opt/ros/jazzy/opt/gz_fuel_tools_vendor:/opt/ros/jazzy/opt/gz_msgs_vendor:/opt/ros/jazzy/opt/gz_common_vendor:/opt/ros/jazzy/opt/gz_math_vendor:/opt/ros/jazzy/opt/gz_utils_vendor:/opt/ros/jazzy/opt/gz_tools_vendor:/opt/ros/jazzy/opt/gz_ogre_next_vendor:/opt/ros/jazzy/opt/gz_dartsim_vendor:/opt/ros/jazzy/opt/gz_cmake_vendor /usr/bin/cmake /home/usuario/IR2134/rmf_ws/src/project/project_maps -DCMAKE_INSTALL_PREFIX=/home/usuario/IR2134/rmf_ws/src/project/install/project_maps
[2.117s] Invoking command in '/home/usuario/IR2134/rmf_ws/src/project/build/project_maps': CMAKE_PREFIX_PATH=/home/usuario/IR2134/rmf_ws/src/project/install/project_simulation:/home/usuario/IR2134/rmf_ws/src/project/install/project_config:/home/usuario/IR2134/rmf_ws/src/project/install/project_maps:/home/usuario/IR2134/rmf_ws/src/project/install/project_assets:/rmf_demos_ws/install/rmf_workcell_msgs:/rmf_demos_ws/install/rmf_reservation_node:/rmf_demos_ws/install/rmf_demos_gz:/rmf_demos_ws/install/rmf_demos:/rmf_demos_ws/install/rmf_fleet_adapter_python:/rmf_demos_ws/install/rmf_fleet_adapter:/rmf_demos_ws/install/rmf_task_ros2:/rmf_demos_ws/install/rmf_websocket:/rmf_demos_ws/install/rmf_visualization:/rmf_demos_ws/install/rmf_visualization_schedule:/rmf_demos_ws/install/rmf_visualization_rviz2_plugins:/rmf_demos_ws/install/rmf_visualization_obstacles:/rmf_demos_ws/install/rmf_visualization_navgraphs:/rmf_demos_ws/install/rmf_visualization_floorplans:/rmf_demos_ws/install/rmf_visualization_fleet_states:/rmf_demos_ws/install/rmf_visualization_msgs:/rmf_demos_ws/install/rmf_traffic_ros2:/rmf_demos_ws/install/rmf_task_sequence:/rmf_demos_ws/install/rmf_task:/rmf_demos_ws/install/rmf_battery:/rmf_demos_ws/install/rmf_traffic:/rmf_demos_ws/install/rmf_utils:/rmf_demos_ws/install/rmf_traffic_msgs:/rmf_demos_ws/install/rmf_traffic_editor_test_maps:/rmf_demos_ws/install/rmf_traffic_editor_assets:/rmf_demos_ws/install/rmf_traffic_editor:/rmf_demos_ws/install/rmf_task_msgs:/rmf_demos_ws/install/rmf_site_map_msgs:/rmf_demos_ws/install/rmf_scheduler_msgs:/rmf_demos_ws/install/rmf_robot_sim_gz_plugins:/rmf_demos_ws/install/rmf_robot_sim_common:/rmf_demos_ws/install/rmf_reservation_msgs:/rmf_demos_ws/install/rmf_obstacle_msgs:/rmf_demos_ws/install/rmf_building_sim_gz_plugins:/rmf_demos_ws/install/rmf_lift_msgs:/rmf_demos_ws/install/rmf_ingestor_msgs:/rmf_demos_ws/install/rmf_fleet_msgs:/rmf_demos_ws/install/rmf_door_msgs:/rmf_demos_ws/install/rmf_dispenser_msgs:/rmf_demos_ws/install/rmf_demos_maps:/rmf_demos_ws/install/rmf_demos_assets:/rmf_demos_ws/install/rmf_charger_msgs:/rmf_demos_ws/install/rmf_building_map_msgs:/rmf_demos_ws/install/rmf_api_msgs:/rmf_demos_ws/install/pybind11_json_vendor:/rmf_demos_ws/install/nlohmann_json_schema_validator_vendor:/home/usuario/IR2134/rmf_ws/src/project/install/project_fleet_adapter:/rmf_demos_ws/install/rmf_demos_fleet_adapter:/rmf_demos_ws/install/rmf_visualization_building_systems:/rmf_demos_ws/install/rmf_traffic_examples:/rmf_demos_ws/install/rmf_demos_bridges:/rmf_demos_ws/install/rmf_demos_tasks:/rmf_demos_ws/install/rmf_building_map_tools:/rmf_demos_ws/install/rmf_charging_schedule:/opt/ros/jazzy:/rmf_demos_ws/install/menge_vendor:/rmf_demos_ws/install/ament_cmake_catch2:/opt/ros/jazzy/opt/gz_sim_vendor:/opt/ros/jazzy/opt/gz_sensors_vendor:/opt/ros/jazzy/opt/gz_physics_vendor:/opt/ros/jazzy/opt/sdformat_vendor:/opt/ros/jazzy/opt/gz_gui_vendor:/opt/ros/jazzy/opt/gz_transport_vendor:/opt/ros/jazzy/opt/gz_rendering_vendor:/opt/ros/jazzy/opt/gz_plugin_vendor:/opt/ros/jazzy/opt/gz_fuel_tools_vendor:/opt/ros/jazzy/opt/gz_msgs_vendor:/opt/ros/jazzy/opt/gz_common_vendor:/opt/ros/jazzy/opt/gz_math_vendor:/opt/ros/jazzy/opt/gz_utils_vendor:/opt/ros/jazzy/opt/gz_tools_vendor:/opt/ros/jazzy/opt/gz_ogre_next_vendor:/opt/ros/jazzy/opt/gz_dartsim_vendor:/opt/ros/jazzy/opt/gz_cmake_vendor /usr/bin/cmake --build /home/usuario/IR2134/rmf_ws/src/project/build/project_maps -- -j6 -l6
[2.301s] [ 33%] [34m[1mGenerating maps/roscon/nav_graphs/phony[0m
[2.301s] [ 33%] [34m[1mGenerating maps/test1/nav_graphs/phony[0m
[2.304s] [ 50%] [34m[1mGenerating maps/roscon/roscon.world[0m
[2.310s] [ 66%] [34m[1mGenerating maps/test1/test1.world[0m
[2.816s] building name: test1
[2.816s] coordinate system: reference_image
[2.816s] parsing level L1
[2.816s] calculating levels relative to L1
[2.816s] level L1 scale: 0.06666666666666667
[2.817s] generating nav data
[2.817s] writing /home/usuario/IR2134/rmf_ws/src/project/build/project_maps/maps/test1/nav_graphs/0.yaml
[2.819s] generating /home/usuario/IR2134/rmf_ws/src/project/build/project_maps/maps/roscon/roscon.world from /home/usuario/IR2134/rmf_ws/src/project/project_maps/maps/roscon/roscon.building.yaml
[2.827s] generating /home/usuario/IR2134/rmf_ws/src/project/build/project_maps/maps/test1/test1.world from /home/usuario/IR2134/rmf_ws/src/project/project_maps/maps/test1/test1.building.yaml
[2.839s] building name: test1
[2.839s] coordinate system: reference_image
[2.839s] parsing level L1
[2.839s] calculating levels relative to L1
[2.840s] level L1 scale: 0.06666666666666667
[2.840s] generating model of level L1 in /home/usuario/IR2134/rmf_ws/src/project/build/project_maps/maps/test1/models/test1_L1
[2.840s]   wrote /home/usuario/IR2134/rmf_ws/src/project/build/project_maps/maps/test1/models/test1_L1/model.config
[2.840s] generating floor polygon 1 on floor test1_L1
[2.840s] hole vertices: []
[2.840s] lift vertices: {}
[2.841s] [[0, 3, 1], [1, 3, 2]]
[2.842s]   wrote /home/usuario/IR2134/rmf_ws/src/project/build/project_maps/maps/test1/models/test1_L1/meshes/floor_1.obj
[2.844s]   wrote /home/usuario/IR2134/rmf_ws/src/project/build/project_maps/maps/test1/models/test1_L1/meshes/blue_linoleum.png
[2.848s]   wrote /home/usuario/IR2134/rmf_ws/src/project/build/project_maps/maps/test1/models/test1_L1/meshes/floor_1.mtl
[2.848s] Walls Generation, wall params list: [{'alpha': <building_map.param_value.ParamValue object at 0x750ec0cdb8c0>, 'texture_height': <building_map.param_value.ParamValue object at 0x750ec0cdb9e0>, 'texture_name': <building_map.param_value.ParamValue object at 0x750ec0cdb9b0>, 'texture_scale': <building_map.param_value.ParamValue object at 0x750ec0cdb980>, 'texture_width': <building_map.param_value.ParamValue object at 0x750ec0cdb950>}]
[2.848s] generating wall: 1 on floor: test1_L1
[2.850s]   wrote /home/usuario/IR2134/rmf_ws/src/project/build/project_maps/maps/test1/models/test1_L1/meshes/default.png
[2.852s] generate_wall_visual_mesh(test1_L1, /home/usuario/IR2134/rmf_ws/src/project/build/project_maps/maps/test1/models/test1_L1)
[2.853s]   generating /home/usuario/IR2134/rmf_ws/src/project/build/project_maps/maps/test1/models/test1_L1/meshes/wall_1.obj
[2.856s]   generating /home/usuario/IR2134/rmf_ws/src/project/build/project_maps/maps/test1/models/test1_L1/meshes/wall_1.mtl
[2.862s]   wrote /home/usuario/IR2134/rmf_ws/src/project/build/project_maps/maps/test1/models/test1_L1/model.sdf
[2.863s] spawning robot name tinyRobot1 of type TinyRobot
[2.867s] 11554 bytes written to /home/usuario/IR2134/rmf_ws/src/project/build/project_maps/maps/test1/test1.world
[2.915s] [ 66%] Built target generate_test1_nav_graphs
[2.938s] building name: roscon
[2.938s] coordinate system: reference_image
[2.938s] parsing level L1
[2.940s] parsing level L2
[2.940s] calculating levels relative to L1
[2.940s] level L1 scale: 0.02540575101517147
[2.940s] calculating level L2 offset and scale...
[2.941s]   2 common fiducials:
[2.941s] Transform.set_from_fiducials()
[2.941s]   2 fiducial pairs:
[2.941s]     (687.2, -1417.8) -> (687.64, -1417.9)   left_column
[2.941s]     (916.56, -1418.8) -> (918.59, -1418.3)   right_column
[2.941s]     calc dist left_column <=> right_column
[2.941s] Bearings:
[2.941s] [(-0.004373029209261051, -0.0014981586539799935)]
[2.941s]   0.002874870555281057
[2.941s]   Circular mean: -0.002874870555281057
[2.941s] Distances:
[2.942s] [(229.3611930776433, 230.95025918149565)]
[2.942s] mean relative scale: 1.0069282256624574
[2.942s] translation: (0.21192, -0.19473)
[2.946s] parsing lift lift
[2.946s] generating nav data
[2.949s] hooray, we found an intersection: t=0.507, u=0.542
[2.949s]   (868.899,-246.402),(868.899,-119.035) and (843.773,-182.276),(890.102,-181.542)
[2.949s] found intersection with door porta11!
[2.949s] hooray, we found an intersection: t=0.327, u=0.686
[2.950s]   (885.98,-1178.361),(885.98,-1378.868) and (809.287,-1243.951),(921.029,-1243.951)
[2.950s] found intersection with door porta4!
[2.950s] hooray, we found an intersection: t=0.471, u=0.27
[2.950s]   (716.664,-1176.992),(712.322,-1319.536) and (684.803,-1244.256),(795.375,-1243.921)
[2.950s] found intersection with door porta5!
[2.950s] hooray, we found an intersection: t=0.599, u=0.466
[2.950s]   (749.695,-1699.028),(608.84,-1700.685) and (664.943,-1725.627),(665.716,-1670.655)
[2.950s] found intersection with door porta1!
[2.951s] hooray, we found an intersection: t=0.486, u=0.587
[2.951s]   (732.277,-1372.356),(627.739,-1372.356) and (681.425,-1394.047),(681.425,-1357.1)
[2.951s] found intersection with door porta2!
[2.951s] hooray, we found an intersection: t=0.473, u=0.379
[2.951s]   (885.98,-1378.868),(961.898,-1378.868) and (922.155,-1391.5),(921.436,-1358.198)
[2.951s] found intersection with door porta3!
[2.951s] hooray, we found an intersection: t=0.614, u=0.423
[2.951s]   (324.564,-952.615),(406.163,-952.615) and (374.811,-936.603),(374.518,-974.417)
[2.951s] found intersection with door porta6!
[2.951s] hooray, we found an intersection: t=0.637, u=0.461
[2.951s]   (324.564,-851.4),(403.809,-851.4) and (374.811,-868.787),(375.245,-831.086)
[2.951s] found intersection with door porta7!
[2.951s] hooray, we found an intersection: t=0.602, u=0.604
[2.952s]   (324.564,-741.555),(408.517,-741.555) and (375.245,-764.378),(375.043,-726.568)
[2.952s] found intersection with door porta81!
[2.952s] hooray, we found an intersection: t=0.635, u=0.555
[2.952s]   (324.564,-637.987),(403.809,-637.987) and (375.043,-658.035),(374.762,-621.92)
[2.952s] found intersection with door porta8!
[2.952s] hooray, we found an intersection: t=0.569, u=0.435
[2.952s]   (324.564,-536.947),(412.271,-536.947) and (374.762,-553.243),(374.087,-515.813)
[2.952s] found intersection with door porta9!
[2.952s] hooray, we found an intersection: t=0.568, u=0.506
[2.952s]   (324.564,-428.312),(411.331,-428.312) and (374.087,-446.67),(373.55,-410.382)
[2.952s] found intersection with door porta10!
[2.952s] hooray, we found an intersection: t=0.52, u=0.772
[2.953s]   (770.208,-1316.641),(770.208,-1176.992) and (684.803,-1244.256),(795.375,-1243.921)
[2.953s] found intersection with door porta5!
[2.953s] hooray, we found an intersection: t=0.663, u=0.304
[2.953s]   (843.289,-1375.974),(843.289,-1176.992) and (809.287,-1243.951),(921.029,-1243.951)
[2.953s] found intersection with door porta4!
[2.953s] hooray, we found an intersection: t=0.51, u=0.728
[2.953s]   (711.768,-1158.134),(711.768,-1326.804) and (796.737,-1244.207),(680.059,-1244.207)
[2.953s] found intersection with door porta12!
[2.953s] hooray, we found an intersection: t=0.541, u=0.611
[2.953s]   (877.465,-1181.911),(877.465,-1297.082) and (808.451,-1244.207),(921.478,-1244.207)
[2.954s] found intersection with door porta13!
[2.954s] hooray, we found an intersection: t=0.544, u=0.177
[2.954s]   (828.425,-1181.911),(828.425,-1296.339) and (808.451,-1244.207),(921.478,-1244.207)
[2.954s] found intersection with door porta13!
[2.954s] hooray, we found an intersection: t=0.426, u=0.359
[2.954s]   (754.864,-1181.911),(754.864,-1328.29) and (796.737,-1244.207),(680.059,-1244.207)
[2.954s] found intersection with door porta12!
[2.954s] hooray, we found an intersection: t=0.558, u=0.432
[2.954s]   (877.465,-1375.844),(972.43,-1375.844) and (930.457,-1391.932),(930.457,-1354.697)
[2.954s] found intersection with door porta16!
[2.954s] hooray, we found an intersection: t=0.344, u=0.522
[2.954s]   (711.768,-1376.587),(622.888,-1376.587) and (681.161,-1356.472),(681.161,-1395.025)
[2.954s] found intersection with door porta15!
[2.955s] writing /home/usuario/IR2134/rmf_ws/src/project/build/project_maps/maps/roscon/nav_graphs/0.yaml
[2.959s] building name: roscon
[2.959s] coordinate system: reference_image
[2.959s] parsing level L1
[2.960s] parsing level L2
[2.961s] calculating levels relative to L1
[2.961s] level L1 scale: 0.02540575101517147
[2.961s] calculating level L2 offset and scale...
[2.961s]   2 common fiducials:
[2.961s] Transform.set_from_fiducials()
[2.961s]   2 fiducial pairs:
[2.961s]     (687.2, -1417.8) -> (687.64, -1417.9)   left_column
[2.961s]     (916.56, -1418.8) -> (918.59, -1418.3)   right_column
[2.961s]     calc dist left_column <=> right_column
[2.961s] Bearings:
[2.961s] [(-0.004373029209261051, -0.0014981586539799935)]
[2.962s]   0.002874870555281057
[2.962s]   Circular mean: -0.002874870555281057
[2.962s] Distances:
[2.962s] [(229.3611930776433, 230.95025918149565)]
[2.962s] mean relative scale: 1.0069282256624574
[2.962s] translation: (0.21192, -0.19473)
[2.962s] writing /home/usuario/IR2134/rmf_ws/src/project/build/project_maps/maps/roscon/nav_graphs/1.yaml
[2.963s] writing /home/usuario/IR2134/rmf_ws/src/project/build/project_maps/maps/roscon/nav_graphs/2.yaml
[2.964s] writing /home/usuario/IR2134/rmf_ws/src/project/build/project_maps/maps/roscon/nav_graphs/3.yaml
[2.966s] parsing lift lift
[2.966s] writing /home/usuario/IR2134/rmf_ws/src/project/build/project_maps/maps/roscon/nav_graphs/6.yaml
[2.967s] generating model of level L1 in /home/usuario/IR2134/rmf_ws/src/project/build/project_maps/maps/roscon/models/roscon_L1
[2.967s]   wrote /home/usuario/IR2134/rmf_ws/src/project/build/project_maps/maps/roscon/models/roscon_L1/model.config
[2.967s] generating floor polygon 1 on floor roscon_L1
[2.967s] hole vertices: []
[2.967s] lift vertices: {'lift': [(12.923163058344308, -28.166613667447187), (12.923163058344308, -30.26661366744719), (15.02316305834431, -30.26661366744719), (15.02316305834431, -28.166613667447187)]}
[2.973s] [[0, 5, 6], [0, 6, 7], [0, 7, 1], [1, 7, 8], [7, 2, 8], [3, 2, 4], [4, 2, 5], [5, 2, 9], [5, 9, 10], [5, 10, 6], [7, 9, 2]]
[2.975s]   wrote /home/usuario/IR2134/rmf_ws/src/project/build/project_maps/maps/roscon/models/roscon_L1/meshes/floor_1.obj
[2.977s]   wrote /home/usuario/IR2134/rmf_ws/src/project/build/project_maps/maps/roscon/models/roscon_L1/meshes/blue_linoleum.png
[2.978s]   wrote /home/usuario/IR2134/rmf_ws/src/project/build/project_maps/maps/roscon/models/roscon_L1/meshes/floor_1.mtl
[2.978s] Walls Generation, wall params list: [{'alpha': <building_map.param_value.ParamValue object at 0x798f8f1e3b60>, 'texture_height': <building_map.param_value.ParamValue object at 0x798f8f1e3b90>, 'texture_name': <building_map.param_value.ParamValue object at 0x798f8f1e3bc0>, 'texture_scale': <building_map.param_value.ParamValue object at 0x798f8f1e3bf0>, 'texture_width': <building_map.param_value.ParamValue object at 0x798f8f1e3c20>}]
[2.979s] generating wall: 1 on floor: roscon_L1
[2.980s]   wrote /home/usuario/IR2134/rmf_ws/src/project/build/project_maps/maps/roscon/models/roscon_L1/meshes/default.png
[2.981s] generate_wall_visual_mesh(roscon_L1, /home/usuario/IR2134/rmf_ws/src/project/build/project_maps/maps/roscon/models/roscon_L1)
[2.981s]   generating /home/usuario/IR2134/rmf_ws/src/project/build/project_maps/maps/roscon/models/roscon_L1/meshes/wall_1.obj
[2.993s]   generating /home/usuario/IR2134/rmf_ws/src/project/build/project_maps/maps/roscon/models/roscon_L1/meshes/wall_1.mtl
[2.995s]   wrote /home/usuario/IR2134/rmf_ws/src/project/build/project_maps/maps/roscon/models/roscon_L1/model.sdf
[2.995s] generating model of level L2 in /home/usuario/IR2134/rmf_ws/src/project/build/project_maps/maps/roscon/models/roscon_L2
[2.995s]   wrote /home/usuario/IR2134/rmf_ws/src/project/build/project_maps/maps/roscon/models/roscon_L2/model.config
[2.996s] generating floor polygon 1 on floor roscon_L2
[2.996s] hole vertices: []
[2.996s] lift vertices: {'lift': [(12.923163058344308, -28.166613667447187), (12.923163058344308, -30.26661366744719), (15.02316305834431, -30.26661366744719), (15.02316305834431, -28.166613667447187)]}
[3.003s] [[0, 1, 6], [0, 6, 5], [5, 6, 7], [5, 7, 4], [4, 7, 3], [3, 7, 8], [3, 8, 2], [2, 8, 9], [2, 9, 1], [1, 9, 6]]
[3.003s]   wrote /home/usuario/IR2134/rmf_ws/src/project/build/project_maps/maps/roscon/models/roscon_L2/meshes/floor_1.obj
[3.003s]   wrote /home/usuario/IR2134/rmf_ws/src/project/build/project_maps/maps/roscon/models/roscon_L2/meshes/blue_linoleum.png
[3.005s]   wrote /home/usuario/IR2134/rmf_ws/src/project/build/project_maps/maps/roscon/models/roscon_L2/meshes/floor_1.mtl
[3.005s] Walls Generation, wall params list: [{'alpha': <building_map.param_value.ParamValue object at 0x798f8f0aaa80>, 'texture_height': <building_map.param_value.ParamValue object at 0x798f8f0aaab0>, 'texture_name': <building_map.param_value.ParamValue object at 0x798f8f0aaae0>, 'texture_scale': <building_map.param_value.ParamValue object at 0x798f8f0aab10>, 'texture_width': <building_map.param_value.ParamValue object at 0x798f8f0aab40>}]
[3.005s] generating wall: 1 on floor: roscon_L2
[3.009s]   wrote /home/usuario/IR2134/rmf_ws/src/project/build/project_maps/maps/roscon/models/roscon_L2/meshes/default.png
[3.010s] generate_wall_visual_mesh(roscon_L2, /home/usuario/IR2134/rmf_ws/src/project/build/project_maps/maps/roscon/models/roscon_L2)
[3.010s]   generating /home/usuario/IR2134/rmf_ws/src/project/build/project_maps/maps/roscon/models/roscon_L2/meshes/wall_1.obj
[3.013s]   generating /home/usuario/IR2134/rmf_ws/src/project/build/project_maps/maps/roscon/models/roscon_L2/meshes/wall_1.mtl
[3.015s]   wrote /home/usuario/IR2134/rmf_ws/src/project/build/project_maps/maps/roscon/models/roscon_L2/model.sdf
[3.017s] spawning robot name tinyRobot1 of type TinyRobot
[3.017s] generate door name=porta5 type=double_hinged
[3.018s] Door(porta5)
[3.018s] generate door name=porta4 type=double_hinged
[3.018s] Door(porta4)
[3.018s] generate door name=porta6 type=sliding
[3.018s] Door(porta6)
[3.018s] generate door name=porta7 type=sliding
[3.019s] Door(porta7)
[3.019s] generate door name=porta81 type=sliding
[3.019s] Door(porta81)
[3.019s] generate door name=porta8 type=sliding
[3.019s] Door(porta8)
[3.019s] generate door name=porta9 type=sliding
[3.019s] Door(porta9)
[3.019s] generate door name=porta10 type=sliding
[3.020s] Door(porta10)
[3.020s] generate door name=porta1 type=double_hinged
[3.020s] Door(porta1)
[3.020s] generate door name=porta11 type=hinged
[3.020s] Door(porta11)
[3.020s] generate door name=porta2 type=hinged
[3.020s] Door(porta2)
[3.020s] generate door name=porta3 type=sliding
[3.020s] Door(porta3)
[3.020s] generate door name=porta12 type=double_hinged
[3.020s] Door(porta12)
[3.020s] generate door name=porta13 type=double_hinged
[3.020s] Door(porta13)
[3.021s] generate door name=porta15 type=hinged
[3.021s] Door(porta15)
[3.021s] generate door name=porta16 type=sliding
[3.021s] Door(porta16)
[3.027s] 133399 bytes written to /home/usuario/IR2134/rmf_ws/src/project/build/project_maps/maps/roscon/roscon.world
[3.061s] [ 66%] Built target generate_roscon_nav_graphs
[3.451s] building name: test1
[3.451s] coordinate system: reference_image
[3.452s] parsing level L1
[3.452s] calculating levels relative to L1
[3.452s] level L1 scale: 0.06666666666666667
[3.492s] Models: [] are used in crowd_sim
[3.509s] Load success!
[3.509s] 
[3.509s] Cache found! Model count: 2934 
[3.509s] Updating cache...
[3.509s] Topping up Fuel (updating cache) from: https://fuel.gazebosim.org/1.0/models
[3.509s] Fetching page: 1
[3.715s] building name: roscon
[3.715s] coordinate system: reference_image
[3.715s] parsing level L1
[3.716s] parsing level L2
[3.717s] calculating levels relative to L1
[3.717s] level L1 scale: 0.02540575101517147
[3.717s] calculating level L2 offset and scale...
[3.717s]   2 common fiducials:
[3.717s] Transform.set_from_fiducials()
[3.717s]   2 fiducial pairs:
[3.717s]     (687.2, -1417.8) -> (687.64, -1417.9)   left_column
[3.717s]     (916.56, -1418.8) -> (918.59, -1418.3)   right_column
[3.717s]     calc dist left_column <=> right_column
[3.717s] Bearings:
[3.718s] [(-0.004373029209261051, -0.0014981586539799935)]
[3.718s]   0.002874870555281057
[3.718s]   Circular mean: -0.002874870555281057
[3.718s] Distances:
[3.718s] [(229.3611930776433, 230.95025918149565)]
[3.718s] mean relative scale: 1.0069282256624574
[3.718s] translation: (0.21192, -0.19473)
[3.722s] parsing lift lift
[4.013s] Cached model found! Halting Fuel traversal...
[4.013s] Writing to cache: /home/usuario/.pit_crew/model_cache.json
[4.055s] New models cached: 0
[4.055s] 
[4.056s] WARNING::pit_crew.get_local_model_name_tuples():275: No local model path given! Using default ~/.gazebo/models/ instead!
[4.059s] 
[4.059s] == REQUESTED MODEL REPORT ==
[4.059s] {'available': [], 'downloadable': [], 'missing': []}
[4.059s] 
[4.059s] == THE FOLLOWING MODELS HAVE SPECIFIED AUTHORS ==
[4.059s] {}
[4.060s] 
[4.155s] [ 83%] [34m[1mGenerating test1_crowdsim[0m
[4.308s] Models: [] are used in crowd_sim
[4.323s] Load success!
[4.323s] 
[4.323s] Cache found! Model count: 2934 
[4.324s] Updating cache...
[4.324s] Topping up Fuel (updating cache) from: https://fuel.gazebosim.org/1.0/models
[4.324s] Fetching page: 1
[4.660s] Creating output folder path:  /home/usuario/IR2134/rmf_ws/src/project/build/project_maps/maps/test1/config_resource/
[4.696s] crowdsim unable to parse, not attempting to proceed
[4.730s] crowdsim unable to parse, not attempting to proceed
[4.784s] Cached model found! Halting Fuel traversal...
[4.784s] Writing to cache: /home/usuario/.pit_crew/model_cache.json
[4.822s] New models cached: 0
[4.822s] 
[4.823s] WARNING::pit_crew.get_local_model_name_tuples():275: No local model path given! Using default ~/.gazebo/models/ instead!
[4.824s] WARNING::pit_crew.get_missing_models():224: Model WoodenChair in local model directory is not by the requested author OpenRobotics!
[4.824s] WARNING::pit_crew.get_missing_models():224: Model AdjTable in local model directory is not by the requested author OpenRobotics!
[4.825s] WARNING::pit_crew.get_missing_models():224: Model CoffeeTable in local model directory is not by the requested author OpenRobotics!
[4.825s] WARNING::pit_crew.get_missing_models():224: Model Drawer in local model directory is not by the requested author OpenRobotics!
[4.825s] WARNING::pit_crew.get_missing_models():224: Model Sofa in local model directory is not by the requested author OpenRobotics!
[4.825s] WARNING::pit_crew.get_missing_models():224: Model MiniSofa in local model directory is not by the requested author OpenRobotics!
[4.825s] WARNING::pit_crew.get_missing_models():224: Model Cafe table in local model directory is not by the requested author OpenRobotics!
[4.825s] WARNING::pit_crew.get_missing_models():224: Model Chair in local model directory is not by the requested author OpenRobotics!
[4.827s] 
[4.827s] == REQUESTED MODEL REPORT ==
[4.827s] {'available': [('WoodenChair', ['/home/usuario/.gazebo/models/WoodenChair/']),
[4.827s]                ('AdjTable', ['/home/usuario/.gazebo/models/AdjTable/']),
[4.827s]                ('CoffeeTable', ['/home/usuario/.gazebo/models/CoffeeTable/']),
[4.827s]                ('Drawer', ['/home/usuario/.gazebo/models/Drawer/']),
[4.827s]                ('Sofa', ['/home/usuario/.gazebo/models/Sofa/']),
[4.827s]                ('MiniSofa', ['/home/usuario/.gazebo/models/MiniSofa/']),
[4.828s]                ('Cafe table', ['/home/usuario/.gazebo/models/Cafe table/']),
[4.828s]                ('Chair', ['/home/usuario/.gazebo/models/Chair/'])],
[4.828s]  'downloadable': [],
[4.828s]  'missing': []}
[4.828s] 
[4.828s] == THE FOLLOWING MODELS HAVE SPECIFIED AUTHORS ==
[4.828s] {'adjtable': 'openrobotics',
[4.828s]  'cafe table': 'openrobotics',
[4.828s]  'chair': 'openrobotics',
[4.828s]  'coffeetable': 'openrobotics',
[4.828s]  'drawer': 'openrobotics',
[4.828s]  'minisofa': 'openrobotics',
[4.828s]  'sofa': 'openrobotics',
[4.829s]  'woodenchair': 'openrobotics'}
[4.829s] 
[4.829s] WARNING::building_map_model_downloader.export_downloaded_model():85: /home/usuario/.gazebo/models/WoodenChair already exists, skipping...
[4.829s] WARNING::building_map_model_downloader.export_downloaded_model():85: /home/usuario/.gazebo/models/AdjTable already exists, skipping...
[4.829s] WARNING::building_map_model_downloader.export_downloaded_model():85: /home/usuario/.gazebo/models/CoffeeTable already exists, skipping...
[4.829s] WARNING::building_map_model_downloader.export_downloaded_model():85: /home/usuario/.gazebo/models/Drawer already exists, skipping...
[4.829s] WARNING::building_map_model_downloader.export_downloaded_model():85: /home/usuario/.gazebo/models/Sofa already exists, skipping...
[4.829s] WARNING::building_map_model_downloader.export_downloaded_model():85: /home/usuario/.gazebo/models/MiniSofa already exists, skipping...
[4.829s] WARNING::building_map_model_downloader.export_downloaded_model():85: /home/usuario/.gazebo/models/Cafe table already exists, skipping...
[4.829s] WARNING::building_map_model_downloader.export_downloaded_model():85: /home/usuario/.gazebo/models/Chair already exists, skipping...
[4.832s] [ 83%] Built target generate_test1_crowdsim
[4.916s] [100%] [34m[1mGenerating roscon_crowdsim[0m
[5.422s] Creating output folder path:  /home/usuario/IR2134/rmf_ws/src/project/build/project_maps/maps/roscon/config_resource/
[6.008s] crowdsim unable to parse, not attempting to proceed
[6.600s] crowdsim unable to parse, not attempting to proceed
[6.705s] [100%] Built target generate_roscon_crowdsim
[6.723s] Invoked command in '/home/usuario/IR2134/rmf_ws/src/project/build/project_maps' returned '0': CMAKE_PREFIX_PATH=/home/usuario/IR2134/rmf_ws/src/project/install/project_simulation:/home/usuario/IR2134/rmf_ws/src/project/install/project_config:/home/usuario/IR2134/rmf_ws/src/project/install/project_maps:/home/usuario/IR2134/rmf_ws/src/project/install/project_assets:/rmf_demos_ws/install/rmf_workcell_msgs:/rmf_demos_ws/install/rmf_reservation_node:/rmf_demos_ws/install/rmf_demos_gz:/rmf_demos_ws/install/rmf_demos:/rmf_demos_ws/install/rmf_fleet_adapter_python:/rmf_demos_ws/install/rmf_fleet_adapter:/rmf_demos_ws/install/rmf_task_ros2:/rmf_demos_ws/install/rmf_websocket:/rmf_demos_ws/install/rmf_visualization:/rmf_demos_ws/install/rmf_visualization_schedule:/rmf_demos_ws/install/rmf_visualization_rviz2_plugins:/rmf_demos_ws/install/rmf_visualization_obstacles:/rmf_demos_ws/install/rmf_visualization_navgraphs:/rmf_demos_ws/install/rmf_visualization_floorplans:/rmf_demos_ws/install/rmf_visualization_fleet_states:/rmf_demos_ws/install/rmf_visualization_msgs:/rmf_demos_ws/install/rmf_traffic_ros2:/rmf_demos_ws/install/rmf_task_sequence:/rmf_demos_ws/install/rmf_task:/rmf_demos_ws/install/rmf_battery:/rmf_demos_ws/install/rmf_traffic:/rmf_demos_ws/install/rmf_utils:/rmf_demos_ws/install/rmf_traffic_msgs:/rmf_demos_ws/install/rmf_traffic_editor_test_maps:/rmf_demos_ws/install/rmf_traffic_editor_assets:/rmf_demos_ws/install/rmf_traffic_editor:/rmf_demos_ws/install/rmf_task_msgs:/rmf_demos_ws/install/rmf_site_map_msgs:/rmf_demos_ws/install/rmf_scheduler_msgs:/rmf_demos_ws/install/rmf_robot_sim_gz_plugins:/rmf_demos_ws/install/rmf_robot_sim_common:/rmf_demos_ws/install/rmf_reservation_msgs:/rmf_demos_ws/install/rmf_obstacle_msgs:/rmf_demos_ws/install/rmf_building_sim_gz_plugins:/rmf_demos_ws/install/rmf_lift_msgs:/rmf_demos_ws/install/rmf_ingestor_msgs:/rmf_demos_ws/install/rmf_fleet_msgs:/rmf_demos_ws/install/rmf_door_msgs:/rmf_demos_ws/install/rmf_dispenser_msgs:/rmf_demos_ws/install/rmf_demos_maps:/rmf_demos_ws/install/rmf_demos_assets:/rmf_demos_ws/install/rmf_charger_msgs:/rmf_demos_ws/install/rmf_building_map_msgs:/rmf_demos_ws/install/rmf_api_msgs:/rmf_demos_ws/install/pybind11_json_vendor:/rmf_demos_ws/install/nlohmann_json_schema_validator_vendor:/home/usuario/IR2134/rmf_ws/src/project/install/project_fleet_adapter:/rmf_demos_ws/install/rmf_demos_fleet_adapter:/rmf_demos_ws/install/rmf_visualization_building_systems:/rmf_demos_ws/install/rmf_traffic_examples:/rmf_demos_ws/install/rmf_demos_bridges:/rmf_demos_ws/install/rmf_demos_tasks:/rmf_demos_ws/install/rmf_building_map_tools:/rmf_demos_ws/install/rmf_charging_schedule:/opt/ros/jazzy:/rmf_demos_ws/install/menge_vendor:/rmf_demos_ws/install/ament_cmake_catch2:/opt/ros/jazzy/opt/gz_sim_vendor:/opt/ros/jazzy/opt/gz_sensors_vendor:/opt/ros/jazzy/opt/gz_physics_vendor:/opt/ros/jazzy/opt/sdformat_vendor:/opt/ros/jazzy/opt/gz_gui_vendor:/opt/ros/jazzy/opt/gz_transport_vendor:/opt/ros/jazzy/opt/gz_rendering_vendor:/opt/ros/jazzy/opt/gz_plugin_vendor:/opt/ros/jazzy/opt/gz_fuel_tools_vendor:/opt/ros/jazzy/opt/gz_msgs_vendor:/opt/ros/jazzy/opt/gz_common_vendor:/opt/ros/jazzy/opt/gz_math_vendor:/opt/ros/jazzy/opt/gz_utils_vendor:/opt/ros/jazzy/opt/gz_tools_vendor:/opt/ros/jazzy/opt/gz_ogre_next_vendor:/opt/ros/jazzy/opt/gz_dartsim_vendor:/opt/ros/jazzy/opt/gz_cmake_vendor /usr/bin/cmake --build /home/usuario/IR2134/rmf_ws/src/project/build/project_maps -- -j6 -l6
[6.798s] Invoking command in '/home/usuario/IR2134/rmf_ws/src/project/build/project_maps': CMAKE_PREFIX_PATH=/home/usuario/IR2134/rmf_ws/src/project/install/project_simulation:/home/usuario/IR2134/rmf_ws/src/project/install/project_config:/home/usuario/IR2134/rmf_ws/src/project/install/project_maps:/home/usuario/IR2134/rmf_ws/src/project/install/project_assets:/rmf_demos_ws/install/rmf_workcell_msgs:/rmf_demos_ws/install/rmf_reservation_node:/rmf_demos_ws/install/rmf_demos_gz:/rmf_demos_ws/install/rmf_demos:/rmf_demos_ws/install/rmf_fleet_adapter_python:/rmf_demos_ws/install/rmf_fleet_adapter:/rmf_demos_ws/install/rmf_task_ros2:/rmf_demos_ws/install/rmf_websocket:/rmf_demos_ws/install/rmf_visualization:/rmf_demos_ws/install/rmf_visualization_schedule:/rmf_demos_ws/install/rmf_visualization_rviz2_plugins:/rmf_demos_ws/install/rmf_visualization_obstacles:/rmf_demos_ws/install/rmf_visualization_navgraphs:/rmf_demos_ws/install/rmf_visualization_floorplans:/rmf_demos_ws/install/rmf_visualization_fleet_states:/rmf_demos_ws/install/rmf_visualization_msgs:/rmf_demos_ws/install/rmf_traffic_ros2:/rmf_demos_ws/install/rmf_task_sequence:/rmf_demos_ws/install/rmf_task:/rmf_demos_ws/install/rmf_battery:/rmf_demos_ws/install/rmf_traffic:/rmf_demos_ws/install/rmf_utils:/rmf_demos_ws/install/rmf_traffic_msgs:/rmf_demos_ws/install/rmf_traffic_editor_test_maps:/rmf_demos_ws/install/rmf_traffic_editor_assets:/rmf_demos_ws/install/rmf_traffic_editor:/rmf_demos_ws/install/rmf_task_msgs:/rmf_demos_ws/install/rmf_site_map_msgs:/rmf_demos_ws/install/rmf_scheduler_msgs:/rmf_demos_ws/install/rmf_robot_sim_gz_plugins:/rmf_demos_ws/install/rmf_robot_sim_common:/rmf_demos_ws/install/rmf_reservation_msgs:/rmf_demos_ws/install/rmf_obstacle_msgs:/rmf_demos_ws/install/rmf_building_sim_gz_plugins:/rmf_demos_ws/install/rmf_lift_msgs:/rmf_demos_ws/install/rmf_ingestor_msgs:/rmf_demos_ws/install/rmf_fleet_msgs:/rmf_demos_ws/install/rmf_door_msgs:/rmf_demos_ws/install/rmf_dispenser_msgs:/rmf_demos_ws/install/rmf_demos_maps:/rmf_demos_ws/install/rmf_demos_assets:/rmf_demos_ws/install/rmf_charger_msgs:/rmf_demos_ws/install/rmf_building_map_msgs:/rmf_demos_ws/install/rmf_api_msgs:/rmf_demos_ws/install/pybind11_json_vendor:/rmf_demos_ws/install/nlohmann_json_schema_validator_vendor:/home/usuario/IR2134/rmf_ws/src/project/install/project_fleet_adapter:/rmf_demos_ws/install/rmf_demos_fleet_adapter:/rmf_demos_ws/install/rmf_visualization_building_systems:/rmf_demos_ws/install/rmf_traffic_examples:/rmf_demos_ws/install/rmf_demos_bridges:/rmf_demos_ws/install/rmf_demos_tasks:/rmf_demos_ws/install/rmf_building_map_tools:/rmf_demos_ws/install/rmf_charging_schedule:/opt/ros/jazzy:/rmf_demos_ws/install/menge_vendor:/rmf_demos_ws/install/ament_cmake_catch2:/opt/ros/jazzy/opt/gz_sim_vendor:/opt/ros/jazzy/opt/gz_sensors_vendor:/opt/ros/jazzy/opt/gz_physics_vendor:/opt/ros/jazzy/opt/sdformat_vendor:/opt/ros/jazzy/opt/gz_gui_vendor:/opt/ros/jazzy/opt/gz_transport_vendor:/opt/ros/jazzy/opt/gz_rendering_vendor:/opt/ros/jazzy/opt/gz_plugin_vendor:/opt/ros/jazzy/opt/gz_fuel_tools_vendor:/opt/ros/jazzy/opt/gz_msgs_vendor:/opt/ros/jazzy/opt/gz_common_vendor:/opt/ros/jazzy/opt/gz_math_vendor:/opt/ros/jazzy/opt/gz_utils_vendor:/opt/ros/jazzy/opt/gz_tools_vendor:/opt/ros/jazzy/opt/gz_ogre_next_vendor:/opt/ros/jazzy/opt/gz_dartsim_vendor:/opt/ros/jazzy/opt/gz_cmake_vendor /usr/bin/cmake --install /home/usuario/IR2134/rmf_ws/src/project/build/project_maps
[6.849s] -- Install configuration: ""
[6.849s] -- Installing: /home/usuario/IR2134/rmf_ws/src/project/install/project_maps/share/project_maps
[6.849s] -- Installing: /home/usuario/IR2134/rmf_ws/src/project/install/project_maps/share/project_maps/roscon
[6.849s] -- Installing: /home/usuario/IR2134/rmf_ws/src/project/install/project_maps/share/project_maps/roscon/roscon.building.yaml
[7.067s] -- Installing: /home/usuario/IR2134/rmf_ws/src/project/install/project_maps/share/project_maps/test1
[7.067s] -- Installing: /home/usuario/IR2134/rmf_ws/src/project/install/project_maps/share/project_maps/test1/test1.building.yaml
[7.116s] -- Installing: /home/usuario/IR2134/rmf_ws/src/project/install/project_maps/share/ament_index/resource_index/package_run_dependencies/project_maps
[7.155s] -- Installing: /home/usuario/IR2134/rmf_ws/src/project/install/project_maps/share/ament_index/resource_index/parent_prefix_path/project_maps
[7.205s] -- Installing: /home/usuario/IR2134/rmf_ws/src/project/install/project_maps/share/project_maps/environment/ament_prefix_path.sh
[7.221s] -- Installing: /home/usuario/IR2134/rmf_ws/src/project/install/project_maps/share/project_maps/environment/ament_prefix_path.dsv
[7.270s] -- Installing: /home/usuario/IR2134/rmf_ws/src/project/install/project_maps/share/project_maps/environment/path.sh
[7.286s] -- Installing: /home/usuario/IR2134/rmf_ws/src/project/install/project_maps/share/project_maps/environment/path.dsv
[7.336s] -- Installing: /home/usuario/IR2134/rmf_ws/src/project/install/project_maps/share/project_maps/local_setup.bash
[7.385s] -- Installing: /home/usuario/IR2134/rmf_ws/src/project/install/project_maps/share/project_maps/local_setup.sh
[7.435s] -- Installing: /home/usuario/IR2134/rmf_ws/src/project/install/project_maps/share/project_maps/local_setup.zsh
[7.440s] -- Installing: /home/usuario/IR2134/rmf_ws/src/project/install/project_maps/share/project_maps/local_setup.dsv
[7.445s] -- Installing: /home/usuario/IR2134/rmf_ws/src/project/install/project_maps/share/project_maps/package.dsv
[7.450s] -- Installing: /home/usuario/IR2134/rmf_ws/src/project/install/project_maps/share/ament_index/resource_index/packages/project_maps
[7.453s] -- Installing: /home/usuario/IR2134/rmf_ws/src/project/install/project_maps/share/project_maps/cmake/project_mapsConfig.cmake
[7.457s] -- Installing: /home/usuario/IR2134/rmf_ws/src/project/install/project_maps/share/project_maps/cmake/project_mapsConfig-version.cmake
[7.462s] -- Installing: /home/usuario/IR2134/rmf_ws/src/project/install/project_maps/share/project_maps/package.xml
[7.467s] -- Installing: /home/usuario/IR2134/rmf_ws/src/project/install/project_maps/share/project_maps/maps/roscon
[7.467s] -- Installing: /home/usuario/IR2134/rmf_ws/src/project/install/project_maps/share/project_maps/maps/roscon/nav_graphs
[7.467s] -- Installing: /home/usuario/IR2134/rmf_ws/src/project/install/project_maps/share/project_maps/maps/roscon/nav_graphs/3.yaml
[7.472s] -- Installing: /home/usuario/IR2134/rmf_ws/src/project/install/project_maps/share/project_maps/maps/roscon/nav_graphs/0.yaml
[7.479s] -- Installing: /home/usuario/IR2134/rmf_ws/src/project/install/project_maps/share/project_maps/maps/roscon/nav_graphs/1.yaml
[7.484s] -- Installing: /home/usuario/IR2134/rmf_ws/src/project/install/project_maps/share/project_maps/maps/roscon/nav_graphs/6.yaml
[7.488s] -- Installing: /home/usuario/IR2134/rmf_ws/src/project/install/project_maps/share/project_maps/maps/roscon/nav_graphs/2.yaml
[7.493s] -- Installing: /home/usuario/IR2134/rmf_ws/src/project/install/project_maps/share/project_maps/maps/roscon/roscon.world
[7.529s] -- Installing: /home/usuario/IR2134/rmf_ws/src/project/install/project_maps/share/project_maps/maps/roscon/config_resource
[7.529s] -- Installing: /home/usuario/IR2134/rmf_ws/src/project/install/project_maps/share/project_maps/maps/roscon/models
[7.530s] -- Installing: /home/usuario/IR2134/rmf_ws/src/project/install/project_maps/share/project_maps/maps/roscon/models/roscon_L1
[7.530s] -- Installing: /home/usuario/IR2134/rmf_ws/src/project/install/project_maps/share/project_maps/maps/roscon/models/roscon_L1/meshes
[7.530s] -- Installing: /home/usuario/IR2134/rmf_ws/src/project/install/project_maps/share/project_maps/maps/roscon/models/roscon_L1/meshes/floor_1.mtl
[7.550s] -- Installing: /home/usuario/IR2134/rmf_ws/src/project/install/project_maps/share/project_maps/maps/roscon/models/roscon_L1/meshes/default.png
[7.572s] -- Installing: /home/usuario/IR2134/rmf_ws/src/project/install/project_maps/share/project_maps/maps/roscon/models/roscon_L1/meshes/wall_1.mtl
[7.593s] -- Installing: /home/usuario/IR2134/rmf_ws/src/project/install/project_maps/share/project_maps/maps/roscon/models/roscon_L1/meshes/wall_1.obj
[7.725s] -- Installing: /home/usuario/IR2134/rmf_ws/src/project/install/project_maps/share/project_maps/maps/roscon/models/roscon_L1/meshes/blue_linoleum.png
[7.829s] -- Installing: /home/usuario/IR2134/rmf_ws/src/project/install/project_maps/share/project_maps/maps/roscon/models/roscon_L1/meshes/model.material
[7.849s] -- Installing: /home/usuario/IR2134/rmf_ws/src/project/install/project_maps/share/project_maps/maps/roscon/models/roscon_L1/meshes/floor_1.obj
[7.869s] -- Installing: /home/usuario/IR2134/rmf_ws/src/project/install/project_maps/share/project_maps/maps/roscon/models/roscon_L1/model.config
[7.890s] -- Installing: /home/usuario/IR2134/rmf_ws/src/project/install/project_maps/share/project_maps/maps/roscon/models/roscon_L1/model.sdf
[7.909s] -- Installing: /home/usuario/IR2134/rmf_ws/src/project/install/project_maps/share/project_maps/maps/roscon/models/roscon_L2
[7.910s] -- Installing: /home/usuario/IR2134/rmf_ws/src/project/install/project_maps/share/project_maps/maps/roscon/models/roscon_L2/meshes
[7.910s] -- Installing: /home/usuario/IR2134/rmf_ws/src/project/install/project_maps/share/project_maps/maps/roscon/models/roscon_L2/meshes/floor_1.mtl
[7.930s] -- Installing: /home/usuario/IR2134/rmf_ws/src/project/install/project_maps/share/project_maps/maps/roscon/models/roscon_L2/meshes/default.png
[7.953s] -- Installing: /home/usuario/IR2134/rmf_ws/src/project/install/project_maps/share/project_maps/maps/roscon/models/roscon_L2/meshes/wall_1.mtl
[7.975s] -- Installing: /home/usuario/IR2134/rmf_ws/src/project/install/project_maps/share/project_maps/maps/roscon/models/roscon_L2/meshes/wall_1.obj
[8.015s] -- Installing: /home/usuario/IR2134/rmf_ws/src/project/install/project_maps/share/project_maps/maps/roscon/models/roscon_L2/meshes/blue_linoleum.png
[8.108s] -- Installing: /home/usuario/IR2134/rmf_ws/src/project/install/project_maps/share/project_maps/maps/roscon/models/roscon_L2/meshes/model.material
[8.111s] -- Installing: /home/usuario/IR2134/rmf_ws/src/project/install/project_maps/share/project_maps/maps/roscon/models/roscon_L2/meshes/floor_1.obj
[8.115s] -- Installing: /home/usuario/IR2134/rmf_ws/src/project/install/project_maps/share/project_maps/maps/roscon/models/roscon_L2/model.config
[8.119s] -- Installing: /home/usuario/IR2134/rmf_ws/src/project/install/project_maps/share/project_maps/maps/roscon/models/roscon_L2/model.sdf
[8.124s] -- Installing: /home/usuario/IR2134/rmf_ws/src/project/install/project_maps/share/project_maps/maps/test1
[8.124s] -- Installing: /home/usuario/IR2134/rmf_ws/src/project/install/project_maps/share/project_maps/maps/test1/nav_graphs
[8.124s] -- Installing: /home/usuario/IR2134/rmf_ws/src/project/install/project_maps/share/project_maps/maps/test1/nav_graphs/0.yaml
[8.133s] -- Installing: /home/usuario/IR2134/rmf_ws/src/project/install/project_maps/share/project_maps/maps/test1/test1.world
[8.144s] -- Installing: /home/usuario/IR2134/rmf_ws/src/project/install/project_maps/share/project_maps/maps/test1/config_resource
[8.144s] -- Installing: /home/usuario/IR2134/rmf_ws/src/project/install/project_maps/share/project_maps/maps/test1/models
[8.145s] -- Installing: /home/usuario/IR2134/rmf_ws/src/project/install/project_maps/share/project_maps/maps/test1/models/test1_L1
[8.145s] -- Installing: /home/usuario/IR2134/rmf_ws/src/project/install/project_maps/share/project_maps/maps/test1/models/test1_L1/meshes
[8.145s] -- Installing: /home/usuario/IR2134/rmf_ws/src/project/install/project_maps/share/project_maps/maps/test1/models/test1_L1/meshes/floor_1.mtl
[8.151s] -- Installing: /home/usuario/IR2134/rmf_ws/src/project/install/project_maps/share/project_maps/maps/test1/models/test1_L1/meshes/default.png
[8.156s] -- Installing: /home/usuario/IR2134/rmf_ws/src/project/install/project_maps/share/project_maps/maps/test1/models/test1_L1/meshes/wall_1.mtl
[8.161s] -- Installing: /home/usuario/IR2134/rmf_ws/src/project/install/project_maps/share/project_maps/maps/test1/models/test1_L1/meshes/wall_1.obj
[8.170s] -- Installing: /home/usuario/IR2134/rmf_ws/src/project/install/project_maps/share/project_maps/maps/test1/models/test1_L1/meshes/blue_linoleum.png
[8.219s] -- Installing: /home/usuario/IR2134/rmf_ws/src/project/install/project_maps/share/project_maps/maps/test1/models/test1_L1/meshes/model.material
[8.234s] -- Installing: /home/usuario/IR2134/rmf_ws/src/project/install/project_maps/share/project_maps/maps/test1/models/test1_L1/meshes/floor_1.obj
[8.252s] -- Installing: /home/usuario/IR2134/rmf_ws/src/project/install/project_maps/share/project_maps/maps/test1/models/test1_L1/model.config
[8.267s] -- Installing: /home/usuario/IR2134/rmf_ws/src/project/install/project_maps/share/project_maps/maps/test1/models/test1_L1/model.sdf
[8.289s] Invoked command in '/home/usuario/IR2134/rmf_ws/src/project/build/project_maps' returned '0': CMAKE_PREFIX_PATH=/home/usuario/IR2134/rmf_ws/src/project/install/project_simulation:/home/usuario/IR2134/rmf_ws/src/project/install/project_config:/home/usuario/IR2134/rmf_ws/src/project/install/project_maps:/home/usuario/IR2134/rmf_ws/src/project/install/project_assets:/rmf_demos_ws/install/rmf_workcell_msgs:/rmf_demos_ws/install/rmf_reservation_node:/rmf_demos_ws/install/rmf_demos_gz:/rmf_demos_ws/install/rmf_demos:/rmf_demos_ws/install/rmf_fleet_adapter_python:/rmf_demos_ws/install/rmf_fleet_adapter:/rmf_demos_ws/install/rmf_task_ros2:/rmf_demos_ws/install/rmf_websocket:/rmf_demos_ws/install/rmf_visualization:/rmf_demos_ws/install/rmf_visualization_schedule:/rmf_demos_ws/install/rmf_visualization_rviz2_plugins:/rmf_demos_ws/install/rmf_visualization_obstacles:/rmf_demos_ws/install/rmf_visualization_navgraphs:/rmf_demos_ws/install/rmf_visualization_floorplans:/rmf_demos_ws/install/rmf_visualization_fleet_states:/rmf_demos_ws/install/rmf_visualization_msgs:/rmf_demos_ws/install/rmf_traffic_ros2:/rmf_demos_ws/install/rmf_task_sequence:/rmf_demos_ws/install/rmf_task:/rmf_demos_ws/install/rmf_battery:/rmf_demos_ws/install/rmf_traffic:/rmf_demos_ws/install/rmf_utils:/rmf_demos_ws/install/rmf_traffic_msgs:/rmf_demos_ws/install/rmf_traffic_editor_test_maps:/rmf_demos_ws/install/rmf_traffic_editor_assets:/rmf_demos_ws/install/rmf_traffic_editor:/rmf_demos_ws/install/rmf_task_msgs:/rmf_demos_ws/install/rmf_site_map_msgs:/rmf_demos_ws/install/rmf_scheduler_msgs:/rmf_demos_ws/install/rmf_robot_sim_gz_plugins:/rmf_demos_ws/install/rmf_robot_sim_common:/rmf_demos_ws/install/rmf_reservation_msgs:/rmf_demos_ws/install/rmf_obstacle_msgs:/rmf_demos_ws/install/rmf_building_sim_gz_plugins:/rmf_demos_ws/install/rmf_lift_msgs:/rmf_demos_ws/install/rmf_ingestor_msgs:/rmf_demos_ws/install/rmf_fleet_msgs:/rmf_demos_ws/install/rmf_door_msgs:/rmf_demos_ws/install/rmf_dispenser_msgs:/rmf_demos_ws/install/rmf_demos_maps:/rmf_demos_ws/install/rmf_demos_assets:/rmf_demos_ws/install/rmf_charger_msgs:/rmf_demos_ws/install/rmf_building_map_msgs:/rmf_demos_ws/install/rmf_api_msgs:/rmf_demos_ws/install/pybind11_json_vendor:/rmf_demos_ws/install/nlohmann_json_schema_validator_vendor:/home/usuario/IR2134/rmf_ws/src/project/install/project_fleet_adapter:/rmf_demos_ws/install/rmf_demos_fleet_adapter:/rmf_demos_ws/install/rmf_visualization_building_systems:/rmf_demos_ws/install/rmf_traffic_examples:/rmf_demos_ws/install/rmf_demos_bridges:/rmf_demos_ws/install/rmf_demos_tasks:/rmf_demos_ws/install/rmf_building_map_tools:/rmf_demos_ws/install/rmf_charging_schedule:/opt/ros/jazzy:/rmf_demos_ws/install/menge_vendor:/rmf_demos_ws/install/ament_cmake_catch2:/opt/ros/jazzy/opt/gz_sim_vendor:/opt/ros/jazzy/opt/gz_sensors_vendor:/opt/ros/jazzy/opt/gz_physics_vendor:/opt/ros/jazzy/opt/sdformat_vendor:/opt/ros/jazzy/opt/gz_gui_vendor:/opt/ros/jazzy/opt/gz_transport_vendor:/opt/ros/jazzy/opt/gz_rendering_vendor:/opt/ros/jazzy/opt/gz_plugin_vendor:/opt/ros/jazzy/opt/gz_fuel_tools_vendor:/opt/ros/jazzy/opt/gz_msgs_vendor:/opt/ros/jazzy/opt/gz_common_vendor:/opt/ros/jazzy/opt/gz_math_vendor:/opt/ros/jazzy/opt/gz_utils_vendor:/opt/ros/jazzy/opt/gz_tools_vendor:/opt/ros/jazzy/opt/gz_ogre_next_vendor:/opt/ros/jazzy/opt/gz_dartsim_vendor:/opt/ros/jazzy/opt/gz_cmake_vendor /usr/bin/cmake --install /home/usuario/IR2134/rmf_ws/src/project/build/project_maps
