-- The C compiler identification is GNU 13.3.0
-- The CXX compiler identification is GNU 13.3.0
-- Detecting C compiler ABI info
-- Detecting C compiler ABI info - done
-- Check for working C compiler: /usr/lib/ccache/cc - skipped
-- Detecting C compile features
-- Detecting C compile features - done
-- Detecting CXX compiler ABI info
-- Detecting CXX compiler ABI info - done
-- Check for working CXX compiler: /usr/lib/ccache/c++ - skipped
-- Detecting CXX compile features
-- Detecting CXX compile features - done
-- Found ament_cmake: 2.5.3 (/opt/ros/jazzy/share/ament_cmake/cmake)
-- Found Python3: /home/max/venv-ardupilot/bin/python3 (found version "3.12.3") found components: Interpreter 
[0mBUILDING WORLDFILE WITH COMMAND: ros2 run rmf_building_map_tools building_map_generator gazebo /home/max/Documents/GitHub/IR2134/rmf_ws/src/project/project_maps/maps/test1/test1.building.yaml /home/max/Documents/GitHub/IR2134/rmf_ws/src/project/build/project_maps/maps/test1/test1.world /home/max/Documents/GitHub/IR2134/rmf_ws/src/project/build/project_maps/maps/test1/models[0m
[0mDOWNLOADING MODELS WITH COMMAND: ros2 run rmf_building_map_tools building_map_model_downloader /home/max/Documents/GitHub/IR2134/rmf_ws/src/project/project_maps/maps/test1/test1.building.yaml[0m
-- Configuring done (0.6s)
-- Generating done (0.0s)
-- Build files have been written to: /home/max/Documents/GitHub/IR2134/rmf_ws/src/project/build/project_maps
[ 66%] [34m[1mGenerating maps/test1/nav_graphs/phony[0m
[ 66%] [34m[1mGenerating maps/test1/test1.world[0m
building name: test1
coordinate system: reference_image
parsing level L1
calculating levels relative to L1
WARNING! No measurements defined. Scale is indetermined.
         Nav graph generated in pixel units, not meters!
generating nav data
writing /home/max/Documents/GitHub/IR2134/rmf_ws/src/project/build/project_maps/maps/test1/nav_graphs/1.yaml
generating /home/max/Documents/GitHub/IR2134/rmf_ws/src/project/build/project_maps/maps/test1/test1.world from /home/max/Documents/GitHub/IR2134/rmf_ws/src/project/project_maps/maps/test1/test1.building.yaml
building name: test1
coordinate system: reference_image
parsing level L1
calculating levels relative to L1
WARNING! No measurements defined. Scale is indetermined.
         Nav graph generated in pixel units, not meters!
generating model of level L1 in /home/max/Documents/GitHub/IR2134/rmf_ws/src/project/build/project_maps/maps/test1/models/test1_L1
  wrote /home/max/Documents/GitHub/IR2134/rmf_ws/src/project/build/project_maps/maps/test1/models/test1_L1/model.config
generating floor polygon 1 on floor test1_L1
hole vertices: []
lift vertices: {}
[[0, 3, 2], [0, 2, 1]]
  wrote /home/max/Documents/GitHub/IR2134/rmf_ws/src/project/build/project_maps/maps/test1/models/test1_L1/meshes/floor_1.obj
  wrote /home/max/Documents/GitHub/IR2134/rmf_ws/src/project/build/project_maps/maps/test1/models/test1_L1/meshes/blue_linoleum.png
  wrote /home/max/Documents/GitHub/IR2134/rmf_ws/src/project/build/project_maps/maps/test1/models/test1_L1/meshes/floor_1.mtl
Walls Generation, wall params list: [{'alpha': <building_map.param_value.ParamValue object at 0x738751119610>, 'texture_height': <building_map.param_value.ParamValue object at 0x7387511196a0>, 'texture_name': <building_map.param_value.ParamValue object at 0x738751119670>, 'texture_scale': <building_map.param_value.ParamValue object at 0x738751118470>, 'texture_width': <building_map.param_value.ParamValue object at 0x7387511d8b60>}]
generating wall: 1 on floor: test1_L1
  wrote /home/max/Documents/GitHub/IR2134/rmf_ws/src/project/build/project_maps/maps/test1/models/test1_L1/meshes/default.png
generate_wall_visual_mesh(test1_L1, /home/max/Documents/GitHub/IR2134/rmf_ws/src/project/build/project_maps/maps/test1/models/test1_L1)
  generating /home/max/Documents/GitHub/IR2134/rmf_ws/src/project/build/project_maps/maps/test1/models/test1_L1/meshes/wall_1.obj
  generating /home/max/Documents/GitHub/IR2134/rmf_ws/src/project/build/project_maps/maps/test1/models/test1_L1/meshes/wall_1.mtl
  wrote /home/max/Documents/GitHub/IR2134/rmf_ws/src/project/build/project_maps/maps/test1/models/test1_L1/model.sdf
spawning robot name tinyRobot1 of type TinyRobot
11485 bytes written to /home/max/Documents/GitHub/IR2134/rmf_ws/src/project/build/project_maps/maps/test1/test1.world
[ 66%] Built target generate_test1_nav_graphs
building name: test1
coordinate system: reference_image
parsing level L1
calculating levels relative to L1
WARNING! No measurements defined. Scale is indetermined.
         Nav graph generated in pixel units, not meters!
Models: [] are used in crowd_sim
Load success!

Cache found! Model count: 2932 
Updating cache...
Topping up Fuel (updating cache) from: https://fuel.gazebosim.org/1.0/models
Fetching page: 1
Cached model found! Halting Fuel traversal...
Writing to cache: /home/max/.pit_crew/model_cache.json
New models cached: 0

WARNING::pit_crew.get_local_model_name_tuples():275: No local model path given! Using default ~/.gazebo/models/ instead!

== REQUESTED MODEL REPORT ==
{'available': [], 'downloadable': [], 'missing': []}

== THE FOLLOWING MODELS HAVE SPECIFIED AUTHORS ==
{}

[100%] [34m[1mGenerating test1_crowdsim[0m
Creating output folder path:  /home/max/Documents/GitHub/IR2134/rmf_ws/src/project/build/project_maps/maps/test1/config_resource/
crowdsim unable to parse, not attempting to proceed
crowdsim unable to parse, not attempting to proceed
[100%] Built target generate_test1_crowdsim
-- Install configuration: ""
-- Installing: /home/max/Documents/GitHub/IR2134/rmf_ws/src/project/install/project_maps/share/project_maps
-- Installing: /home/max/Documents/GitHub/IR2134/rmf_ws/src/project/install/project_maps/share/project_maps/test1
-- Installing: /home/max/Documents/GitHub/IR2134/rmf_ws/src/project/install/project_maps/share/project_maps/test1/test1.building.yaml
-- Installing: /home/max/Documents/GitHub/IR2134/rmf_ws/src/project/install/project_maps/share/ament_index/resource_index/package_run_dependencies/project_maps
-- Installing: /home/max/Documents/GitHub/IR2134/rmf_ws/src/project/install/project_maps/share/ament_index/resource_index/parent_prefix_path/project_maps
-- Installing: /home/max/Documents/GitHub/IR2134/rmf_ws/src/project/install/project_maps/share/project_maps/environment/ament_prefix_path.sh
-- Installing: /home/max/Documents/GitHub/IR2134/rmf_ws/src/project/install/project_maps/share/project_maps/environment/ament_prefix_path.dsv
-- Installing: /home/max/Documents/GitHub/IR2134/rmf_ws/src/project/install/project_maps/share/project_maps/environment/path.sh
-- Installing: /home/max/Documents/GitHub/IR2134/rmf_ws/src/project/install/project_maps/share/project_maps/environment/path.dsv
-- Installing: /home/max/Documents/GitHub/IR2134/rmf_ws/src/project/install/project_maps/share/project_maps/local_setup.bash
-- Installing: /home/max/Documents/GitHub/IR2134/rmf_ws/src/project/install/project_maps/share/project_maps/local_setup.sh
-- Installing: /home/max/Documents/GitHub/IR2134/rmf_ws/src/project/install/project_maps/share/project_maps/local_setup.zsh
-- Installing: /home/max/Documents/GitHub/IR2134/rmf_ws/src/project/install/project_maps/share/project_maps/local_setup.dsv
-- Installing: /home/max/Documents/GitHub/IR2134/rmf_ws/src/project/install/project_maps/share/project_maps/package.dsv
-- Installing: /home/max/Documents/GitHub/IR2134/rmf_ws/src/project/install/project_maps/share/ament_index/resource_index/packages/project_maps
-- Installing: /home/max/Documents/GitHub/IR2134/rmf_ws/src/project/install/project_maps/share/project_maps/cmake/project_mapsConfig.cmake
-- Installing: /home/max/Documents/GitHub/IR2134/rmf_ws/src/project/install/project_maps/share/project_maps/cmake/project_mapsConfig-version.cmake
-- Installing: /home/max/Documents/GitHub/IR2134/rmf_ws/src/project/install/project_maps/share/project_maps/package.xml
-- Installing: /home/max/Documents/GitHub/IR2134/rmf_ws/src/project/install/project_maps/share/project_maps/maps/test1
-- Installing: /home/max/Documents/GitHub/IR2134/rmf_ws/src/project/install/project_maps/share/project_maps/maps/test1/test1.world
-- Installing: /home/max/Documents/GitHub/IR2134/rmf_ws/src/project/install/project_maps/share/project_maps/maps/test1/config_resource
-- Installing: /home/max/Documents/GitHub/IR2134/rmf_ws/src/project/install/project_maps/share/project_maps/maps/test1/nav_graphs
-- Installing: /home/max/Documents/GitHub/IR2134/rmf_ws/src/project/install/project_maps/share/project_maps/maps/test1/nav_graphs/1.yaml
-- Installing: /home/max/Documents/GitHub/IR2134/rmf_ws/src/project/install/project_maps/share/project_maps/maps/test1/models
-- Installing: /home/max/Documents/GitHub/IR2134/rmf_ws/src/project/install/project_maps/share/project_maps/maps/test1/models/test1_L1
-- Installing: /home/max/Documents/GitHub/IR2134/rmf_ws/src/project/install/project_maps/share/project_maps/maps/test1/models/test1_L1/model.config
-- Installing: /home/max/Documents/GitHub/IR2134/rmf_ws/src/project/install/project_maps/share/project_maps/maps/test1/models/test1_L1/model.sdf
-- Installing: /home/max/Documents/GitHub/IR2134/rmf_ws/src/project/install/project_maps/share/project_maps/maps/test1/models/test1_L1/meshes
-- Installing: /home/max/Documents/GitHub/IR2134/rmf_ws/src/project/install/project_maps/share/project_maps/maps/test1/models/test1_L1/meshes/wall_1.obj
-- Installing: /home/max/Documents/GitHub/IR2134/rmf_ws/src/project/install/project_maps/share/project_maps/maps/test1/models/test1_L1/meshes/floor_1.mtl
-- Installing: /home/max/Documents/GitHub/IR2134/rmf_ws/src/project/install/project_maps/share/project_maps/maps/test1/models/test1_L1/meshes/model.material
-- Installing: /home/max/Documents/GitHub/IR2134/rmf_ws/src/project/install/project_maps/share/project_maps/maps/test1/models/test1_L1/meshes/blue_linoleum.png
-- Installing: /home/max/Documents/GitHub/IR2134/rmf_ws/src/project/install/project_maps/share/project_maps/maps/test1/models/test1_L1/meshes/floor_1.obj
-- Installing: /home/max/Documents/GitHub/IR2134/rmf_ws/src/project/install/project_maps/share/project_maps/maps/test1/models/test1_L1/meshes/wall_1.mtl
-- Installing: /home/max/Documents/GitHub/IR2134/rmf_ws/src/project/install/project_maps/share/project_maps/maps/test1/models/test1_L1/meshes/default.png
