[0.532s] Invoking command in '/home/max/Documents/GitHub/IR2134/rmf_ws/src/project/project_fleet_adapter': DEBUGINFOD_URLS=https://debuginfod.ubuntu.com PS1=\[\e]0;\u@\h: \w\a\]${debian_chroot:+($debian_chroot)}\[\033[01;32m\]\u@\h\[\033[00m\]:\[\033[01;34m\]\w\[\033[00m\]\$ PYTHONPATH=/home/max/Documents/GitHub/IR2134/rmf_ws/src/project/build/project_fleet_adapter/prefix_override:/usr/lib/python3/dist-packages/colcon_core/task/python/colcon_distutils_commands:/home/max/Documents/GitHub/IR2134/rmf_ws/src/project/install/project_fleet_adapter/lib/python3.12/site-packages:${PYTHONPATH} VIRTUAL_ENV_PROMPT=(venv-ardupilot) /usr/bin/python3 -W ignore:setup.py install is deprecated -W ignore:easy_install command is deprecated setup.py egg_info --egg-base ../build/project_fleet_adapter build --build-base /home/max/Documents/GitHub/IR2134/rmf_ws/src/project/build/project_fleet_adapter/build install --record /home/max/Documents/GitHub/IR2134/rmf_ws/src/project/build/project_fleet_adapter/install.log --single-version-externally-managed install_data
[0.711s] running egg_info
[0.711s] creating ../build/project_fleet_adapter/project_fleet_adapter.egg-info
[0.723s] writing ../build/project_fleet_adapter/project_fleet_adapter.egg-info/PKG-INFO
[0.723s] writing dependency_links to ../build/project_fleet_adapter/project_fleet_adapter.egg-info/dependency_links.txt
[0.723s] writing entry points to ../build/project_fleet_adapter/project_fleet_adapter.egg-info/entry_points.txt
[0.723s] writing requirements to ../build/project_fleet_adapter/project_fleet_adapter.egg-info/requires.txt
[0.723s] writing top-level names to ../build/project_fleet_adapter/project_fleet_adapter.egg-info/top_level.txt
[0.723s] writing manifest file '../build/project_fleet_adapter/project_fleet_adapter.egg-info/SOURCES.txt'
[0.747s] reading manifest file '../build/project_fleet_adapter/project_fleet_adapter.egg-info/SOURCES.txt'
[0.747s] writing manifest file '../build/project_fleet_adapter/project_fleet_adapter.egg-info/SOURCES.txt'
[0.747s] running build
[0.747s] running build_py
[0.748s] creating /home/max/Documents/GitHub/IR2134/rmf_ws/src/project/build/project_fleet_adapter/build
[0.748s] creating /home/max/Documents/GitHub/IR2134/rmf_ws/src/project/build/project_fleet_adapter/build/lib
[0.748s] creating /home/max/Documents/GitHub/IR2134/rmf_ws/src/project/build/project_fleet_adapter/build/lib/project_fleet_adapter
[0.748s] copying project_fleet_adapter/fleet_manager.py -> /home/max/Documents/GitHub/IR2134/rmf_ws/src/project/build/project_fleet_adapter/build/lib/project_fleet_adapter
[0.748s] copying project_fleet_adapter/__init__.py -> /home/max/Documents/GitHub/IR2134/rmf_ws/src/project/build/project_fleet_adapter/build/lib/project_fleet_adapter
[0.748s] copying project_fleet_adapter/RobotClientAPI.py -> /home/max/Documents/GitHub/IR2134/rmf_ws/src/project/build/project_fleet_adapter/build/lib/project_fleet_adapter
[0.748s] copying project_fleet_adapter/fleet_adapter.py -> /home/max/Documents/GitHub/IR2134/rmf_ws/src/project/build/project_fleet_adapter/build/lib/project_fleet_adapter
[0.748s] copying project_fleet_adapter/manage_lane.py -> /home/max/Documents/GitHub/IR2134/rmf_ws/src/project/build/project_fleet_adapter/build/lib/project_fleet_adapter
[0.748s] creating /home/max/Documents/GitHub/IR2134/rmf_ws/src/project/build/project_fleet_adapter/build/lib/test
[0.748s] copying test/test_flake8.py -> /home/max/Documents/GitHub/IR2134/rmf_ws/src/project/build/project_fleet_adapter/build/lib/test
[0.748s] copying test/__init__.py -> /home/max/Documents/GitHub/IR2134/rmf_ws/src/project/build/project_fleet_adapter/build/lib/test
[0.748s] copying test/test_copyright.py -> /home/max/Documents/GitHub/IR2134/rmf_ws/src/project/build/project_fleet_adapter/build/lib/test
[0.748s] copying test/test_pep257.py -> /home/max/Documents/GitHub/IR2134/rmf_ws/src/project/build/project_fleet_adapter/build/lib/test
[0.748s] running install
[0.752s] running install_lib
[0.764s] creating /home/max/Documents/GitHub/IR2134/rmf_ws/src/project/install/project_fleet_adapter/lib/python3.12/site-packages/project_fleet_adapter
[0.764s] copying /home/max/Documents/GitHub/IR2134/rmf_ws/src/project/build/project_fleet_adapter/build/lib/project_fleet_adapter/fleet_manager.py -> /home/max/Documents/GitHub/IR2134/rmf_ws/src/project/install/project_fleet_adapter/lib/python3.12/site-packages/project_fleet_adapter
[0.764s] copying /home/max/Documents/GitHub/IR2134/rmf_ws/src/project/build/project_fleet_adapter/build/lib/project_fleet_adapter/__init__.py -> /home/max/Documents/GitHub/IR2134/rmf_ws/src/project/install/project_fleet_adapter/lib/python3.12/site-packages/project_fleet_adapter
[0.764s] copying /home/max/Documents/GitHub/IR2134/rmf_ws/src/project/build/project_fleet_adapter/build/lib/project_fleet_adapter/RobotClientAPI.py -> /home/max/Documents/GitHub/IR2134/rmf_ws/src/project/install/project_fleet_adapter/lib/python3.12/site-packages/project_fleet_adapter
[0.764s] copying /home/max/Documents/GitHub/IR2134/rmf_ws/src/project/build/project_fleet_adapter/build/lib/project_fleet_adapter/fleet_adapter.py -> /home/max/Documents/GitHub/IR2134/rmf_ws/src/project/install/project_fleet_adapter/lib/python3.12/site-packages/project_fleet_adapter
[0.764s] copying /home/max/Documents/GitHub/IR2134/rmf_ws/src/project/build/project_fleet_adapter/build/lib/project_fleet_adapter/manage_lane.py -> /home/max/Documents/GitHub/IR2134/rmf_ws/src/project/install/project_fleet_adapter/lib/python3.12/site-packages/project_fleet_adapter
[0.764s] creating /home/max/Documents/GitHub/IR2134/rmf_ws/src/project/install/project_fleet_adapter/lib/python3.12/site-packages/test
[0.764s] copying /home/max/Documents/GitHub/IR2134/rmf_ws/src/project/build/project_fleet_adapter/build/lib/test/test_flake8.py -> /home/max/Documents/GitHub/IR2134/rmf_ws/src/project/install/project_fleet_adapter/lib/python3.12/site-packages/test
[0.764s] copying /home/max/Documents/GitHub/IR2134/rmf_ws/src/project/build/project_fleet_adapter/build/lib/test/__init__.py -> /home/max/Documents/GitHub/IR2134/rmf_ws/src/project/install/project_fleet_adapter/lib/python3.12/site-packages/test
[0.764s] copying /home/max/Documents/GitHub/IR2134/rmf_ws/src/project/build/project_fleet_adapter/build/lib/test/test_copyright.py -> /home/max/Documents/GitHub/IR2134/rmf_ws/src/project/install/project_fleet_adapter/lib/python3.12/site-packages/test
[0.765s] copying /home/max/Documents/GitHub/IR2134/rmf_ws/src/project/build/project_fleet_adapter/build/lib/test/test_pep257.py -> /home/max/Documents/GitHub/IR2134/rmf_ws/src/project/install/project_fleet_adapter/lib/python3.12/site-packages/test
[0.765s] byte-compiling /home/max/Documents/GitHub/IR2134/rmf_ws/src/project/install/project_fleet_adapter/lib/python3.12/site-packages/project_fleet_adapter/fleet_manager.py to fleet_manager.cpython-312.pyc
[0.767s] byte-compiling /home/max/Documents/GitHub/IR2134/rmf_ws/src/project/install/project_fleet_adapter/lib/python3.12/site-packages/project_fleet_adapter/__init__.py to __init__.cpython-312.pyc
[0.767s] byte-compiling /home/max/Documents/GitHub/IR2134/rmf_ws/src/project/install/project_fleet_adapter/lib/python3.12/site-packages/project_fleet_adapter/RobotClientAPI.py to RobotClientAPI.cpython-312.pyc
[0.768s] byte-compiling /home/max/Documents/GitHub/IR2134/rmf_ws/src/project/install/project_fleet_adapter/lib/python3.12/site-packages/project_fleet_adapter/fleet_adapter.py to fleet_adapter.cpython-312.pyc
[0.770s] byte-compiling /home/max/Documents/GitHub/IR2134/rmf_ws/src/project/install/project_fleet_adapter/lib/python3.12/site-packages/project_fleet_adapter/manage_lane.py to manage_lane.cpython-312.pyc
[0.770s] byte-compiling /home/max/Documents/GitHub/IR2134/rmf_ws/src/project/install/project_fleet_adapter/lib/python3.12/site-packages/test/test_flake8.py to test_flake8.cpython-312.pyc
[0.771s] byte-compiling /home/max/Documents/GitHub/IR2134/rmf_ws/src/project/install/project_fleet_adapter/lib/python3.12/site-packages/test/__init__.py to __init__.cpython-312.pyc
[0.771s] byte-compiling /home/max/Documents/GitHub/IR2134/rmf_ws/src/project/install/project_fleet_adapter/lib/python3.12/site-packages/test/test_copyright.py to test_copyright.cpython-312.pyc
[0.771s] byte-compiling /home/max/Documents/GitHub/IR2134/rmf_ws/src/project/install/project_fleet_adapter/lib/python3.12/site-packages/test/test_pep257.py to test_pep257.cpython-312.pyc
[0.771s] running install_data
[0.771s] creating /home/max/Documents/GitHub/IR2134/rmf_ws/src/project/install/project_fleet_adapter/share/ament_index
[0.771s] creating /home/max/Documents/GitHub/IR2134/rmf_ws/src/project/install/project_fleet_adapter/share/ament_index/resource_index
[0.771s] creating /home/max/Documents/GitHub/IR2134/rmf_ws/src/project/install/project_fleet_adapter/share/ament_index/resource_index/packages
[0.771s] copying resource/project_fleet_adapter -> /home/max/Documents/GitHub/IR2134/rmf_ws/src/project/install/project_fleet_adapter/share/ament_index/resource_index/packages
[0.771s] copying package.xml -> /home/max/Documents/GitHub/IR2134/rmf_ws/src/project/install/project_fleet_adapter/share/project_fleet_adapter
[0.771s] copying config.yaml -> /home/max/Documents/GitHub/IR2134/rmf_ws/src/project/install/project_fleet_adapter/share/project_fleet_adapter
[0.771s] creating /home/max/Documents/GitHub/IR2134/rmf_ws/src/project/install/project_fleet_adapter/share/project_fleet_adapter/launch
[0.771s] copying launch/fleet_adapter.launch.xml -> /home/max/Documents/GitHub/IR2134/rmf_ws/src/project/install/project_fleet_adapter/share/project_fleet_adapter/launch
[0.771s] running install_egg_info
[0.785s] Copying ../build/project_fleet_adapter/project_fleet_adapter.egg-info to /home/max/Documents/GitHub/IR2134/rmf_ws/src/project/install/project_fleet_adapter/lib/python3.12/site-packages/project_fleet_adapter-2.5.0-py3.12.egg-info
[0.785s] running install_scripts
[0.868s] Installing fleet_adapter script to /home/max/Documents/GitHub/IR2134/rmf_ws/src/project/install/project_fleet_adapter/lib/project_fleet_adapter
[0.868s] Installing fleet_manager script to /home/max/Documents/GitHub/IR2134/rmf_ws/src/project/install/project_fleet_adapter/lib/project_fleet_adapter
[0.868s] Installing manage_lane script to /home/max/Documents/GitHub/IR2134/rmf_ws/src/project/install/project_fleet_adapter/lib/project_fleet_adapter
[0.868s] writing list of installed files to '/home/max/Documents/GitHub/IR2134/rmf_ws/src/project/build/project_fleet_adapter/install.log'
[0.884s] Invoked command in '/home/max/Documents/GitHub/IR2134/rmf_ws/src/project/project_fleet_adapter' returned '0': DEBUGINFOD_URLS=https://debuginfod.ubuntu.com PS1=\[\e]0;\u@\h: \w\a\]${debian_chroot:+($debian_chroot)}\[\033[01;32m\]\u@\h\[\033[00m\]:\[\033[01;34m\]\w\[\033[00m\]\$ PYTHONPATH=/home/max/Documents/GitHub/IR2134/rmf_ws/src/project/build/project_fleet_adapter/prefix_override:/usr/lib/python3/dist-packages/colcon_core/task/python/colcon_distutils_commands:/home/max/Documents/GitHub/IR2134/rmf_ws/src/project/install/project_fleet_adapter/lib/python3.12/site-packages:${PYTHONPATH} VIRTUAL_ENV_PROMPT=(venv-ardupilot) /usr/bin/python3 -W ignore:setup.py install is deprecated -W ignore:easy_install command is deprecated setup.py egg_info --egg-base ../build/project_fleet_adapter build --build-base /home/max/Documents/GitHub/IR2134/rmf_ws/src/project/build/project_fleet_adapter/build install --record /home/max/Documents/GitHub/IR2134/rmf_ws/src/project/build/project_fleet_adapter/install.log --single-version-externally-managed install_data
