[1.282s] Invoking command in '/home/usuario/rmf_ws/src/project/project_fleet_adapter': PYTHONPATH=/home/usuario/rmf_ws/src/project/build/project_fleet_adapter/prefix_override:/usr/lib/python3/dist-packages/colcon_core/task/python/colcon_distutils_commands:/home/usuario/rmf_ws/src/project/install/project_fleet_adapter/lib/python3.12/site-packages:${PYTHONPATH} /usr/bin/python3 -W ignore:setup.py install is deprecated -W ignore:easy_install command is deprecated setup.py egg_info --egg-base ../build/project_fleet_adapter build --build-base /home/usuario/rmf_ws/src/project/build/project_fleet_adapter/build install --record /home/usuario/rmf_ws/src/project/build/project_fleet_adapter/install.log --single-version-externally-managed install_data
[1.633s] running egg_info
[1.633s] creating ../build/project_fleet_adapter/project_fleet_adapter.egg-info
[1.654s] writing ../build/project_fleet_adapter/project_fleet_adapter.egg-info/PKG-INFO
[1.654s] writing dependency_links to ../build/project_fleet_adapter/project_fleet_adapter.egg-info/dependency_links.txt
[1.655s] writing entry points to ../build/project_fleet_adapter/project_fleet_adapter.egg-info/entry_points.txt
[1.655s] writing requirements to ../build/project_fleet_adapter/project_fleet_adapter.egg-info/requires.txt
[1.655s] writing top-level names to ../build/project_fleet_adapter/project_fleet_adapter.egg-info/top_level.txt
[1.656s] writing manifest file '../build/project_fleet_adapter/project_fleet_adapter.egg-info/SOURCES.txt'
[1.700s] reading manifest file '../build/project_fleet_adapter/project_fleet_adapter.egg-info/SOURCES.txt'
[1.701s] writing manifest file '../build/project_fleet_adapter/project_fleet_adapter.egg-info/SOURCES.txt'
[1.701s] running build
[1.701s] running build_py
[1.701s] creating /home/usuario/rmf_ws/src/project/build/project_fleet_adapter/build
[1.702s] creating /home/usuario/rmf_ws/src/project/build/project_fleet_adapter/build/lib
[1.702s] creating /home/usuario/rmf_ws/src/project/build/project_fleet_adapter/build/lib/project_fleet_adapter
[1.702s] copying project_fleet_adapter/fleet_adapter.py -> /home/usuario/rmf_ws/src/project/build/project_fleet_adapter/build/lib/project_fleet_adapter
[1.702s] copying project_fleet_adapter/manage_lane.py -> /home/usuario/rmf_ws/src/project/build/project_fleet_adapter/build/lib/project_fleet_adapter
[1.703s] copying project_fleet_adapter/fleet_manager.py -> /home/usuario/rmf_ws/src/project/build/project_fleet_adapter/build/lib/project_fleet_adapter
[1.703s] copying project_fleet_adapter/RobotClientAPI.py -> /home/usuario/rmf_ws/src/project/build/project_fleet_adapter/build/lib/project_fleet_adapter
[1.704s] copying project_fleet_adapter/__init__.py -> /home/usuario/rmf_ws/src/project/build/project_fleet_adapter/build/lib/project_fleet_adapter
[1.704s] creating /home/usuario/rmf_ws/src/project/build/project_fleet_adapter/build/lib/test
[1.704s] copying test/test_copyright.py -> /home/usuario/rmf_ws/src/project/build/project_fleet_adapter/build/lib/test
[1.704s] copying test/test_flake8.py -> /home/usuario/rmf_ws/src/project/build/project_fleet_adapter/build/lib/test
[1.705s] copying test/test_pep257.py -> /home/usuario/rmf_ws/src/project/build/project_fleet_adapter/build/lib/test
[1.705s] copying test/__init__.py -> /home/usuario/rmf_ws/src/project/build/project_fleet_adapter/build/lib/test
[1.706s] running install
[1.712s] running install_lib
[1.734s] creating /home/usuario/rmf_ws/src/project/install/project_fleet_adapter/lib/python3.12/site-packages/project_fleet_adapter
[1.734s] copying /home/usuario/rmf_ws/src/project/build/project_fleet_adapter/build/lib/project_fleet_adapter/fleet_adapter.py -> /home/usuario/rmf_ws/src/project/install/project_fleet_adapter/lib/python3.12/site-packages/project_fleet_adapter
[1.735s] copying /home/usuario/rmf_ws/src/project/build/project_fleet_adapter/build/lib/project_fleet_adapter/manage_lane.py -> /home/usuario/rmf_ws/src/project/install/project_fleet_adapter/lib/python3.12/site-packages/project_fleet_adapter
[1.736s] copying /home/usuario/rmf_ws/src/project/build/project_fleet_adapter/build/lib/project_fleet_adapter/fleet_manager.py -> /home/usuario/rmf_ws/src/project/install/project_fleet_adapter/lib/python3.12/site-packages/project_fleet_adapter
[1.736s] copying /home/usuario/rmf_ws/src/project/build/project_fleet_adapter/build/lib/project_fleet_adapter/RobotClientAPI.py -> /home/usuario/rmf_ws/src/project/install/project_fleet_adapter/lib/python3.12/site-packages/project_fleet_adapter
[1.737s] copying /home/usuario/rmf_ws/src/project/build/project_fleet_adapter/build/lib/project_fleet_adapter/__init__.py -> /home/usuario/rmf_ws/src/project/install/project_fleet_adapter/lib/python3.12/site-packages/project_fleet_adapter
[1.737s] creating /home/usuario/rmf_ws/src/project/install/project_fleet_adapter/lib/python3.12/site-packages/test
[1.737s] copying /home/usuario/rmf_ws/src/project/build/project_fleet_adapter/build/lib/test/test_copyright.py -> /home/usuario/rmf_ws/src/project/install/project_fleet_adapter/lib/python3.12/site-packages/test
[1.738s] copying /home/usuario/rmf_ws/src/project/build/project_fleet_adapter/build/lib/test/test_flake8.py -> /home/usuario/rmf_ws/src/project/install/project_fleet_adapter/lib/python3.12/site-packages/test
[1.738s] copying /home/usuario/rmf_ws/src/project/build/project_fleet_adapter/build/lib/test/test_pep257.py -> /home/usuario/rmf_ws/src/project/install/project_fleet_adapter/lib/python3.12/site-packages/test
[1.739s] copying /home/usuario/rmf_ws/src/project/build/project_fleet_adapter/build/lib/test/__init__.py -> /home/usuario/rmf_ws/src/project/install/project_fleet_adapter/lib/python3.12/site-packages/test
[1.740s] byte-compiling /home/usuario/rmf_ws/src/project/install/project_fleet_adapter/lib/python3.12/site-packages/project_fleet_adapter/fleet_adapter.py to fleet_adapter.cpython-312.pyc
[1.743s] byte-compiling /home/usuario/rmf_ws/src/project/install/project_fleet_adapter/lib/python3.12/site-packages/project_fleet_adapter/manage_lane.py to manage_lane.cpython-312.pyc
[1.745s] byte-compiling /home/usuario/rmf_ws/src/project/install/project_fleet_adapter/lib/python3.12/site-packages/project_fleet_adapter/fleet_manager.py to fleet_manager.cpython-312.pyc
[1.749s] byte-compiling /home/usuario/rmf_ws/src/project/install/project_fleet_adapter/lib/python3.12/site-packages/project_fleet_adapter/RobotClientAPI.py to RobotClientAPI.cpython-312.pyc
[1.751s] byte-compiling /home/usuario/rmf_ws/src/project/install/project_fleet_adapter/lib/python3.12/site-packages/project_fleet_adapter/__init__.py to __init__.cpython-312.pyc
[1.752s] byte-compiling /home/usuario/rmf_ws/src/project/install/project_fleet_adapter/lib/python3.12/site-packages/test/test_copyright.py to test_copyright.cpython-312.pyc
[1.752s] byte-compiling /home/usuario/rmf_ws/src/project/install/project_fleet_adapter/lib/python3.12/site-packages/test/test_flake8.py to test_flake8.cpython-312.pyc
[1.753s] byte-compiling /home/usuario/rmf_ws/src/project/install/project_fleet_adapter/lib/python3.12/site-packages/test/test_pep257.py to test_pep257.cpython-312.pyc
[1.753s] byte-compiling /home/usuario/rmf_ws/src/project/install/project_fleet_adapter/lib/python3.12/site-packages/test/__init__.py to __init__.cpython-312.pyc
[1.754s] running install_data
[1.754s] creating /home/usuario/rmf_ws/src/project/install/project_fleet_adapter/share/ament_index
[1.754s] creating /home/usuario/rmf_ws/src/project/install/project_fleet_adapter/share/ament_index/resource_index
[1.754s] creating /home/usuario/rmf_ws/src/project/install/project_fleet_adapter/share/ament_index/resource_index/packages
[1.754s] copying resource/project_fleet_adapter -> /home/usuario/rmf_ws/src/project/install/project_fleet_adapter/share/ament_index/resource_index/packages
[1.755s] copying package.xml -> /home/usuario/rmf_ws/src/project/install/project_fleet_adapter/share/project_fleet_adapter
[1.755s] copying config.yaml -> /home/usuario/rmf_ws/src/project/install/project_fleet_adapter/share/project_fleet_adapter
[1.755s] creating /home/usuario/rmf_ws/src/project/install/project_fleet_adapter/share/project_fleet_adapter/launch
[1.755s] copying launch/fleet_adapter.launch.xml -> /home/usuario/rmf_ws/src/project/install/project_fleet_adapter/share/project_fleet_adapter/launch
[1.756s] running install_egg_info
[1.779s] Copying ../build/project_fleet_adapter/project_fleet_adapter.egg-info to /home/usuario/rmf_ws/src/project/install/project_fleet_adapter/lib/python3.12/site-packages/project_fleet_adapter-2.5.0-py3.12.egg-info
[1.783s] running install_scripts
[1.937s] Installing fleet_adapter script to /home/usuario/rmf_ws/src/project/install/project_fleet_adapter/lib/project_fleet_adapter
[1.937s] Installing fleet_manager script to /home/usuario/rmf_ws/src/project/install/project_fleet_adapter/lib/project_fleet_adapter
[1.937s] Installing manage_lane script to /home/usuario/rmf_ws/src/project/install/project_fleet_adapter/lib/project_fleet_adapter
[1.938s] writing list of installed files to '/home/usuario/rmf_ws/src/project/build/project_fleet_adapter/install.log'
