[0.867s] Invoking command in '/home/usuario/IR2134/rmf_ws/src/project/project_fleet_adapter': PYTHONPATH=/home/usuario/IR2134/rmf_ws/src/project/build/project_fleet_adapter/prefix_override:/usr/lib/python3/dist-packages/colcon_core/task/python/colcon_distutils_commands:/home/usuario/IR2134/rmf_ws/src/project/install/project_fleet_adapter/lib/python3.12/site-packages:${PYTHONPATH} /usr/bin/python3 -W ignore:setup.py install is deprecated -W ignore:easy_install command is deprecated setup.py egg_info --egg-base ../build/project_fleet_adapter build --build-base /home/usuario/IR2134/rmf_ws/src/project/build/project_fleet_adapter/build install --record /home/usuario/IR2134/rmf_ws/src/project/build/project_fleet_adapter/install.log --single-version-externally-managed install_data
[1.134s] running egg_info
[1.134s] creating ../build/project_fleet_adapter/project_fleet_adapter.egg-info
[1.151s] writing ../build/project_fleet_adapter/project_fleet_adapter.egg-info/PKG-INFO
[1.155s] writing dependency_links to ../build/project_fleet_adapter/project_fleet_adapter.egg-info/dependency_links.txt
[1.156s] writing entry points to ../build/project_fleet_adapter/project_fleet_adapter.egg-info/entry_points.txt
[1.157s] writing requirements to ../build/project_fleet_adapter/project_fleet_adapter.egg-info/requires.txt
[1.158s] writing top-level names to ../build/project_fleet_adapter/project_fleet_adapter.egg-info/top_level.txt
[1.160s] writing manifest file '../build/project_fleet_adapter/project_fleet_adapter.egg-info/SOURCES.txt'
[1.195s] reading manifest file '../build/project_fleet_adapter/project_fleet_adapter.egg-info/SOURCES.txt'
[1.197s] writing manifest file '../build/project_fleet_adapter/project_fleet_adapter.egg-info/SOURCES.txt'
[1.198s] running build
[1.198s] running build_py
[1.198s] creating /home/usuario/IR2134/rmf_ws/src/project/build/project_fleet_adapter/build
[1.199s] creating /home/usuario/IR2134/rmf_ws/src/project/build/project_fleet_adapter/build/lib
[1.199s] creating /home/usuario/IR2134/rmf_ws/src/project/build/project_fleet_adapter/build/lib/project_fleet_adapter
[1.199s] copying project_fleet_adapter/fleet_adapter.py -> /home/usuario/IR2134/rmf_ws/src/project/build/project_fleet_adapter/build/lib/project_fleet_adapter
[1.207s] copying project_fleet_adapter/manage_lane.py -> /home/usuario/IR2134/rmf_ws/src/project/build/project_fleet_adapter/build/lib/project_fleet_adapter
[1.216s] copying project_fleet_adapter/fleet_manager.py -> /home/usuario/IR2134/rmf_ws/src/project/build/project_fleet_adapter/build/lib/project_fleet_adapter
[1.220s] copying project_fleet_adapter/RobotClientAPI.py -> /home/usuario/IR2134/rmf_ws/src/project/build/project_fleet_adapter/build/lib/project_fleet_adapter
[1.223s] copying project_fleet_adapter/__init__.py -> /home/usuario/IR2134/rmf_ws/src/project/build/project_fleet_adapter/build/lib/project_fleet_adapter
[1.224s] creating /home/usuario/IR2134/rmf_ws/src/project/build/project_fleet_adapter/build/lib/test
[1.224s] copying test/test_copyright.py -> /home/usuario/IR2134/rmf_ws/src/project/build/project_fleet_adapter/build/lib/test
[1.227s] copying test/test_flake8.py -> /home/usuario/IR2134/rmf_ws/src/project/build/project_fleet_adapter/build/lib/test
[1.230s] copying test/test_pep257.py -> /home/usuario/IR2134/rmf_ws/src/project/build/project_fleet_adapter/build/lib/test
[1.233s] copying test/__init__.py -> /home/usuario/IR2134/rmf_ws/src/project/build/project_fleet_adapter/build/lib/test
[1.234s] running install
[1.239s] running install_lib
[1.257s] creating /home/usuario/IR2134/rmf_ws/src/project/install/project_fleet_adapter/lib/python3.12/site-packages/project_fleet_adapter
[1.257s] copying /home/usuario/IR2134/rmf_ws/src/project/build/project_fleet_adapter/build/lib/project_fleet_adapter/fleet_adapter.py -> /home/usuario/IR2134/rmf_ws/src/project/install/project_fleet_adapter/lib/python3.12/site-packages/project_fleet_adapter
[1.257s] copying /home/usuario/IR2134/rmf_ws/src/project/build/project_fleet_adapter/build/lib/project_fleet_adapter/manage_lane.py -> /home/usuario/IR2134/rmf_ws/src/project/install/project_fleet_adapter/lib/python3.12/site-packages/project_fleet_adapter
[1.258s] copying /home/usuario/IR2134/rmf_ws/src/project/build/project_fleet_adapter/build/lib/project_fleet_adapter/fleet_manager.py -> /home/usuario/IR2134/rmf_ws/src/project/install/project_fleet_adapter/lib/python3.12/site-packages/project_fleet_adapter
[1.258s] copying /home/usuario/IR2134/rmf_ws/src/project/build/project_fleet_adapter/build/lib/project_fleet_adapter/RobotClientAPI.py -> /home/usuario/IR2134/rmf_ws/src/project/install/project_fleet_adapter/lib/python3.12/site-packages/project_fleet_adapter
[1.259s] copying /home/usuario/IR2134/rmf_ws/src/project/build/project_fleet_adapter/build/lib/project_fleet_adapter/__init__.py -> /home/usuario/IR2134/rmf_ws/src/project/install/project_fleet_adapter/lib/python3.12/site-packages/project_fleet_adapter
[1.260s] creating /home/usuario/IR2134/rmf_ws/src/project/install/project_fleet_adapter/lib/python3.12/site-packages/test
[1.260s] copying /home/usuario/IR2134/rmf_ws/src/project/build/project_fleet_adapter/build/lib/test/test_copyright.py -> /home/usuario/IR2134/rmf_ws/src/project/install/project_fleet_adapter/lib/python3.12/site-packages/test
[1.260s] copying /home/usuario/IR2134/rmf_ws/src/project/build/project_fleet_adapter/build/lib/test/test_flake8.py -> /home/usuario/IR2134/rmf_ws/src/project/install/project_fleet_adapter/lib/python3.12/site-packages/test
[1.261s] copying /home/usuario/IR2134/rmf_ws/src/project/build/project_fleet_adapter/build/lib/test/test_pep257.py -> /home/usuario/IR2134/rmf_ws/src/project/install/project_fleet_adapter/lib/python3.12/site-packages/test
[1.261s] copying /home/usuario/IR2134/rmf_ws/src/project/build/project_fleet_adapter/build/lib/test/__init__.py -> /home/usuario/IR2134/rmf_ws/src/project/install/project_fleet_adapter/lib/python3.12/site-packages/test
[1.264s] byte-compiling /home/usuario/IR2134/rmf_ws/src/project/install/project_fleet_adapter/lib/python3.12/site-packages/project_fleet_adapter/fleet_adapter.py to fleet_adapter.cpython-312.pyc
[1.271s] byte-compiling /home/usuario/IR2134/rmf_ws/src/project/install/project_fleet_adapter/lib/python3.12/site-packages/project_fleet_adapter/manage_lane.py to manage_lane.cpython-312.pyc
[1.275s] byte-compiling /home/usuario/IR2134/rmf_ws/src/project/install/project_fleet_adapter/lib/python3.12/site-packages/project_fleet_adapter/fleet_manager.py to fleet_manager.cpython-312.pyc
[1.282s] byte-compiling /home/usuario/IR2134/rmf_ws/src/project/install/project_fleet_adapter/lib/python3.12/site-packages/project_fleet_adapter/RobotClientAPI.py to RobotClientAPI.cpython-312.pyc
[1.288s] byte-compiling /home/usuario/IR2134/rmf_ws/src/project/install/project_fleet_adapter/lib/python3.12/site-packages/project_fleet_adapter/__init__.py to __init__.cpython-312.pyc
[1.292s] byte-compiling /home/usuario/IR2134/rmf_ws/src/project/install/project_fleet_adapter/lib/python3.12/site-packages/test/test_copyright.py to test_copyright.cpython-312.pyc
[1.300s] byte-compiling /home/usuario/IR2134/rmf_ws/src/project/install/project_fleet_adapter/lib/python3.12/site-packages/test/test_flake8.py to test_flake8.cpython-312.pyc
[1.306s] byte-compiling /home/usuario/IR2134/rmf_ws/src/project/install/project_fleet_adapter/lib/python3.12/site-packages/test/test_pep257.py to test_pep257.cpython-312.pyc
[1.313s] byte-compiling /home/usuario/IR2134/rmf_ws/src/project/install/project_fleet_adapter/lib/python3.12/site-packages/test/__init__.py to __init__.cpython-312.pyc
[1.318s] running install_data
[1.318s] creating /home/usuario/IR2134/rmf_ws/src/project/install/project_fleet_adapter/share/ament_index
[1.318s] creating /home/usuario/IR2134/rmf_ws/src/project/install/project_fleet_adapter/share/ament_index/resource_index
[1.318s] creating /home/usuario/IR2134/rmf_ws/src/project/install/project_fleet_adapter/share/ament_index/resource_index/packages
[1.318s] copying resource/project_fleet_adapter -> /home/usuario/IR2134/rmf_ws/src/project/install/project_fleet_adapter/share/ament_index/resource_index/packages
[1.322s] copying package.xml -> /home/usuario/IR2134/rmf_ws/src/project/install/project_fleet_adapter/share/project_fleet_adapter
[1.330s] copying config.yaml -> /home/usuario/IR2134/rmf_ws/src/project/install/project_fleet_adapter/share/project_fleet_adapter
[1.337s] creating /home/usuario/IR2134/rmf_ws/src/project/install/project_fleet_adapter/share/project_fleet_adapter/launch
[1.337s] copying launch/fleet_adapter.launch.xml -> /home/usuario/IR2134/rmf_ws/src/project/install/project_fleet_adapter/share/project_fleet_adapter/launch
[1.348s] running install_egg_info
[1.366s] Copying ../build/project_fleet_adapter/project_fleet_adapter.egg-info to /home/usuario/IR2134/rmf_ws/src/project/install/project_fleet_adapter/lib/python3.12/site-packages/project_fleet_adapter-2.5.0-py3.12.egg-info
[1.406s] running install_scripts
[1.547s] Installing fleet_adapter script to /home/usuario/IR2134/rmf_ws/src/project/install/project_fleet_adapter/lib/project_fleet_adapter
[1.547s] Installing fleet_manager script to /home/usuario/IR2134/rmf_ws/src/project/install/project_fleet_adapter/lib/project_fleet_adapter
[1.547s] Installing manage_lane script to /home/usuario/IR2134/rmf_ws/src/project/install/project_fleet_adapter/lib/project_fleet_adapter
[1.548s] writing list of installed files to '/home/usuario/IR2134/rmf_ws/src/project/build/project_fleet_adapter/install.log'
[1.577s] Invoked command in '/home/usuario/IR2134/rmf_ws/src/project/project_fleet_adapter' returned '0': PYTHONPATH=/home/usuario/IR2134/rmf_ws/src/project/build/project_fleet_adapter/prefix_override:/usr/lib/python3/dist-packages/colcon_core/task/python/colcon_distutils_commands:/home/usuario/IR2134/rmf_ws/src/project/install/project_fleet_adapter/lib/python3.12/site-packages:${PYTHONPATH} /usr/bin/python3 -W ignore:setup.py install is deprecated -W ignore:easy_install command is deprecated setup.py egg_info --egg-base ../build/project_fleet_adapter build --build-base /home/usuario/IR2134/rmf_ws/src/project/build/project_fleet_adapter/build install --record /home/usuario/IR2134/rmf_ws/src/project/build/project_fleet_adapter/install.log --single-version-externally-managed install_data
