[1.021s] Invoking command in '/home/usuario/rmf_ws/src/project/project_fleet_adapter': PYTHONPATH=/home/usuario/rmf_ws/src/project/build/project_fleet_adapter/prefix_override:/usr/lib/python3/dist-packages/colcon_core/task/python/colcon_distutils_commands:/home/usuario/rmf_ws/src/project/install/project_fleet_adapter/lib/python3.12/site-packages:${PYTHONPATH} /usr/bin/python3 -W ignore:setup.py install is deprecated -W ignore:easy_install command is deprecated setup.py egg_info --egg-base ../build/project_fleet_adapter build --build-base /home/usuario/rmf_ws/src/project/build/project_fleet_adapter/build install --record /home/usuario/rmf_ws/src/project/build/project_fleet_adapter/install.log --single-version-externally-managed install_data
[1.338s] running egg_info
[1.360s] writing ../build/project_fleet_adapter/project_fleet_adapter.egg-info/PKG-INFO
[1.361s] writing dependency_links to ../build/project_fleet_adapter/project_fleet_adapter.egg-info/dependency_links.txt
[1.361s] writing entry points to ../build/project_fleet_adapter/project_fleet_adapter.egg-info/entry_points.txt
[1.361s] writing requirements to ../build/project_fleet_adapter/project_fleet_adapter.egg-info/requires.txt
[1.361s] writing top-level names to ../build/project_fleet_adapter/project_fleet_adapter.egg-info/top_level.txt
[1.406s] reading manifest file '../build/project_fleet_adapter/project_fleet_adapter.egg-info/SOURCES.txt'
[1.408s] writing manifest file '../build/project_fleet_adapter/project_fleet_adapter.egg-info/SOURCES.txt'
[1.408s] running build
[1.408s] running build_py
[1.409s] running install
[1.417s] running install_lib
[1.440s] running install_data
[1.441s] running install_egg_info
[1.465s] removing '/home/usuario/rmf_ws/src/project/install/project_fleet_adapter/lib/python3.12/site-packages/project_fleet_adapter-2.5.0-py3.12.egg-info' (and everything under it)
[1.465s] Copying ../build/project_fleet_adapter/project_fleet_adapter.egg-info to /home/usuario/rmf_ws/src/project/install/project_fleet_adapter/lib/python3.12/site-packages/project_fleet_adapter-2.5.0-py3.12.egg-info
[1.469s] running install_scripts
[1.625s] Installing fleet_adapter script to /home/usuario/rmf_ws/src/project/install/project_fleet_adapter/lib/project_fleet_adapter
[1.625s] Installing fleet_manager script to /home/usuario/rmf_ws/src/project/install/project_fleet_adapter/lib/project_fleet_adapter
[1.626s] Installing manage_lane script to /home/usuario/rmf_ws/src/project/install/project_fleet_adapter/lib/project_fleet_adapter
[1.626s] writing list of installed files to '/home/usuario/rmf_ws/src/project/build/project_fleet_adapter/install.log'
[1.654s] Invoked command in '/home/usuario/rmf_ws/src/project/project_fleet_adapter' returned '0': PYTHONPATH=/home/usuario/rmf_ws/src/project/build/project_fleet_adapter/prefix_override:/usr/lib/python3/dist-packages/colcon_core/task/python/colcon_distutils_commands:/home/usuario/rmf_ws/src/project/install/project_fleet_adapter/lib/python3.12/site-packages:${PYTHONPATH} /usr/bin/python3 -W ignore:setup.py install is deprecated -W ignore:easy_install command is deprecated setup.py egg_info --egg-base ../build/project_fleet_adapter build --build-base /home/usuario/rmf_ws/src/project/build/project_fleet_adapter/build install --record /home/usuario/rmf_ws/src/project/build/project_fleet_adapter/install.log --single-version-externally-managed install_data
