[0.873s] Invoking command in '/home/usuario/IR2134/rmf_ws/src/project/project_fleet_adapter': PYTHONPATH=/home/usuario/IR2134/rmf_ws/src/project/build/project_fleet_adapter/prefix_override:/usr/lib/python3/dist-packages/colcon_core/task/python/colcon_distutils_commands:/home/usuario/IR2134/rmf_ws/src/project/install/project_fleet_adapter/lib/python3.12/site-packages:${PYTHONPATH} /usr/bin/python3 -W ignore:setup.py install is deprecated -W ignore:easy_install command is deprecated setup.py egg_info --egg-base ../build/project_fleet_adapter build --build-base /home/usuario/IR2134/rmf_ws/src/project/build/project_fleet_adapter/build install --record /home/usuario/IR2134/rmf_ws/src/project/build/project_fleet_adapter/install.log --single-version-externally-managed install_data
[1.161s] running egg_info
[1.162s] creating ../build/project_fleet_adapter/project_fleet_adapter.egg-info
[1.178s] writing ../build/project_fleet_adapter/project_fleet_adapter.egg-info/PKG-INFO
[1.179s] writing dependency_links to ../build/project_fleet_adapter/project_fleet_adapter.egg-info/dependency_links.txt
[1.180s] writing entry points to ../build/project_fleet_adapter/project_fleet_adapter.egg-info/entry_points.txt
[1.180s] writing requirements to ../build/project_fleet_adapter/project_fleet_adapter.egg-info/requires.txt
[1.180s] writing top-level names to ../build/project_fleet_adapter/project_fleet_adapter.egg-info/top_level.txt
[1.181s] writing manifest file '../build/project_fleet_adapter/project_fleet_adapter.egg-info/SOURCES.txt'
[1.216s] reading manifest file '../build/project_fleet_adapter/project_fleet_adapter.egg-info/SOURCES.txt'
[1.222s] writing manifest file '../build/project_fleet_adapter/project_fleet_adapter.egg-info/SOURCES.txt'
[1.223s] running build
[1.223s] running build_py
[1.223s] creating /home/usuario/IR2134/rmf_ws/src/project/build/project_fleet_adapter/build
[1.223s] creating /home/usuario/IR2134/rmf_ws/src/project/build/project_fleet_adapter/build/lib
[1.223s] creating /home/usuario/IR2134/rmf_ws/src/project/build/project_fleet_adapter/build/lib/project_fleet_adapter
[1.224s] copying project_fleet_adapter/fleet_adapter.py -> /home/usuario/IR2134/rmf_ws/src/project/build/project_fleet_adapter/build/lib/project_fleet_adapter
[1.227s] copying project_fleet_adapter/manage_lane.py -> /home/usuario/IR2134/rmf_ws/src/project/build/project_fleet_adapter/build/lib/project_fleet_adapter
[1.230s] copying project_fleet_adapter/fleet_manager.py -> /home/usuario/IR2134/rmf_ws/src/project/build/project_fleet_adapter/build/lib/project_fleet_adapter
[1.234s] copying project_fleet_adapter/RobotClientAPI.py -> /home/usuario/IR2134/rmf_ws/src/project/build/project_fleet_adapter/build/lib/project_fleet_adapter
[1.247s] copying project_fleet_adapter/__init__.py -> /home/usuario/IR2134/rmf_ws/src/project/build/project_fleet_adapter/build/lib/project_fleet_adapter
[1.248s] creating /home/usuario/IR2134/rmf_ws/src/project/build/project_fleet_adapter/build/lib/test
[1.248s] copying test/test_copyright.py -> /home/usuario/IR2134/rmf_ws/src/project/build/project_fleet_adapter/build/lib/test
[1.251s] copying test/test_flake8.py -> /home/usuario/IR2134/rmf_ws/src/project/build/project_fleet_adapter/build/lib/test
[1.254s] copying test/test_pep257.py -> /home/usuario/IR2134/rmf_ws/src/project/build/project_fleet_adapter/build/lib/test
[1.259s] copying test/__init__.py -> /home/usuario/IR2134/rmf_ws/src/project/build/project_fleet_adapter/build/lib/test
[1.260s] running install
[1.266s] running install_lib
[1.285s] creating /home/usuario/IR2134/rmf_ws/src/project/install/project_fleet_adapter/lib/python3.12/site-packages/project_fleet_adapter
[1.285s] copying /home/usuario/IR2134/rmf_ws/src/project/build/project_fleet_adapter/build/lib/project_fleet_adapter/fleet_adapter.py -> /home/usuario/IR2134/rmf_ws/src/project/install/project_fleet_adapter/lib/python3.12/site-packages/project_fleet_adapter
[1.286s] copying /home/usuario/IR2134/rmf_ws/src/project/build/project_fleet_adapter/build/lib/project_fleet_adapter/manage_lane.py -> /home/usuario/IR2134/rmf_ws/src/project/install/project_fleet_adapter/lib/python3.12/site-packages/project_fleet_adapter
[1.287s] copying /home/usuario/IR2134/rmf_ws/src/project/build/project_fleet_adapter/build/lib/project_fleet_adapter/fleet_manager.py -> /home/usuario/IR2134/rmf_ws/src/project/install/project_fleet_adapter/lib/python3.12/site-packages/project_fleet_adapter
[1.288s] copying /home/usuario/IR2134/rmf_ws/src/project/build/project_fleet_adapter/build/lib/project_fleet_adapter/RobotClientAPI.py -> /home/usuario/IR2134/rmf_ws/src/project/install/project_fleet_adapter/lib/python3.12/site-packages/project_fleet_adapter
[1.290s] copying /home/usuario/IR2134/rmf_ws/src/project/build/project_fleet_adapter/build/lib/project_fleet_adapter/__init__.py -> /home/usuario/IR2134/rmf_ws/src/project/install/project_fleet_adapter/lib/python3.12/site-packages/project_fleet_adapter
[1.291s] creating /home/usuario/IR2134/rmf_ws/src/project/install/project_fleet_adapter/lib/python3.12/site-packages/test
[1.292s] copying /home/usuario/IR2134/rmf_ws/src/project/build/project_fleet_adapter/build/lib/test/test_copyright.py -> /home/usuario/IR2134/rmf_ws/src/project/install/project_fleet_adapter/lib/python3.12/site-packages/test
[1.293s] copying /home/usuario/IR2134/rmf_ws/src/project/build/project_fleet_adapter/build/lib/test/test_flake8.py -> /home/usuario/IR2134/rmf_ws/src/project/install/project_fleet_adapter/lib/python3.12/site-packages/test
[1.295s] copying /home/usuario/IR2134/rmf_ws/src/project/build/project_fleet_adapter/build/lib/test/test_pep257.py -> /home/usuario/IR2134/rmf_ws/src/project/install/project_fleet_adapter/lib/python3.12/site-packages/test
[1.296s] copying /home/usuario/IR2134/rmf_ws/src/project/build/project_fleet_adapter/build/lib/test/__init__.py -> /home/usuario/IR2134/rmf_ws/src/project/install/project_fleet_adapter/lib/python3.12/site-packages/test
[1.298s] byte-compiling /home/usuario/IR2134/rmf_ws/src/project/install/project_fleet_adapter/lib/python3.12/site-packages/project_fleet_adapter/fleet_adapter.py to fleet_adapter.cpython-312.pyc
[1.308s] byte-compiling /home/usuario/IR2134/rmf_ws/src/project/install/project_fleet_adapter/lib/python3.12/site-packages/project_fleet_adapter/manage_lane.py to manage_lane.cpython-312.pyc
[1.316s] byte-compiling /home/usuario/IR2134/rmf_ws/src/project/install/project_fleet_adapter/lib/python3.12/site-packages/project_fleet_adapter/fleet_manager.py to fleet_manager.cpython-312.pyc
[1.326s] byte-compiling /home/usuario/IR2134/rmf_ws/src/project/install/project_fleet_adapter/lib/python3.12/site-packages/project_fleet_adapter/RobotClientAPI.py to RobotClientAPI.cpython-312.pyc
[1.334s] byte-compiling /home/usuario/IR2134/rmf_ws/src/project/install/project_fleet_adapter/lib/python3.12/site-packages/project_fleet_adapter/__init__.py to __init__.cpython-312.pyc
[1.339s] byte-compiling /home/usuario/IR2134/rmf_ws/src/project/install/project_fleet_adapter/lib/python3.12/site-packages/test/test_copyright.py to test_copyright.cpython-312.pyc
[1.343s] byte-compiling /home/usuario/IR2134/rmf_ws/src/project/install/project_fleet_adapter/lib/python3.12/site-packages/test/test_flake8.py to test_flake8.cpython-312.pyc
[1.348s] byte-compiling /home/usuario/IR2134/rmf_ws/src/project/install/project_fleet_adapter/lib/python3.12/site-packages/test/test_pep257.py to test_pep257.cpython-312.pyc
[1.351s] byte-compiling /home/usuario/IR2134/rmf_ws/src/project/install/project_fleet_adapter/lib/python3.12/site-packages/test/__init__.py to __init__.cpython-312.pyc
[1.361s] running install_data
[1.361s] creating /home/usuario/IR2134/rmf_ws/src/project/install/project_fleet_adapter/share/ament_index
[1.361s] creating /home/usuario/IR2134/rmf_ws/src/project/install/project_fleet_adapter/share/ament_index/resource_index
[1.362s] creating /home/usuario/IR2134/rmf_ws/src/project/install/project_fleet_adapter/share/ament_index/resource_index/packages
[1.362s] copying resource/project_fleet_adapter -> /home/usuario/IR2134/rmf_ws/src/project/install/project_fleet_adapter/share/ament_index/resource_index/packages
[1.363s] copying package.xml -> /home/usuario/IR2134/rmf_ws/src/project/install/project_fleet_adapter/share/project_fleet_adapter
[1.368s] copying config.yaml -> /home/usuario/IR2134/rmf_ws/src/project/install/project_fleet_adapter/share/project_fleet_adapter
[1.374s] creating /home/usuario/IR2134/rmf_ws/src/project/install/project_fleet_adapter/share/project_fleet_adapter/launch
[1.374s] copying launch/fleet_adapter.launch.xml -> /home/usuario/IR2134/rmf_ws/src/project/install/project_fleet_adapter/share/project_fleet_adapter/launch
[1.380s] running install_egg_info
[1.399s] Copying ../build/project_fleet_adapter/project_fleet_adapter.egg-info to /home/usuario/IR2134/rmf_ws/src/project/install/project_fleet_adapter/lib/python3.12/site-packages/project_fleet_adapter-2.5.0-py3.12.egg-info
[1.427s] running install_scripts
[1.568s] Installing fleet_adapter script to /home/usuario/IR2134/rmf_ws/src/project/install/project_fleet_adapter/lib/project_fleet_adapter
[1.568s] Installing fleet_manager script to /home/usuario/IR2134/rmf_ws/src/project/install/project_fleet_adapter/lib/project_fleet_adapter
[1.568s] Installing manage_lane script to /home/usuario/IR2134/rmf_ws/src/project/install/project_fleet_adapter/lib/project_fleet_adapter
[1.569s] writing list of installed files to '/home/usuario/IR2134/rmf_ws/src/project/build/project_fleet_adapter/install.log'
[1.595s] Invoked command in '/home/usuario/IR2134/rmf_ws/src/project/project_fleet_adapter' returned '0': PYTHONPATH=/home/usuario/IR2134/rmf_ws/src/project/build/project_fleet_adapter/prefix_override:/usr/lib/python3/dist-packages/colcon_core/task/python/colcon_distutils_commands:/home/usuario/IR2134/rmf_ws/src/project/install/project_fleet_adapter/lib/python3.12/site-packages:${PYTHONPATH} /usr/bin/python3 -W ignore:setup.py install is deprecated -W ignore:easy_install command is deprecated setup.py egg_info --egg-base ../build/project_fleet_adapter build --build-base /home/usuario/IR2134/rmf_ws/src/project/build/project_fleet_adapter/build install --record /home/usuario/IR2134/rmf_ws/src/project/build/project_fleet_adapter/install.log --single-version-externally-managed install_data
