[0.063s] Invoking command in '/home/usuario/IR2134/rmf_ws/src/project/build/project_assets': CMAKE_PREFIX_PATH=/home/usuario/IR2134/rmf_ws/src/project/install/project_simulation:/home/usuario/IR2134/rmf_ws/src/project/install/project_config:/home/usuario/IR2134/rmf_ws/src/project/install/project_maps:/home/usuario/IR2134/rmf_ws/src/project/install/project_assets:/rmf_demos_ws/install/rmf_workcell_msgs:/rmf_demos_ws/install/rmf_reservation_node:/rmf_demos_ws/install/rmf_demos_gz:/rmf_demos_ws/install/rmf_demos:/rmf_demos_ws/install/rmf_fleet_adapter_python:/rmf_demos_ws/install/rmf_fleet_adapter:/rmf_demos_ws/install/rmf_task_ros2:/rmf_demos_ws/install/rmf_websocket:/rmf_demos_ws/install/rmf_visualization:/rmf_demos_ws/install/rmf_visualization_schedule:/rmf_demos_ws/install/rmf_visualization_rviz2_plugins:/rmf_demos_ws/install/rmf_visualization_obstacles:/rmf_demos_ws/install/rmf_visualization_navgraphs:/rmf_demos_ws/install/rmf_visualization_floorplans:/rmf_demos_ws/install/rmf_visualization_fleet_states:/rmf_demos_ws/install/rmf_visualization_msgs:/rmf_demos_ws/install/rmf_traffic_ros2:/rmf_demos_ws/install/rmf_task_sequence:/rmf_demos_ws/install/rmf_task:/rmf_demos_ws/install/rmf_battery:/rmf_demos_ws/install/rmf_traffic:/rmf_demos_ws/install/rmf_utils:/rmf_demos_ws/install/rmf_traffic_msgs:/rmf_demos_ws/install/rmf_traffic_editor_test_maps:/rmf_demos_ws/install/rmf_traffic_editor_assets:/rmf_demos_ws/install/rmf_traffic_editor:/rmf_demos_ws/install/rmf_task_msgs:/rmf_demos_ws/install/rmf_site_map_msgs:/rmf_demos_ws/install/rmf_scheduler_msgs:/rmf_demos_ws/install/rmf_robot_sim_gz_plugins:/rmf_demos_ws/install/rmf_robot_sim_common:/rmf_demos_ws/install/rmf_reservation_msgs:/rmf_demos_ws/install/rmf_obstacle_msgs:/rmf_demos_ws/install/rmf_building_sim_gz_plugins:/rmf_demos_ws/install/rmf_lift_msgs:/rmf_demos_ws/install/rmf_ingestor_msgs:/rmf_demos_ws/install/rmf_fleet_msgs:/rmf_demos_ws/install/rmf_door_msgs:/rmf_demos_ws/install/rmf_dispenser_msgs:/rmf_demos_ws/install/rmf_demos_maps:/rmf_demos_ws/install/rmf_demos_assets:/rmf_demos_ws/install/rmf_charger_msgs:/rmf_demos_ws/install/rmf_building_map_msgs:/rmf_demos_ws/install/rmf_api_msgs:/rmf_demos_ws/install/pybind11_json_vendor:/rmf_demos_ws/install/nlohmann_json_schema_validator_vendor:/home/usuario/IR2134/rmf_ws/src/project/install/project_fleet_adapter:/rmf_demos_ws/install/rmf_demos_fleet_adapter:/rmf_demos_ws/install/rmf_visualization_building_systems:/rmf_demos_ws/install/rmf_traffic_examples:/rmf_demos_ws/install/rmf_demos_bridges:/rmf_demos_ws/install/rmf_demos_tasks:/rmf_demos_ws/install/rmf_building_map_tools:/rmf_demos_ws/install/rmf_charging_schedule:/opt/ros/jazzy:/rmf_demos_ws/install/menge_vendor:/rmf_demos_ws/install/ament_cmake_catch2:/opt/ros/jazzy/opt/gz_sim_vendor:/opt/ros/jazzy/opt/gz_sensors_vendor:/opt/ros/jazzy/opt/gz_physics_vendor:/opt/ros/jazzy/opt/sdformat_vendor:/opt/ros/jazzy/opt/gz_gui_vendor:/opt/ros/jazzy/opt/gz_transport_vendor:/opt/ros/jazzy/opt/gz_rendering_vendor:/opt/ros/jazzy/opt/gz_plugin_vendor:/opt/ros/jazzy/opt/gz_fuel_tools_vendor:/opt/ros/jazzy/opt/gz_msgs_vendor:/opt/ros/jazzy/opt/gz_common_vendor:/opt/ros/jazzy/opt/gz_math_vendor:/opt/ros/jazzy/opt/gz_utils_vendor:/opt/ros/jazzy/opt/gz_tools_vendor:/opt/ros/jazzy/opt/gz_ogre_next_vendor:/opt/ros/jazzy/opt/gz_dartsim_vendor:/opt/ros/jazzy/opt/gz_cmake_vendor /usr/bin/cmake /home/usuario/IR2134/rmf_ws/src/project/project_assets -DCMAKE_INSTALL_PREFIX=/home/usuario/IR2134/rmf_ws/src/project/install/project_assets
[0.293s] -- The C compiler identification is GNU 13.3.0
[0.293s] -- The CXX compiler identification is GNU 13.3.0
[0.308s] -- Detecting C compiler ABI info
[0.619s] -- Detecting C compiler ABI info - done
[0.635s] -- Check for working C compiler: /usr/bin/cc - skipped
[0.635s] -- Detecting C compile features
[0.635s] -- Detecting C compile features - done
[0.656s] -- Detecting CXX compiler ABI info
[1.035s] -- Detecting CXX compiler ABI info - done
[1.047s] -- Check for working CXX compiler: /usr/bin/c++ - skipped
[1.048s] -- Detecting CXX compile features
[1.048s] -- Detecting CXX compile features - done
[1.072s] -- Found ament_cmake: 2.5.3 (/opt/ros/jazzy/share/ament_cmake/cmake)
[1.302s] -- Found Python3: /usr/bin/python3 (found version "3.12.3") found components: Interpreter 
[1.679s] -- Configuring done (1.6s)
[1.687s] -- Generating done (0.0s)
[1.705s] -- Build files have been written to: /home/usuario/IR2134/rmf_ws/src/project/build/project_assets
[1.710s] Invoked command in '/home/usuario/IR2134/rmf_ws/src/project/build/project_assets' returned '0': CMAKE_PREFIX_PATH=/home/usuario/IR2134/rmf_ws/src/project/install/project_simulation:/home/usuario/IR2134/rmf_ws/src/project/install/project_config:/home/usuario/IR2134/rmf_ws/src/project/install/project_maps:/home/usuario/IR2134/rmf_ws/src/project/install/project_assets:/rmf_demos_ws/install/rmf_workcell_msgs:/rmf_demos_ws/install/rmf_reservation_node:/rmf_demos_ws/install/rmf_demos_gz:/rmf_demos_ws/install/rmf_demos:/rmf_demos_ws/install/rmf_fleet_adapter_python:/rmf_demos_ws/install/rmf_fleet_adapter:/rmf_demos_ws/install/rmf_task_ros2:/rmf_demos_ws/install/rmf_websocket:/rmf_demos_ws/install/rmf_visualization:/rmf_demos_ws/install/rmf_visualization_schedule:/rmf_demos_ws/install/rmf_visualization_rviz2_plugins:/rmf_demos_ws/install/rmf_visualization_obstacles:/rmf_demos_ws/install/rmf_visualization_navgraphs:/rmf_demos_ws/install/rmf_visualization_floorplans:/rmf_demos_ws/install/rmf_visualization_fleet_states:/rmf_demos_ws/install/rmf_visualization_msgs:/rmf_demos_ws/install/rmf_traffic_ros2:/rmf_demos_ws/install/rmf_task_sequence:/rmf_demos_ws/install/rmf_task:/rmf_demos_ws/install/rmf_battery:/rmf_demos_ws/install/rmf_traffic:/rmf_demos_ws/install/rmf_utils:/rmf_demos_ws/install/rmf_traffic_msgs:/rmf_demos_ws/install/rmf_traffic_editor_test_maps:/rmf_demos_ws/install/rmf_traffic_editor_assets:/rmf_demos_ws/install/rmf_traffic_editor:/rmf_demos_ws/install/rmf_task_msgs:/rmf_demos_ws/install/rmf_site_map_msgs:/rmf_demos_ws/install/rmf_scheduler_msgs:/rmf_demos_ws/install/rmf_robot_sim_gz_plugins:/rmf_demos_ws/install/rmf_robot_sim_common:/rmf_demos_ws/install/rmf_reservation_msgs:/rmf_demos_ws/install/rmf_obstacle_msgs:/rmf_demos_ws/install/rmf_building_sim_gz_plugins:/rmf_demos_ws/install/rmf_lift_msgs:/rmf_demos_ws/install/rmf_ingestor_msgs:/rmf_demos_ws/install/rmf_fleet_msgs:/rmf_demos_ws/install/rmf_door_msgs:/rmf_demos_ws/install/rmf_dispenser_msgs:/rmf_demos_ws/install/rmf_demos_maps:/rmf_demos_ws/install/rmf_demos_assets:/rmf_demos_ws/install/rmf_charger_msgs:/rmf_demos_ws/install/rmf_building_map_msgs:/rmf_demos_ws/install/rmf_api_msgs:/rmf_demos_ws/install/pybind11_json_vendor:/rmf_demos_ws/install/nlohmann_json_schema_validator_vendor:/home/usuario/IR2134/rmf_ws/src/project/install/project_fleet_adapter:/rmf_demos_ws/install/rmf_demos_fleet_adapter:/rmf_demos_ws/install/rmf_visualization_building_systems:/rmf_demos_ws/install/rmf_traffic_examples:/rmf_demos_ws/install/rmf_demos_bridges:/rmf_demos_ws/install/rmf_demos_tasks:/rmf_demos_ws/install/rmf_building_map_tools:/rmf_demos_ws/install/rmf_charging_schedule:/opt/ros/jazzy:/rmf_demos_ws/install/menge_vendor:/rmf_demos_ws/install/ament_cmake_catch2:/opt/ros/jazzy/opt/gz_sim_vendor:/opt/ros/jazzy/opt/gz_sensors_vendor:/opt/ros/jazzy/opt/gz_physics_vendor:/opt/ros/jazzy/opt/sdformat_vendor:/opt/ros/jazzy/opt/gz_gui_vendor:/opt/ros/jazzy/opt/gz_transport_vendor:/opt/ros/jazzy/opt/gz_rendering_vendor:/opt/ros/jazzy/opt/gz_plugin_vendor:/opt/ros/jazzy/opt/gz_fuel_tools_vendor:/opt/ros/jazzy/opt/gz_msgs_vendor:/opt/ros/jazzy/opt/gz_common_vendor:/opt/ros/jazzy/opt/gz_math_vendor:/opt/ros/jazzy/opt/gz_utils_vendor:/opt/ros/jazzy/opt/gz_tools_vendor:/opt/ros/jazzy/opt/gz_ogre_next_vendor:/opt/ros/jazzy/opt/gz_dartsim_vendor:/opt/ros/jazzy/opt/gz_cmake_vendor /usr/bin/cmake /home/usuario/IR2134/rmf_ws/src/project/project_assets -DCMAKE_INSTALL_PREFIX=/home/usuario/IR2134/rmf_ws/src/project/install/project_assets
[1.716s] Invoking command in '/home/usuario/IR2134/rmf_ws/src/project/build/project_assets': CMAKE_PREFIX_PATH=/home/usuario/IR2134/rmf_ws/src/project/install/project_simulation:/home/usuario/IR2134/rmf_ws/src/project/install/project_config:/home/usuario/IR2134/rmf_ws/src/project/install/project_maps:/home/usuario/IR2134/rmf_ws/src/project/install/project_assets:/rmf_demos_ws/install/rmf_workcell_msgs:/rmf_demos_ws/install/rmf_reservation_node:/rmf_demos_ws/install/rmf_demos_gz:/rmf_demos_ws/install/rmf_demos:/rmf_demos_ws/install/rmf_fleet_adapter_python:/rmf_demos_ws/install/rmf_fleet_adapter:/rmf_demos_ws/install/rmf_task_ros2:/rmf_demos_ws/install/rmf_websocket:/rmf_demos_ws/install/rmf_visualization:/rmf_demos_ws/install/rmf_visualization_schedule:/rmf_demos_ws/install/rmf_visualization_rviz2_plugins:/rmf_demos_ws/install/rmf_visualization_obstacles:/rmf_demos_ws/install/rmf_visualization_navgraphs:/rmf_demos_ws/install/rmf_visualization_floorplans:/rmf_demos_ws/install/rmf_visualization_fleet_states:/rmf_demos_ws/install/rmf_visualization_msgs:/rmf_demos_ws/install/rmf_traffic_ros2:/rmf_demos_ws/install/rmf_task_sequence:/rmf_demos_ws/install/rmf_task:/rmf_demos_ws/install/rmf_battery:/rmf_demos_ws/install/rmf_traffic:/rmf_demos_ws/install/rmf_utils:/rmf_demos_ws/install/rmf_traffic_msgs:/rmf_demos_ws/install/rmf_traffic_editor_test_maps:/rmf_demos_ws/install/rmf_traffic_editor_assets:/rmf_demos_ws/install/rmf_traffic_editor:/rmf_demos_ws/install/rmf_task_msgs:/rmf_demos_ws/install/rmf_site_map_msgs:/rmf_demos_ws/install/rmf_scheduler_msgs:/rmf_demos_ws/install/rmf_robot_sim_gz_plugins:/rmf_demos_ws/install/rmf_robot_sim_common:/rmf_demos_ws/install/rmf_reservation_msgs:/rmf_demos_ws/install/rmf_obstacle_msgs:/rmf_demos_ws/install/rmf_building_sim_gz_plugins:/rmf_demos_ws/install/rmf_lift_msgs:/rmf_demos_ws/install/rmf_ingestor_msgs:/rmf_demos_ws/install/rmf_fleet_msgs:/rmf_demos_ws/install/rmf_door_msgs:/rmf_demos_ws/install/rmf_dispenser_msgs:/rmf_demos_ws/install/rmf_demos_maps:/rmf_demos_ws/install/rmf_demos_assets:/rmf_demos_ws/install/rmf_charger_msgs:/rmf_demos_ws/install/rmf_building_map_msgs:/rmf_demos_ws/install/rmf_api_msgs:/rmf_demos_ws/install/pybind11_json_vendor:/rmf_demos_ws/install/nlohmann_json_schema_validator_vendor:/home/usuario/IR2134/rmf_ws/src/project/install/project_fleet_adapter:/rmf_demos_ws/install/rmf_demos_fleet_adapter:/rmf_demos_ws/install/rmf_visualization_building_systems:/rmf_demos_ws/install/rmf_traffic_examples:/rmf_demos_ws/install/rmf_demos_bridges:/rmf_demos_ws/install/rmf_demos_tasks:/rmf_demos_ws/install/rmf_building_map_tools:/rmf_demos_ws/install/rmf_charging_schedule:/opt/ros/jazzy:/rmf_demos_ws/install/menge_vendor:/rmf_demos_ws/install/ament_cmake_catch2:/opt/ros/jazzy/opt/gz_sim_vendor:/opt/ros/jazzy/opt/gz_sensors_vendor:/opt/ros/jazzy/opt/gz_physics_vendor:/opt/ros/jazzy/opt/sdformat_vendor:/opt/ros/jazzy/opt/gz_gui_vendor:/opt/ros/jazzy/opt/gz_transport_vendor:/opt/ros/jazzy/opt/gz_rendering_vendor:/opt/ros/jazzy/opt/gz_plugin_vendor:/opt/ros/jazzy/opt/gz_fuel_tools_vendor:/opt/ros/jazzy/opt/gz_msgs_vendor:/opt/ros/jazzy/opt/gz_common_vendor:/opt/ros/jazzy/opt/gz_math_vendor:/opt/ros/jazzy/opt/gz_utils_vendor:/opt/ros/jazzy/opt/gz_tools_vendor:/opt/ros/jazzy/opt/gz_ogre_next_vendor:/opt/ros/jazzy/opt/gz_dartsim_vendor:/opt/ros/jazzy/opt/gz_cmake_vendor /usr/bin/cmake --build /home/usuario/IR2134/rmf_ws/src/project/build/project_assets -- -j6 -l6
[1.811s] Invoked command in '/home/usuario/IR2134/rmf_ws/src/project/build/project_assets' returned '0': CMAKE_PREFIX_PATH=/home/usuario/IR2134/rmf_ws/src/project/install/project_simulation:/home/usuario/IR2134/rmf_ws/src/project/install/project_config:/home/usuario/IR2134/rmf_ws/src/project/install/project_maps:/home/usuario/IR2134/rmf_ws/src/project/install/project_assets:/rmf_demos_ws/install/rmf_workcell_msgs:/rmf_demos_ws/install/rmf_reservation_node:/rmf_demos_ws/install/rmf_demos_gz:/rmf_demos_ws/install/rmf_demos:/rmf_demos_ws/install/rmf_fleet_adapter_python:/rmf_demos_ws/install/rmf_fleet_adapter:/rmf_demos_ws/install/rmf_task_ros2:/rmf_demos_ws/install/rmf_websocket:/rmf_demos_ws/install/rmf_visualization:/rmf_demos_ws/install/rmf_visualization_schedule:/rmf_demos_ws/install/rmf_visualization_rviz2_plugins:/rmf_demos_ws/install/rmf_visualization_obstacles:/rmf_demos_ws/install/rmf_visualization_navgraphs:/rmf_demos_ws/install/rmf_visualization_floorplans:/rmf_demos_ws/install/rmf_visualization_fleet_states:/rmf_demos_ws/install/rmf_visualization_msgs:/rmf_demos_ws/install/rmf_traffic_ros2:/rmf_demos_ws/install/rmf_task_sequence:/rmf_demos_ws/install/rmf_task:/rmf_demos_ws/install/rmf_battery:/rmf_demos_ws/install/rmf_traffic:/rmf_demos_ws/install/rmf_utils:/rmf_demos_ws/install/rmf_traffic_msgs:/rmf_demos_ws/install/rmf_traffic_editor_test_maps:/rmf_demos_ws/install/rmf_traffic_editor_assets:/rmf_demos_ws/install/rmf_traffic_editor:/rmf_demos_ws/install/rmf_task_msgs:/rmf_demos_ws/install/rmf_site_map_msgs:/rmf_demos_ws/install/rmf_scheduler_msgs:/rmf_demos_ws/install/rmf_robot_sim_gz_plugins:/rmf_demos_ws/install/rmf_robot_sim_common:/rmf_demos_ws/install/rmf_reservation_msgs:/rmf_demos_ws/install/rmf_obstacle_msgs:/rmf_demos_ws/install/rmf_building_sim_gz_plugins:/rmf_demos_ws/install/rmf_lift_msgs:/rmf_demos_ws/install/rmf_ingestor_msgs:/rmf_demos_ws/install/rmf_fleet_msgs:/rmf_demos_ws/install/rmf_door_msgs:/rmf_demos_ws/install/rmf_dispenser_msgs:/rmf_demos_ws/install/rmf_demos_maps:/rmf_demos_ws/install/rmf_demos_assets:/rmf_demos_ws/install/rmf_charger_msgs:/rmf_demos_ws/install/rmf_building_map_msgs:/rmf_demos_ws/install/rmf_api_msgs:/rmf_demos_ws/install/pybind11_json_vendor:/rmf_demos_ws/install/nlohmann_json_schema_validator_vendor:/home/usuario/IR2134/rmf_ws/src/project/install/project_fleet_adapter:/rmf_demos_ws/install/rmf_demos_fleet_adapter:/rmf_demos_ws/install/rmf_visualization_building_systems:/rmf_demos_ws/install/rmf_traffic_examples:/rmf_demos_ws/install/rmf_demos_bridges:/rmf_demos_ws/install/rmf_demos_tasks:/rmf_demos_ws/install/rmf_building_map_tools:/rmf_demos_ws/install/rmf_charging_schedule:/opt/ros/jazzy:/rmf_demos_ws/install/menge_vendor:/rmf_demos_ws/install/ament_cmake_catch2:/opt/ros/jazzy/opt/gz_sim_vendor:/opt/ros/jazzy/opt/gz_sensors_vendor:/opt/ros/jazzy/opt/gz_physics_vendor:/opt/ros/jazzy/opt/sdformat_vendor:/opt/ros/jazzy/opt/gz_gui_vendor:/opt/ros/jazzy/opt/gz_transport_vendor:/opt/ros/jazzy/opt/gz_rendering_vendor:/opt/ros/jazzy/opt/gz_plugin_vendor:/opt/ros/jazzy/opt/gz_fuel_tools_vendor:/opt/ros/jazzy/opt/gz_msgs_vendor:/opt/ros/jazzy/opt/gz_common_vendor:/opt/ros/jazzy/opt/gz_math_vendor:/opt/ros/jazzy/opt/gz_utils_vendor:/opt/ros/jazzy/opt/gz_tools_vendor:/opt/ros/jazzy/opt/gz_ogre_next_vendor:/opt/ros/jazzy/opt/gz_dartsim_vendor:/opt/ros/jazzy/opt/gz_cmake_vendor /usr/bin/cmake --build /home/usuario/IR2134/rmf_ws/src/project/build/project_assets -- -j6 -l6
[1.833s] Invoking command in '/home/usuario/IR2134/rmf_ws/src/project/build/project_assets': CMAKE_PREFIX_PATH=/home/usuario/IR2134/rmf_ws/src/project/install/project_simulation:/home/usuario/IR2134/rmf_ws/src/project/install/project_config:/home/usuario/IR2134/rmf_ws/src/project/install/project_maps:/home/usuario/IR2134/rmf_ws/src/project/install/project_assets:/rmf_demos_ws/install/rmf_workcell_msgs:/rmf_demos_ws/install/rmf_reservation_node:/rmf_demos_ws/install/rmf_demos_gz:/rmf_demos_ws/install/rmf_demos:/rmf_demos_ws/install/rmf_fleet_adapter_python:/rmf_demos_ws/install/rmf_fleet_adapter:/rmf_demos_ws/install/rmf_task_ros2:/rmf_demos_ws/install/rmf_websocket:/rmf_demos_ws/install/rmf_visualization:/rmf_demos_ws/install/rmf_visualization_schedule:/rmf_demos_ws/install/rmf_visualization_rviz2_plugins:/rmf_demos_ws/install/rmf_visualization_obstacles:/rmf_demos_ws/install/rmf_visualization_navgraphs:/rmf_demos_ws/install/rmf_visualization_floorplans:/rmf_demos_ws/install/rmf_visualization_fleet_states:/rmf_demos_ws/install/rmf_visualization_msgs:/rmf_demos_ws/install/rmf_traffic_ros2:/rmf_demos_ws/install/rmf_task_sequence:/rmf_demos_ws/install/rmf_task:/rmf_demos_ws/install/rmf_battery:/rmf_demos_ws/install/rmf_traffic:/rmf_demos_ws/install/rmf_utils:/rmf_demos_ws/install/rmf_traffic_msgs:/rmf_demos_ws/install/rmf_traffic_editor_test_maps:/rmf_demos_ws/install/rmf_traffic_editor_assets:/rmf_demos_ws/install/rmf_traffic_editor:/rmf_demos_ws/install/rmf_task_msgs:/rmf_demos_ws/install/rmf_site_map_msgs:/rmf_demos_ws/install/rmf_scheduler_msgs:/rmf_demos_ws/install/rmf_robot_sim_gz_plugins:/rmf_demos_ws/install/rmf_robot_sim_common:/rmf_demos_ws/install/rmf_reservation_msgs:/rmf_demos_ws/install/rmf_obstacle_msgs:/rmf_demos_ws/install/rmf_building_sim_gz_plugins:/rmf_demos_ws/install/rmf_lift_msgs:/rmf_demos_ws/install/rmf_ingestor_msgs:/rmf_demos_ws/install/rmf_fleet_msgs:/rmf_demos_ws/install/rmf_door_msgs:/rmf_demos_ws/install/rmf_dispenser_msgs:/rmf_demos_ws/install/rmf_demos_maps:/rmf_demos_ws/install/rmf_demos_assets:/rmf_demos_ws/install/rmf_charger_msgs:/rmf_demos_ws/install/rmf_building_map_msgs:/rmf_demos_ws/install/rmf_api_msgs:/rmf_demos_ws/install/pybind11_json_vendor:/rmf_demos_ws/install/nlohmann_json_schema_validator_vendor:/home/usuario/IR2134/rmf_ws/src/project/install/project_fleet_adapter:/rmf_demos_ws/install/rmf_demos_fleet_adapter:/rmf_demos_ws/install/rmf_visualization_building_systems:/rmf_demos_ws/install/rmf_traffic_examples:/rmf_demos_ws/install/rmf_demos_bridges:/rmf_demos_ws/install/rmf_demos_tasks:/rmf_demos_ws/install/rmf_building_map_tools:/rmf_demos_ws/install/rmf_charging_schedule:/opt/ros/jazzy:/rmf_demos_ws/install/menge_vendor:/rmf_demos_ws/install/ament_cmake_catch2:/opt/ros/jazzy/opt/gz_sim_vendor:/opt/ros/jazzy/opt/gz_sensors_vendor:/opt/ros/jazzy/opt/gz_physics_vendor:/opt/ros/jazzy/opt/sdformat_vendor:/opt/ros/jazzy/opt/gz_gui_vendor:/opt/ros/jazzy/opt/gz_transport_vendor:/opt/ros/jazzy/opt/gz_rendering_vendor:/opt/ros/jazzy/opt/gz_plugin_vendor:/opt/ros/jazzy/opt/gz_fuel_tools_vendor:/opt/ros/jazzy/opt/gz_msgs_vendor:/opt/ros/jazzy/opt/gz_common_vendor:/opt/ros/jazzy/opt/gz_math_vendor:/opt/ros/jazzy/opt/gz_utils_vendor:/opt/ros/jazzy/opt/gz_tools_vendor:/opt/ros/jazzy/opt/gz_ogre_next_vendor:/opt/ros/jazzy/opt/gz_dartsim_vendor:/opt/ros/jazzy/opt/gz_cmake_vendor /usr/bin/cmake --install /home/usuario/IR2134/rmf_ws/src/project/build/project_assets
[1.852s] -- Install configuration: ""
[1.852s] -- Installing: /home/usuario/IR2134/rmf_ws/src/project/install/project_assets/share/project_assets/environment/project_assets.dsv
[1.855s] -- Installing: /home/usuario/IR2134/rmf_ws/src/project/install/project_assets/share/project_assets/models
[1.855s] -- Installing: /home/usuario/IR2134/rmf_ws/src/project/install/project_assets/share/project_assets/models/WoodenChair
[1.855s] -- Installing: /home/usuario/IR2134/rmf_ws/src/project/install/project_assets/share/project_assets/models/WoodenChair/meshes
[1.855s] -- Installing: /home/usuario/IR2134/rmf_ws/src/project/install/project_assets/share/project_assets/models/WoodenChair/meshes/WoodenChair_Rough.png
[1.862s] -- Installing: /home/usuario/IR2134/rmf_ws/src/project/install/project_assets/share/project_assets/models/WoodenChair/meshes/WoodenChair.obj
[1.868s] -- Installing: /home/usuario/IR2134/rmf_ws/src/project/install/project_assets/share/project_assets/models/WoodenChair/meshes/WoodenChair.mtl
[1.871s] -- Installing: /home/usuario/IR2134/rmf_ws/src/project/install/project_assets/share/project_assets/models/WoodenChair/meshes/WoodenChair_Diffuse.png
[1.885s] -- Installing: /home/usuario/IR2134/rmf_ws/src/project/install/project_assets/share/project_assets/models/WoodenChair/meshes/WoodenChair_Col.mtl
[1.888s] -- Installing: /home/usuario/IR2134/rmf_ws/src/project/install/project_assets/share/project_assets/models/WoodenChair/meshes/WoodenChair_Col.obj
[1.891s] -- Installing: /home/usuario/IR2134/rmf_ws/src/project/install/project_assets/share/project_assets/models/WoodenChair/LICENSE
[1.895s] -- Installing: /home/usuario/IR2134/rmf_ws/src/project/install/project_assets/share/project_assets/models/WoodenChair/model.config
[1.901s] -- Installing: /home/usuario/IR2134/rmf_ws/src/project/install/project_assets/share/project_assets/models/WoodenChair/model.sdf
[1.905s] -- Installing: /home/usuario/IR2134/rmf_ws/src/project/install/project_assets/share/project_assets/models/WoodenChair/thumbnails
[1.905s] -- Installing: /home/usuario/IR2134/rmf_ws/src/project/install/project_assets/share/project_assets/models/WoodenChair/thumbnails/4.png
[1.910s] -- Installing: /home/usuario/IR2134/rmf_ws/src/project/install/project_assets/share/project_assets/models/WoodenChair/thumbnails/1.png
[1.915s] -- Installing: /home/usuario/IR2134/rmf_ws/src/project/install/project_assets/share/project_assets/models/WoodenChair/thumbnails/3.png
[1.923s] -- Installing: /home/usuario/IR2134/rmf_ws/src/project/install/project_assets/share/project_assets/models/WoodenChair/thumbnails/2.png
[1.927s] -- Installing: /home/usuario/IR2134/rmf_ws/src/project/install/project_assets/share/project_assets/models/WoodenChair/thumbnails/5.png
[1.933s] -- Installing: /home/usuario/IR2134/rmf_ws/src/project/install/project_assets/share/project_assets/models/CoffeeTable
[1.933s] -- Installing: /home/usuario/IR2134/rmf_ws/src/project/install/project_assets/share/project_assets/models/CoffeeTable/meshes
[1.933s] -- Installing: /home/usuario/IR2134/rmf_ws/src/project/install/project_assets/share/project_assets/models/CoffeeTable/meshes/CoffeeTable_Diffuse.png
[1.935s] -- Installing: /home/usuario/IR2134/rmf_ws/src/project/install/project_assets/share/project_assets/models/CoffeeTable/meshes/CoffeeTable_Normal.png
[1.970s] -- Installing: /home/usuario/IR2134/rmf_ws/src/project/install/project_assets/share/project_assets/models/CoffeeTable/meshes/CoffeeTable_SpecGloss.png
[1.973s] -- Installing: /home/usuario/IR2134/rmf_ws/src/project/install/project_assets/share/project_assets/models/CoffeeTable/meshes/CoffeeTable.obj
[1.978s] -- Installing: /home/usuario/IR2134/rmf_ws/src/project/install/project_assets/share/project_assets/models/CoffeeTable/meshes/CoffeeTable.mtl
[1.981s] -- Installing: /home/usuario/IR2134/rmf_ws/src/project/install/project_assets/share/project_assets/models/CoffeeTable/LICENSE
[1.983s] -- Installing: /home/usuario/IR2134/rmf_ws/src/project/install/project_assets/share/project_assets/models/CoffeeTable/model.config
[1.986s] -- Installing: /home/usuario/IR2134/rmf_ws/src/project/install/project_assets/share/project_assets/models/CoffeeTable/model.sdf
[1.989s] -- Installing: /home/usuario/IR2134/rmf_ws/src/project/install/project_assets/share/project_assets/models/CoffeeTable/thumbnails
[1.989s] -- Installing: /home/usuario/IR2134/rmf_ws/src/project/install/project_assets/share/project_assets/models/CoffeeTable/thumbnails/4.png
[1.992s] -- Installing: /home/usuario/IR2134/rmf_ws/src/project/install/project_assets/share/project_assets/models/CoffeeTable/thumbnails/1.png
[2.001s] -- Installing: /home/usuario/IR2134/rmf_ws/src/project/install/project_assets/share/project_assets/models/CoffeeTable/thumbnails/3.png
[2.004s] -- Installing: /home/usuario/IR2134/rmf_ws/src/project/install/project_assets/share/project_assets/models/CoffeeTable/thumbnails/2.png
[2.008s] -- Installing: /home/usuario/IR2134/rmf_ws/src/project/install/project_assets/share/project_assets/models/CoffeeTable/thumbnails/5.png
[2.011s] -- Installing: /home/usuario/IR2134/rmf_ws/src/project/install/project_assets/share/project_assets/models/HospitalRobot
[2.011s] -- Installing: /home/usuario/IR2134/rmf_ws/src/project/install/project_assets/share/project_assets/models/HospitalRobot/meshes
[2.011s] -- Installing: /home/usuario/IR2134/rmf_ws/src/project/install/project_assets/share/project_assets/models/HospitalRobot/meshes/FatWheel.mtl
[2.019s] -- Installing: /home/usuario/IR2134/rmf_ws/src/project/install/project_assets/share/project_assets/models/HospitalRobot/meshes/HospitalRobot.obj
[2.068s] -- Installing: /home/usuario/IR2134/rmf_ws/src/project/install/project_assets/share/project_assets/models/HospitalRobot/meshes/FatWheel.obj
[2.078s] -- Installing: /home/usuario/IR2134/rmf_ws/src/project/install/project_assets/share/project_assets/models/HospitalRobot/meshes/HospitalRobot.mtl
[2.083s] -- Installing: /home/usuario/IR2134/rmf_ws/src/project/install/project_assets/share/project_assets/models/HospitalRobot/meshes/SmallWheel.obj
[2.088s] -- Installing: /home/usuario/IR2134/rmf_ws/src/project/install/project_assets/share/project_assets/models/HospitalRobot/meshes/SmallWheel.mtl
[2.093s] -- Installing: /home/usuario/IR2134/rmf_ws/src/project/install/project_assets/share/project_assets/models/HospitalRobot/meshes/HospitalRobot_Diffuse.png
[2.119s] -- Installing: /home/usuario/IR2134/rmf_ws/src/project/install/project_assets/share/project_assets/models/HospitalRobot/model.config
[2.125s] -- Installing: /home/usuario/IR2134/rmf_ws/src/project/install/project_assets/share/project_assets/models/HospitalRobot/model.sdf
[2.134s] -- Installing: /home/usuario/IR2134/rmf_ws/src/project/install/project_assets/share/project_assets/models/HospitalRobot/thumbnails
[2.134s] -- Installing: /home/usuario/IR2134/rmf_ws/src/project/install/project_assets/share/project_assets/models/HospitalRobot/thumbnails/4.png
[2.146s] -- Installing: /home/usuario/IR2134/rmf_ws/src/project/install/project_assets/share/project_assets/models/HospitalRobot/thumbnails/1.png
[2.155s] -- Installing: /home/usuario/IR2134/rmf_ws/src/project/install/project_assets/share/project_assets/models/HospitalRobot/thumbnails/3.png
[2.168s] -- Installing: /home/usuario/IR2134/rmf_ws/src/project/install/project_assets/share/project_assets/models/HospitalRobot/thumbnails/2.png
[2.177s] -- Installing: /home/usuario/IR2134/rmf_ws/src/project/install/project_assets/share/project_assets/models/HospitalRobot/thumbnails/5.png
[2.180s] -- Installing: /home/usuario/IR2134/rmf_ws/src/project/install/project_assets/share/project_assets/models/Cafe table
[2.180s] -- Installing: /home/usuario/IR2134/rmf_ws/src/project/install/project_assets/share/project_assets/models/Cafe table/meshes
[2.180s] -- Installing: /home/usuario/IR2134/rmf_ws/src/project/install/project_assets/share/project_assets/models/Cafe table/meshes/cafe_table.dae
[2.188s] -- Installing: /home/usuario/IR2134/rmf_ws/src/project/install/project_assets/share/project_assets/models/Cafe table/materials
[2.188s] -- Installing: /home/usuario/IR2134/rmf_ws/src/project/install/project_assets/share/project_assets/models/Cafe table/materials/textures
[2.189s] -- Installing: /home/usuario/IR2134/rmf_ws/src/project/install/project_assets/share/project_assets/models/Cafe table/materials/textures/Maple.jpg
[2.198s] -- Installing: /home/usuario/IR2134/rmf_ws/src/project/install/project_assets/share/project_assets/models/Cafe table/materials/textures/Wood_Floor_Dark.jpg
[2.208s] -- Installing: /home/usuario/IR2134/rmf_ws/src/project/install/project_assets/share/project_assets/models/Cafe table/LICENSE
[2.215s] -- Installing: /home/usuario/IR2134/rmf_ws/src/project/install/project_assets/share/project_assets/models/Cafe table/model.config
[2.218s] -- Installing: /home/usuario/IR2134/rmf_ws/src/project/install/project_assets/share/project_assets/models/Cafe table/model.sdf
[2.221s] -- Installing: /home/usuario/IR2134/rmf_ws/src/project/install/project_assets/share/project_assets/models/Cafe table/thumbnails
[2.221s] -- Installing: /home/usuario/IR2134/rmf_ws/src/project/install/project_assets/share/project_assets/models/Cafe table/thumbnails/4.png
[2.228s] -- Installing: /home/usuario/IR2134/rmf_ws/src/project/install/project_assets/share/project_assets/models/Cafe table/thumbnails/1.png
[2.242s] -- Installing: /home/usuario/IR2134/rmf_ws/src/project/install/project_assets/share/project_assets/models/Cafe table/thumbnails/3.png
[2.249s] -- Installing: /home/usuario/IR2134/rmf_ws/src/project/install/project_assets/share/project_assets/models/Cafe table/thumbnails/2.png
[2.291s] -- Installing: /home/usuario/IR2134/rmf_ws/src/project/install/project_assets/share/project_assets/models/Cafe table/thumbnails/5.png
[2.304s] -- Installing: /home/usuario/IR2134/rmf_ws/src/project/install/project_assets/share/project_assets/models/Cafe table/model-1_4.sdf
[2.309s] -- Installing: /home/usuario/IR2134/rmf_ws/src/project/install/project_assets/share/project_assets/models/MiniSofa
[2.309s] -- Installing: /home/usuario/IR2134/rmf_ws/src/project/install/project_assets/share/project_assets/models/MiniSofa/meshes
[2.309s] -- Installing: /home/usuario/IR2134/rmf_ws/src/project/install/project_assets/share/project_assets/models/MiniSofa/meshes/minisofa.obj
[2.337s] -- Installing: /home/usuario/IR2134/rmf_ws/src/project/install/project_assets/share/project_assets/models/MiniSofa/meshes/minisofa.mtl
[2.354s] -- Installing: /home/usuario/IR2134/rmf_ws/src/project/install/project_assets/share/project_assets/models/MiniSofa/meshes/MiniSofa_Diffuse.png
[2.690s] -- Installing: /home/usuario/IR2134/rmf_ws/src/project/install/project_assets/share/project_assets/models/MiniSofa/LICENSE
[2.694s] -- Installing: /home/usuario/IR2134/rmf_ws/src/project/install/project_assets/share/project_assets/models/MiniSofa/model.config
[2.697s] -- Installing: /home/usuario/IR2134/rmf_ws/src/project/install/project_assets/share/project_assets/models/MiniSofa/model.sdf
[2.701s] -- Installing: /home/usuario/IR2134/rmf_ws/src/project/install/project_assets/share/project_assets/models/MiniSofa/thumbnails
[2.701s] -- Installing: /home/usuario/IR2134/rmf_ws/src/project/install/project_assets/share/project_assets/models/MiniSofa/thumbnails/4.png
[2.719s] -- Installing: /home/usuario/IR2134/rmf_ws/src/project/install/project_assets/share/project_assets/models/MiniSofa/thumbnails/1.png
[2.737s] -- Installing: /home/usuario/IR2134/rmf_ws/src/project/install/project_assets/share/project_assets/models/MiniSofa/thumbnails/3.png
[2.755s] -- Installing: /home/usuario/IR2134/rmf_ws/src/project/install/project_assets/share/project_assets/models/MiniSofa/thumbnails/2.png
[2.776s] -- Installing: /home/usuario/IR2134/rmf_ws/src/project/install/project_assets/share/project_assets/models/MiniSofa/thumbnails/5.png
[2.791s] -- Installing: /home/usuario/IR2134/rmf_ws/src/project/install/project_assets/share/project_assets/models/TeleportIngestor
[2.791s] -- Installing: /home/usuario/IR2134/rmf_ws/src/project/install/project_assets/share/project_assets/models/TeleportIngestor/model.config
[2.795s] -- Installing: /home/usuario/IR2134/rmf_ws/src/project/install/project_assets/share/project_assets/models/TeleportIngestor/model.sdf
[2.798s] -- Installing: /home/usuario/IR2134/rmf_ws/src/project/install/project_assets/share/project_assets/models/DeliveryRobot
[2.799s] -- Installing: /home/usuario/IR2134/rmf_ws/src/project/install/project_assets/share/project_assets/models/DeliveryRobot/meshes
[2.799s] -- Installing: /home/usuario/IR2134/rmf_ws/src/project/install/project_assets/share/project_assets/models/DeliveryRobot/meshes/WheelMain.mtl
[2.803s] -- Installing: /home/usuario/IR2134/rmf_ws/src/project/install/project_assets/share/project_assets/models/DeliveryRobot/meshes/body.obj
[2.813s] -- Installing: /home/usuario/IR2134/rmf_ws/src/project/install/project_assets/share/project_assets/models/DeliveryRobot/meshes/body.mtl
[2.817s] -- Installing: /home/usuario/IR2134/rmf_ws/src/project/install/project_assets/share/project_assets/models/DeliveryRobot/meshes/DeliveryRobot_Diffuse.png
[3.041s] -- Installing: /home/usuario/IR2134/rmf_ws/src/project/install/project_assets/share/project_assets/models/DeliveryRobot/meshes/WheelSide.mtl
[3.045s] -- Installing: /home/usuario/IR2134/rmf_ws/src/project/install/project_assets/share/project_assets/models/DeliveryRobot/meshes/WheelSide.obj
[3.050s] -- Installing: /home/usuario/IR2134/rmf_ws/src/project/install/project_assets/share/project_assets/models/DeliveryRobot/meshes/WheelMain.obj
[3.054s] -- Installing: /home/usuario/IR2134/rmf_ws/src/project/install/project_assets/share/project_assets/models/DeliveryRobot/model.config
[3.058s] -- Installing: /home/usuario/IR2134/rmf_ws/src/project/install/project_assets/share/project_assets/models/DeliveryRobot/model.sdf
[3.063s] -- Installing: /home/usuario/IR2134/rmf_ws/src/project/install/project_assets/share/project_assets/models/CleanerBotA
[3.064s] -- Installing: /home/usuario/IR2134/rmf_ws/src/project/install/project_assets/share/project_assets/models/CleanerBotA/meshes
[3.064s] -- Installing: /home/usuario/IR2134/rmf_ws/src/project/install/project_assets/share/project_assets/models/CleanerBotA/meshes/CleanerBotA.mtl
[3.067s] -- Installing: /home/usuario/IR2134/rmf_ws/src/project/install/project_assets/share/project_assets/models/CleanerBotA/meshes/CleanerBotA_WheelFront.mtl
[3.070s] -- Installing: /home/usuario/IR2134/rmf_ws/src/project/install/project_assets/share/project_assets/models/CleanerBotA/meshes/CleanerBotA_WheelBack.obj
[3.074s] -- Installing: /home/usuario/IR2134/rmf_ws/src/project/install/project_assets/share/project_assets/models/CleanerBotA/meshes/CleanerBotA_WheelBack.mtl
[3.077s] -- Installing: /home/usuario/IR2134/rmf_ws/src/project/install/project_assets/share/project_assets/models/CleanerBotA/meshes/CleanerBotA.obj
[3.131s] -- Installing: /home/usuario/IR2134/rmf_ws/src/project/install/project_assets/share/project_assets/models/CleanerBotA/meshes/CleanerBotA_WheelFront.obj
[3.136s] -- Installing: /home/usuario/IR2134/rmf_ws/src/project/install/project_assets/share/project_assets/models/CleanerBotA/meshes/CleanerBotA_Diffuse.png
[3.330s] -- Installing: /home/usuario/IR2134/rmf_ws/src/project/install/project_assets/share/project_assets/models/CleanerBotA/model.config
[3.334s] -- Installing: /home/usuario/IR2134/rmf_ws/src/project/install/project_assets/share/project_assets/models/CleanerBotA/model.sdf
[3.337s] -- Installing: /home/usuario/IR2134/rmf_ws/src/project/install/project_assets/share/project_assets/models/AdjTable
[3.337s] -- Installing: /home/usuario/IR2134/rmf_ws/src/project/install/project_assets/share/project_assets/models/AdjTable/meshes
[3.337s] -- Installing: /home/usuario/IR2134/rmf_ws/src/project/install/project_assets/share/project_assets/models/AdjTable/meshes/AdjTable_Diffuse.png
[7.442s] -- Installing: /home/usuario/IR2134/rmf_ws/src/project/install/project_assets/share/project_assets/models/AdjTable/meshes/AdjTable.mtl
[7.447s] -- Installing: /home/usuario/IR2134/rmf_ws/src/project/install/project_assets/share/project_assets/models/AdjTable/meshes/AdjTable_Col.obj
[7.452s] -- Installing: /home/usuario/IR2134/rmf_ws/src/project/install/project_assets/share/project_assets/models/AdjTable/meshes/AdjTable.obj
[7.458s] -- Installing: /home/usuario/IR2134/rmf_ws/src/project/install/project_assets/share/project_assets/models/AdjTable/meshes/AdjTable_Col.mtl
[7.463s] -- Installing: /home/usuario/IR2134/rmf_ws/src/project/install/project_assets/share/project_assets/models/AdjTable/LICENSE
[7.468s] -- Installing: /home/usuario/IR2134/rmf_ws/src/project/install/project_assets/share/project_assets/models/AdjTable/model.config
[7.473s] -- Installing: /home/usuario/IR2134/rmf_ws/src/project/install/project_assets/share/project_assets/models/AdjTable/model.sdf
[7.477s] -- Installing: /home/usuario/IR2134/rmf_ws/src/project/install/project_assets/share/project_assets/models/AdjTable/thumbnails
[7.477s] -- Installing: /home/usuario/IR2134/rmf_ws/src/project/install/project_assets/share/project_assets/models/AdjTable/thumbnails/4.png
[7.483s] -- Installing: /home/usuario/IR2134/rmf_ws/src/project/install/project_assets/share/project_assets/models/AdjTable/thumbnails/1.png
[7.489s] -- Installing: /home/usuario/IR2134/rmf_ws/src/project/install/project_assets/share/project_assets/models/AdjTable/thumbnails/3.png
[7.495s] -- Installing: /home/usuario/IR2134/rmf_ws/src/project/install/project_assets/share/project_assets/models/AdjTable/thumbnails/2.png
[7.507s] -- Installing: /home/usuario/IR2134/rmf_ws/src/project/install/project_assets/share/project_assets/models/AdjTable/thumbnails/5.png
[7.513s] -- Installing: /home/usuario/IR2134/rmf_ws/src/project/install/project_assets/share/project_assets/models/Caddy
[7.513s] -- Installing: /home/usuario/IR2134/rmf_ws/src/project/install/project_assets/share/project_assets/models/Caddy/meshes
[7.513s] -- Installing: /home/usuario/IR2134/rmf_ws/src/project/install/project_assets/share/project_assets/models/Caddy/meshes/polaris.dae
[8.095s] -- Installing: /home/usuario/IR2134/rmf_ws/src/project/install/project_assets/share/project_assets/models/Caddy/materials
[8.095s] -- Installing: /home/usuario/IR2134/rmf_ws/src/project/install/project_assets/share/project_assets/models/Caddy/materials/textures
[8.096s] -- Installing: /home/usuario/IR2134/rmf_ws/src/project/install/project_assets/share/project_assets/models/Caddy/materials/textures/Ranger_Diffuse.png
[8.101s] -- Installing: /home/usuario/IR2134/rmf_ws/src/project/install/project_assets/share/project_assets/models/Caddy/materials/textures/FNR_switch_R.png
[8.103s] -- Installing: /home/usuario/IR2134/rmf_ws/src/project/install/project_assets/share/project_assets/models/Caddy/materials/textures/FNR_switch_F.png
[8.104s] -- Installing: /home/usuario/IR2134/rmf_ws/src/project/install/project_assets/share/project_assets/models/Caddy/materials/textures/Ranger_Spec.png
[8.107s] -- Installing: /home/usuario/IR2134/rmf_ws/src/project/install/project_assets/share/project_assets/models/Caddy/materials/scripts
[8.107s] -- Installing: /home/usuario/IR2134/rmf_ws/src/project/install/project_assets/share/project_assets/models/Caddy/materials/scripts/polaris.material
[8.114s] -- Installing: /home/usuario/IR2134/rmf_ws/src/project/install/project_assets/share/project_assets/models/Caddy/model-1_3.sdf
[8.124s] -- Installing: /home/usuario/IR2134/rmf_ws/src/project/install/project_assets/share/project_assets/models/Caddy/model.config
[8.131s] -- Installing: /home/usuario/IR2134/rmf_ws/src/project/install/project_assets/share/project_assets/models/Caddy/model.sdf
[8.144s] -- Installing: /home/usuario/IR2134/rmf_ws/src/project/install/project_assets/share/project_assets/models/Caddy/model-1_4.sdf
[8.155s] -- Installing: /home/usuario/IR2134/rmf_ws/src/project/install/project_assets/share/project_assets/models/TeleportDispenser
[8.155s] -- Installing: /home/usuario/IR2134/rmf_ws/src/project/install/project_assets/share/project_assets/models/TeleportDispenser/model.config
[8.160s] -- Installing: /home/usuario/IR2134/rmf_ws/src/project/install/project_assets/share/project_assets/models/TeleportDispenser/model.sdf
[8.164s] -- Installing: /home/usuario/IR2134/rmf_ws/src/project/install/project_assets/share/project_assets/models/Sofa
[8.165s] -- Installing: /home/usuario/IR2134/rmf_ws/src/project/install/project_assets/share/project_assets/models/Sofa/meshes
[8.165s] -- Installing: /home/usuario/IR2134/rmf_ws/src/project/install/project_assets/share/project_assets/models/Sofa/meshes/Sofa.obj
[8.178s] -- Installing: /home/usuario/IR2134/rmf_ws/src/project/install/project_assets/share/project_assets/models/Sofa/meshes/SofaDiffuse.png
[8.454s] -- Installing: /home/usuario/IR2134/rmf_ws/src/project/install/project_assets/share/project_assets/models/Sofa/meshes/Sofa.mtl
[8.457s] -- Installing: /home/usuario/IR2134/rmf_ws/src/project/install/project_assets/share/project_assets/models/Sofa/LICENSE
[8.460s] -- Installing: /home/usuario/IR2134/rmf_ws/src/project/install/project_assets/share/project_assets/models/Sofa/model.config
[8.463s] -- Installing: /home/usuario/IR2134/rmf_ws/src/project/install/project_assets/share/project_assets/models/Sofa/model.sdf
[8.466s] -- Installing: /home/usuario/IR2134/rmf_ws/src/project/install/project_assets/share/project_assets/models/Sofa/thumbnails
[8.466s] -- Installing: /home/usuario/IR2134/rmf_ws/src/project/install/project_assets/share/project_assets/models/Sofa/thumbnails/4.png
[8.473s] -- Installing: /home/usuario/IR2134/rmf_ws/src/project/install/project_assets/share/project_assets/models/Sofa/thumbnails/1.png
[8.481s] -- Installing: /home/usuario/IR2134/rmf_ws/src/project/install/project_assets/share/project_assets/models/Sofa/thumbnails/3.png
[8.490s] -- Installing: /home/usuario/IR2134/rmf_ws/src/project/install/project_assets/share/project_assets/models/Sofa/thumbnails/2.png
[8.501s] -- Installing: /home/usuario/IR2134/rmf_ws/src/project/install/project_assets/share/project_assets/models/Sofa/thumbnails/5.png
[8.513s] -- Installing: /home/usuario/IR2134/rmf_ws/src/project/install/project_assets/share/project_assets/models/Drawer
[8.513s] -- Installing: /home/usuario/IR2134/rmf_ws/src/project/install/project_assets/share/project_assets/models/Drawer/meshes
[8.513s] -- Installing: /home/usuario/IR2134/rmf_ws/src/project/install/project_assets/share/project_assets/models/Drawer/meshes/Drawer.png
[8.519s] -- Installing: /home/usuario/IR2134/rmf_ws/src/project/install/project_assets/share/project_assets/models/Drawer/meshes/Drawer.mtl
[8.522s] -- Installing: /home/usuario/IR2134/rmf_ws/src/project/install/project_assets/share/project_assets/models/Drawer/meshes/Drawer.obj
[8.525s] -- Installing: /home/usuario/IR2134/rmf_ws/src/project/install/project_assets/share/project_assets/models/Drawer/meshes/Drawer_Col.obj
[8.528s] -- Installing: /home/usuario/IR2134/rmf_ws/src/project/install/project_assets/share/project_assets/models/Drawer/LICENSE
[8.531s] -- Installing: /home/usuario/IR2134/rmf_ws/src/project/install/project_assets/share/project_assets/models/Drawer/model.config
[8.534s] -- Installing: /home/usuario/IR2134/rmf_ws/src/project/install/project_assets/share/project_assets/models/Drawer/model.sdf
[8.537s] -- Installing: /home/usuario/IR2134/rmf_ws/src/project/install/project_assets/share/project_assets/models/Drawer/thumbnails
[8.537s] -- Installing: /home/usuario/IR2134/rmf_ws/src/project/install/project_assets/share/project_assets/models/Drawer/thumbnails/4.png
[8.539s] -- Installing: /home/usuario/IR2134/rmf_ws/src/project/install/project_assets/share/project_assets/models/Drawer/thumbnails/1.png
[8.544s] -- Installing: /home/usuario/IR2134/rmf_ws/src/project/install/project_assets/share/project_assets/models/Drawer/thumbnails/3.png
[8.547s] -- Installing: /home/usuario/IR2134/rmf_ws/src/project/install/project_assets/share/project_assets/models/Drawer/thumbnails/2.png
[8.551s] -- Installing: /home/usuario/IR2134/rmf_ws/src/project/install/project_assets/share/project_assets/models/Drawer/thumbnails/5.png
[8.553s] -- Installing: /home/usuario/IR2134/rmf_ws/src/project/install/project_assets/share/project_assets/models/TinyRobot
[8.553s] -- Installing: /home/usuario/IR2134/rmf_ws/src/project/install/project_assets/share/project_assets/models/TinyRobot/meshes
[8.554s] -- Installing: /home/usuario/IR2134/rmf_ws/src/project/install/project_assets/share/project_assets/models/TinyRobot/meshes/tinyRobot_body.dae
[8.599s] -- Installing: /home/usuario/IR2134/rmf_ws/src/project/install/project_assets/share/project_assets/models/TinyRobot/meshes/caster_wheel.dae
[8.677s] -- Installing: /home/usuario/IR2134/rmf_ws/src/project/install/project_assets/share/project_assets/models/TinyRobot/meshes/front_wheel.dae
[8.753s] -- Installing: /home/usuario/IR2134/rmf_ws/src/project/install/project_assets/share/project_assets/models/TinyRobot/meshes/sensors
[8.753s] -- Installing: /home/usuario/IR2134/rmf_ws/src/project/install/project_assets/share/project_assets/models/TinyRobot/meshes/sensors/sonar_hc-sr04.dae
[8.767s] -- Installing: /home/usuario/IR2134/rmf_ws/src/project/install/project_assets/share/project_assets/models/TinyRobot/meshes/sensors/raspi_camera.dae
[8.791s] -- Installing: /home/usuario/IR2134/rmf_ws/src/project/install/project_assets/share/project_assets/models/TinyRobot/model.config
[8.794s] -- Installing: /home/usuario/IR2134/rmf_ws/src/project/install/project_assets/share/project_assets/models/TinyRobot/model.sdf
[8.798s] -- Installing: /home/usuario/IR2134/rmf_ws/src/project/install/project_assets/share/project_assets/models/RobotPlaceholder
[8.798s] -- Installing: /home/usuario/IR2134/rmf_ws/src/project/install/project_assets/share/project_assets/models/RobotPlaceholder/model.config
[8.801s] -- Installing: /home/usuario/IR2134/rmf_ws/src/project/install/project_assets/share/project_assets/models/RobotPlaceholder/model.sdf
[8.804s] -- Installing: /home/usuario/IR2134/rmf_ws/src/project/install/project_assets/share/project_assets/models/CleanerBotE
[8.804s] -- Installing: /home/usuario/IR2134/rmf_ws/src/project/install/project_assets/share/project_assets/models/CleanerBotE/meshes
[8.804s] -- Installing: /home/usuario/IR2134/rmf_ws/src/project/install/project_assets/share/project_assets/models/CleanerBotE/meshes/CleanerBotE_Wheel.obj
[8.807s] -- Installing: /home/usuario/IR2134/rmf_ws/src/project/install/project_assets/share/project_assets/models/CleanerBotE/meshes/CleanerBotE.obj
[8.851s] -- Installing: /home/usuario/IR2134/rmf_ws/src/project/install/project_assets/share/project_assets/models/CleanerBotE/meshes/CleanerBotE_Col.mtl
[8.854s] -- Installing: /home/usuario/IR2134/rmf_ws/src/project/install/project_assets/share/project_assets/models/CleanerBotE/meshes/CleanerBotE_Wheel.mtl
[8.857s] -- Installing: /home/usuario/IR2134/rmf_ws/src/project/install/project_assets/share/project_assets/models/CleanerBotE/meshes/CleanerBotE_Col.obj
[8.860s] -- Installing: /home/usuario/IR2134/rmf_ws/src/project/install/project_assets/share/project_assets/models/CleanerBotE/meshes/CleanerBotE.mtl
[8.863s] -- Installing: /home/usuario/IR2134/rmf_ws/src/project/install/project_assets/share/project_assets/models/CleanerBotE/meshes/CleanerBotE_Diffuse.png
[9.056s] -- Installing: /home/usuario/IR2134/rmf_ws/src/project/install/project_assets/share/project_assets/models/CleanerBotE/model.config
[9.060s] -- Installing: /home/usuario/IR2134/rmf_ws/src/project/install/project_assets/share/project_assets/models/CleanerBotE/model.sdf
[9.063s] -- Installing: /home/usuario/IR2134/rmf_ws/src/project/install/project_assets/share/project_assets/models/Chair
[9.063s] -- Installing: /home/usuario/IR2134/rmf_ws/src/project/install/project_assets/share/project_assets/models/Chair/meshes
[9.063s] -- Installing: /home/usuario/IR2134/rmf_ws/src/project/install/project_assets/share/project_assets/models/Chair/meshes/Chair_Normal.png
[9.422s] -- Installing: /home/usuario/IR2134/rmf_ws/src/project/install/project_assets/share/project_assets/models/Chair/meshes/Chair.png
[9.518s] -- Installing: /home/usuario/IR2134/rmf_ws/src/project/install/project_assets/share/project_assets/models/Chair/meshes/Chair.obj
[9.524s] -- Installing: /home/usuario/IR2134/rmf_ws/src/project/install/project_assets/share/project_assets/models/Chair/meshes/Chair_Diffuse.png
[9.717s] -- Installing: /home/usuario/IR2134/rmf_ws/src/project/install/project_assets/share/project_assets/models/Chair/meshes/Chair_SpecGloss.png
[9.727s] -- Installing: /home/usuario/IR2134/rmf_ws/src/project/install/project_assets/share/project_assets/models/Chair/meshes/Chair.mtl
[9.731s] -- Installing: /home/usuario/IR2134/rmf_ws/src/project/install/project_assets/share/project_assets/models/Chair/LICENSE
[9.734s] -- Installing: /home/usuario/IR2134/rmf_ws/src/project/install/project_assets/share/project_assets/models/Chair/model.config
[9.737s] -- Installing: /home/usuario/IR2134/rmf_ws/src/project/install/project_assets/share/project_assets/models/Chair/model.sdf
[9.740s] -- Installing: /home/usuario/IR2134/rmf_ws/src/project/install/project_assets/share/project_assets/models/Chair/thumbnails
[9.740s] -- Installing: /home/usuario/IR2134/rmf_ws/src/project/install/project_assets/share/project_assets/models/Chair/thumbnails/4.png
[9.746s] -- Installing: /home/usuario/IR2134/rmf_ws/src/project/install/project_assets/share/project_assets/models/Chair/thumbnails/1.png
[9.753s] -- Installing: /home/usuario/IR2134/rmf_ws/src/project/install/project_assets/share/project_assets/models/Chair/thumbnails/3.png
[9.761s] -- Installing: /home/usuario/IR2134/rmf_ws/src/project/install/project_assets/share/project_assets/models/Chair/thumbnails/2.png
[9.768s] -- Installing: /home/usuario/IR2134/rmf_ws/src/project/install/project_assets/share/project_assets/models/Chair/thumbnails/5.png
[9.776s] -- Installing: /home/usuario/IR2134/rmf_ws/src/project/install/project_assets/share/ament_index/resource_index/package_run_dependencies/project_assets
[9.777s] -- Installing: /home/usuario/IR2134/rmf_ws/src/project/install/project_assets/share/ament_index/resource_index/parent_prefix_path/project_assets
[9.780s] -- Installing: /home/usuario/IR2134/rmf_ws/src/project/install/project_assets/share/project_assets/environment/ament_prefix_path.sh
[9.781s] -- Installing: /home/usuario/IR2134/rmf_ws/src/project/install/project_assets/share/project_assets/environment/ament_prefix_path.dsv
[9.784s] -- Installing: /home/usuario/IR2134/rmf_ws/src/project/install/project_assets/share/project_assets/environment/path.sh
[9.784s] -- Installing: /home/usuario/IR2134/rmf_ws/src/project/install/project_assets/share/project_assets/environment/path.dsv
[9.787s] -- Installing: /home/usuario/IR2134/rmf_ws/src/project/install/project_assets/share/project_assets/local_setup.bash
[9.791s] -- Installing: /home/usuario/IR2134/rmf_ws/src/project/install/project_assets/share/project_assets/local_setup.sh
[9.794s] -- Installing: /home/usuario/IR2134/rmf_ws/src/project/install/project_assets/share/project_assets/local_setup.zsh
[9.797s] -- Installing: /home/usuario/IR2134/rmf_ws/src/project/install/project_assets/share/project_assets/local_setup.dsv
[9.800s] -- Installing: /home/usuario/IR2134/rmf_ws/src/project/install/project_assets/share/project_assets/package.dsv
[9.803s] -- Installing: /home/usuario/IR2134/rmf_ws/src/project/install/project_assets/share/ament_index/resource_index/packages/project_assets
[9.804s] -- Installing: /home/usuario/IR2134/rmf_ws/src/project/install/project_assets/share/project_assets/cmake/project_assetsConfig.cmake
[9.808s] -- Installing: /home/usuario/IR2134/rmf_ws/src/project/install/project_assets/share/project_assets/cmake/project_assetsConfig-version.cmake
[9.811s] -- Installing: /home/usuario/IR2134/rmf_ws/src/project/install/project_assets/share/project_assets/package.xml
[9.816s] Invoked command in '/home/usuario/IR2134/rmf_ws/src/project/build/project_assets' returned '0': CMAKE_PREFIX_PATH=/home/usuario/IR2134/rmf_ws/src/project/install/project_simulation:/home/usuario/IR2134/rmf_ws/src/project/install/project_config:/home/usuario/IR2134/rmf_ws/src/project/install/project_maps:/home/usuario/IR2134/rmf_ws/src/project/install/project_assets:/rmf_demos_ws/install/rmf_workcell_msgs:/rmf_demos_ws/install/rmf_reservation_node:/rmf_demos_ws/install/rmf_demos_gz:/rmf_demos_ws/install/rmf_demos:/rmf_demos_ws/install/rmf_fleet_adapter_python:/rmf_demos_ws/install/rmf_fleet_adapter:/rmf_demos_ws/install/rmf_task_ros2:/rmf_demos_ws/install/rmf_websocket:/rmf_demos_ws/install/rmf_visualization:/rmf_demos_ws/install/rmf_visualization_schedule:/rmf_demos_ws/install/rmf_visualization_rviz2_plugins:/rmf_demos_ws/install/rmf_visualization_obstacles:/rmf_demos_ws/install/rmf_visualization_navgraphs:/rmf_demos_ws/install/rmf_visualization_floorplans:/rmf_demos_ws/install/rmf_visualization_fleet_states:/rmf_demos_ws/install/rmf_visualization_msgs:/rmf_demos_ws/install/rmf_traffic_ros2:/rmf_demos_ws/install/rmf_task_sequence:/rmf_demos_ws/install/rmf_task:/rmf_demos_ws/install/rmf_battery:/rmf_demos_ws/install/rmf_traffic:/rmf_demos_ws/install/rmf_utils:/rmf_demos_ws/install/rmf_traffic_msgs:/rmf_demos_ws/install/rmf_traffic_editor_test_maps:/rmf_demos_ws/install/rmf_traffic_editor_assets:/rmf_demos_ws/install/rmf_traffic_editor:/rmf_demos_ws/install/rmf_task_msgs:/rmf_demos_ws/install/rmf_site_map_msgs:/rmf_demos_ws/install/rmf_scheduler_msgs:/rmf_demos_ws/install/rmf_robot_sim_gz_plugins:/rmf_demos_ws/install/rmf_robot_sim_common:/rmf_demos_ws/install/rmf_reservation_msgs:/rmf_demos_ws/install/rmf_obstacle_msgs:/rmf_demos_ws/install/rmf_building_sim_gz_plugins:/rmf_demos_ws/install/rmf_lift_msgs:/rmf_demos_ws/install/rmf_ingestor_msgs:/rmf_demos_ws/install/rmf_fleet_msgs:/rmf_demos_ws/install/rmf_door_msgs:/rmf_demos_ws/install/rmf_dispenser_msgs:/rmf_demos_ws/install/rmf_demos_maps:/rmf_demos_ws/install/rmf_demos_assets:/rmf_demos_ws/install/rmf_charger_msgs:/rmf_demos_ws/install/rmf_building_map_msgs:/rmf_demos_ws/install/rmf_api_msgs:/rmf_demos_ws/install/pybind11_json_vendor:/rmf_demos_ws/install/nlohmann_json_schema_validator_vendor:/home/usuario/IR2134/rmf_ws/src/project/install/project_fleet_adapter:/rmf_demos_ws/install/rmf_demos_fleet_adapter:/rmf_demos_ws/install/rmf_visualization_building_systems:/rmf_demos_ws/install/rmf_traffic_examples:/rmf_demos_ws/install/rmf_demos_bridges:/rmf_demos_ws/install/rmf_demos_tasks:/rmf_demos_ws/install/rmf_building_map_tools:/rmf_demos_ws/install/rmf_charging_schedule:/opt/ros/jazzy:/rmf_demos_ws/install/menge_vendor:/rmf_demos_ws/install/ament_cmake_catch2:/opt/ros/jazzy/opt/gz_sim_vendor:/opt/ros/jazzy/opt/gz_sensors_vendor:/opt/ros/jazzy/opt/gz_physics_vendor:/opt/ros/jazzy/opt/sdformat_vendor:/opt/ros/jazzy/opt/gz_gui_vendor:/opt/ros/jazzy/opt/gz_transport_vendor:/opt/ros/jazzy/opt/gz_rendering_vendor:/opt/ros/jazzy/opt/gz_plugin_vendor:/opt/ros/jazzy/opt/gz_fuel_tools_vendor:/opt/ros/jazzy/opt/gz_msgs_vendor:/opt/ros/jazzy/opt/gz_common_vendor:/opt/ros/jazzy/opt/gz_math_vendor:/opt/ros/jazzy/opt/gz_utils_vendor:/opt/ros/jazzy/opt/gz_tools_vendor:/opt/ros/jazzy/opt/gz_ogre_next_vendor:/opt/ros/jazzy/opt/gz_dartsim_vendor:/opt/ros/jazzy/opt/gz_cmake_vendor /usr/bin/cmake --install /home/usuario/IR2134/rmf_ws/src/project/build/project_assets
