[0.064s] Invoking command in '/home/usuario/IR2134/rmf_ws/src/project/build/project_assets': CMAKE_PREFIX_PATH=/home/usuario/IR2134/rmf_ws/src/project/install/project_simulation:/home/usuario/IR2134/rmf_ws/src/project/install/project_config:/home/usuario/IR2134/rmf_ws/src/project/install/project_maps:/home/usuario/IR2134/rmf_ws/src/project/install/project_assets:/rmf_demos_ws/install/rmf_workcell_msgs:/rmf_demos_ws/install/rmf_reservation_node:/rmf_demos_ws/install/rmf_demos_gz:/rmf_demos_ws/install/rmf_demos:/rmf_demos_ws/install/rmf_fleet_adapter_python:/rmf_demos_ws/install/rmf_fleet_adapter:/rmf_demos_ws/install/rmf_task_ros2:/rmf_demos_ws/install/rmf_websocket:/rmf_demos_ws/install/rmf_visualization:/rmf_demos_ws/install/rmf_visualization_schedule:/rmf_demos_ws/install/rmf_visualization_rviz2_plugins:/rmf_demos_ws/install/rmf_visualization_obstacles:/rmf_demos_ws/install/rmf_visualization_navgraphs:/rmf_demos_ws/install/rmf_visualization_floorplans:/rmf_demos_ws/install/rmf_visualization_fleet_states:/rmf_demos_ws/install/rmf_visualization_msgs:/rmf_demos_ws/install/rmf_traffic_ros2:/rmf_demos_ws/install/rmf_task_sequence:/rmf_demos_ws/install/rmf_task:/rmf_demos_ws/install/rmf_battery:/rmf_demos_ws/install/rmf_traffic:/rmf_demos_ws/install/rmf_utils:/rmf_demos_ws/install/rmf_traffic_msgs:/rmf_demos_ws/install/rmf_traffic_editor_test_maps:/rmf_demos_ws/install/rmf_traffic_editor_assets:/rmf_demos_ws/install/rmf_traffic_editor:/rmf_demos_ws/install/rmf_task_msgs:/rmf_demos_ws/install/rmf_site_map_msgs:/rmf_demos_ws/install/rmf_scheduler_msgs:/rmf_demos_ws/install/rmf_robot_sim_gz_plugins:/rmf_demos_ws/install/rmf_robot_sim_common:/rmf_demos_ws/install/rmf_reservation_msgs:/rmf_demos_ws/install/rmf_obstacle_msgs:/rmf_demos_ws/install/rmf_building_sim_gz_plugins:/rmf_demos_ws/install/rmf_lift_msgs:/rmf_demos_ws/install/rmf_ingestor_msgs:/rmf_demos_ws/install/rmf_fleet_msgs:/rmf_demos_ws/install/rmf_door_msgs:/rmf_demos_ws/install/rmf_dispenser_msgs:/rmf_demos_ws/install/rmf_demos_maps:/rmf_demos_ws/install/rmf_demos_assets:/rmf_demos_ws/install/rmf_charger_msgs:/rmf_demos_ws/install/rmf_building_map_msgs:/rmf_demos_ws/install/rmf_api_msgs:/rmf_demos_ws/install/pybind11_json_vendor:/rmf_demos_ws/install/nlohmann_json_schema_validator_vendor:/home/usuario/IR2134/rmf_ws/src/project/install/project_fleet_adapter:/rmf_demos_ws/install/rmf_demos_fleet_adapter:/rmf_demos_ws/install/rmf_visualization_building_systems:/rmf_demos_ws/install/rmf_traffic_examples:/rmf_demos_ws/install/rmf_demos_bridges:/rmf_demos_ws/install/rmf_demos_tasks:/rmf_demos_ws/install/rmf_building_map_tools:/rmf_demos_ws/install/rmf_charging_schedule:/opt/ros/jazzy:/rmf_demos_ws/install/menge_vendor:/rmf_demos_ws/install/ament_cmake_catch2:/opt/ros/jazzy/opt/gz_sim_vendor:/opt/ros/jazzy/opt/gz_sensors_vendor:/opt/ros/jazzy/opt/gz_physics_vendor:/opt/ros/jazzy/opt/sdformat_vendor:/opt/ros/jazzy/opt/gz_gui_vendor:/opt/ros/jazzy/opt/gz_transport_vendor:/opt/ros/jazzy/opt/gz_rendering_vendor:/opt/ros/jazzy/opt/gz_plugin_vendor:/opt/ros/jazzy/opt/gz_fuel_tools_vendor:/opt/ros/jazzy/opt/gz_msgs_vendor:/opt/ros/jazzy/opt/gz_common_vendor:/opt/ros/jazzy/opt/gz_math_vendor:/opt/ros/jazzy/opt/gz_utils_vendor:/opt/ros/jazzy/opt/gz_tools_vendor:/opt/ros/jazzy/opt/gz_ogre_next_vendor:/opt/ros/jazzy/opt/gz_dartsim_vendor:/opt/ros/jazzy/opt/gz_cmake_vendor /usr/bin/cmake /home/usuario/IR2134/rmf_ws/src/project/project_assets -DCMAKE_INSTALL_PREFIX=/home/usuario/IR2134/rmf_ws/src/project/install/project_assets
[0.291s] -- The C compiler identification is GNU 13.3.0
[0.291s] -- The CXX compiler identification is GNU 13.3.0
[0.307s] -- Detecting C compiler ABI info
[0.641s] -- Detecting C compiler ABI info - done
[0.659s] -- Check for working C compiler: /usr/bin/cc - skipped
[0.659s] -- Detecting C compile features
[0.659s] -- Detecting C compile features - done
[0.684s] -- Detecting CXX compiler ABI info
[1.062s] -- Detecting CXX compiler ABI info - done
[1.078s] -- Check for working CXX compiler: /usr/bin/c++ - skipped
[1.078s] -- Detecting CXX compile features
[1.078s] -- Detecting CXX compile features - done
[1.097s] -- Found ament_cmake: 2.5.3 (/opt/ros/jazzy/share/ament_cmake/cmake)
[1.330s] -- Found Python3: /usr/bin/python3 (found version "3.12.3") found components: Interpreter 
[1.689s] -- Configuring done (1.6s)
[1.698s] -- Generating done (0.0s)
[1.716s] -- Build files have been written to: /home/usuario/IR2134/rmf_ws/src/project/build/project_assets
[1.721s] Invoked command in '/home/usuario/IR2134/rmf_ws/src/project/build/project_assets' returned '0': CMAKE_PREFIX_PATH=/home/usuario/IR2134/rmf_ws/src/project/install/project_simulation:/home/usuario/IR2134/rmf_ws/src/project/install/project_config:/home/usuario/IR2134/rmf_ws/src/project/install/project_maps:/home/usuario/IR2134/rmf_ws/src/project/install/project_assets:/rmf_demos_ws/install/rmf_workcell_msgs:/rmf_demos_ws/install/rmf_reservation_node:/rmf_demos_ws/install/rmf_demos_gz:/rmf_demos_ws/install/rmf_demos:/rmf_demos_ws/install/rmf_fleet_adapter_python:/rmf_demos_ws/install/rmf_fleet_adapter:/rmf_demos_ws/install/rmf_task_ros2:/rmf_demos_ws/install/rmf_websocket:/rmf_demos_ws/install/rmf_visualization:/rmf_demos_ws/install/rmf_visualization_schedule:/rmf_demos_ws/install/rmf_visualization_rviz2_plugins:/rmf_demos_ws/install/rmf_visualization_obstacles:/rmf_demos_ws/install/rmf_visualization_navgraphs:/rmf_demos_ws/install/rmf_visualization_floorplans:/rmf_demos_ws/install/rmf_visualization_fleet_states:/rmf_demos_ws/install/rmf_visualization_msgs:/rmf_demos_ws/install/rmf_traffic_ros2:/rmf_demos_ws/install/rmf_task_sequence:/rmf_demos_ws/install/rmf_task:/rmf_demos_ws/install/rmf_battery:/rmf_demos_ws/install/rmf_traffic:/rmf_demos_ws/install/rmf_utils:/rmf_demos_ws/install/rmf_traffic_msgs:/rmf_demos_ws/install/rmf_traffic_editor_test_maps:/rmf_demos_ws/install/rmf_traffic_editor_assets:/rmf_demos_ws/install/rmf_traffic_editor:/rmf_demos_ws/install/rmf_task_msgs:/rmf_demos_ws/install/rmf_site_map_msgs:/rmf_demos_ws/install/rmf_scheduler_msgs:/rmf_demos_ws/install/rmf_robot_sim_gz_plugins:/rmf_demos_ws/install/rmf_robot_sim_common:/rmf_demos_ws/install/rmf_reservation_msgs:/rmf_demos_ws/install/rmf_obstacle_msgs:/rmf_demos_ws/install/rmf_building_sim_gz_plugins:/rmf_demos_ws/install/rmf_lift_msgs:/rmf_demos_ws/install/rmf_ingestor_msgs:/rmf_demos_ws/install/rmf_fleet_msgs:/rmf_demos_ws/install/rmf_door_msgs:/rmf_demos_ws/install/rmf_dispenser_msgs:/rmf_demos_ws/install/rmf_demos_maps:/rmf_demos_ws/install/rmf_demos_assets:/rmf_demos_ws/install/rmf_charger_msgs:/rmf_demos_ws/install/rmf_building_map_msgs:/rmf_demos_ws/install/rmf_api_msgs:/rmf_demos_ws/install/pybind11_json_vendor:/rmf_demos_ws/install/nlohmann_json_schema_validator_vendor:/home/usuario/IR2134/rmf_ws/src/project/install/project_fleet_adapter:/rmf_demos_ws/install/rmf_demos_fleet_adapter:/rmf_demos_ws/install/rmf_visualization_building_systems:/rmf_demos_ws/install/rmf_traffic_examples:/rmf_demos_ws/install/rmf_demos_bridges:/rmf_demos_ws/install/rmf_demos_tasks:/rmf_demos_ws/install/rmf_building_map_tools:/rmf_demos_ws/install/rmf_charging_schedule:/opt/ros/jazzy:/rmf_demos_ws/install/menge_vendor:/rmf_demos_ws/install/ament_cmake_catch2:/opt/ros/jazzy/opt/gz_sim_vendor:/opt/ros/jazzy/opt/gz_sensors_vendor:/opt/ros/jazzy/opt/gz_physics_vendor:/opt/ros/jazzy/opt/sdformat_vendor:/opt/ros/jazzy/opt/gz_gui_vendor:/opt/ros/jazzy/opt/gz_transport_vendor:/opt/ros/jazzy/opt/gz_rendering_vendor:/opt/ros/jazzy/opt/gz_plugin_vendor:/opt/ros/jazzy/opt/gz_fuel_tools_vendor:/opt/ros/jazzy/opt/gz_msgs_vendor:/opt/ros/jazzy/opt/gz_common_vendor:/opt/ros/jazzy/opt/gz_math_vendor:/opt/ros/jazzy/opt/gz_utils_vendor:/opt/ros/jazzy/opt/gz_tools_vendor:/opt/ros/jazzy/opt/gz_ogre_next_vendor:/opt/ros/jazzy/opt/gz_dartsim_vendor:/opt/ros/jazzy/opt/gz_cmake_vendor /usr/bin/cmake /home/usuario/IR2134/rmf_ws/src/project/project_assets -DCMAKE_INSTALL_PREFIX=/home/usuario/IR2134/rmf_ws/src/project/install/project_assets
[1.728s] Invoking command in '/home/usuario/IR2134/rmf_ws/src/project/build/project_assets': CMAKE_PREFIX_PATH=/home/usuario/IR2134/rmf_ws/src/project/install/project_simulation:/home/usuario/IR2134/rmf_ws/src/project/install/project_config:/home/usuario/IR2134/rmf_ws/src/project/install/project_maps:/home/usuario/IR2134/rmf_ws/src/project/install/project_assets:/rmf_demos_ws/install/rmf_workcell_msgs:/rmf_demos_ws/install/rmf_reservation_node:/rmf_demos_ws/install/rmf_demos_gz:/rmf_demos_ws/install/rmf_demos:/rmf_demos_ws/install/rmf_fleet_adapter_python:/rmf_demos_ws/install/rmf_fleet_adapter:/rmf_demos_ws/install/rmf_task_ros2:/rmf_demos_ws/install/rmf_websocket:/rmf_demos_ws/install/rmf_visualization:/rmf_demos_ws/install/rmf_visualization_schedule:/rmf_demos_ws/install/rmf_visualization_rviz2_plugins:/rmf_demos_ws/install/rmf_visualization_obstacles:/rmf_demos_ws/install/rmf_visualization_navgraphs:/rmf_demos_ws/install/rmf_visualization_floorplans:/rmf_demos_ws/install/rmf_visualization_fleet_states:/rmf_demos_ws/install/rmf_visualization_msgs:/rmf_demos_ws/install/rmf_traffic_ros2:/rmf_demos_ws/install/rmf_task_sequence:/rmf_demos_ws/install/rmf_task:/rmf_demos_ws/install/rmf_battery:/rmf_demos_ws/install/rmf_traffic:/rmf_demos_ws/install/rmf_utils:/rmf_demos_ws/install/rmf_traffic_msgs:/rmf_demos_ws/install/rmf_traffic_editor_test_maps:/rmf_demos_ws/install/rmf_traffic_editor_assets:/rmf_demos_ws/install/rmf_traffic_editor:/rmf_demos_ws/install/rmf_task_msgs:/rmf_demos_ws/install/rmf_site_map_msgs:/rmf_demos_ws/install/rmf_scheduler_msgs:/rmf_demos_ws/install/rmf_robot_sim_gz_plugins:/rmf_demos_ws/install/rmf_robot_sim_common:/rmf_demos_ws/install/rmf_reservation_msgs:/rmf_demos_ws/install/rmf_obstacle_msgs:/rmf_demos_ws/install/rmf_building_sim_gz_plugins:/rmf_demos_ws/install/rmf_lift_msgs:/rmf_demos_ws/install/rmf_ingestor_msgs:/rmf_demos_ws/install/rmf_fleet_msgs:/rmf_demos_ws/install/rmf_door_msgs:/rmf_demos_ws/install/rmf_dispenser_msgs:/rmf_demos_ws/install/rmf_demos_maps:/rmf_demos_ws/install/rmf_demos_assets:/rmf_demos_ws/install/rmf_charger_msgs:/rmf_demos_ws/install/rmf_building_map_msgs:/rmf_demos_ws/install/rmf_api_msgs:/rmf_demos_ws/install/pybind11_json_vendor:/rmf_demos_ws/install/nlohmann_json_schema_validator_vendor:/home/usuario/IR2134/rmf_ws/src/project/install/project_fleet_adapter:/rmf_demos_ws/install/rmf_demos_fleet_adapter:/rmf_demos_ws/install/rmf_visualization_building_systems:/rmf_demos_ws/install/rmf_traffic_examples:/rmf_demos_ws/install/rmf_demos_bridges:/rmf_demos_ws/install/rmf_demos_tasks:/rmf_demos_ws/install/rmf_building_map_tools:/rmf_demos_ws/install/rmf_charging_schedule:/opt/ros/jazzy:/rmf_demos_ws/install/menge_vendor:/rmf_demos_ws/install/ament_cmake_catch2:/opt/ros/jazzy/opt/gz_sim_vendor:/opt/ros/jazzy/opt/gz_sensors_vendor:/opt/ros/jazzy/opt/gz_physics_vendor:/opt/ros/jazzy/opt/sdformat_vendor:/opt/ros/jazzy/opt/gz_gui_vendor:/opt/ros/jazzy/opt/gz_transport_vendor:/opt/ros/jazzy/opt/gz_rendering_vendor:/opt/ros/jazzy/opt/gz_plugin_vendor:/opt/ros/jazzy/opt/gz_fuel_tools_vendor:/opt/ros/jazzy/opt/gz_msgs_vendor:/opt/ros/jazzy/opt/gz_common_vendor:/opt/ros/jazzy/opt/gz_math_vendor:/opt/ros/jazzy/opt/gz_utils_vendor:/opt/ros/jazzy/opt/gz_tools_vendor:/opt/ros/jazzy/opt/gz_ogre_next_vendor:/opt/ros/jazzy/opt/gz_dartsim_vendor:/opt/ros/jazzy/opt/gz_cmake_vendor /usr/bin/cmake --build /home/usuario/IR2134/rmf_ws/src/project/build/project_assets -- -j6 -l6
[1.814s] Invoked command in '/home/usuario/IR2134/rmf_ws/src/project/build/project_assets' returned '0': CMAKE_PREFIX_PATH=/home/usuario/IR2134/rmf_ws/src/project/install/project_simulation:/home/usuario/IR2134/rmf_ws/src/project/install/project_config:/home/usuario/IR2134/rmf_ws/src/project/install/project_maps:/home/usuario/IR2134/rmf_ws/src/project/install/project_assets:/rmf_demos_ws/install/rmf_workcell_msgs:/rmf_demos_ws/install/rmf_reservation_node:/rmf_demos_ws/install/rmf_demos_gz:/rmf_demos_ws/install/rmf_demos:/rmf_demos_ws/install/rmf_fleet_adapter_python:/rmf_demos_ws/install/rmf_fleet_adapter:/rmf_demos_ws/install/rmf_task_ros2:/rmf_demos_ws/install/rmf_websocket:/rmf_demos_ws/install/rmf_visualization:/rmf_demos_ws/install/rmf_visualization_schedule:/rmf_demos_ws/install/rmf_visualization_rviz2_plugins:/rmf_demos_ws/install/rmf_visualization_obstacles:/rmf_demos_ws/install/rmf_visualization_navgraphs:/rmf_demos_ws/install/rmf_visualization_floorplans:/rmf_demos_ws/install/rmf_visualization_fleet_states:/rmf_demos_ws/install/rmf_visualization_msgs:/rmf_demos_ws/install/rmf_traffic_ros2:/rmf_demos_ws/install/rmf_task_sequence:/rmf_demos_ws/install/rmf_task:/rmf_demos_ws/install/rmf_battery:/rmf_demos_ws/install/rmf_traffic:/rmf_demos_ws/install/rmf_utils:/rmf_demos_ws/install/rmf_traffic_msgs:/rmf_demos_ws/install/rmf_traffic_editor_test_maps:/rmf_demos_ws/install/rmf_traffic_editor_assets:/rmf_demos_ws/install/rmf_traffic_editor:/rmf_demos_ws/install/rmf_task_msgs:/rmf_demos_ws/install/rmf_site_map_msgs:/rmf_demos_ws/install/rmf_scheduler_msgs:/rmf_demos_ws/install/rmf_robot_sim_gz_plugins:/rmf_demos_ws/install/rmf_robot_sim_common:/rmf_demos_ws/install/rmf_reservation_msgs:/rmf_demos_ws/install/rmf_obstacle_msgs:/rmf_demos_ws/install/rmf_building_sim_gz_plugins:/rmf_demos_ws/install/rmf_lift_msgs:/rmf_demos_ws/install/rmf_ingestor_msgs:/rmf_demos_ws/install/rmf_fleet_msgs:/rmf_demos_ws/install/rmf_door_msgs:/rmf_demos_ws/install/rmf_dispenser_msgs:/rmf_demos_ws/install/rmf_demos_maps:/rmf_demos_ws/install/rmf_demos_assets:/rmf_demos_ws/install/rmf_charger_msgs:/rmf_demos_ws/install/rmf_building_map_msgs:/rmf_demos_ws/install/rmf_api_msgs:/rmf_demos_ws/install/pybind11_json_vendor:/rmf_demos_ws/install/nlohmann_json_schema_validator_vendor:/home/usuario/IR2134/rmf_ws/src/project/install/project_fleet_adapter:/rmf_demos_ws/install/rmf_demos_fleet_adapter:/rmf_demos_ws/install/rmf_visualization_building_systems:/rmf_demos_ws/install/rmf_traffic_examples:/rmf_demos_ws/install/rmf_demos_bridges:/rmf_demos_ws/install/rmf_demos_tasks:/rmf_demos_ws/install/rmf_building_map_tools:/rmf_demos_ws/install/rmf_charging_schedule:/opt/ros/jazzy:/rmf_demos_ws/install/menge_vendor:/rmf_demos_ws/install/ament_cmake_catch2:/opt/ros/jazzy/opt/gz_sim_vendor:/opt/ros/jazzy/opt/gz_sensors_vendor:/opt/ros/jazzy/opt/gz_physics_vendor:/opt/ros/jazzy/opt/sdformat_vendor:/opt/ros/jazzy/opt/gz_gui_vendor:/opt/ros/jazzy/opt/gz_transport_vendor:/opt/ros/jazzy/opt/gz_rendering_vendor:/opt/ros/jazzy/opt/gz_plugin_vendor:/opt/ros/jazzy/opt/gz_fuel_tools_vendor:/opt/ros/jazzy/opt/gz_msgs_vendor:/opt/ros/jazzy/opt/gz_common_vendor:/opt/ros/jazzy/opt/gz_math_vendor:/opt/ros/jazzy/opt/gz_utils_vendor:/opt/ros/jazzy/opt/gz_tools_vendor:/opt/ros/jazzy/opt/gz_ogre_next_vendor:/opt/ros/jazzy/opt/gz_dartsim_vendor:/opt/ros/jazzy/opt/gz_cmake_vendor /usr/bin/cmake --build /home/usuario/IR2134/rmf_ws/src/project/build/project_assets -- -j6 -l6
[1.837s] Invoking command in '/home/usuario/IR2134/rmf_ws/src/project/build/project_assets': CMAKE_PREFIX_PATH=/home/usuario/IR2134/rmf_ws/src/project/install/project_simulation:/home/usuario/IR2134/rmf_ws/src/project/install/project_config:/home/usuario/IR2134/rmf_ws/src/project/install/project_maps:/home/usuario/IR2134/rmf_ws/src/project/install/project_assets:/rmf_demos_ws/install/rmf_workcell_msgs:/rmf_demos_ws/install/rmf_reservation_node:/rmf_demos_ws/install/rmf_demos_gz:/rmf_demos_ws/install/rmf_demos:/rmf_demos_ws/install/rmf_fleet_adapter_python:/rmf_demos_ws/install/rmf_fleet_adapter:/rmf_demos_ws/install/rmf_task_ros2:/rmf_demos_ws/install/rmf_websocket:/rmf_demos_ws/install/rmf_visualization:/rmf_demos_ws/install/rmf_visualization_schedule:/rmf_demos_ws/install/rmf_visualization_rviz2_plugins:/rmf_demos_ws/install/rmf_visualization_obstacles:/rmf_demos_ws/install/rmf_visualization_navgraphs:/rmf_demos_ws/install/rmf_visualization_floorplans:/rmf_demos_ws/install/rmf_visualization_fleet_states:/rmf_demos_ws/install/rmf_visualization_msgs:/rmf_demos_ws/install/rmf_traffic_ros2:/rmf_demos_ws/install/rmf_task_sequence:/rmf_demos_ws/install/rmf_task:/rmf_demos_ws/install/rmf_battery:/rmf_demos_ws/install/rmf_traffic:/rmf_demos_ws/install/rmf_utils:/rmf_demos_ws/install/rmf_traffic_msgs:/rmf_demos_ws/install/rmf_traffic_editor_test_maps:/rmf_demos_ws/install/rmf_traffic_editor_assets:/rmf_demos_ws/install/rmf_traffic_editor:/rmf_demos_ws/install/rmf_task_msgs:/rmf_demos_ws/install/rmf_site_map_msgs:/rmf_demos_ws/install/rmf_scheduler_msgs:/rmf_demos_ws/install/rmf_robot_sim_gz_plugins:/rmf_demos_ws/install/rmf_robot_sim_common:/rmf_demos_ws/install/rmf_reservation_msgs:/rmf_demos_ws/install/rmf_obstacle_msgs:/rmf_demos_ws/install/rmf_building_sim_gz_plugins:/rmf_demos_ws/install/rmf_lift_msgs:/rmf_demos_ws/install/rmf_ingestor_msgs:/rmf_demos_ws/install/rmf_fleet_msgs:/rmf_demos_ws/install/rmf_door_msgs:/rmf_demos_ws/install/rmf_dispenser_msgs:/rmf_demos_ws/install/rmf_demos_maps:/rmf_demos_ws/install/rmf_demos_assets:/rmf_demos_ws/install/rmf_charger_msgs:/rmf_demos_ws/install/rmf_building_map_msgs:/rmf_demos_ws/install/rmf_api_msgs:/rmf_demos_ws/install/pybind11_json_vendor:/rmf_demos_ws/install/nlohmann_json_schema_validator_vendor:/home/usuario/IR2134/rmf_ws/src/project/install/project_fleet_adapter:/rmf_demos_ws/install/rmf_demos_fleet_adapter:/rmf_demos_ws/install/rmf_visualization_building_systems:/rmf_demos_ws/install/rmf_traffic_examples:/rmf_demos_ws/install/rmf_demos_bridges:/rmf_demos_ws/install/rmf_demos_tasks:/rmf_demos_ws/install/rmf_building_map_tools:/rmf_demos_ws/install/rmf_charging_schedule:/opt/ros/jazzy:/rmf_demos_ws/install/menge_vendor:/rmf_demos_ws/install/ament_cmake_catch2:/opt/ros/jazzy/opt/gz_sim_vendor:/opt/ros/jazzy/opt/gz_sensors_vendor:/opt/ros/jazzy/opt/gz_physics_vendor:/opt/ros/jazzy/opt/sdformat_vendor:/opt/ros/jazzy/opt/gz_gui_vendor:/opt/ros/jazzy/opt/gz_transport_vendor:/opt/ros/jazzy/opt/gz_rendering_vendor:/opt/ros/jazzy/opt/gz_plugin_vendor:/opt/ros/jazzy/opt/gz_fuel_tools_vendor:/opt/ros/jazzy/opt/gz_msgs_vendor:/opt/ros/jazzy/opt/gz_common_vendor:/opt/ros/jazzy/opt/gz_math_vendor:/opt/ros/jazzy/opt/gz_utils_vendor:/opt/ros/jazzy/opt/gz_tools_vendor:/opt/ros/jazzy/opt/gz_ogre_next_vendor:/opt/ros/jazzy/opt/gz_dartsim_vendor:/opt/ros/jazzy/opt/gz_cmake_vendor /usr/bin/cmake --install /home/usuario/IR2134/rmf_ws/src/project/build/project_assets
[1.855s] -- Install configuration: ""
[1.856s] -- Installing: /home/usuario/IR2134/rmf_ws/src/project/install/project_assets/share/project_assets/environment/project_assets.dsv
[1.860s] -- Installing: /home/usuario/IR2134/rmf_ws/src/project/install/project_assets/share/project_assets/models
[1.860s] -- Installing: /home/usuario/IR2134/rmf_ws/src/project/install/project_assets/share/project_assets/models/WoodenChair
[1.860s] -- Installing: /home/usuario/IR2134/rmf_ws/src/project/install/project_assets/share/project_assets/models/WoodenChair/meshes
[1.860s] -- Installing: /home/usuario/IR2134/rmf_ws/src/project/install/project_assets/share/project_assets/models/WoodenChair/meshes/WoodenChair_Rough.png
[1.871s] -- Installing: /home/usuario/IR2134/rmf_ws/src/project/install/project_assets/share/project_assets/models/WoodenChair/meshes/WoodenChair.obj
[1.879s] -- Installing: /home/usuario/IR2134/rmf_ws/src/project/install/project_assets/share/project_assets/models/WoodenChair/meshes/WoodenChair.mtl
[1.885s] -- Installing: /home/usuario/IR2134/rmf_ws/src/project/install/project_assets/share/project_assets/models/WoodenChair/meshes/WoodenChair_Diffuse.png
[1.900s] -- Installing: /home/usuario/IR2134/rmf_ws/src/project/install/project_assets/share/project_assets/models/WoodenChair/meshes/WoodenChair_Col.mtl
[1.903s] -- Installing: /home/usuario/IR2134/rmf_ws/src/project/install/project_assets/share/project_assets/models/WoodenChair/meshes/WoodenChair_Col.obj
[1.906s] -- Installing: /home/usuario/IR2134/rmf_ws/src/project/install/project_assets/share/project_assets/models/WoodenChair/LICENSE
[1.909s] -- Installing: /home/usuario/IR2134/rmf_ws/src/project/install/project_assets/share/project_assets/models/WoodenChair/model.config
[1.911s] -- Installing: /home/usuario/IR2134/rmf_ws/src/project/install/project_assets/share/project_assets/models/WoodenChair/model.sdf
[1.914s] -- Installing: /home/usuario/IR2134/rmf_ws/src/project/install/project_assets/share/project_assets/models/WoodenChair/thumbnails
[1.914s] -- Installing: /home/usuario/IR2134/rmf_ws/src/project/install/project_assets/share/project_assets/models/WoodenChair/thumbnails/4.png
[1.918s] -- Installing: /home/usuario/IR2134/rmf_ws/src/project/install/project_assets/share/project_assets/models/WoodenChair/thumbnails/1.png
[1.922s] -- Installing: /home/usuario/IR2134/rmf_ws/src/project/install/project_assets/share/project_assets/models/WoodenChair/thumbnails/3.png
[1.926s] -- Installing: /home/usuario/IR2134/rmf_ws/src/project/install/project_assets/share/project_assets/models/WoodenChair/thumbnails/2.png
[1.931s] -- Installing: /home/usuario/IR2134/rmf_ws/src/project/install/project_assets/share/project_assets/models/WoodenChair/thumbnails/5.png
[1.935s] -- Installing: /home/usuario/IR2134/rmf_ws/src/project/install/project_assets/share/project_assets/models/CoffeeTable
[1.935s] -- Installing: /home/usuario/IR2134/rmf_ws/src/project/install/project_assets/share/project_assets/models/CoffeeTable/meshes
[1.935s] -- Installing: /home/usuario/IR2134/rmf_ws/src/project/install/project_assets/share/project_assets/models/CoffeeTable/meshes/CoffeeTable_Diffuse.png
[1.937s] -- Installing: /home/usuario/IR2134/rmf_ws/src/project/install/project_assets/share/project_assets/models/CoffeeTable/meshes/CoffeeTable_Normal.png
[1.977s] -- Installing: /home/usuario/IR2134/rmf_ws/src/project/install/project_assets/share/project_assets/models/CoffeeTable/meshes/CoffeeTable_SpecGloss.png
[1.984s] -- Installing: /home/usuario/IR2134/rmf_ws/src/project/install/project_assets/share/project_assets/models/CoffeeTable/meshes/CoffeeTable.obj
[1.993s] -- Installing: /home/usuario/IR2134/rmf_ws/src/project/install/project_assets/share/project_assets/models/CoffeeTable/meshes/CoffeeTable.mtl
[2.001s] -- Installing: /home/usuario/IR2134/rmf_ws/src/project/install/project_assets/share/project_assets/models/CoffeeTable/LICENSE
[2.007s] -- Installing: /home/usuario/IR2134/rmf_ws/src/project/install/project_assets/share/project_assets/models/CoffeeTable/model.config
[2.013s] -- Installing: /home/usuario/IR2134/rmf_ws/src/project/install/project_assets/share/project_assets/models/CoffeeTable/model.sdf
[2.019s] -- Installing: /home/usuario/IR2134/rmf_ws/src/project/install/project_assets/share/project_assets/models/CoffeeTable/thumbnails
[2.019s] -- Installing: /home/usuario/IR2134/rmf_ws/src/project/install/project_assets/share/project_assets/models/CoffeeTable/thumbnails/4.png
[2.026s] -- Installing: /home/usuario/IR2134/rmf_ws/src/project/install/project_assets/share/project_assets/models/CoffeeTable/thumbnails/1.png
[2.033s] -- Installing: /home/usuario/IR2134/rmf_ws/src/project/install/project_assets/share/project_assets/models/CoffeeTable/thumbnails/3.png
[2.037s] -- Installing: /home/usuario/IR2134/rmf_ws/src/project/install/project_assets/share/project_assets/models/CoffeeTable/thumbnails/2.png
[2.043s] -- Installing: /home/usuario/IR2134/rmf_ws/src/project/install/project_assets/share/project_assets/models/CoffeeTable/thumbnails/5.png
[2.049s] -- Installing: /home/usuario/IR2134/rmf_ws/src/project/install/project_assets/share/project_assets/models/HospitalRobot
[2.050s] -- Installing: /home/usuario/IR2134/rmf_ws/src/project/install/project_assets/share/project_assets/models/HospitalRobot/meshes
[2.050s] -- Installing: /home/usuario/IR2134/rmf_ws/src/project/install/project_assets/share/project_assets/models/HospitalRobot/meshes/FatWheel.mtl
[2.056s] -- Installing: /home/usuario/IR2134/rmf_ws/src/project/install/project_assets/share/project_assets/models/HospitalRobot/meshes/HospitalRobot.obj
[2.105s] -- Installing: /home/usuario/IR2134/rmf_ws/src/project/install/project_assets/share/project_assets/models/HospitalRobot/meshes/FatWheel.obj
[2.113s] -- Installing: /home/usuario/IR2134/rmf_ws/src/project/install/project_assets/share/project_assets/models/HospitalRobot/meshes/HospitalRobot.mtl
[2.118s] -- Installing: /home/usuario/IR2134/rmf_ws/src/project/install/project_assets/share/project_assets/models/HospitalRobot/meshes/SmallWheel.obj
[2.129s] -- Installing: /home/usuario/IR2134/rmf_ws/src/project/install/project_assets/share/project_assets/models/HospitalRobot/meshes/SmallWheel.mtl
[2.137s] -- Installing: /home/usuario/IR2134/rmf_ws/src/project/install/project_assets/share/project_assets/models/HospitalRobot/meshes/HospitalRobot_Diffuse.png
[2.156s] -- Installing: /home/usuario/IR2134/rmf_ws/src/project/install/project_assets/share/project_assets/models/HospitalRobot/model.config
[2.163s] -- Installing: /home/usuario/IR2134/rmf_ws/src/project/install/project_assets/share/project_assets/models/HospitalRobot/model.sdf
[2.168s] -- Installing: /home/usuario/IR2134/rmf_ws/src/project/install/project_assets/share/project_assets/models/HospitalRobot/thumbnails
[2.168s] -- Installing: /home/usuario/IR2134/rmf_ws/src/project/install/project_assets/share/project_assets/models/HospitalRobot/thumbnails/4.png
[2.176s] -- Installing: /home/usuario/IR2134/rmf_ws/src/project/install/project_assets/share/project_assets/models/HospitalRobot/thumbnails/1.png
[2.184s] -- Installing: /home/usuario/IR2134/rmf_ws/src/project/install/project_assets/share/project_assets/models/HospitalRobot/thumbnails/3.png
[2.191s] -- Installing: /home/usuario/IR2134/rmf_ws/src/project/install/project_assets/share/project_assets/models/HospitalRobot/thumbnails/2.png
[2.203s] -- Installing: /home/usuario/IR2134/rmf_ws/src/project/install/project_assets/share/project_assets/models/HospitalRobot/thumbnails/5.png
[2.208s] -- Installing: /home/usuario/IR2134/rmf_ws/src/project/install/project_assets/share/project_assets/models/Cafe table
[2.209s] -- Installing: /home/usuario/IR2134/rmf_ws/src/project/install/project_assets/share/project_assets/models/Cafe table/meshes
[2.209s] -- Installing: /home/usuario/IR2134/rmf_ws/src/project/install/project_assets/share/project_assets/models/Cafe table/meshes/cafe_table.dae
[2.216s] -- Installing: /home/usuario/IR2134/rmf_ws/src/project/install/project_assets/share/project_assets/models/Cafe table/materials
[2.216s] -- Installing: /home/usuario/IR2134/rmf_ws/src/project/install/project_assets/share/project_assets/models/Cafe table/materials/textures
[2.216s] -- Installing: /home/usuario/IR2134/rmf_ws/src/project/install/project_assets/share/project_assets/models/Cafe table/materials/textures/Maple.jpg
[2.225s] -- Installing: /home/usuario/IR2134/rmf_ws/src/project/install/project_assets/share/project_assets/models/Cafe table/materials/textures/Wood_Floor_Dark.jpg
[2.247s] -- Installing: /home/usuario/IR2134/rmf_ws/src/project/install/project_assets/share/project_assets/models/Cafe table/LICENSE
[2.261s] -- Installing: /home/usuario/IR2134/rmf_ws/src/project/install/project_assets/share/project_assets/models/Cafe table/model.config
[2.266s] -- Installing: /home/usuario/IR2134/rmf_ws/src/project/install/project_assets/share/project_assets/models/Cafe table/model.sdf
[2.273s] -- Installing: /home/usuario/IR2134/rmf_ws/src/project/install/project_assets/share/project_assets/models/Cafe table/thumbnails
[2.273s] -- Installing: /home/usuario/IR2134/rmf_ws/src/project/install/project_assets/share/project_assets/models/Cafe table/thumbnails/4.png
[2.295s] -- Installing: /home/usuario/IR2134/rmf_ws/src/project/install/project_assets/share/project_assets/models/Cafe table/thumbnails/1.png
[2.324s] -- Installing: /home/usuario/IR2134/rmf_ws/src/project/install/project_assets/share/project_assets/models/Cafe table/thumbnails/3.png
[2.331s] -- Installing: /home/usuario/IR2134/rmf_ws/src/project/install/project_assets/share/project_assets/models/Cafe table/thumbnails/2.png
[2.365s] -- Installing: /home/usuario/IR2134/rmf_ws/src/project/install/project_assets/share/project_assets/models/Cafe table/thumbnails/5.png
[2.369s] -- Installing: /home/usuario/IR2134/rmf_ws/src/project/install/project_assets/share/project_assets/models/Cafe table/model-1_4.sdf
[2.374s] -- Installing: /home/usuario/IR2134/rmf_ws/src/project/install/project_assets/share/project_assets/models/MiniSofa
[2.375s] -- Installing: /home/usuario/IR2134/rmf_ws/src/project/install/project_assets/share/project_assets/models/MiniSofa/meshes
[2.375s] -- Installing: /home/usuario/IR2134/rmf_ws/src/project/install/project_assets/share/project_assets/models/MiniSofa/meshes/minisofa.obj
[2.386s] -- Installing: /home/usuario/IR2134/rmf_ws/src/project/install/project_assets/share/project_assets/models/MiniSofa/meshes/minisofa.mtl
[2.389s] -- Installing: /home/usuario/IR2134/rmf_ws/src/project/install/project_assets/share/project_assets/models/MiniSofa/meshes/MiniSofa_Diffuse.png
[2.664s] -- Installing: /home/usuario/IR2134/rmf_ws/src/project/install/project_assets/share/project_assets/models/MiniSofa/LICENSE
[2.668s] -- Installing: /home/usuario/IR2134/rmf_ws/src/project/install/project_assets/share/project_assets/models/MiniSofa/model.config
[2.672s] -- Installing: /home/usuario/IR2134/rmf_ws/src/project/install/project_assets/share/project_assets/models/MiniSofa/model.sdf
[2.675s] -- Installing: /home/usuario/IR2134/rmf_ws/src/project/install/project_assets/share/project_assets/models/MiniSofa/thumbnails
[2.675s] -- Installing: /home/usuario/IR2134/rmf_ws/src/project/install/project_assets/share/project_assets/models/MiniSofa/thumbnails/4.png
[2.689s] -- Installing: /home/usuario/IR2134/rmf_ws/src/project/install/project_assets/share/project_assets/models/MiniSofa/thumbnails/1.png
[2.701s] -- Installing: /home/usuario/IR2134/rmf_ws/src/project/install/project_assets/share/project_assets/models/MiniSofa/thumbnails/3.png
[2.720s] -- Installing: /home/usuario/IR2134/rmf_ws/src/project/install/project_assets/share/project_assets/models/MiniSofa/thumbnails/2.png
[2.739s] -- Installing: /home/usuario/IR2134/rmf_ws/src/project/install/project_assets/share/project_assets/models/MiniSofa/thumbnails/5.png
[2.755s] -- Installing: /home/usuario/IR2134/rmf_ws/src/project/install/project_assets/share/project_assets/models/TeleportIngestor
[2.755s] -- Installing: /home/usuario/IR2134/rmf_ws/src/project/install/project_assets/share/project_assets/models/TeleportIngestor/model.config
[2.758s] -- Installing: /home/usuario/IR2134/rmf_ws/src/project/install/project_assets/share/project_assets/models/TeleportIngestor/model.sdf
[2.763s] -- Installing: /home/usuario/IR2134/rmf_ws/src/project/install/project_assets/share/project_assets/models/DeliveryRobot
[2.763s] -- Installing: /home/usuario/IR2134/rmf_ws/src/project/install/project_assets/share/project_assets/models/DeliveryRobot/meshes
[2.763s] -- Installing: /home/usuario/IR2134/rmf_ws/src/project/install/project_assets/share/project_assets/models/DeliveryRobot/meshes/WheelMain.mtl
[2.767s] -- Installing: /home/usuario/IR2134/rmf_ws/src/project/install/project_assets/share/project_assets/models/DeliveryRobot/meshes/body.obj
[2.776s] -- Installing: /home/usuario/IR2134/rmf_ws/src/project/install/project_assets/share/project_assets/models/DeliveryRobot/meshes/body.mtl
[2.780s] -- Installing: /home/usuario/IR2134/rmf_ws/src/project/install/project_assets/share/project_assets/models/DeliveryRobot/meshes/DeliveryRobot_Diffuse.png
[3.008s] -- Installing: /home/usuario/IR2134/rmf_ws/src/project/install/project_assets/share/project_assets/models/DeliveryRobot/meshes/WheelSide.mtl
[3.011s] -- Installing: /home/usuario/IR2134/rmf_ws/src/project/install/project_assets/share/project_assets/models/DeliveryRobot/meshes/WheelSide.obj
[3.016s] -- Installing: /home/usuario/IR2134/rmf_ws/src/project/install/project_assets/share/project_assets/models/DeliveryRobot/meshes/WheelMain.obj
[3.020s] -- Installing: /home/usuario/IR2134/rmf_ws/src/project/install/project_assets/share/project_assets/models/DeliveryRobot/model.config
[3.024s] -- Installing: /home/usuario/IR2134/rmf_ws/src/project/install/project_assets/share/project_assets/models/DeliveryRobot/model.sdf
[3.029s] -- Installing: /home/usuario/IR2134/rmf_ws/src/project/install/project_assets/share/project_assets/models/CleanerBotA
[3.029s] -- Installing: /home/usuario/IR2134/rmf_ws/src/project/install/project_assets/share/project_assets/models/CleanerBotA/meshes
[3.029s] -- Installing: /home/usuario/IR2134/rmf_ws/src/project/install/project_assets/share/project_assets/models/CleanerBotA/meshes/CleanerBotA.mtl
[3.035s] -- Installing: /home/usuario/IR2134/rmf_ws/src/project/install/project_assets/share/project_assets/models/CleanerBotA/meshes/CleanerBotA_WheelFront.mtl
[3.045s] -- Installing: /home/usuario/IR2134/rmf_ws/src/project/install/project_assets/share/project_assets/models/CleanerBotA/meshes/CleanerBotA_WheelBack.obj
[3.049s] -- Installing: /home/usuario/IR2134/rmf_ws/src/project/install/project_assets/share/project_assets/models/CleanerBotA/meshes/CleanerBotA_WheelBack.mtl
[3.052s] -- Installing: /home/usuario/IR2134/rmf_ws/src/project/install/project_assets/share/project_assets/models/CleanerBotA/meshes/CleanerBotA.obj
[3.106s] -- Installing: /home/usuario/IR2134/rmf_ws/src/project/install/project_assets/share/project_assets/models/CleanerBotA/meshes/CleanerBotA_WheelFront.obj
[3.110s] -- Installing: /home/usuario/IR2134/rmf_ws/src/project/install/project_assets/share/project_assets/models/CleanerBotA/meshes/CleanerBotA_Diffuse.png
[3.308s] -- Installing: /home/usuario/IR2134/rmf_ws/src/project/install/project_assets/share/project_assets/models/CleanerBotA/model.config
[3.311s] -- Installing: /home/usuario/IR2134/rmf_ws/src/project/install/project_assets/share/project_assets/models/CleanerBotA/model.sdf
[3.314s] -- Installing: /home/usuario/IR2134/rmf_ws/src/project/install/project_assets/share/project_assets/models/AdjTable
[3.315s] -- Installing: /home/usuario/IR2134/rmf_ws/src/project/install/project_assets/share/project_assets/models/AdjTable/meshes
[3.315s] -- Installing: /home/usuario/IR2134/rmf_ws/src/project/install/project_assets/share/project_assets/models/AdjTable/meshes/AdjTable_Diffuse.png
[7.465s] -- Installing: /home/usuario/IR2134/rmf_ws/src/project/install/project_assets/share/project_assets/models/AdjTable/meshes/AdjTable.mtl
[7.470s] -- Installing: /home/usuario/IR2134/rmf_ws/src/project/install/project_assets/share/project_assets/models/AdjTable/meshes/AdjTable_Col.obj
[7.475s] -- Installing: /home/usuario/IR2134/rmf_ws/src/project/install/project_assets/share/project_assets/models/AdjTable/meshes/AdjTable.obj
[7.481s] -- Installing: /home/usuario/IR2134/rmf_ws/src/project/install/project_assets/share/project_assets/models/AdjTable/meshes/AdjTable_Col.mtl
[7.485s] -- Installing: /home/usuario/IR2134/rmf_ws/src/project/install/project_assets/share/project_assets/models/AdjTable/LICENSE
[7.490s] -- Installing: /home/usuario/IR2134/rmf_ws/src/project/install/project_assets/share/project_assets/models/AdjTable/model.config
[7.495s] -- Installing: /home/usuario/IR2134/rmf_ws/src/project/install/project_assets/share/project_assets/models/AdjTable/model.sdf
[7.500s] -- Installing: /home/usuario/IR2134/rmf_ws/src/project/install/project_assets/share/project_assets/models/AdjTable/thumbnails
[7.500s] -- Installing: /home/usuario/IR2134/rmf_ws/src/project/install/project_assets/share/project_assets/models/AdjTable/thumbnails/4.png
[7.506s] -- Installing: /home/usuario/IR2134/rmf_ws/src/project/install/project_assets/share/project_assets/models/AdjTable/thumbnails/1.png
[7.514s] -- Installing: /home/usuario/IR2134/rmf_ws/src/project/install/project_assets/share/project_assets/models/AdjTable/thumbnails/3.png
[7.520s] -- Installing: /home/usuario/IR2134/rmf_ws/src/project/install/project_assets/share/project_assets/models/AdjTable/thumbnails/2.png
[7.532s] -- Installing: /home/usuario/IR2134/rmf_ws/src/project/install/project_assets/share/project_assets/models/AdjTable/thumbnails/5.png
[7.541s] -- Installing: /home/usuario/IR2134/rmf_ws/src/project/install/project_assets/share/project_assets/models/Caddy
[7.541s] -- Installing: /home/usuario/IR2134/rmf_ws/src/project/install/project_assets/share/project_assets/models/Caddy/meshes
[7.542s] -- Installing: /home/usuario/IR2134/rmf_ws/src/project/install/project_assets/share/project_assets/models/Caddy/meshes/polaris.dae
[8.135s] -- Installing: /home/usuario/IR2134/rmf_ws/src/project/install/project_assets/share/project_assets/models/Caddy/materials
[8.136s] -- Installing: /home/usuario/IR2134/rmf_ws/src/project/install/project_assets/share/project_assets/models/Caddy/materials/textures
[8.136s] -- Installing: /home/usuario/IR2134/rmf_ws/src/project/install/project_assets/share/project_assets/models/Caddy/materials/textures/Ranger_Diffuse.png
[8.139s] -- Installing: /home/usuario/IR2134/rmf_ws/src/project/install/project_assets/share/project_assets/models/Caddy/materials/textures/FNR_switch_R.png
[8.140s] -- Installing: /home/usuario/IR2134/rmf_ws/src/project/install/project_assets/share/project_assets/models/Caddy/materials/textures/FNR_switch_F.png
[8.141s] -- Installing: /home/usuario/IR2134/rmf_ws/src/project/install/project_assets/share/project_assets/models/Caddy/materials/textures/Ranger_Spec.png
[8.145s] -- Installing: /home/usuario/IR2134/rmf_ws/src/project/install/project_assets/share/project_assets/models/Caddy/materials/scripts
[8.145s] -- Installing: /home/usuario/IR2134/rmf_ws/src/project/install/project_assets/share/project_assets/models/Caddy/materials/scripts/polaris.material
[8.150s] -- Installing: /home/usuario/IR2134/rmf_ws/src/project/install/project_assets/share/project_assets/models/Caddy/model-1_3.sdf
[8.160s] -- Installing: /home/usuario/IR2134/rmf_ws/src/project/install/project_assets/share/project_assets/models/Caddy/model.config
[8.170s] -- Installing: /home/usuario/IR2134/rmf_ws/src/project/install/project_assets/share/project_assets/models/Caddy/model.sdf
[8.180s] -- Installing: /home/usuario/IR2134/rmf_ws/src/project/install/project_assets/share/project_assets/models/Caddy/model-1_4.sdf
[8.188s] -- Installing: /home/usuario/IR2134/rmf_ws/src/project/install/project_assets/share/project_assets/models/TeleportDispenser
[8.188s] -- Installing: /home/usuario/IR2134/rmf_ws/src/project/install/project_assets/share/project_assets/models/TeleportDispenser/model.config
[8.193s] -- Installing: /home/usuario/IR2134/rmf_ws/src/project/install/project_assets/share/project_assets/models/TeleportDispenser/model.sdf
[8.201s] -- Installing: /home/usuario/IR2134/rmf_ws/src/project/install/project_assets/share/project_assets/models/Sofa
[8.202s] -- Installing: /home/usuario/IR2134/rmf_ws/src/project/install/project_assets/share/project_assets/models/Sofa/meshes
[8.202s] -- Installing: /home/usuario/IR2134/rmf_ws/src/project/install/project_assets/share/project_assets/models/Sofa/meshes/Sofa.obj
[8.217s] -- Installing: /home/usuario/IR2134/rmf_ws/src/project/install/project_assets/share/project_assets/models/Sofa/meshes/SofaDiffuse.png
[8.483s] -- Installing: /home/usuario/IR2134/rmf_ws/src/project/install/project_assets/share/project_assets/models/Sofa/meshes/Sofa.mtl
[8.486s] -- Installing: /home/usuario/IR2134/rmf_ws/src/project/install/project_assets/share/project_assets/models/Sofa/LICENSE
[8.489s] -- Installing: /home/usuario/IR2134/rmf_ws/src/project/install/project_assets/share/project_assets/models/Sofa/model.config
[8.492s] -- Installing: /home/usuario/IR2134/rmf_ws/src/project/install/project_assets/share/project_assets/models/Sofa/model.sdf
[8.495s] -- Installing: /home/usuario/IR2134/rmf_ws/src/project/install/project_assets/share/project_assets/models/Sofa/thumbnails
[8.495s] -- Installing: /home/usuario/IR2134/rmf_ws/src/project/install/project_assets/share/project_assets/models/Sofa/thumbnails/4.png
[8.501s] -- Installing: /home/usuario/IR2134/rmf_ws/src/project/install/project_assets/share/project_assets/models/Sofa/thumbnails/1.png
[8.509s] -- Installing: /home/usuario/IR2134/rmf_ws/src/project/install/project_assets/share/project_assets/models/Sofa/thumbnails/3.png
[8.518s] -- Installing: /home/usuario/IR2134/rmf_ws/src/project/install/project_assets/share/project_assets/models/Sofa/thumbnails/2.png
[8.529s] -- Installing: /home/usuario/IR2134/rmf_ws/src/project/install/project_assets/share/project_assets/models/Sofa/thumbnails/5.png
[8.539s] -- Installing: /home/usuario/IR2134/rmf_ws/src/project/install/project_assets/share/project_assets/models/Drawer
[8.539s] -- Installing: /home/usuario/IR2134/rmf_ws/src/project/install/project_assets/share/project_assets/models/Drawer/meshes
[8.539s] -- Installing: /home/usuario/IR2134/rmf_ws/src/project/install/project_assets/share/project_assets/models/Drawer/meshes/Drawer.png
[8.545s] -- Installing: /home/usuario/IR2134/rmf_ws/src/project/install/project_assets/share/project_assets/models/Drawer/meshes/Drawer.mtl
[8.548s] -- Installing: /home/usuario/IR2134/rmf_ws/src/project/install/project_assets/share/project_assets/models/Drawer/meshes/Drawer.obj
[8.551s] -- Installing: /home/usuario/IR2134/rmf_ws/src/project/install/project_assets/share/project_assets/models/Drawer/meshes/Drawer_Col.obj
[8.554s] -- Installing: /home/usuario/IR2134/rmf_ws/src/project/install/project_assets/share/project_assets/models/Drawer/LICENSE
[8.557s] -- Installing: /home/usuario/IR2134/rmf_ws/src/project/install/project_assets/share/project_assets/models/Drawer/model.config
[8.559s] -- Installing: /home/usuario/IR2134/rmf_ws/src/project/install/project_assets/share/project_assets/models/Drawer/model.sdf
[8.563s] -- Installing: /home/usuario/IR2134/rmf_ws/src/project/install/project_assets/share/project_assets/models/Drawer/thumbnails
[8.563s] -- Installing: /home/usuario/IR2134/rmf_ws/src/project/install/project_assets/share/project_assets/models/Drawer/thumbnails/4.png
[8.565s] -- Installing: /home/usuario/IR2134/rmf_ws/src/project/install/project_assets/share/project_assets/models/Drawer/thumbnails/1.png
[8.569s] -- Installing: /home/usuario/IR2134/rmf_ws/src/project/install/project_assets/share/project_assets/models/Drawer/thumbnails/3.png
[8.572s] -- Installing: /home/usuario/IR2134/rmf_ws/src/project/install/project_assets/share/project_assets/models/Drawer/thumbnails/2.png
[8.576s] -- Installing: /home/usuario/IR2134/rmf_ws/src/project/install/project_assets/share/project_assets/models/Drawer/thumbnails/5.png
[8.579s] -- Installing: /home/usuario/IR2134/rmf_ws/src/project/install/project_assets/share/project_assets/models/TinyRobot
[8.579s] -- Installing: /home/usuario/IR2134/rmf_ws/src/project/install/project_assets/share/project_assets/models/TinyRobot/meshes
[8.579s] -- Installing: /home/usuario/IR2134/rmf_ws/src/project/install/project_assets/share/project_assets/models/TinyRobot/meshes/tinyRobot_body.dae
[8.620s] -- Installing: /home/usuario/IR2134/rmf_ws/src/project/install/project_assets/share/project_assets/models/TinyRobot/meshes/caster_wheel.dae
[8.694s] -- Installing: /home/usuario/IR2134/rmf_ws/src/project/install/project_assets/share/project_assets/models/TinyRobot/meshes/front_wheel.dae
[8.770s] -- Installing: /home/usuario/IR2134/rmf_ws/src/project/install/project_assets/share/project_assets/models/TinyRobot/meshes/sensors
[8.770s] -- Installing: /home/usuario/IR2134/rmf_ws/src/project/install/project_assets/share/project_assets/models/TinyRobot/meshes/sensors/sonar_hc-sr04.dae
[8.783s] -- Installing: /home/usuario/IR2134/rmf_ws/src/project/install/project_assets/share/project_assets/models/TinyRobot/meshes/sensors/raspi_camera.dae
[8.807s] -- Installing: /home/usuario/IR2134/rmf_ws/src/project/install/project_assets/share/project_assets/models/TinyRobot/model.config
[8.810s] -- Installing: /home/usuario/IR2134/rmf_ws/src/project/install/project_assets/share/project_assets/models/TinyRobot/model.sdf
[8.814s] -- Installing: /home/usuario/IR2134/rmf_ws/src/project/install/project_assets/share/project_assets/models/RobotPlaceholder
[8.814s] -- Installing: /home/usuario/IR2134/rmf_ws/src/project/install/project_assets/share/project_assets/models/RobotPlaceholder/model.config
[8.817s] -- Installing: /home/usuario/IR2134/rmf_ws/src/project/install/project_assets/share/project_assets/models/RobotPlaceholder/model.sdf
[8.820s] -- Installing: /home/usuario/IR2134/rmf_ws/src/project/install/project_assets/share/project_assets/models/CleanerBotE
[8.821s] -- Installing: /home/usuario/IR2134/rmf_ws/src/project/install/project_assets/share/project_assets/models/CleanerBotE/meshes
[8.821s] -- Installing: /home/usuario/IR2134/rmf_ws/src/project/install/project_assets/share/project_assets/models/CleanerBotE/meshes/CleanerBotE_Wheel.obj
[8.824s] -- Installing: /home/usuario/IR2134/rmf_ws/src/project/install/project_assets/share/project_assets/models/CleanerBotE/meshes/CleanerBotE.obj
[8.870s] -- Installing: /home/usuario/IR2134/rmf_ws/src/project/install/project_assets/share/project_assets/models/CleanerBotE/meshes/CleanerBotE_Col.mtl
[8.873s] -- Installing: /home/usuario/IR2134/rmf_ws/src/project/install/project_assets/share/project_assets/models/CleanerBotE/meshes/CleanerBotE_Wheel.mtl
[8.876s] -- Installing: /home/usuario/IR2134/rmf_ws/src/project/install/project_assets/share/project_assets/models/CleanerBotE/meshes/CleanerBotE_Col.obj
[8.879s] -- Installing: /home/usuario/IR2134/rmf_ws/src/project/install/project_assets/share/project_assets/models/CleanerBotE/meshes/CleanerBotE.mtl
[8.882s] -- Installing: /home/usuario/IR2134/rmf_ws/src/project/install/project_assets/share/project_assets/models/CleanerBotE/meshes/CleanerBotE_Diffuse.png
[9.059s] -- Installing: /home/usuario/IR2134/rmf_ws/src/project/install/project_assets/share/project_assets/models/CleanerBotE/model.config
[9.062s] -- Installing: /home/usuario/IR2134/rmf_ws/src/project/install/project_assets/share/project_assets/models/CleanerBotE/model.sdf
[9.066s] -- Installing: /home/usuario/IR2134/rmf_ws/src/project/install/project_assets/share/project_assets/models/Chair
[9.066s] -- Installing: /home/usuario/IR2134/rmf_ws/src/project/install/project_assets/share/project_assets/models/Chair/meshes
[9.066s] -- Installing: /home/usuario/IR2134/rmf_ws/src/project/install/project_assets/share/project_assets/models/Chair/meshes/Chair_Normal.png
[9.423s] -- Installing: /home/usuario/IR2134/rmf_ws/src/project/install/project_assets/share/project_assets/models/Chair/meshes/Chair.png
[9.511s] -- Installing: /home/usuario/IR2134/rmf_ws/src/project/install/project_assets/share/project_assets/models/Chair/meshes/Chair.obj
[9.516s] -- Installing: /home/usuario/IR2134/rmf_ws/src/project/install/project_assets/share/project_assets/models/Chair/meshes/Chair_Diffuse.png
[9.700s] -- Installing: /home/usuario/IR2134/rmf_ws/src/project/install/project_assets/share/project_assets/models/Chair/meshes/Chair_SpecGloss.png
[9.710s] -- Installing: /home/usuario/IR2134/rmf_ws/src/project/install/project_assets/share/project_assets/models/Chair/meshes/Chair.mtl
[9.713s] -- Installing: /home/usuario/IR2134/rmf_ws/src/project/install/project_assets/share/project_assets/models/Chair/LICENSE
[9.716s] -- Installing: /home/usuario/IR2134/rmf_ws/src/project/install/project_assets/share/project_assets/models/Chair/model.config
[9.719s] -- Installing: /home/usuario/IR2134/rmf_ws/src/project/install/project_assets/share/project_assets/models/Chair/model.sdf
[9.722s] -- Installing: /home/usuario/IR2134/rmf_ws/src/project/install/project_assets/share/project_assets/models/Chair/thumbnails
[9.722s] -- Installing: /home/usuario/IR2134/rmf_ws/src/project/install/project_assets/share/project_assets/models/Chair/thumbnails/4.png
[9.728s] -- Installing: /home/usuario/IR2134/rmf_ws/src/project/install/project_assets/share/project_assets/models/Chair/thumbnails/1.png
[9.738s] -- Installing: /home/usuario/IR2134/rmf_ws/src/project/install/project_assets/share/project_assets/models/Chair/thumbnails/3.png
[9.745s] -- Installing: /home/usuario/IR2134/rmf_ws/src/project/install/project_assets/share/project_assets/models/Chair/thumbnails/2.png
[9.752s] -- Installing: /home/usuario/IR2134/rmf_ws/src/project/install/project_assets/share/project_assets/models/Chair/thumbnails/5.png
[9.760s] -- Installing: /home/usuario/IR2134/rmf_ws/src/project/install/project_assets/share/ament_index/resource_index/package_run_dependencies/project_assets
[9.762s] -- Installing: /home/usuario/IR2134/rmf_ws/src/project/install/project_assets/share/ament_index/resource_index/parent_prefix_path/project_assets
[9.765s] -- Installing: /home/usuario/IR2134/rmf_ws/src/project/install/project_assets/share/project_assets/environment/ament_prefix_path.sh
[9.766s] -- Installing: /home/usuario/IR2134/rmf_ws/src/project/install/project_assets/share/project_assets/environment/ament_prefix_path.dsv
[9.769s] -- Installing: /home/usuario/IR2134/rmf_ws/src/project/install/project_assets/share/project_assets/environment/path.sh
[9.769s] -- Installing: /home/usuario/IR2134/rmf_ws/src/project/install/project_assets/share/project_assets/environment/path.dsv
[9.772s] -- Installing: /home/usuario/IR2134/rmf_ws/src/project/install/project_assets/share/project_assets/local_setup.bash
[9.775s] -- Installing: /home/usuario/IR2134/rmf_ws/src/project/install/project_assets/share/project_assets/local_setup.sh
[9.779s] -- Installing: /home/usuario/IR2134/rmf_ws/src/project/install/project_assets/share/project_assets/local_setup.zsh
[9.782s] -- Installing: /home/usuario/IR2134/rmf_ws/src/project/install/project_assets/share/project_assets/local_setup.dsv
[9.785s] -- Installing: /home/usuario/IR2134/rmf_ws/src/project/install/project_assets/share/project_assets/package.dsv
[9.787s] -- Installing: /home/usuario/IR2134/rmf_ws/src/project/install/project_assets/share/ament_index/resource_index/packages/project_assets
[9.789s] -- Installing: /home/usuario/IR2134/rmf_ws/src/project/install/project_assets/share/project_assets/cmake/project_assetsConfig.cmake
[9.792s] -- Installing: /home/usuario/IR2134/rmf_ws/src/project/install/project_assets/share/project_assets/cmake/project_assetsConfig-version.cmake
[9.795s] -- Installing: /home/usuario/IR2134/rmf_ws/src/project/install/project_assets/share/project_assets/package.xml
[9.801s] Invoked command in '/home/usuario/IR2134/rmf_ws/src/project/build/project_assets' returned '0': CMAKE_PREFIX_PATH=/home/usuario/IR2134/rmf_ws/src/project/install/project_simulation:/home/usuario/IR2134/rmf_ws/src/project/install/project_config:/home/usuario/IR2134/rmf_ws/src/project/install/project_maps:/home/usuario/IR2134/rmf_ws/src/project/install/project_assets:/rmf_demos_ws/install/rmf_workcell_msgs:/rmf_demos_ws/install/rmf_reservation_node:/rmf_demos_ws/install/rmf_demos_gz:/rmf_demos_ws/install/rmf_demos:/rmf_demos_ws/install/rmf_fleet_adapter_python:/rmf_demos_ws/install/rmf_fleet_adapter:/rmf_demos_ws/install/rmf_task_ros2:/rmf_demos_ws/install/rmf_websocket:/rmf_demos_ws/install/rmf_visualization:/rmf_demos_ws/install/rmf_visualization_schedule:/rmf_demos_ws/install/rmf_visualization_rviz2_plugins:/rmf_demos_ws/install/rmf_visualization_obstacles:/rmf_demos_ws/install/rmf_visualization_navgraphs:/rmf_demos_ws/install/rmf_visualization_floorplans:/rmf_demos_ws/install/rmf_visualization_fleet_states:/rmf_demos_ws/install/rmf_visualization_msgs:/rmf_demos_ws/install/rmf_traffic_ros2:/rmf_demos_ws/install/rmf_task_sequence:/rmf_demos_ws/install/rmf_task:/rmf_demos_ws/install/rmf_battery:/rmf_demos_ws/install/rmf_traffic:/rmf_demos_ws/install/rmf_utils:/rmf_demos_ws/install/rmf_traffic_msgs:/rmf_demos_ws/install/rmf_traffic_editor_test_maps:/rmf_demos_ws/install/rmf_traffic_editor_assets:/rmf_demos_ws/install/rmf_traffic_editor:/rmf_demos_ws/install/rmf_task_msgs:/rmf_demos_ws/install/rmf_site_map_msgs:/rmf_demos_ws/install/rmf_scheduler_msgs:/rmf_demos_ws/install/rmf_robot_sim_gz_plugins:/rmf_demos_ws/install/rmf_robot_sim_common:/rmf_demos_ws/install/rmf_reservation_msgs:/rmf_demos_ws/install/rmf_obstacle_msgs:/rmf_demos_ws/install/rmf_building_sim_gz_plugins:/rmf_demos_ws/install/rmf_lift_msgs:/rmf_demos_ws/install/rmf_ingestor_msgs:/rmf_demos_ws/install/rmf_fleet_msgs:/rmf_demos_ws/install/rmf_door_msgs:/rmf_demos_ws/install/rmf_dispenser_msgs:/rmf_demos_ws/install/rmf_demos_maps:/rmf_demos_ws/install/rmf_demos_assets:/rmf_demos_ws/install/rmf_charger_msgs:/rmf_demos_ws/install/rmf_building_map_msgs:/rmf_demos_ws/install/rmf_api_msgs:/rmf_demos_ws/install/pybind11_json_vendor:/rmf_demos_ws/install/nlohmann_json_schema_validator_vendor:/home/usuario/IR2134/rmf_ws/src/project/install/project_fleet_adapter:/rmf_demos_ws/install/rmf_demos_fleet_adapter:/rmf_demos_ws/install/rmf_visualization_building_systems:/rmf_demos_ws/install/rmf_traffic_examples:/rmf_demos_ws/install/rmf_demos_bridges:/rmf_demos_ws/install/rmf_demos_tasks:/rmf_demos_ws/install/rmf_building_map_tools:/rmf_demos_ws/install/rmf_charging_schedule:/opt/ros/jazzy:/rmf_demos_ws/install/menge_vendor:/rmf_demos_ws/install/ament_cmake_catch2:/opt/ros/jazzy/opt/gz_sim_vendor:/opt/ros/jazzy/opt/gz_sensors_vendor:/opt/ros/jazzy/opt/gz_physics_vendor:/opt/ros/jazzy/opt/sdformat_vendor:/opt/ros/jazzy/opt/gz_gui_vendor:/opt/ros/jazzy/opt/gz_transport_vendor:/opt/ros/jazzy/opt/gz_rendering_vendor:/opt/ros/jazzy/opt/gz_plugin_vendor:/opt/ros/jazzy/opt/gz_fuel_tools_vendor:/opt/ros/jazzy/opt/gz_msgs_vendor:/opt/ros/jazzy/opt/gz_common_vendor:/opt/ros/jazzy/opt/gz_math_vendor:/opt/ros/jazzy/opt/gz_utils_vendor:/opt/ros/jazzy/opt/gz_tools_vendor:/opt/ros/jazzy/opt/gz_ogre_next_vendor:/opt/ros/jazzy/opt/gz_dartsim_vendor:/opt/ros/jazzy/opt/gz_cmake_vendor /usr/bin/cmake --install /home/usuario/IR2134/rmf_ws/src/project/build/project_assets
