-- Install configuration: ""
-- Up-to-date: /home/usuario/rmf_ws/src/project/install/project_config/share/project_config
-- Installing: /home/usuario/rmf_ws/src/project/install/project_config/share/project_config/common.launch.xml
-- Installing: /home/usuario/rmf_ws/src/project/install/project_config/share/project_config/test1.launch.xml
-- Up-to-date: /home/usuario/rmf_ws/src/project/install/project_config/share/project_config
-- Up-to-date: /home/usuario/rmf_ws/src/project/install/project_config/share/project_config/test1
-- Up-to-date: /home/usuario/rmf_ws/src/project/install/project_config/share/project_config/test1/tinyRobot_config.yaml
-- Up-to-date: /home/usuario/rmf_ws/src/project/install/project_config/share/ament_index/resource_index/package_run_dependencies/project_config
-- Up-to-date: /home/usuario/rmf_ws/src/project/install/project_config/share/ament_index/resource_index/parent_prefix_path/project_config
-- Up-to-date: /home/usuario/rmf_ws/src/project/install/project_config/share/project_config/environment/ament_prefix_path.sh
-- Up-to-date: /home/usuario/rmf_ws/src/project/install/project_config/share/project_config/environment/ament_prefix_path.dsv
-- Up-to-date: /home/usuario/rmf_ws/src/project/install/project_config/share/project_config/environment/path.sh
-- Up-to-date: /home/usuario/rmf_ws/src/project/install/project_config/share/project_config/environment/path.dsv
-- Up-to-date: /home/usuario/rmf_ws/src/project/install/project_config/share/project_config/local_setup.bash
-- Up-to-date: /home/usuario/rmf_ws/src/project/install/project_config/share/project_config/local_setup.sh
-- Up-to-date: /home/usuario/rmf_ws/src/project/install/project_config/share/project_config/local_setup.zsh
-- Up-to-date: /home/usuario/rmf_ws/src/project/install/project_config/share/project_config/local_setup.dsv
-- Installing: /home/usuario/rmf_ws/src/project/install/project_config/share/project_config/package.dsv
-- Up-to-date: /home/usuario/rmf_ws/src/project/install/project_config/share/ament_index/resource_index/packages/project_config
-- Up-to-date: /home/usuario/rmf_ws/src/project/install/project_config/share/project_config/cmake/project_configConfig.cmake
-- Up-to-date: /home/usuario/rmf_ws/src/project/install/project_config/share/project_config/cmake/project_configConfig-version.cmake
-- Up-to-date: /home/usuario/rmf_ws/src/project/install/project_config/share/project_config/package.xml
